C51 COMPILER V9.51   USBUART_1_DP                                                          03/25/2014 11:27:06 PAGE 1   


C51 COMPILER V9.51, COMPILATION OF MODULE USBUART_1_DP
OBJECT MODULE PLACED IN .\DP8051_Keil_951\Debug\USBUART_1_Dp.obj
COMPILER INVOKED BY: C:\Program Files (x86)\Cypress\PSoC Creator\3.0\PSoC Creator\import\keil\pk51\9.51\C51\BIN\c51.exe 
                    -.\Generated_Source\PSoC3\USBUART_1_Dp.c NOIV LARGE MODDP2 OMF2 VB(1) PR(.\DP8051_Keil_951\Debug\USBUART_1_Dp.lst) CD DB 
                    -NOIP OT(2,SIZE) INCDIR(.,.\Generated_Source\PSoC3) OJ(.\DP8051_Keil_951\Debug\USBUART_1_Dp.obj)

line level    source

   1          /*******************************************************************************
   2          * File Name: USBUART_1_Dp.c  
   3          * Version 1.90
   4          *
   5          * Description:
   6          *  This file contains API to enable firmware control of a Pins component.
   7          *
   8          * Note:
   9          *
  10          ********************************************************************************
  11          * Copyright 2008-2012, Cypress Semiconductor Corporation.  All rights reserved.
  12          * You may use this file only in accordance with the license, terms, conditions, 
  13          * disclaimers, and limitations in the end user license agreement accompanying 
  14          * the software package with which this file was provided.
  15          *******************************************************************************/
  16          
  17          #include "cytypes.h"
  18          #include "USBUART_1_Dp.h"
  19          
  20          
  21          /*******************************************************************************
  22          * Function Name: USBUART_1_Dp_Write
  23          ********************************************************************************
  24          *
  25          * Summary:
  26          *  Assign a new value to the digital port's data output register.  
  27          *
  28          * Parameters:  
  29          *  prtValue:  The value to be assigned to the Digital Port. 
  30          *
  31          * Return: 
  32          *  None 
  33          *  
  34          *******************************************************************************/
  35          void USBUART_1_Dp_Write(uint8 value) 
  36          {
  37   1          uint8 staticBits = (USBUART_1_Dp_DR & (uint8)(~USBUART_1_Dp_MASK));
  38   1          USBUART_1_Dp_DR = staticBits | ((uint8)(value << USBUART_1_Dp_SHIFT) & USBUART_1_Dp_MASK);
  39   1      }
  40          
  41          
  42          /*******************************************************************************
  43          * Function Name: USBUART_1_Dp_SetDriveMode
  44          ********************************************************************************
  45          *
  46          * Summary:
  47          *  Change the drive mode on the pins of the port.
  48          * 
  49          * Parameters:  
  50          *  mode:  Change the pins to this drive mode.
  51          *
  52          * Return: 
  53          *  None
C51 COMPILER V9.51   USBUART_1_DP                                                          03/25/2014 11:27:06 PAGE 2   

  54          *
  55          *******************************************************************************/
  56          void USBUART_1_Dp_SetDriveMode(uint8 mode) 
  57          {
  58   1              CyPins_SetPinDriveMode(USBUART_1_Dp_0, mode);
  59   1      }
  60          
  61          
  62          /*******************************************************************************
  63          * Function Name: USBUART_1_Dp_Read
  64          ********************************************************************************
  65          *
  66          * Summary:
  67          *  Read the current value on the pins of the Digital Port in right justified 
  68          *  form.
  69          *
  70          * Parameters:  
  71          *  None 
  72          *
  73          * Return: 
  74          *  Returns the current value of the Digital Port as a right justified number
  75          *  
  76          * Note:
  77          *  Macro USBUART_1_Dp_ReadPS calls this function. 
  78          *  
  79          *******************************************************************************/
  80          uint8 USBUART_1_Dp_Read(void) 
  81          {
  82   1          return (USBUART_1_Dp_PS & USBUART_1_Dp_MASK) >> USBUART_1_Dp_SHIFT;
  83   1      }
  84          
  85          
  86          /*******************************************************************************
  87          * Function Name: USBUART_1_Dp_ReadDataReg
  88          ********************************************************************************
  89          *
  90          * Summary:
  91          *  Read the current value assigned to a Digital Port's data output register
  92          *
  93          * Parameters:  
  94          *  None 
  95          *
  96          * Return: 
  97          *  Returns the current value assigned to the Digital Port's data output register
  98          *  
  99          *******************************************************************************/
 100          uint8 USBUART_1_Dp_ReadDataReg(void) 
 101          {
 102   1          return (USBUART_1_Dp_DR & USBUART_1_Dp_MASK) >> USBUART_1_Dp_SHIFT;
 103   1      }
 104          
 105          
 106          /* If Interrupts Are Enabled for this Pins component */ 
 107          #if defined(USBUART_1_Dp_INTSTAT) 
 108          
 109              /*******************************************************************************
 110              * Function Name: USBUART_1_Dp_ClearInterrupt
 111              ********************************************************************************
 112              *
 113              * Summary:
 114              *  Clears any active interrupts attached to port and returns the value of the 
 115              *  interrupt status register.
C51 COMPILER V9.51   USBUART_1_DP                                                          03/25/2014 11:27:06 PAGE 3   

 116              *
 117              * Parameters:  
 118              *  None 
 119              *
 120              * Return: 
 121              *  Returns the value of the interrupt status register
 122              *  
 123              *******************************************************************************/
 124              uint8 USBUART_1_Dp_ClearInterrupt(void) 
 125              {
 126   1              return (USBUART_1_Dp_INTSTAT & USBUART_1_Dp_MASK) >> USBUART_1_Dp_SHIFT;
 127   1          }
 128          
 129          #endif /* If Interrupts Are Enabled for this Pins component */ 
 130          
 131          
 132          /* [] END OF FILE */
C51 COMPILER V9.51   USBUART_1_DP                                                          03/25/2014 11:27:06 PAGE 4   

ASSEMBLY LISTING OF GENERATED OBJECT CODE


             ; FUNCTION _USBUART_1_Dp_Write (BEGIN)
                                           ; SOURCE LINE # 35
0000 900000      R     MOV     DPTR,#value
0003 EF                MOV     A,R7
0004 F0                MOVX    @DPTR,A
                                           ; SOURCE LINE # 36
                                           ; SOURCE LINE # 37
0005 9051F0            MOV     DPTR,#051F0H
0008 E0                MOVX    A,@DPTR
0009 FF                MOV     R7,A
000A EF                MOV     A,R7
000B 54BF              ANL     A,#0BFH
000D FF                MOV     R7,A
000E 900000      R     MOV     DPTR,#staticBits
0011 EF                MOV     A,R7
0012 F0                MOVX    @DPTR,A
                                           ; SOURCE LINE # 38
0013 900000      R     MOV     DPTR,#value
0016 E0                MOVX    A,@DPTR
0017 FF                MOV     R7,A
0018 EF                MOV     A,R7
0019 C4                SWAP    A
001A 33                RLC     A
001B 33                RLC     A
001C 54C0              ANL     A,#0C0H
001E FF                MOV     R7,A
001F EF                MOV     A,R7
0020 5440              ANL     A,#040H
0022 FF                MOV     R7,A
0023 900000      R     MOV     DPTR,#staticBits
0026 E0                MOVX    A,@DPTR
0027 FE                MOV     R6,A
0028 EF                MOV     A,R7
0029 4E                ORL     A,R6
002A FF                MOV     R7,A
002B 9051F0            MOV     DPTR,#051F0H
002E EF                MOV     A,R7
002F F0                MOVX    @DPTR,A
                                           ; SOURCE LINE # 39
0030 22                RET     
             ; FUNCTION _USBUART_1_Dp_Write (END)

             ; FUNCTION _USBUART_1_Dp_SetDriveMode (BEGIN)
                                           ; SOURCE LINE # 56
0000 900000      R     MOV     DPTR,#mode
0003 EF                MOV     A,R7
0004 F0                MOVX    @DPTR,A
                                           ; SOURCE LINE # 57
                                           ; SOURCE LINE # 58
0005 900000      R     MOV     DPTR,#mode
0008 E0                MOVX    A,@DPTR
0009 FF                MOV     R7,A
000A EF                MOV     A,R7
000B 540E              ANL     A,#0EH
000D FF                MOV     R7,A
000E 90507E            MOV     DPTR,#0507EH
0011 E0                MOVX    A,@DPTR
0012 FE                MOV     R6,A
0013 EE                MOV     A,R6
C51 COMPILER V9.51   USBUART_1_DP                                                          03/25/2014 11:27:06 PAGE 5   

0014 54F1              ANL     A,#0F1H
0016 FE                MOV     R6,A
0017 EE                MOV     A,R6
0018 4F                ORL     A,R7
0019 FF                MOV     R7,A
001A 90507E            MOV     DPTR,#0507EH
001D EF                MOV     A,R7
001E F0                MOVX    @DPTR,A
                                           ; SOURCE LINE # 59
001F 22                RET     
             ; FUNCTION _USBUART_1_Dp_SetDriveMode (END)

             ; FUNCTION USBUART_1_Dp_Read (BEGIN)
                                           ; SOURCE LINE # 80
                                           ; SOURCE LINE # 81
                                           ; SOURCE LINE # 82
0000 9051F1            MOV     DPTR,#051F1H
0003 E0                MOVX    A,@DPTR
0004 FF                MOV     R7,A
0005 EF                MOV     A,R7
0006 5440              ANL     A,#040H
0008 FF                MOV     R7,A
0009 7E00              MOV     R6,#00H
000B EF                MOV     A,R7
000C 7806              MOV     R0,#06H
000E         ?C0006:
000E CE                XCH     A,R6
000F C3                CLR     C
0010 13                RRC     A
0011 CE                XCH     A,R6
0012 13                RRC     A
0013 D8F9              DJNZ    R0,?C0006
0015 FF                MOV     R7,A
                                           ; SOURCE LINE # 83
0016         ?C0003:
0016 22                RET     
             ; FUNCTION USBUART_1_Dp_Read (END)

             ; FUNCTION USBUART_1_Dp_ReadDataReg (BEGIN)
                                           ; SOURCE LINE # 100
                                           ; SOURCE LINE # 101
                                           ; SOURCE LINE # 102
0000 9051F0            MOV     DPTR,#051F0H
0003 E0                MOVX    A,@DPTR
0004 FF                MOV     R7,A
0005 EF                MOV     A,R7
0006 5440              ANL     A,#040H
0008 FF                MOV     R7,A
0009 7E00              MOV     R6,#00H
000B EF                MOV     A,R7
000C 7806              MOV     R0,#06H
000E         ?C0007:
000E CE                XCH     A,R6
000F C3                CLR     C
0010 13                RRC     A
0011 CE                XCH     A,R6
0012 13                RRC     A
0013 D8F9              DJNZ    R0,?C0007
0015 FF                MOV     R7,A
                                           ; SOURCE LINE # 103
0016         ?C0004:
0016 22                RET     
C51 COMPILER V9.51   USBUART_1_DP                                                          03/25/2014 11:27:06 PAGE 6   

             ; FUNCTION USBUART_1_Dp_ReadDataReg (END)

             ; FUNCTION USBUART_1_Dp_ClearInterrupt (BEGIN)
                                           ; SOURCE LINE # 124
                                           ; SOURCE LINE # 125
                                           ; SOURCE LINE # 126
0000 90458F            MOV     DPTR,#0458FH
0003 E0                MOVX    A,@DPTR
0004 FF                MOV     R7,A
0005 EF                MOV     A,R7
0006 5440              ANL     A,#040H
0008 FF                MOV     R7,A
0009 7E00              MOV     R6,#00H
000B EF                MOV     A,R7
000C 7806              MOV     R0,#06H
000E         ?C0008:
000E CE                XCH     A,R6
000F C3                CLR     C
0010 13                RRC     A
0011 CE                XCH     A,R6
0012 13                RRC     A
0013 D8F9              DJNZ    R0,?C0008
0015 FF                MOV     R7,A
                                           ; SOURCE LINE # 127
0016         ?C0005:
0016 22                RET     
             ; FUNCTION USBUART_1_Dp_ClearInterrupt (END)



MODULE INFORMATION:   STATIC OVERLAYABLE
   CODE SIZE        =    150    ----
   CONSTANT SIZE    =   ----    ----
   XDATA SIZE       =   ----       3
   PDATA SIZE       =   ----    ----
   DATA SIZE        =   ----    ----
   IDATA SIZE       =   ----    ----
   BIT SIZE         =   ----    ----
   EDATA SIZE       =   ----    ----
   HDATA SIZE       =   ----    ----
   XDATA CONST SIZE =   ----    ----
   FAR CONST SIZE   =   ----    ----
END OF MODULE INFORMATION.


C51 COMPILATION COMPLETE.  0 WARNING(S),  0 ERROR(S)
