ARM GAS  C:\Users\Colin\AppData\Local\Temp\ccGaYkZ3.s 			page 1


   1              		.syntax unified
   2              		.cpu cortex-m3
   3              		.fpu softvfp
   4              		.eabi_attribute 20, 1
   5              		.eabi_attribute 21, 1
   6              		.eabi_attribute 23, 3
   7              		.eabi_attribute 24, 1
   8              		.eabi_attribute 25, 1
   9              		.eabi_attribute 26, 1
  10              		.eabi_attribute 30, 6
  11              		.eabi_attribute 34, 1
  12              		.eabi_attribute 18, 4
  13              		.thumb
  14              		.file	"I2C_1_PM.c"
  15              		.text
  16              	.Ltext0:
  17              		.cfi_sections	.debug_frame
  18              		.global	I2C_1_backup
  19              		.bss
  20              		.align	2
  21              		.type	I2C_1_backup, %object
  22              		.size	I2C_1_backup, 2
  23              	I2C_1_backup:
  24 0000 0000     		.space	2
  25 0002 0000     		.section	.text.I2C_1_SaveConfig,"ax",%progbits
  26              		.align	2
  27              		.global	I2C_1_SaveConfig
  28              		.thumb
  29              		.thumb_func
  30              		.type	I2C_1_SaveConfig, %function
  31              	I2C_1_SaveConfig:
  32              	.LFB0:
  33              		.file 1 ".\\Generated_Source\\PSoC5\\I2C_1_PM.c"
   1:.\Generated_Source\PSoC5/I2C_1_PM.c **** /*******************************************************************************
   2:.\Generated_Source\PSoC5/I2C_1_PM.c **** * File Name: I2C_1_PM.c
   3:.\Generated_Source\PSoC5/I2C_1_PM.c **** * Version 3.30
   4:.\Generated_Source\PSoC5/I2C_1_PM.c **** *
   5:.\Generated_Source\PSoC5/I2C_1_PM.c **** * Description:
   6:.\Generated_Source\PSoC5/I2C_1_PM.c **** *  This file provides Low power mode APIs for I2C component.
   7:.\Generated_Source\PSoC5/I2C_1_PM.c **** *
   8:.\Generated_Source\PSoC5/I2C_1_PM.c **** * Note:
   9:.\Generated_Source\PSoC5/I2C_1_PM.c **** *  None
  10:.\Generated_Source\PSoC5/I2C_1_PM.c **** *
  11:.\Generated_Source\PSoC5/I2C_1_PM.c **** ********************************************************************************
  12:.\Generated_Source\PSoC5/I2C_1_PM.c **** * Copyright 2008-2012, Cypress Semiconductor Corporation.  All rights reserved.
  13:.\Generated_Source\PSoC5/I2C_1_PM.c **** * You may use this file only in accordance with the license, terms, conditions,
  14:.\Generated_Source\PSoC5/I2C_1_PM.c **** * disclaimers, and limitations in the end user license agreement accompanying
  15:.\Generated_Source\PSoC5/I2C_1_PM.c **** * the software package with which this file was provided.
  16:.\Generated_Source\PSoC5/I2C_1_PM.c **** *******************************************************************************/
  17:.\Generated_Source\PSoC5/I2C_1_PM.c **** 
  18:.\Generated_Source\PSoC5/I2C_1_PM.c **** #include "I2C_1_PVT.h"
  19:.\Generated_Source\PSoC5/I2C_1_PM.c **** 
  20:.\Generated_Source\PSoC5/I2C_1_PM.c **** I2C_1_BACKUP_STRUCT I2C_1_backup =
  21:.\Generated_Source\PSoC5/I2C_1_PM.c **** {
  22:.\Generated_Source\PSoC5/I2C_1_PM.c ****     I2C_1_DISABLE, /* enableState */
  23:.\Generated_Source\PSoC5/I2C_1_PM.c **** 
  24:.\Generated_Source\PSoC5/I2C_1_PM.c ****     #if(I2C_1_FF_IMPLEMENTED)
ARM GAS  C:\Users\Colin\AppData\Local\Temp\ccGaYkZ3.s 			page 2


  25:.\Generated_Source\PSoC5/I2C_1_PM.c ****         I2C_1_DEFAULT_XCFG,  /* xcfg */
  26:.\Generated_Source\PSoC5/I2C_1_PM.c ****         I2C_1_DEFAULT_CFG,   /* cfg  */
  27:.\Generated_Source\PSoC5/I2C_1_PM.c **** 
  28:.\Generated_Source\PSoC5/I2C_1_PM.c ****         #if(I2C_1_MODE_SLAVE_ENABLED)
  29:.\Generated_Source\PSoC5/I2C_1_PM.c ****             I2C_1_DEFAULT_ADDR, /* addr */
  30:.\Generated_Source\PSoC5/I2C_1_PM.c ****         #endif /* (I2C_1_MODE_SLAVE_ENABLED) */
  31:.\Generated_Source\PSoC5/I2C_1_PM.c **** 
  32:.\Generated_Source\PSoC5/I2C_1_PM.c ****         #if(CY_PSOC5A)
  33:.\Generated_Source\PSoC5/I2C_1_PM.c ****             LO8(I2C_1_DEFAULT_DIVIDE_FACTOR),  /* div */
  34:.\Generated_Source\PSoC5/I2C_1_PM.c ****         #else
  35:.\Generated_Source\PSoC5/I2C_1_PM.c ****             LO8(I2C_1_DEFAULT_DIVIDE_FACTOR), /* div1 */
  36:.\Generated_Source\PSoC5/I2C_1_PM.c ****             HI8(I2C_1_DEFAULT_DIVIDE_FACTOR), /* div2 */
  37:.\Generated_Source\PSoC5/I2C_1_PM.c ****         #endif /* (CY_PSOC5A) */
  38:.\Generated_Source\PSoC5/I2C_1_PM.c **** 
  39:.\Generated_Source\PSoC5/I2C_1_PM.c ****     #else  /* (I2C_1_UDB_IMPLEMENTED) */
  40:.\Generated_Source\PSoC5/I2C_1_PM.c ****         I2C_1_DEFAULT_CFG,    /* control */
  41:.\Generated_Source\PSoC5/I2C_1_PM.c **** 
  42:.\Generated_Source\PSoC5/I2C_1_PM.c ****         #if(CY_UDB_V0)
  43:.\Generated_Source\PSoC5/I2C_1_PM.c ****             I2C_1_INT_ENABLE_MASK, /* aux_ctl */
  44:.\Generated_Source\PSoC5/I2C_1_PM.c **** 
  45:.\Generated_Source\PSoC5/I2C_1_PM.c ****             #if(I2C_1_MODE_SLAVE_ENABLED)
  46:.\Generated_Source\PSoC5/I2C_1_PM.c ****                 I2C_1_DEFAULT_ADDR, /* addr_d0 */
  47:.\Generated_Source\PSoC5/I2C_1_PM.c ****             #endif /* (I2C_1_MODE_SLAVE_ENABLED) */
  48:.\Generated_Source\PSoC5/I2C_1_PM.c ****         #endif /* (CY_UDB_V0) */
  49:.\Generated_Source\PSoC5/I2C_1_PM.c ****     #endif /* (I2C_1_FF_IMPLEMENTED) */
  50:.\Generated_Source\PSoC5/I2C_1_PM.c **** 
  51:.\Generated_Source\PSoC5/I2C_1_PM.c ****     #if(I2C_1_TIMEOUT_ENABLED)
  52:.\Generated_Source\PSoC5/I2C_1_PM.c ****         I2C_1_DEFAULT_TMOUT_PERIOD,
  53:.\Generated_Source\PSoC5/I2C_1_PM.c ****         I2C_1_DEFAULT_TMOUT_INTR_MASK,
  54:.\Generated_Source\PSoC5/I2C_1_PM.c **** 
  55:.\Generated_Source\PSoC5/I2C_1_PM.c ****         #if(I2C_1_TIMEOUT_PRESCALER_ENABLED && CY_UDB_V0)
  56:.\Generated_Source\PSoC5/I2C_1_PM.c ****             I2C_1_DEFAULT_TMOUT_PRESCALER_PRD,
  57:.\Generated_Source\PSoC5/I2C_1_PM.c ****         #endif /* (I2C_1_TIMEOUT_PRESCALER_ENABLED) */
  58:.\Generated_Source\PSoC5/I2C_1_PM.c **** 
  59:.\Generated_Source\PSoC5/I2C_1_PM.c ****     #endif /* (I2C_1_TIMEOUT_ENABLED) */
  60:.\Generated_Source\PSoC5/I2C_1_PM.c **** };
  61:.\Generated_Source\PSoC5/I2C_1_PM.c **** 
  62:.\Generated_Source\PSoC5/I2C_1_PM.c **** #if((I2C_1_FF_IMPLEMENTED) && (I2C_1_WAKEUP_ENABLED))
  63:.\Generated_Source\PSoC5/I2C_1_PM.c ****     volatile uint8 I2C_1_wakeupSource;
  64:.\Generated_Source\PSoC5/I2C_1_PM.c **** #endif /* ((I2C_1_FF_IMPLEMENTED) && (I2C_1_WAKEUP_ENABLED)) */
  65:.\Generated_Source\PSoC5/I2C_1_PM.c **** 
  66:.\Generated_Source\PSoC5/I2C_1_PM.c **** 
  67:.\Generated_Source\PSoC5/I2C_1_PM.c **** /*******************************************************************************
  68:.\Generated_Source\PSoC5/I2C_1_PM.c **** * Function Name: I2C_1_SaveConfig
  69:.\Generated_Source\PSoC5/I2C_1_PM.c **** ********************************************************************************
  70:.\Generated_Source\PSoC5/I2C_1_PM.c **** *
  71:.\Generated_Source\PSoC5/I2C_1_PM.c **** * Summary:
  72:.\Generated_Source\PSoC5/I2C_1_PM.c **** *  Wakeup on address match enabled: disables I2C Master(if was enabled before go
  73:.\Generated_Source\PSoC5/I2C_1_PM.c **** *  to sleep), enables I2C backup regulator. Waits while on-going transaction be
  74:.\Generated_Source\PSoC5/I2C_1_PM.c **** *  will completed and I2C will be ready go to sleep. All incoming transaction
  75:.\Generated_Source\PSoC5/I2C_1_PM.c **** *  will be NACKed till power down will be asserted. The address match event
  76:.\Generated_Source\PSoC5/I2C_1_PM.c **** *  wakes up the chip.
  77:.\Generated_Source\PSoC5/I2C_1_PM.c **** *  Wakeup on address match disabled: saves I2C configuration and non-retention
  78:.\Generated_Source\PSoC5/I2C_1_PM.c **** *  register values.
  79:.\Generated_Source\PSoC5/I2C_1_PM.c **** *
  80:.\Generated_Source\PSoC5/I2C_1_PM.c **** * Parameters:
  81:.\Generated_Source\PSoC5/I2C_1_PM.c **** *  None
ARM GAS  C:\Users\Colin\AppData\Local\Temp\ccGaYkZ3.s 			page 3


  82:.\Generated_Source\PSoC5/I2C_1_PM.c **** *
  83:.\Generated_Source\PSoC5/I2C_1_PM.c **** * Return:
  84:.\Generated_Source\PSoC5/I2C_1_PM.c **** *  None
  85:.\Generated_Source\PSoC5/I2C_1_PM.c **** *
  86:.\Generated_Source\PSoC5/I2C_1_PM.c **** * Global Variables:
  87:.\Generated_Source\PSoC5/I2C_1_PM.c **** *  I2C_1_backup - used to save component configuration and
  88:.\Generated_Source\PSoC5/I2C_1_PM.c **** *       none-retention registers before enter sleep mode.
  89:.\Generated_Source\PSoC5/I2C_1_PM.c **** *
  90:.\Generated_Source\PSoC5/I2C_1_PM.c **** * Reentrant:
  91:.\Generated_Source\PSoC5/I2C_1_PM.c **** *  No
  92:.\Generated_Source\PSoC5/I2C_1_PM.c **** *
  93:.\Generated_Source\PSoC5/I2C_1_PM.c **** *******************************************************************************/
  94:.\Generated_Source\PSoC5/I2C_1_PM.c **** void I2C_1_SaveConfig(void) 
  95:.\Generated_Source\PSoC5/I2C_1_PM.c **** {
  34              		.loc 1 95 0
  35              		.cfi_startproc
  36              		@ args = 0, pretend = 0, frame = 0
  37              		@ frame_needed = 1, uses_anonymous_args = 0
  38              		@ link register save eliminated.
  39 0000 80B4     		push	{r7}
  40              	.LCFI0:
  41              		.cfi_def_cfa_offset 4
  42              		.cfi_offset 7, -4
  43 0002 00AF     		add	r7, sp, #0
  44              	.LCFI1:
  45              		.cfi_def_cfa_register 7
  96:.\Generated_Source\PSoC5/I2C_1_PM.c ****     #if(I2C_1_FF_IMPLEMENTED)
  97:.\Generated_Source\PSoC5/I2C_1_PM.c ****         #if(I2C_1_WAKEUP_ENABLED)
  98:.\Generated_Source\PSoC5/I2C_1_PM.c ****             uint8 enableInterrupts;
  99:.\Generated_Source\PSoC5/I2C_1_PM.c ****         #endif /* (I2C_1_WAKEUP_ENABLED) */
 100:.\Generated_Source\PSoC5/I2C_1_PM.c **** 
 101:.\Generated_Source\PSoC5/I2C_1_PM.c ****         /* Store regiters in either Sleep mode */
 102:.\Generated_Source\PSoC5/I2C_1_PM.c ****         I2C_1_backup.cfg  = I2C_1_CFG_REG;
 103:.\Generated_Source\PSoC5/I2C_1_PM.c ****         I2C_1_backup.xcfg = I2C_1_XCFG_REG;
 104:.\Generated_Source\PSoC5/I2C_1_PM.c **** 
 105:.\Generated_Source\PSoC5/I2C_1_PM.c ****         #if(I2C_1_MODE_SLAVE_ENABLED)
 106:.\Generated_Source\PSoC5/I2C_1_PM.c ****             I2C_1_backup.addr = I2C_1_ADDR_REG;
 107:.\Generated_Source\PSoC5/I2C_1_PM.c ****         #endif /* (I2C_1_MODE_SLAVE_ENABLED) */
 108:.\Generated_Source\PSoC5/I2C_1_PM.c **** 
 109:.\Generated_Source\PSoC5/I2C_1_PM.c ****         #if(CY_PSOC5A)
 110:.\Generated_Source\PSoC5/I2C_1_PM.c ****             I2C_1_backup.clkDiv   = I2C_1_CLKDIV_REG;
 111:.\Generated_Source\PSoC5/I2C_1_PM.c ****         #else
 112:.\Generated_Source\PSoC5/I2C_1_PM.c ****             I2C_1_backup.clkDiv1  = I2C_1_CLKDIV1_REG;
 113:.\Generated_Source\PSoC5/I2C_1_PM.c ****             I2C_1_backup.clkDiv2  = I2C_1_CLKDIV2_REG;
 114:.\Generated_Source\PSoC5/I2C_1_PM.c ****         #endif /* (CY_PSOC5A) */
 115:.\Generated_Source\PSoC5/I2C_1_PM.c **** 
 116:.\Generated_Source\PSoC5/I2C_1_PM.c ****         #if(I2C_1_WAKEUP_ENABLED)
 117:.\Generated_Source\PSoC5/I2C_1_PM.c ****             /* Need to disable Master */
 118:.\Generated_Source\PSoC5/I2C_1_PM.c ****             I2C_1_CFG_REG &= ((uint8) ~I2C_1_ENABLE_MASTER);
 119:.\Generated_Source\PSoC5/I2C_1_PM.c **** 
 120:.\Generated_Source\PSoC5/I2C_1_PM.c ****             /* Enable the I2C regulator backup */
 121:.\Generated_Source\PSoC5/I2C_1_PM.c ****             enableInterrupts = CyEnterCriticalSection();
 122:.\Generated_Source\PSoC5/I2C_1_PM.c ****             I2C_1_PWRSYS_CR1_REG |= I2C_1_PWRSYS_CR1_I2C_REG_BACKUP;
 123:.\Generated_Source\PSoC5/I2C_1_PM.c ****             CyExitCriticalSection(enableInterrupts);
 124:.\Generated_Source\PSoC5/I2C_1_PM.c **** 
 125:.\Generated_Source\PSoC5/I2C_1_PM.c ****             /* 1) Set force NACK to ignore I2C transactions
 126:.\Generated_Source\PSoC5/I2C_1_PM.c ****                2) Wait while I2C will be ready go to Sleep
ARM GAS  C:\Users\Colin\AppData\Local\Temp\ccGaYkZ3.s 			page 4


 127:.\Generated_Source\PSoC5/I2C_1_PM.c ****                3) These bits are cleared on wake up */
 128:.\Generated_Source\PSoC5/I2C_1_PM.c ****             I2C_1_XCFG_REG |= I2C_1_XCFG_FORCE_NACK;
 129:.\Generated_Source\PSoC5/I2C_1_PM.c ****             while(0u == (I2C_1_XCFG_REG & I2C_1_XCFG_RDY_TO_SLEEP))
 130:.\Generated_Source\PSoC5/I2C_1_PM.c ****             {
 131:.\Generated_Source\PSoC5/I2C_1_PM.c ****                 ; /* Wait when block is ready to Sleep */
 132:.\Generated_Source\PSoC5/I2C_1_PM.c ****             }
 133:.\Generated_Source\PSoC5/I2C_1_PM.c **** 
 134:.\Generated_Source\PSoC5/I2C_1_PM.c ****             /* Setup wakeup interrupt */
 135:.\Generated_Source\PSoC5/I2C_1_PM.c ****             I2C_1_DisableInt();
 136:.\Generated_Source\PSoC5/I2C_1_PM.c ****             (void) CyIntSetVector(I2C_1_ISR_NUMBER, &I2C_1_WAKEUP_ISR);
 137:.\Generated_Source\PSoC5/I2C_1_PM.c ****             I2C_1_wakeupSource = 0u;
 138:.\Generated_Source\PSoC5/I2C_1_PM.c ****             I2C_1_EnableInt();
 139:.\Generated_Source\PSoC5/I2C_1_PM.c **** 
 140:.\Generated_Source\PSoC5/I2C_1_PM.c ****         #endif /* (I2C_1_WAKEUP_ENABLED) */
 141:.\Generated_Source\PSoC5/I2C_1_PM.c **** 
 142:.\Generated_Source\PSoC5/I2C_1_PM.c ****     #else
 143:.\Generated_Source\PSoC5/I2C_1_PM.c ****         /* Store only address match bit */
 144:.\Generated_Source\PSoC5/I2C_1_PM.c ****         I2C_1_backup.control = (I2C_1_CFG_REG & I2C_1_CTRL_ANY_ADDRESS_MASK);
  46              		.loc 1 144 0
  47 0004 46F27543 		movw	r3, #25717
  48 0008 C4F20003 		movt	r3, 16384
  49 000c 1B78     		ldrb	r3, [r3, #0]
  50 000e DBB2     		uxtb	r3, r3
  51 0010 03F00803 		and	r3, r3, #8
  52 0014 DAB2     		uxtb	r2, r3
  53 0016 40F20003 		movw	r3, #:lower16:I2C_1_backup
  54 001a C0F20003 		movt	r3, #:upper16:I2C_1_backup
  55 001e 5A70     		strb	r2, [r3, #1]
 145:.\Generated_Source\PSoC5/I2C_1_PM.c **** 
 146:.\Generated_Source\PSoC5/I2C_1_PM.c ****         #if(CY_UDB_V0)
 147:.\Generated_Source\PSoC5/I2C_1_PM.c ****             /* Store interrupt mask bits */
 148:.\Generated_Source\PSoC5/I2C_1_PM.c ****             I2C_1_backup.intMask = I2C_1_INT_MASK_REG;
 149:.\Generated_Source\PSoC5/I2C_1_PM.c **** 
 150:.\Generated_Source\PSoC5/I2C_1_PM.c ****             #if(I2C_1_MODE & I2C_1_MODE_SLAVE)
 151:.\Generated_Source\PSoC5/I2C_1_PM.c ****                 I2C_1_backup.addr = I2C_1_ADDR_REG;
 152:.\Generated_Source\PSoC5/I2C_1_PM.c ****             #endif /* (I2C_1_MODE & I2C_1_MODE_SLAVE) */
 153:.\Generated_Source\PSoC5/I2C_1_PM.c **** 
 154:.\Generated_Source\PSoC5/I2C_1_PM.c ****         #endif /* (CY_UDB_V0) */
 155:.\Generated_Source\PSoC5/I2C_1_PM.c **** 
 156:.\Generated_Source\PSoC5/I2C_1_PM.c ****     #endif /* (I2C_1_FF_IMPLEMENTED) */
 157:.\Generated_Source\PSoC5/I2C_1_PM.c **** 
 158:.\Generated_Source\PSoC5/I2C_1_PM.c ****     #if(I2C_1_TIMEOUT_ENABLED)
 159:.\Generated_Source\PSoC5/I2C_1_PM.c ****         I2C_1_TimeoutSaveConfig();   /* Save Timeout config */
 160:.\Generated_Source\PSoC5/I2C_1_PM.c ****     #endif /* (I2C_1_TIMEOUT_ENABLED) */
 161:.\Generated_Source\PSoC5/I2C_1_PM.c **** }
  56              		.loc 1 161 0
  57 0020 BD46     		mov	sp, r7
  58 0022 80BC     		pop	{r7}
  59 0024 7047     		bx	lr
  60              		.cfi_endproc
  61              	.LFE0:
  62              		.size	I2C_1_SaveConfig, .-I2C_1_SaveConfig
  63 0026 00BF     		.section	.text.I2C_1_Sleep,"ax",%progbits
  64              		.align	2
  65              		.global	I2C_1_Sleep
  66              		.thumb
  67              		.thumb_func
ARM GAS  C:\Users\Colin\AppData\Local\Temp\ccGaYkZ3.s 			page 5


  68              		.type	I2C_1_Sleep, %function
  69              	I2C_1_Sleep:
  70              	.LFB1:
 162:.\Generated_Source\PSoC5/I2C_1_PM.c **** 
 163:.\Generated_Source\PSoC5/I2C_1_PM.c **** 
 164:.\Generated_Source\PSoC5/I2C_1_PM.c **** /*******************************************************************************
 165:.\Generated_Source\PSoC5/I2C_1_PM.c **** * Function Name: I2C_1_Sleep
 166:.\Generated_Source\PSoC5/I2C_1_PM.c **** ********************************************************************************
 167:.\Generated_Source\PSoC5/I2C_1_PM.c **** *
 168:.\Generated_Source\PSoC5/I2C_1_PM.c **** * Summary:
 169:.\Generated_Source\PSoC5/I2C_1_PM.c **** *  Wakeup on address match enabled: All incoming transaction will be NACKed till
 170:.\Generated_Source\PSoC5/I2C_1_PM.c **** *  power down will be asserted. The address match event wakes up the chip.
 171:.\Generated_Source\PSoC5/I2C_1_PM.c **** *  Wakeup on address match disabled: Disables active mode power template bits or
 172:.\Generated_Source\PSoC5/I2C_1_PM.c **** *  clock gating as appropriate. Saves I2C configuration and non-retention
 173:.\Generated_Source\PSoC5/I2C_1_PM.c **** *  register values.
 174:.\Generated_Source\PSoC5/I2C_1_PM.c **** *  Disables I2C interrupt.
 175:.\Generated_Source\PSoC5/I2C_1_PM.c **** *
 176:.\Generated_Source\PSoC5/I2C_1_PM.c **** * Parameters:
 177:.\Generated_Source\PSoC5/I2C_1_PM.c **** *  None
 178:.\Generated_Source\PSoC5/I2C_1_PM.c **** *
 179:.\Generated_Source\PSoC5/I2C_1_PM.c **** * Return:
 180:.\Generated_Source\PSoC5/I2C_1_PM.c **** *  None
 181:.\Generated_Source\PSoC5/I2C_1_PM.c **** *
 182:.\Generated_Source\PSoC5/I2C_1_PM.c **** * Reentrant:
 183:.\Generated_Source\PSoC5/I2C_1_PM.c **** *  No
 184:.\Generated_Source\PSoC5/I2C_1_PM.c **** *
 185:.\Generated_Source\PSoC5/I2C_1_PM.c **** *******************************************************************************/
 186:.\Generated_Source\PSoC5/I2C_1_PM.c **** void I2C_1_Sleep(void) 
 187:.\Generated_Source\PSoC5/I2C_1_PM.c **** {
  71              		.loc 1 187 0
  72              		.cfi_startproc
  73              		@ args = 0, pretend = 0, frame = 0
  74              		@ frame_needed = 1, uses_anonymous_args = 0
  75 0000 80B5     		push	{r7, lr}
  76              	.LCFI2:
  77              		.cfi_def_cfa_offset 8
  78              		.cfi_offset 7, -8
  79              		.cfi_offset 14, -4
  80 0002 00AF     		add	r7, sp, #0
  81              	.LCFI3:
  82              		.cfi_def_cfa_register 7
 188:.\Generated_Source\PSoC5/I2C_1_PM.c ****     #if(I2C_1_WAKEUP_ENABLED)
 189:.\Generated_Source\PSoC5/I2C_1_PM.c ****         /* The I2C block should be always enabled if used as wakeup source */
 190:.\Generated_Source\PSoC5/I2C_1_PM.c ****         I2C_1_backup.enableState = I2C_1_DISABLE;
 191:.\Generated_Source\PSoC5/I2C_1_PM.c **** 
 192:.\Generated_Source\PSoC5/I2C_1_PM.c ****         #if(I2C_1_TIMEOUT_ENABLED)
 193:.\Generated_Source\PSoC5/I2C_1_PM.c ****             I2C_1_TimeoutStop();
 194:.\Generated_Source\PSoC5/I2C_1_PM.c ****         #endif /* (I2C_1_TIMEOUT_ENABLED) */
 195:.\Generated_Source\PSoC5/I2C_1_PM.c **** 
 196:.\Generated_Source\PSoC5/I2C_1_PM.c ****     #else
 197:.\Generated_Source\PSoC5/I2C_1_PM.c **** 
 198:.\Generated_Source\PSoC5/I2C_1_PM.c ****         I2C_1_backup.enableState = ((uint8) I2C_1_IS_ENABLED);
  83              		.loc 1 198 0
  84 0004 46F27543 		movw	r3, #25717
  85 0008 C4F20003 		movt	r3, 16384
  86 000c 1B78     		ldrb	r3, [r3, #0]
  87 000e DBB2     		uxtb	r3, r3
ARM GAS  C:\Users\Colin\AppData\Local\Temp\ccGaYkZ3.s 			page 6


  88 0010 03F00203 		and	r3, r3, #2
  89 0014 002B     		cmp	r3, #0
  90 0016 0CBF     		ite	eq
  91 0018 0023     		moveq	r3, #0
  92 001a 0123     		movne	r3, #1
  93 001c DBB2     		uxtb	r3, r3
  94 001e 1A46     		mov	r2, r3
  95 0020 40F20003 		movw	r3, #:lower16:I2C_1_backup
  96 0024 C0F20003 		movt	r3, #:upper16:I2C_1_backup
  97 0028 1A70     		strb	r2, [r3, #0]
 199:.\Generated_Source\PSoC5/I2C_1_PM.c **** 
 200:.\Generated_Source\PSoC5/I2C_1_PM.c ****         if(I2C_1_IS_ENABLED)
  98              		.loc 1 200 0
  99 002a 46F27543 		movw	r3, #25717
 100 002e C4F20003 		movt	r3, 16384
 101 0032 1B78     		ldrb	r3, [r3, #0]
 102 0034 DBB2     		uxtb	r3, r3
 103 0036 03F00203 		and	r3, r3, #2
 104 003a 002B     		cmp	r3, #0
 105 003c 01D0     		beq	.L3
 201:.\Generated_Source\PSoC5/I2C_1_PM.c ****         {
 202:.\Generated_Source\PSoC5/I2C_1_PM.c ****             I2C_1_Stop();
 106              		.loc 1 202 0
 107 003e FFF7FEFF 		bl	I2C_1_Stop
 108              	.L3:
 203:.\Generated_Source\PSoC5/I2C_1_PM.c ****         }
 204:.\Generated_Source\PSoC5/I2C_1_PM.c ****     #endif /* (I2C_1_WAKEUP_ENABLED) */
 205:.\Generated_Source\PSoC5/I2C_1_PM.c **** 
 206:.\Generated_Source\PSoC5/I2C_1_PM.c ****     I2C_1_SaveConfig();
 109              		.loc 1 206 0
 110 0042 FFF7FEFF 		bl	I2C_1_SaveConfig
 207:.\Generated_Source\PSoC5/I2C_1_PM.c **** }
 111              		.loc 1 207 0
 112 0046 80BD     		pop	{r7, pc}
 113              		.cfi_endproc
 114              	.LFE1:
 115              		.size	I2C_1_Sleep, .-I2C_1_Sleep
 116              		.section	.text.I2C_1_RestoreConfig,"ax",%progbits
 117              		.align	2
 118              		.global	I2C_1_RestoreConfig
 119              		.thumb
 120              		.thumb_func
 121              		.type	I2C_1_RestoreConfig, %function
 122              	I2C_1_RestoreConfig:
 123              	.LFB2:
 208:.\Generated_Source\PSoC5/I2C_1_PM.c **** 
 209:.\Generated_Source\PSoC5/I2C_1_PM.c **** 
 210:.\Generated_Source\PSoC5/I2C_1_PM.c **** /*******************************************************************************
 211:.\Generated_Source\PSoC5/I2C_1_PM.c **** * Function Name: I2C_1_RestoreConfig
 212:.\Generated_Source\PSoC5/I2C_1_PM.c **** ********************************************************************************
 213:.\Generated_Source\PSoC5/I2C_1_PM.c **** *
 214:.\Generated_Source\PSoC5/I2C_1_PM.c **** * Summary:
 215:.\Generated_Source\PSoC5/I2C_1_PM.c **** *  Wakeup on address match enabled: enables I2C Master (if was enabled before go
 216:.\Generated_Source\PSoC5/I2C_1_PM.c **** *  to sleep), disables I2C backup regulator.
 217:.\Generated_Source\PSoC5/I2C_1_PM.c **** *  Wakeup on address match disabled: Restores I2C configuration and
 218:.\Generated_Source\PSoC5/I2C_1_PM.c **** *  non-retention register values.
 219:.\Generated_Source\PSoC5/I2C_1_PM.c **** *
ARM GAS  C:\Users\Colin\AppData\Local\Temp\ccGaYkZ3.s 			page 7


 220:.\Generated_Source\PSoC5/I2C_1_PM.c **** * Parameters:
 221:.\Generated_Source\PSoC5/I2C_1_PM.c **** *  None
 222:.\Generated_Source\PSoC5/I2C_1_PM.c **** *
 223:.\Generated_Source\PSoC5/I2C_1_PM.c **** * Return:
 224:.\Generated_Source\PSoC5/I2C_1_PM.c **** *  None
 225:.\Generated_Source\PSoC5/I2C_1_PM.c **** *
 226:.\Generated_Source\PSoC5/I2C_1_PM.c **** * Global Variables:
 227:.\Generated_Source\PSoC5/I2C_1_PM.c **** *  I2C_1_backup - used to save component configuration and
 228:.\Generated_Source\PSoC5/I2C_1_PM.c **** *  none-retention registers before exit sleep mode.
 229:.\Generated_Source\PSoC5/I2C_1_PM.c **** *
 230:.\Generated_Source\PSoC5/I2C_1_PM.c **** *******************************************************************************/
 231:.\Generated_Source\PSoC5/I2C_1_PM.c **** void I2C_1_RestoreConfig(void) 
 232:.\Generated_Source\PSoC5/I2C_1_PM.c **** {
 124              		.loc 1 232 0
 125              		.cfi_startproc
 126              		@ args = 0, pretend = 0, frame = 0
 127              		@ frame_needed = 1, uses_anonymous_args = 0
 128              		@ link register save eliminated.
 129 0000 80B4     		push	{r7}
 130              	.LCFI4:
 131              		.cfi_def_cfa_offset 4
 132              		.cfi_offset 7, -4
 133 0002 00AF     		add	r7, sp, #0
 134              	.LCFI5:
 135              		.cfi_def_cfa_register 7
 233:.\Generated_Source\PSoC5/I2C_1_PM.c ****     #if(I2C_1_FF_IMPLEMENTED)
 234:.\Generated_Source\PSoC5/I2C_1_PM.c ****         uint8 enableInterrupts;
 235:.\Generated_Source\PSoC5/I2C_1_PM.c **** 
 236:.\Generated_Source\PSoC5/I2C_1_PM.c ****         if(I2C_1_CHECK_PWRSYS_I2C_BACKUP)    /* Enabled if was in Sleep */
 237:.\Generated_Source\PSoC5/I2C_1_PM.c ****         {
 238:.\Generated_Source\PSoC5/I2C_1_PM.c ****             /* Disable back-up regulator */
 239:.\Generated_Source\PSoC5/I2C_1_PM.c ****             enableInterrupts = CyEnterCriticalSection();
 240:.\Generated_Source\PSoC5/I2C_1_PM.c ****             I2C_1_PWRSYS_CR1_REG &= ((uint8) ~I2C_1_PWRSYS_CR1_I2C_REG_BACKUP);
 241:.\Generated_Source\PSoC5/I2C_1_PM.c ****             CyExitCriticalSection(enableInterrupts);
 242:.\Generated_Source\PSoC5/I2C_1_PM.c **** 
 243:.\Generated_Source\PSoC5/I2C_1_PM.c ****             /* Re-enable Master */
 244:.\Generated_Source\PSoC5/I2C_1_PM.c ****             I2C_1_CFG_REG = I2C_1_backup.cfg;
 245:.\Generated_Source\PSoC5/I2C_1_PM.c ****         }
 246:.\Generated_Source\PSoC5/I2C_1_PM.c ****         else /* The I2C_REG_BACKUP was cleaned by PM API: it means Hibernate or wake-up not set */
 247:.\Generated_Source\PSoC5/I2C_1_PM.c ****         {
 248:.\Generated_Source\PSoC5/I2C_1_PM.c ****             #if(I2C_1_WAKEUP_ENABLED)
 249:.\Generated_Source\PSoC5/I2C_1_PM.c ****                 /* Disable power to I2C block before register restore */
 250:.\Generated_Source\PSoC5/I2C_1_PM.c ****                 enableInterrupts = CyEnterCriticalSection();
 251:.\Generated_Source\PSoC5/I2C_1_PM.c ****                 I2C_1_ACT_PWRMGR_REG  &= ((uint8) ~I2C_1_ACT_PWR_EN);
 252:.\Generated_Source\PSoC5/I2C_1_PM.c ****                 I2C_1_STBY_PWRMGR_REG &= ((uint8) ~I2C_1_STBY_PWR_EN);
 253:.\Generated_Source\PSoC5/I2C_1_PM.c ****                 CyExitCriticalSection(enableInterrupts);
 254:.\Generated_Source\PSoC5/I2C_1_PM.c **** 
 255:.\Generated_Source\PSoC5/I2C_1_PM.c ****                 /* Enable component after restore complete */
 256:.\Generated_Source\PSoC5/I2C_1_PM.c ****                 I2C_1_backup.enableState = I2C_1_ENABLE;
 257:.\Generated_Source\PSoC5/I2C_1_PM.c ****             #endif /* (I2C_1_WAKEUP_ENABLED) */
 258:.\Generated_Source\PSoC5/I2C_1_PM.c **** 
 259:.\Generated_Source\PSoC5/I2C_1_PM.c ****             /* Restore component registers: Hibernate disable power */
 260:.\Generated_Source\PSoC5/I2C_1_PM.c ****             I2C_1_XCFG_REG = I2C_1_backup.xcfg;
 261:.\Generated_Source\PSoC5/I2C_1_PM.c ****             I2C_1_CFG_REG  = I2C_1_backup.cfg;
 262:.\Generated_Source\PSoC5/I2C_1_PM.c **** 
 263:.\Generated_Source\PSoC5/I2C_1_PM.c ****             #if(I2C_1_MODE_SLAVE_ENABLED)
 264:.\Generated_Source\PSoC5/I2C_1_PM.c ****                 I2C_1_ADDR_REG = I2C_1_backup.addr;
ARM GAS  C:\Users\Colin\AppData\Local\Temp\ccGaYkZ3.s 			page 8


 265:.\Generated_Source\PSoC5/I2C_1_PM.c ****             #endif /* (I2C_1_MODE_SLAVE_ENABLED) */
 266:.\Generated_Source\PSoC5/I2C_1_PM.c **** 
 267:.\Generated_Source\PSoC5/I2C_1_PM.c ****             #if(CY_PSOC5A)
 268:.\Generated_Source\PSoC5/I2C_1_PM.c ****                 I2C_1_CLKDIV_REG  = I2C_1_backup.clkDiv;
 269:.\Generated_Source\PSoC5/I2C_1_PM.c ****             #else
 270:.\Generated_Source\PSoC5/I2C_1_PM.c ****                 I2C_1_CLKDIV1_REG = I2C_1_backup.clkDiv1;
 271:.\Generated_Source\PSoC5/I2C_1_PM.c ****                 I2C_1_CLKDIV2_REG = I2C_1_backup.clkDiv2;
 272:.\Generated_Source\PSoC5/I2C_1_PM.c ****             #endif /* (CY_PSOC5A) */
 273:.\Generated_Source\PSoC5/I2C_1_PM.c ****         }
 274:.\Generated_Source\PSoC5/I2C_1_PM.c **** 
 275:.\Generated_Source\PSoC5/I2C_1_PM.c ****         #if(I2C_1_WAKEUP_ENABLED)
 276:.\Generated_Source\PSoC5/I2C_1_PM.c ****             I2C_1_DisableInt();
 277:.\Generated_Source\PSoC5/I2C_1_PM.c ****             (void) CyIntSetVector(I2C_1_ISR_NUMBER, &I2C_1_ISR);
 278:.\Generated_Source\PSoC5/I2C_1_PM.c ****             if(0u != I2C_1_wakeupSource)
 279:.\Generated_Source\PSoC5/I2C_1_PM.c ****             {
 280:.\Generated_Source\PSoC5/I2C_1_PM.c ****                 I2C_1_SetPendingInt();   /* Generate interrupt to process incomming transcation */
 281:.\Generated_Source\PSoC5/I2C_1_PM.c ****             }
 282:.\Generated_Source\PSoC5/I2C_1_PM.c ****             I2C_1_EnableInt();
 283:.\Generated_Source\PSoC5/I2C_1_PM.c ****         #endif /* (I2C_1_WAKEUP_ENABLED) */
 284:.\Generated_Source\PSoC5/I2C_1_PM.c **** 
 285:.\Generated_Source\PSoC5/I2C_1_PM.c ****     #else
 286:.\Generated_Source\PSoC5/I2C_1_PM.c **** 
 287:.\Generated_Source\PSoC5/I2C_1_PM.c ****         #if(CY_UDB_V0)
 288:.\Generated_Source\PSoC5/I2C_1_PM.c ****             uint8 enableInterrupts;
 289:.\Generated_Source\PSoC5/I2C_1_PM.c **** 
 290:.\Generated_Source\PSoC5/I2C_1_PM.c ****             I2C_1_INT_MASK_REG |= I2C_1_backup.intMask;
 291:.\Generated_Source\PSoC5/I2C_1_PM.c **** 
 292:.\Generated_Source\PSoC5/I2C_1_PM.c ****             enableInterrupts = CyEnterCriticalSection();
 293:.\Generated_Source\PSoC5/I2C_1_PM.c ****             I2C_1_INT_ENABLE_REG |= I2C_1_INT_ENABLE_MASK;
 294:.\Generated_Source\PSoC5/I2C_1_PM.c ****             CyExitCriticalSection(enableInterrupts);
 295:.\Generated_Source\PSoC5/I2C_1_PM.c **** 
 296:.\Generated_Source\PSoC5/I2C_1_PM.c ****             #if(I2C_1_MODE_MASTER_ENABLED)
 297:.\Generated_Source\PSoC5/I2C_1_PM.c ****                 /* Restore Master Clock generator */
 298:.\Generated_Source\PSoC5/I2C_1_PM.c ****                 I2C_1_MCLK_PRD_REG = I2C_1_DEFAULT_MCLK_PRD;
 299:.\Generated_Source\PSoC5/I2C_1_PM.c ****                 I2C_1_MCLK_CMP_REG = I2C_1_DEFAULT_MCLK_CMP;
 300:.\Generated_Source\PSoC5/I2C_1_PM.c ****             #endif /* (I2C_1_MODE_MASTER_ENABLED) */
 301:.\Generated_Source\PSoC5/I2C_1_PM.c **** 
 302:.\Generated_Source\PSoC5/I2C_1_PM.c ****             #if(I2C_1_MODE_SLAVE_ENABLED)
 303:.\Generated_Source\PSoC5/I2C_1_PM.c ****                 I2C_1_ADDR_REG = I2C_1_backup.addr;
 304:.\Generated_Source\PSoC5/I2C_1_PM.c **** 
 305:.\Generated_Source\PSoC5/I2C_1_PM.c ****                 /* Restore slave bit counter period */
 306:.\Generated_Source\PSoC5/I2C_1_PM.c ****                 I2C_1_PERIOD_REG = I2C_1_DEFAULT_PERIOD;
 307:.\Generated_Source\PSoC5/I2C_1_PM.c ****             #endif /* (I2C_1_MODE_SLAVE_ENABLED) */
 308:.\Generated_Source\PSoC5/I2C_1_PM.c **** 
 309:.\Generated_Source\PSoC5/I2C_1_PM.c ****         #endif /* (CY_UDB_V0) */
 310:.\Generated_Source\PSoC5/I2C_1_PM.c **** 
 311:.\Generated_Source\PSoC5/I2C_1_PM.c ****         I2C_1_CFG_REG = I2C_1_backup.control;
 136              		.loc 1 311 0
 137 0004 46F27543 		movw	r3, #25717
 138 0008 C4F20003 		movt	r3, 16384
 139 000c 40F20002 		movw	r2, #:lower16:I2C_1_backup
 140 0010 C0F20002 		movt	r2, #:upper16:I2C_1_backup
 141 0014 5278     		ldrb	r2, [r2, #1]	@ zero_extendqisi2
 142 0016 1A70     		strb	r2, [r3, #0]
 312:.\Generated_Source\PSoC5/I2C_1_PM.c **** 
 313:.\Generated_Source\PSoC5/I2C_1_PM.c ****     #endif /* (I2C_1_FF_IMPLEMENTED) */
 314:.\Generated_Source\PSoC5/I2C_1_PM.c **** 
ARM GAS  C:\Users\Colin\AppData\Local\Temp\ccGaYkZ3.s 			page 9


 315:.\Generated_Source\PSoC5/I2C_1_PM.c ****     #if(I2C_1_TIMEOUT_ENABLED)
 316:.\Generated_Source\PSoC5/I2C_1_PM.c ****         I2C_1_TimeoutRestoreConfig();
 317:.\Generated_Source\PSoC5/I2C_1_PM.c ****     #endif /* (I2C_1_TIMEOUT_ENABLED) */
 318:.\Generated_Source\PSoC5/I2C_1_PM.c **** }
 143              		.loc 1 318 0
 144 0018 BD46     		mov	sp, r7
 145 001a 80BC     		pop	{r7}
 146 001c 7047     		bx	lr
 147              		.cfi_endproc
 148              	.LFE2:
 149              		.size	I2C_1_RestoreConfig, .-I2C_1_RestoreConfig
 150 001e 00BF     		.section	.text.I2C_1_Wakeup,"ax",%progbits
 151              		.align	2
 152              		.global	I2C_1_Wakeup
 153              		.thumb
 154              		.thumb_func
 155              		.type	I2C_1_Wakeup, %function
 156              	I2C_1_Wakeup:
 157              	.LFB3:
 319:.\Generated_Source\PSoC5/I2C_1_PM.c **** 
 320:.\Generated_Source\PSoC5/I2C_1_PM.c **** 
 321:.\Generated_Source\PSoC5/I2C_1_PM.c **** /*******************************************************************************
 322:.\Generated_Source\PSoC5/I2C_1_PM.c **** * Function Name: I2C_1_Wakeup
 323:.\Generated_Source\PSoC5/I2C_1_PM.c **** ********************************************************************************
 324:.\Generated_Source\PSoC5/I2C_1_PM.c **** *
 325:.\Generated_Source\PSoC5/I2C_1_PM.c **** * Summary:
 326:.\Generated_Source\PSoC5/I2C_1_PM.c **** *  Wakeup on address match enabled: enables I2C Master (if was enabled before go
 327:.\Generated_Source\PSoC5/I2C_1_PM.c **** *  to sleep) and disables I2C backup regulator.
 328:.\Generated_Source\PSoC5/I2C_1_PM.c **** *  Wakeup on address match disabled: Restores I2C configuration and
 329:.\Generated_Source\PSoC5/I2C_1_PM.c **** *  non-retention register values. Restores Active mode power template bits or
 330:.\Generated_Source\PSoC5/I2C_1_PM.c **** *  clock gating as appropriate.
 331:.\Generated_Source\PSoC5/I2C_1_PM.c **** *  The I2C interrupt remains disabled after function call.
 332:.\Generated_Source\PSoC5/I2C_1_PM.c **** *
 333:.\Generated_Source\PSoC5/I2C_1_PM.c **** * Parameters:
 334:.\Generated_Source\PSoC5/I2C_1_PM.c **** *  None
 335:.\Generated_Source\PSoC5/I2C_1_PM.c **** *
 336:.\Generated_Source\PSoC5/I2C_1_PM.c **** * Return:
 337:.\Generated_Source\PSoC5/I2C_1_PM.c **** *  None
 338:.\Generated_Source\PSoC5/I2C_1_PM.c **** *
 339:.\Generated_Source\PSoC5/I2C_1_PM.c **** * Reentrant:
 340:.\Generated_Source\PSoC5/I2C_1_PM.c **** *  No
 341:.\Generated_Source\PSoC5/I2C_1_PM.c **** *
 342:.\Generated_Source\PSoC5/I2C_1_PM.c **** *******************************************************************************/
 343:.\Generated_Source\PSoC5/I2C_1_PM.c **** void I2C_1_Wakeup(void) 
 344:.\Generated_Source\PSoC5/I2C_1_PM.c **** {
 158              		.loc 1 344 0
 159              		.cfi_startproc
 160              		@ args = 0, pretend = 0, frame = 0
 161              		@ frame_needed = 1, uses_anonymous_args = 0
 162 0000 80B5     		push	{r7, lr}
 163              	.LCFI6:
 164              		.cfi_def_cfa_offset 8
 165              		.cfi_offset 7, -8
 166              		.cfi_offset 14, -4
 167 0002 00AF     		add	r7, sp, #0
 168              	.LCFI7:
 169              		.cfi_def_cfa_register 7
ARM GAS  C:\Users\Colin\AppData\Local\Temp\ccGaYkZ3.s 			page 10


 345:.\Generated_Source\PSoC5/I2C_1_PM.c ****     I2C_1_RestoreConfig();   /* Restore I2C register settings */
 170              		.loc 1 345 0
 171 0004 FFF7FEFF 		bl	I2C_1_RestoreConfig
 346:.\Generated_Source\PSoC5/I2C_1_PM.c **** 
 347:.\Generated_Source\PSoC5/I2C_1_PM.c ****     /* Restore component enable state */
 348:.\Generated_Source\PSoC5/I2C_1_PM.c ****     if(0u != I2C_1_backup.enableState)
 172              		.loc 1 348 0
 173 0008 40F20003 		movw	r3, #:lower16:I2C_1_backup
 174 000c C0F20003 		movt	r3, #:upper16:I2C_1_backup
 175 0010 1B78     		ldrb	r3, [r3, #0]	@ zero_extendqisi2
 176 0012 002B     		cmp	r3, #0
 177 0014 08D0     		beq	.L5
 349:.\Generated_Source\PSoC5/I2C_1_PM.c ****     {
 350:.\Generated_Source\PSoC5/I2C_1_PM.c ****         I2C_1_Enable();
 178              		.loc 1 350 0
 179 0016 FFF7FEFF 		bl	I2C_1_Enable
 351:.\Generated_Source\PSoC5/I2C_1_PM.c ****         I2C_1_EnableInt();
 180              		.loc 1 351 0
 181 001a 4FF46143 		mov	r3, #57600
 182 001e CEF20003 		movt	r3, 57344
 183 0022 4FF00402 		mov	r2, #4
 184 0026 1A60     		str	r2, [r3, #0]
 185              	.L5:
 352:.\Generated_Source\PSoC5/I2C_1_PM.c ****     }
 353:.\Generated_Source\PSoC5/I2C_1_PM.c ****     else
 354:.\Generated_Source\PSoC5/I2C_1_PM.c ****     {
 355:.\Generated_Source\PSoC5/I2C_1_PM.c ****         #if(I2C_1_TIMEOUT_ENABLED)
 356:.\Generated_Source\PSoC5/I2C_1_PM.c ****             I2C_1_TimeoutEnable();
 357:.\Generated_Source\PSoC5/I2C_1_PM.c ****         #endif /* (I2C_1_TIMEOUT_ENABLED) */
 358:.\Generated_Source\PSoC5/I2C_1_PM.c ****     }
 359:.\Generated_Source\PSoC5/I2C_1_PM.c **** }
 186              		.loc 1 359 0
 187 0028 80BD     		pop	{r7, pc}
 188              		.cfi_endproc
 189              	.LFE3:
 190              		.size	I2C_1_Wakeup, .-I2C_1_Wakeup
 191 002a 00BF     		.text
 192              	.Letext0:
 193              		.file 2 ".\\Generated_Source\\PSoC5\\cytypes.h"
 194              		.file 3 ".\\Generated_Source\\PSoC5\\I2C_1.h"
 195              		.section	.debug_info,"",%progbits
 196              	.Ldebug_info0:
 197 0000 59010000 		.4byte	0x159
 198 0004 0200     		.2byte	0x2
 199 0006 00000000 		.4byte	.Ldebug_abbrev0
 200 000a 04       		.byte	0x4
 201 000b 01       		.uleb128 0x1
 202 000c 5B000000 		.4byte	.LASF24
 203 0010 01       		.byte	0x1
 204 0011 D3000000 		.4byte	.LASF25
 205 0015 34010000 		.4byte	.LASF26
 206 0019 00000000 		.4byte	.Ldebug_ranges0+0
 207 001d 00000000 		.4byte	0
 208 0021 00000000 		.4byte	0
 209 0025 00000000 		.4byte	.Ldebug_line0
 210 0029 02       		.uleb128 0x2
 211 002a 01       		.byte	0x1
ARM GAS  C:\Users\Colin\AppData\Local\Temp\ccGaYkZ3.s 			page 11


 212 002b 06       		.byte	0x6
 213 002c C6010000 		.4byte	.LASF0
 214 0030 02       		.uleb128 0x2
 215 0031 01       		.byte	0x1
 216 0032 08       		.byte	0x8
 217 0033 F7000000 		.4byte	.LASF1
 218 0037 02       		.uleb128 0x2
 219 0038 02       		.byte	0x2
 220 0039 05       		.byte	0x5
 221 003a F6010000 		.4byte	.LASF2
 222 003e 02       		.uleb128 0x2
 223 003f 02       		.byte	0x2
 224 0040 07       		.byte	0x7
 225 0041 B3010000 		.4byte	.LASF3
 226 0045 02       		.uleb128 0x2
 227 0046 04       		.byte	0x4
 228 0047 05       		.byte	0x5
 229 0048 0A010000 		.4byte	.LASF4
 230 004c 02       		.uleb128 0x2
 231 004d 04       		.byte	0x4
 232 004e 07       		.byte	0x7
 233 004f AA000000 		.4byte	.LASF5
 234 0053 02       		.uleb128 0x2
 235 0054 08       		.byte	0x8
 236 0055 05       		.byte	0x5
 237 0056 00000000 		.4byte	.LASF6
 238 005a 02       		.uleb128 0x2
 239 005b 08       		.byte	0x8
 240 005c 07       		.byte	0x7
 241 005d BC000000 		.4byte	.LASF7
 242 0061 03       		.uleb128 0x3
 243 0062 04       		.byte	0x4
 244 0063 05       		.byte	0x5
 245 0064 696E7400 		.ascii	"int\000"
 246 0068 02       		.uleb128 0x2
 247 0069 04       		.byte	0x4
 248 006a 07       		.byte	0x7
 249 006b 21000000 		.4byte	.LASF8
 250 006f 04       		.uleb128 0x4
 251 0070 A4000000 		.4byte	.LASF9
 252 0074 02       		.byte	0x2
 253 0075 5B       		.byte	0x5b
 254 0076 30000000 		.4byte	0x30
 255 007a 04       		.uleb128 0x4
 256 007b 0E000000 		.4byte	.LASF10
 257 007f 02       		.byte	0x2
 258 0080 5D       		.byte	0x5d
 259 0081 4C000000 		.4byte	0x4c
 260 0085 02       		.uleb128 0x2
 261 0086 04       		.byte	0x4
 262 0087 04       		.byte	0x4
 263 0088 F0010000 		.4byte	.LASF11
 264 008c 02       		.uleb128 0x2
 265 008d 08       		.byte	0x8
 266 008e 04       		.byte	0x4
 267 008f 13010000 		.4byte	.LASF12
 268 0093 02       		.uleb128 0x2
ARM GAS  C:\Users\Colin\AppData\Local\Temp\ccGaYkZ3.s 			page 12


 269 0094 01       		.byte	0x1
 270 0095 08       		.byte	0x8
 271 0096 05010000 		.4byte	.LASF13
 272 009a 04       		.uleb128 0x4
 273 009b 00020000 		.4byte	.LASF14
 274 009f 02       		.byte	0x2
 275 00a0 F0       		.byte	0xf0
 276 00a1 A5000000 		.4byte	0xa5
 277 00a5 05       		.uleb128 0x5
 278 00a6 6F000000 		.4byte	0x6f
 279 00aa 04       		.uleb128 0x4
 280 00ab 2E010000 		.4byte	.LASF15
 281 00af 02       		.byte	0x2
 282 00b0 F2       		.byte	0xf2
 283 00b1 B5000000 		.4byte	0xb5
 284 00b5 05       		.uleb128 0x5
 285 00b6 7A000000 		.4byte	0x7a
 286 00ba 02       		.uleb128 0x2
 287 00bb 04       		.byte	0x4
 288 00bc 07       		.byte	0x7
 289 00bd 0D020000 		.4byte	.LASF16
 290 00c1 06       		.uleb128 0x6
 291 00c2 02       		.byte	0x2
 292 00c3 03       		.byte	0x3
 293 00c4 78       		.byte	0x78
 294 00c5 E6000000 		.4byte	0xe6
 295 00c9 07       		.uleb128 0x7
 296 00ca 15000000 		.4byte	.LASF17
 297 00ce 03       		.byte	0x3
 298 00cf 7A       		.byte	0x7a
 299 00d0 6F000000 		.4byte	0x6f
 300 00d4 02       		.byte	0x2
 301 00d5 23       		.byte	0x23
 302 00d6 00       		.uleb128 0
 303 00d7 07       		.uleb128 0x7
 304 00d8 05020000 		.4byte	.LASF18
 305 00dc 03       		.byte	0x3
 306 00dd 8C       		.byte	0x8c
 307 00de 6F000000 		.4byte	0x6f
 308 00e2 02       		.byte	0x2
 309 00e3 23       		.byte	0x23
 310 00e4 01       		.uleb128 0x1
 311 00e5 00       		.byte	0
 312 00e6 04       		.uleb128 0x4
 313 00e7 47000000 		.4byte	.LASF19
 314 00eb 03       		.byte	0x3
 315 00ec A2       		.byte	0xa2
 316 00ed C1000000 		.4byte	0xc1
 317 00f1 08       		.uleb128 0x8
 318 00f2 01       		.byte	0x1
 319 00f3 D2010000 		.4byte	.LASF20
 320 00f7 01       		.byte	0x1
 321 00f8 5E       		.byte	0x5e
 322 00f9 01       		.byte	0x1
 323 00fa 00000000 		.4byte	.LFB0
 324 00fe 26000000 		.4byte	.LFE0
 325 0102 00000000 		.4byte	.LLST0
ARM GAS  C:\Users\Colin\AppData\Local\Temp\ccGaYkZ3.s 			page 13


 326 0106 01       		.byte	0x1
 327 0107 09       		.uleb128 0x9
 328 0108 01       		.byte	0x1
 329 0109 2E000000 		.4byte	.LASF21
 330 010d 01       		.byte	0x1
 331 010e BA       		.byte	0xba
 332 010f 01       		.byte	0x1
 333 0110 00000000 		.4byte	.LFB1
 334 0114 48000000 		.4byte	.LFE1
 335 0118 2C000000 		.4byte	.LLST1
 336 011c 01       		.byte	0x1
 337 011d 08       		.uleb128 0x8
 338 011e 01       		.byte	0x1
 339 011f 1A010000 		.4byte	.LASF22
 340 0123 01       		.byte	0x1
 341 0124 E7       		.byte	0xe7
 342 0125 01       		.byte	0x1
 343 0126 00000000 		.4byte	.LFB2
 344 012a 1E000000 		.4byte	.LFE2
 345 012e 58000000 		.4byte	.LLST2
 346 0132 01       		.byte	0x1
 347 0133 0A       		.uleb128 0xa
 348 0134 01       		.byte	0x1
 349 0135 3A000000 		.4byte	.LASF23
 350 0139 01       		.byte	0x1
 351 013a 5701     		.2byte	0x157
 352 013c 01       		.byte	0x1
 353 013d 00000000 		.4byte	.LFB3
 354 0141 2A000000 		.4byte	.LFE3
 355 0145 84000000 		.4byte	.LLST3
 356 0149 01       		.byte	0x1
 357 014a 0B       		.uleb128 0xb
 358 014b E3010000 		.4byte	.LASF27
 359 014f 01       		.byte	0x1
 360 0150 14       		.byte	0x14
 361 0151 E6000000 		.4byte	0xe6
 362 0155 01       		.byte	0x1
 363 0156 05       		.byte	0x5
 364 0157 03       		.byte	0x3
 365 0158 00000000 		.4byte	I2C_1_backup
 366 015c 00       		.byte	0
 367              		.section	.debug_abbrev,"",%progbits
 368              	.Ldebug_abbrev0:
 369 0000 01       		.uleb128 0x1
 370 0001 11       		.uleb128 0x11
 371 0002 01       		.byte	0x1
 372 0003 25       		.uleb128 0x25
 373 0004 0E       		.uleb128 0xe
 374 0005 13       		.uleb128 0x13
 375 0006 0B       		.uleb128 0xb
 376 0007 03       		.uleb128 0x3
 377 0008 0E       		.uleb128 0xe
 378 0009 1B       		.uleb128 0x1b
 379 000a 0E       		.uleb128 0xe
 380 000b 55       		.uleb128 0x55
 381 000c 06       		.uleb128 0x6
 382 000d 11       		.uleb128 0x11
ARM GAS  C:\Users\Colin\AppData\Local\Temp\ccGaYkZ3.s 			page 14


 383 000e 01       		.uleb128 0x1
 384 000f 52       		.uleb128 0x52
 385 0010 01       		.uleb128 0x1
 386 0011 10       		.uleb128 0x10
 387 0012 06       		.uleb128 0x6
 388 0013 00       		.byte	0
 389 0014 00       		.byte	0
 390 0015 02       		.uleb128 0x2
 391 0016 24       		.uleb128 0x24
 392 0017 00       		.byte	0
 393 0018 0B       		.uleb128 0xb
 394 0019 0B       		.uleb128 0xb
 395 001a 3E       		.uleb128 0x3e
 396 001b 0B       		.uleb128 0xb
 397 001c 03       		.uleb128 0x3
 398 001d 0E       		.uleb128 0xe
 399 001e 00       		.byte	0
 400 001f 00       		.byte	0
 401 0020 03       		.uleb128 0x3
 402 0021 24       		.uleb128 0x24
 403 0022 00       		.byte	0
 404 0023 0B       		.uleb128 0xb
 405 0024 0B       		.uleb128 0xb
 406 0025 3E       		.uleb128 0x3e
 407 0026 0B       		.uleb128 0xb
 408 0027 03       		.uleb128 0x3
 409 0028 08       		.uleb128 0x8
 410 0029 00       		.byte	0
 411 002a 00       		.byte	0
 412 002b 04       		.uleb128 0x4
 413 002c 16       		.uleb128 0x16
 414 002d 00       		.byte	0
 415 002e 03       		.uleb128 0x3
 416 002f 0E       		.uleb128 0xe
 417 0030 3A       		.uleb128 0x3a
 418 0031 0B       		.uleb128 0xb
 419 0032 3B       		.uleb128 0x3b
 420 0033 0B       		.uleb128 0xb
 421 0034 49       		.uleb128 0x49
 422 0035 13       		.uleb128 0x13
 423 0036 00       		.byte	0
 424 0037 00       		.byte	0
 425 0038 05       		.uleb128 0x5
 426 0039 35       		.uleb128 0x35
 427 003a 00       		.byte	0
 428 003b 49       		.uleb128 0x49
 429 003c 13       		.uleb128 0x13
 430 003d 00       		.byte	0
 431 003e 00       		.byte	0
 432 003f 06       		.uleb128 0x6
 433 0040 13       		.uleb128 0x13
 434 0041 01       		.byte	0x1
 435 0042 0B       		.uleb128 0xb
 436 0043 0B       		.uleb128 0xb
 437 0044 3A       		.uleb128 0x3a
 438 0045 0B       		.uleb128 0xb
 439 0046 3B       		.uleb128 0x3b
ARM GAS  C:\Users\Colin\AppData\Local\Temp\ccGaYkZ3.s 			page 15


 440 0047 0B       		.uleb128 0xb
 441 0048 01       		.uleb128 0x1
 442 0049 13       		.uleb128 0x13
 443 004a 00       		.byte	0
 444 004b 00       		.byte	0
 445 004c 07       		.uleb128 0x7
 446 004d 0D       		.uleb128 0xd
 447 004e 00       		.byte	0
 448 004f 03       		.uleb128 0x3
 449 0050 0E       		.uleb128 0xe
 450 0051 3A       		.uleb128 0x3a
 451 0052 0B       		.uleb128 0xb
 452 0053 3B       		.uleb128 0x3b
 453 0054 0B       		.uleb128 0xb
 454 0055 49       		.uleb128 0x49
 455 0056 13       		.uleb128 0x13
 456 0057 38       		.uleb128 0x38
 457 0058 0A       		.uleb128 0xa
 458 0059 00       		.byte	0
 459 005a 00       		.byte	0
 460 005b 08       		.uleb128 0x8
 461 005c 2E       		.uleb128 0x2e
 462 005d 00       		.byte	0
 463 005e 3F       		.uleb128 0x3f
 464 005f 0C       		.uleb128 0xc
 465 0060 03       		.uleb128 0x3
 466 0061 0E       		.uleb128 0xe
 467 0062 3A       		.uleb128 0x3a
 468 0063 0B       		.uleb128 0xb
 469 0064 3B       		.uleb128 0x3b
 470 0065 0B       		.uleb128 0xb
 471 0066 27       		.uleb128 0x27
 472 0067 0C       		.uleb128 0xc
 473 0068 11       		.uleb128 0x11
 474 0069 01       		.uleb128 0x1
 475 006a 12       		.uleb128 0x12
 476 006b 01       		.uleb128 0x1
 477 006c 40       		.uleb128 0x40
 478 006d 06       		.uleb128 0x6
 479 006e 9742     		.uleb128 0x2117
 480 0070 0C       		.uleb128 0xc
 481 0071 00       		.byte	0
 482 0072 00       		.byte	0
 483 0073 09       		.uleb128 0x9
 484 0074 2E       		.uleb128 0x2e
 485 0075 00       		.byte	0
 486 0076 3F       		.uleb128 0x3f
 487 0077 0C       		.uleb128 0xc
 488 0078 03       		.uleb128 0x3
 489 0079 0E       		.uleb128 0xe
 490 007a 3A       		.uleb128 0x3a
 491 007b 0B       		.uleb128 0xb
 492 007c 3B       		.uleb128 0x3b
 493 007d 0B       		.uleb128 0xb
 494 007e 27       		.uleb128 0x27
 495 007f 0C       		.uleb128 0xc
 496 0080 11       		.uleb128 0x11
ARM GAS  C:\Users\Colin\AppData\Local\Temp\ccGaYkZ3.s 			page 16


 497 0081 01       		.uleb128 0x1
 498 0082 12       		.uleb128 0x12
 499 0083 01       		.uleb128 0x1
 500 0084 40       		.uleb128 0x40
 501 0085 06       		.uleb128 0x6
 502 0086 9642     		.uleb128 0x2116
 503 0088 0C       		.uleb128 0xc
 504 0089 00       		.byte	0
 505 008a 00       		.byte	0
 506 008b 0A       		.uleb128 0xa
 507 008c 2E       		.uleb128 0x2e
 508 008d 00       		.byte	0
 509 008e 3F       		.uleb128 0x3f
 510 008f 0C       		.uleb128 0xc
 511 0090 03       		.uleb128 0x3
 512 0091 0E       		.uleb128 0xe
 513 0092 3A       		.uleb128 0x3a
 514 0093 0B       		.uleb128 0xb
 515 0094 3B       		.uleb128 0x3b
 516 0095 05       		.uleb128 0x5
 517 0096 27       		.uleb128 0x27
 518 0097 0C       		.uleb128 0xc
 519 0098 11       		.uleb128 0x11
 520 0099 01       		.uleb128 0x1
 521 009a 12       		.uleb128 0x12
 522 009b 01       		.uleb128 0x1
 523 009c 40       		.uleb128 0x40
 524 009d 06       		.uleb128 0x6
 525 009e 9642     		.uleb128 0x2116
 526 00a0 0C       		.uleb128 0xc
 527 00a1 00       		.byte	0
 528 00a2 00       		.byte	0
 529 00a3 0B       		.uleb128 0xb
 530 00a4 34       		.uleb128 0x34
 531 00a5 00       		.byte	0
 532 00a6 03       		.uleb128 0x3
 533 00a7 0E       		.uleb128 0xe
 534 00a8 3A       		.uleb128 0x3a
 535 00a9 0B       		.uleb128 0xb
 536 00aa 3B       		.uleb128 0x3b
 537 00ab 0B       		.uleb128 0xb
 538 00ac 49       		.uleb128 0x49
 539 00ad 13       		.uleb128 0x13
 540 00ae 3F       		.uleb128 0x3f
 541 00af 0C       		.uleb128 0xc
 542 00b0 02       		.uleb128 0x2
 543 00b1 0A       		.uleb128 0xa
 544 00b2 00       		.byte	0
 545 00b3 00       		.byte	0
 546 00b4 00       		.byte	0
 547              		.section	.debug_loc,"",%progbits
 548              	.Ldebug_loc0:
 549              	.LLST0:
 550 0000 00000000 		.4byte	.LFB0
 551 0004 02000000 		.4byte	.LCFI0
 552 0008 0200     		.2byte	0x2
 553 000a 7D       		.byte	0x7d
ARM GAS  C:\Users\Colin\AppData\Local\Temp\ccGaYkZ3.s 			page 17


 554 000b 00       		.sleb128 0
 555 000c 02000000 		.4byte	.LCFI0
 556 0010 04000000 		.4byte	.LCFI1
 557 0014 0200     		.2byte	0x2
 558 0016 7D       		.byte	0x7d
 559 0017 04       		.sleb128 4
 560 0018 04000000 		.4byte	.LCFI1
 561 001c 26000000 		.4byte	.LFE0
 562 0020 0200     		.2byte	0x2
 563 0022 77       		.byte	0x77
 564 0023 04       		.sleb128 4
 565 0024 00000000 		.4byte	0
 566 0028 00000000 		.4byte	0
 567              	.LLST1:
 568 002c 00000000 		.4byte	.LFB1
 569 0030 02000000 		.4byte	.LCFI2
 570 0034 0200     		.2byte	0x2
 571 0036 7D       		.byte	0x7d
 572 0037 00       		.sleb128 0
 573 0038 02000000 		.4byte	.LCFI2
 574 003c 04000000 		.4byte	.LCFI3
 575 0040 0200     		.2byte	0x2
 576 0042 7D       		.byte	0x7d
 577 0043 08       		.sleb128 8
 578 0044 04000000 		.4byte	.LCFI3
 579 0048 48000000 		.4byte	.LFE1
 580 004c 0200     		.2byte	0x2
 581 004e 77       		.byte	0x77
 582 004f 08       		.sleb128 8
 583 0050 00000000 		.4byte	0
 584 0054 00000000 		.4byte	0
 585              	.LLST2:
 586 0058 00000000 		.4byte	.LFB2
 587 005c 02000000 		.4byte	.LCFI4
 588 0060 0200     		.2byte	0x2
 589 0062 7D       		.byte	0x7d
 590 0063 00       		.sleb128 0
 591 0064 02000000 		.4byte	.LCFI4
 592 0068 04000000 		.4byte	.LCFI5
 593 006c 0200     		.2byte	0x2
 594 006e 7D       		.byte	0x7d
 595 006f 04       		.sleb128 4
 596 0070 04000000 		.4byte	.LCFI5
 597 0074 1E000000 		.4byte	.LFE2
 598 0078 0200     		.2byte	0x2
 599 007a 77       		.byte	0x77
 600 007b 04       		.sleb128 4
 601 007c 00000000 		.4byte	0
 602 0080 00000000 		.4byte	0
 603              	.LLST3:
 604 0084 00000000 		.4byte	.LFB3
 605 0088 02000000 		.4byte	.LCFI6
 606 008c 0200     		.2byte	0x2
 607 008e 7D       		.byte	0x7d
 608 008f 00       		.sleb128 0
 609 0090 02000000 		.4byte	.LCFI6
 610 0094 04000000 		.4byte	.LCFI7
ARM GAS  C:\Users\Colin\AppData\Local\Temp\ccGaYkZ3.s 			page 18


 611 0098 0200     		.2byte	0x2
 612 009a 7D       		.byte	0x7d
 613 009b 08       		.sleb128 8
 614 009c 04000000 		.4byte	.LCFI7
 615 00a0 2A000000 		.4byte	.LFE3
 616 00a4 0200     		.2byte	0x2
 617 00a6 77       		.byte	0x77
 618 00a7 08       		.sleb128 8
 619 00a8 00000000 		.4byte	0
 620 00ac 00000000 		.4byte	0
 621              		.section	.debug_aranges,"",%progbits
 622 0000 34000000 		.4byte	0x34
 623 0004 0200     		.2byte	0x2
 624 0006 00000000 		.4byte	.Ldebug_info0
 625 000a 04       		.byte	0x4
 626 000b 00       		.byte	0
 627 000c 0000     		.2byte	0
 628 000e 0000     		.2byte	0
 629 0010 00000000 		.4byte	.LFB0
 630 0014 26000000 		.4byte	.LFE0-.LFB0
 631 0018 00000000 		.4byte	.LFB1
 632 001c 48000000 		.4byte	.LFE1-.LFB1
 633 0020 00000000 		.4byte	.LFB2
 634 0024 1E000000 		.4byte	.LFE2-.LFB2
 635 0028 00000000 		.4byte	.LFB3
 636 002c 2A000000 		.4byte	.LFE3-.LFB3
 637 0030 00000000 		.4byte	0
 638 0034 00000000 		.4byte	0
 639              		.section	.debug_ranges,"",%progbits
 640              	.Ldebug_ranges0:
 641 0000 00000000 		.4byte	.LFB0
 642 0004 26000000 		.4byte	.LFE0
 643 0008 00000000 		.4byte	.LFB1
 644 000c 48000000 		.4byte	.LFE1
 645 0010 00000000 		.4byte	.LFB2
 646 0014 1E000000 		.4byte	.LFE2
 647 0018 00000000 		.4byte	.LFB3
 648 001c 2A000000 		.4byte	.LFE3
 649 0020 00000000 		.4byte	0
 650 0024 00000000 		.4byte	0
 651              		.section	.debug_line,"",%progbits
 652              	.Ldebug_line0:
 653 0000 B0000000 		.section	.debug_str,"MS",%progbits,1
 653      02005200 
 653      00000201 
 653      FB0E0D00 
 653      01010101 
 654              	.LASF6:
 655 0000 6C6F6E67 		.ascii	"long long int\000"
 655      206C6F6E 
 655      6720696E 
 655      7400
 656              	.LASF10:
 657 000e 75696E74 		.ascii	"uint32\000"
 657      333200
 658              	.LASF17:
 659 0015 656E6162 		.ascii	"enableState\000"
ARM GAS  C:\Users\Colin\AppData\Local\Temp\ccGaYkZ3.s 			page 19


 659      6C655374 
 659      61746500 
 660              	.LASF8:
 661 0021 756E7369 		.ascii	"unsigned int\000"
 661      676E6564 
 661      20696E74 
 661      00
 662              	.LASF21:
 663 002e 4932435F 		.ascii	"I2C_1_Sleep\000"
 663      315F536C 
 663      65657000 
 664              	.LASF23:
 665 003a 4932435F 		.ascii	"I2C_1_Wakeup\000"
 665      315F5761 
 665      6B657570 
 665      00
 666              	.LASF19:
 667 0047 4932435F 		.ascii	"I2C_1_BACKUP_STRUCT\000"
 667      315F4241 
 667      434B5550 
 667      5F535452 
 667      55435400 
 668              	.LASF24:
 669 005b 474E5520 		.ascii	"GNU C 4.7.3 20130312 (release) [ARM/embedded-4_7-br"
 669      4320342E 
 669      372E3320 
 669      32303133 
 669      30333132 
 670 008e 616E6368 		.ascii	"anch revision 196615]\000"
 670      20726576 
 670      6973696F 
 670      6E203139 
 670      36363135 
 671              	.LASF9:
 672 00a4 75696E74 		.ascii	"uint8\000"
 672      3800
 673              	.LASF5:
 674 00aa 6C6F6E67 		.ascii	"long unsigned int\000"
 674      20756E73 
 674      69676E65 
 674      6420696E 
 674      7400
 675              	.LASF7:
 676 00bc 6C6F6E67 		.ascii	"long long unsigned int\000"
 676      206C6F6E 
 676      6720756E 
 676      7369676E 
 676      65642069 
 677              	.LASF25:
 678 00d3 2E5C4765 		.ascii	".\\Generated_Source\\PSoC5\\I2C_1_PM.c\000"
 678      6E657261 
 678      7465645F 
 678      536F7572 
 678      63655C50 
 679              	.LASF1:
 680 00f7 756E7369 		.ascii	"unsigned char\000"
 680      676E6564 
ARM GAS  C:\Users\Colin\AppData\Local\Temp\ccGaYkZ3.s 			page 20


 680      20636861 
 680      7200
 681              	.LASF13:
 682 0105 63686172 		.ascii	"char\000"
 682      00
 683              	.LASF4:
 684 010a 6C6F6E67 		.ascii	"long int\000"
 684      20696E74 
 684      00
 685              	.LASF12:
 686 0113 646F7562 		.ascii	"double\000"
 686      6C6500
 687              	.LASF22:
 688 011a 4932435F 		.ascii	"I2C_1_RestoreConfig\000"
 688      315F5265 
 688      73746F72 
 688      65436F6E 
 688      66696700 
 689              	.LASF15:
 690 012e 72656733 		.ascii	"reg32\000"
 690      3200
 691              	.LASF26:
 692 0134 433A5C55 		.ascii	"C:\\Users\\Colin\\Dropbox\\Grad School\\Spring 2014"
 692      73657273 
 692      5C436F6C 
 692      696E5C44 
 692      726F7062 
 693 0162 5C4D4520 		.ascii	"\\ME 235\\Code\\USB_UART01\\Final_PSoC_Code\\USB_UA"
 693      3233355C 
 693      436F6465 
 693      5C555342 
 693      5F554152 
 694 0190 52543031 		.ascii	"RT01-000.Bundle01\\USB_UART01.cydsn\000"
 694      2D303030 
 694      2E42756E 
 694      646C6530 
 694      315C5553 
 695              	.LASF3:
 696 01b3 73686F72 		.ascii	"short unsigned int\000"
 696      7420756E 
 696      7369676E 
 696      65642069 
 696      6E7400
 697              	.LASF0:
 698 01c6 7369676E 		.ascii	"signed char\000"
 698      65642063 
 698      68617200 
 699              	.LASF20:
 700 01d2 4932435F 		.ascii	"I2C_1_SaveConfig\000"
 700      315F5361 
 700      7665436F 
 700      6E666967 
 700      00
 701              	.LASF27:
 702 01e3 4932435F 		.ascii	"I2C_1_backup\000"
 702      315F6261 
 702      636B7570 
ARM GAS  C:\Users\Colin\AppData\Local\Temp\ccGaYkZ3.s 			page 21


 702      00
 703              	.LASF11:
 704 01f0 666C6F61 		.ascii	"float\000"
 704      7400
 705              	.LASF2:
 706 01f6 73686F72 		.ascii	"short int\000"
 706      7420696E 
 706      7400
 707              	.LASF14:
 708 0200 72656738 		.ascii	"reg8\000"
 708      00
 709              	.LASF18:
 710 0205 636F6E74 		.ascii	"control\000"
 710      726F6C00 
 711              	.LASF16:
 712 020d 73697A65 		.ascii	"sizetype\000"
 712      74797065 
 712      00
 713              		.ident	"GCC: (GNU Tools for ARM Embedded Processors) 4.7.3 20130312 (release) [ARM/embedded-4_7-br
