ARM GAS  C:\Users\Colin\AppData\Local\Temp\ccsdXNgY.s 			page 1


   1              		.syntax unified
   2              		.cpu cortex-m3
   3              		.fpu softvfp
   4              		.eabi_attribute 20, 1
   5              		.eabi_attribute 21, 1
   6              		.eabi_attribute 23, 3
   7              		.eabi_attribute 24, 1
   8              		.eabi_attribute 25, 1
   9              		.eabi_attribute 26, 1
  10              		.eabi_attribute 30, 6
  11              		.eabi_attribute 34, 1
  12              		.eabi_attribute 18, 4
  13              		.thumb
  14              		.file	"LCD_LCDPort.c"
  15              		.text
  16              	.Ltext0:
  17              		.cfi_sections	.debug_frame
  18              		.section	.text.LCD_LCDPort_Write,"ax",%progbits
  19              		.align	2
  20              		.global	LCD_LCDPort_Write
  21              		.thumb
  22              		.thumb_func
  23              		.type	LCD_LCDPort_Write, %function
  24              	LCD_LCDPort_Write:
  25              	.LFB0:
  26              		.file 1 ".\\Generated_Source\\PSoC5\\LCD_LCDPort.c"
   1:.\Generated_Source\PSoC5/LCD_LCDPort.c **** /*******************************************************************************
   2:.\Generated_Source\PSoC5/LCD_LCDPort.c **** * File Name: LCD_LCDPort.c  
   3:.\Generated_Source\PSoC5/LCD_LCDPort.c **** * Version 1.90
   4:.\Generated_Source\PSoC5/LCD_LCDPort.c **** *
   5:.\Generated_Source\PSoC5/LCD_LCDPort.c **** * Description:
   6:.\Generated_Source\PSoC5/LCD_LCDPort.c **** *  This file contains API to enable firmware control of a Pins component.
   7:.\Generated_Source\PSoC5/LCD_LCDPort.c **** *
   8:.\Generated_Source\PSoC5/LCD_LCDPort.c **** * Note:
   9:.\Generated_Source\PSoC5/LCD_LCDPort.c **** *
  10:.\Generated_Source\PSoC5/LCD_LCDPort.c **** ********************************************************************************
  11:.\Generated_Source\PSoC5/LCD_LCDPort.c **** * Copyright 2008-2012, Cypress Semiconductor Corporation.  All rights reserved.
  12:.\Generated_Source\PSoC5/LCD_LCDPort.c **** * You may use this file only in accordance with the license, terms, conditions, 
  13:.\Generated_Source\PSoC5/LCD_LCDPort.c **** * disclaimers, and limitations in the end user license agreement accompanying 
  14:.\Generated_Source\PSoC5/LCD_LCDPort.c **** * the software package with which this file was provided.
  15:.\Generated_Source\PSoC5/LCD_LCDPort.c **** *******************************************************************************/
  16:.\Generated_Source\PSoC5/LCD_LCDPort.c **** 
  17:.\Generated_Source\PSoC5/LCD_LCDPort.c **** #include "cytypes.h"
  18:.\Generated_Source\PSoC5/LCD_LCDPort.c **** #include "LCD_LCDPort.h"
  19:.\Generated_Source\PSoC5/LCD_LCDPort.c **** 
  20:.\Generated_Source\PSoC5/LCD_LCDPort.c **** /* APIs are not generated for P15[7:6] on PSoC 5 */
  21:.\Generated_Source\PSoC5/LCD_LCDPort.c **** #if !(CY_PSOC5A &&\
  22:.\Generated_Source\PSoC5/LCD_LCDPort.c **** 	 LCD_LCDPort__PORT == 15 && ((LCD_LCDPort__MASK & 0xC0) != 0))
  23:.\Generated_Source\PSoC5/LCD_LCDPort.c **** 
  24:.\Generated_Source\PSoC5/LCD_LCDPort.c **** 
  25:.\Generated_Source\PSoC5/LCD_LCDPort.c **** /*******************************************************************************
  26:.\Generated_Source\PSoC5/LCD_LCDPort.c **** * Function Name: LCD_LCDPort_Write
  27:.\Generated_Source\PSoC5/LCD_LCDPort.c **** ********************************************************************************
  28:.\Generated_Source\PSoC5/LCD_LCDPort.c **** *
  29:.\Generated_Source\PSoC5/LCD_LCDPort.c **** * Summary:
  30:.\Generated_Source\PSoC5/LCD_LCDPort.c **** *  Assign a new value to the digital port's data output register.  
  31:.\Generated_Source\PSoC5/LCD_LCDPort.c **** *
ARM GAS  C:\Users\Colin\AppData\Local\Temp\ccsdXNgY.s 			page 2


  32:.\Generated_Source\PSoC5/LCD_LCDPort.c **** * Parameters:  
  33:.\Generated_Source\PSoC5/LCD_LCDPort.c **** *  prtValue:  The value to be assigned to the Digital Port. 
  34:.\Generated_Source\PSoC5/LCD_LCDPort.c **** *
  35:.\Generated_Source\PSoC5/LCD_LCDPort.c **** * Return: 
  36:.\Generated_Source\PSoC5/LCD_LCDPort.c **** *  None
  37:.\Generated_Source\PSoC5/LCD_LCDPort.c **** *  
  38:.\Generated_Source\PSoC5/LCD_LCDPort.c **** *******************************************************************************/
  39:.\Generated_Source\PSoC5/LCD_LCDPort.c **** void LCD_LCDPort_Write(uint8 value) 
  40:.\Generated_Source\PSoC5/LCD_LCDPort.c **** {
  27              		.loc 1 40 0
  28              		.cfi_startproc
  29              		@ args = 0, pretend = 0, frame = 16
  30              		@ frame_needed = 1, uses_anonymous_args = 0
  31              		@ link register save eliminated.
  32 0000 80B4     		push	{r7}
  33              	.LCFI0:
  34              		.cfi_def_cfa_offset 4
  35              		.cfi_offset 7, -4
  36 0002 85B0     		sub	sp, sp, #20
  37              	.LCFI1:
  38              		.cfi_def_cfa_offset 24
  39 0004 00AF     		add	r7, sp, #0
  40              	.LCFI2:
  41              		.cfi_def_cfa_register 7
  42 0006 0346     		mov	r3, r0
  43 0008 FB71     		strb	r3, [r7, #7]
  41:.\Generated_Source\PSoC5/LCD_LCDPort.c ****     uint8 staticBits = (LCD_LCDPort_DR & (uint8)(~LCD_LCDPort_MASK));
  44              		.loc 1 41 0
  45 000a 45F22013 		movw	r3, #20768
  46 000e C4F20003 		movt	r3, 16384
  47 0012 1B78     		ldrb	r3, [r3, #0]
  48 0014 DBB2     		uxtb	r3, r3
  49 0016 23F07F03 		bic	r3, r3, #127
  50 001a FB73     		strb	r3, [r7, #15]
  42:.\Generated_Source\PSoC5/LCD_LCDPort.c ****     LCD_LCDPort_DR = staticBits | ((uint8)(value << LCD_LCDPort_SHIFT) & LCD_LCDPort_MASK);
  51              		.loc 1 42 0
  52 001c 45F22013 		movw	r3, #20768
  53 0020 C4F20003 		movt	r3, 16384
  54 0024 FA79     		ldrb	r2, [r7, #7]
  55 0026 02F07F02 		and	r2, r2, #127
  56 002a D1B2     		uxtb	r1, r2
  57 002c FA7B     		ldrb	r2, [r7, #15]
  58 002e 0A43     		orrs	r2, r2, r1
  59 0030 D2B2     		uxtb	r2, r2
  60 0032 1A70     		strb	r2, [r3, #0]
  43:.\Generated_Source\PSoC5/LCD_LCDPort.c **** }
  61              		.loc 1 43 0
  62 0034 07F11407 		add	r7, r7, #20
  63 0038 BD46     		mov	sp, r7
  64 003a 80BC     		pop	{r7}
  65 003c 7047     		bx	lr
  66              		.cfi_endproc
  67              	.LFE0:
  68              		.size	LCD_LCDPort_Write, .-LCD_LCDPort_Write
  69 003e 00BF     		.section	.text.LCD_LCDPort_SetDriveMode,"ax",%progbits
  70              		.align	2
  71              		.global	LCD_LCDPort_SetDriveMode
ARM GAS  C:\Users\Colin\AppData\Local\Temp\ccsdXNgY.s 			page 3


  72              		.thumb
  73              		.thumb_func
  74              		.type	LCD_LCDPort_SetDriveMode, %function
  75              	LCD_LCDPort_SetDriveMode:
  76              	.LFB1:
  44:.\Generated_Source\PSoC5/LCD_LCDPort.c **** 
  45:.\Generated_Source\PSoC5/LCD_LCDPort.c **** 
  46:.\Generated_Source\PSoC5/LCD_LCDPort.c **** /*******************************************************************************
  47:.\Generated_Source\PSoC5/LCD_LCDPort.c **** * Function Name: LCD_LCDPort_SetDriveMode
  48:.\Generated_Source\PSoC5/LCD_LCDPort.c **** ********************************************************************************
  49:.\Generated_Source\PSoC5/LCD_LCDPort.c **** *
  50:.\Generated_Source\PSoC5/LCD_LCDPort.c **** * Summary:
  51:.\Generated_Source\PSoC5/LCD_LCDPort.c **** *  Change the drive mode on the pins of the port.
  52:.\Generated_Source\PSoC5/LCD_LCDPort.c **** * 
  53:.\Generated_Source\PSoC5/LCD_LCDPort.c **** * Parameters:  
  54:.\Generated_Source\PSoC5/LCD_LCDPort.c **** *  mode:  Change the pins to this drive mode.
  55:.\Generated_Source\PSoC5/LCD_LCDPort.c **** *
  56:.\Generated_Source\PSoC5/LCD_LCDPort.c **** * Return: 
  57:.\Generated_Source\PSoC5/LCD_LCDPort.c **** *  None
  58:.\Generated_Source\PSoC5/LCD_LCDPort.c **** *
  59:.\Generated_Source\PSoC5/LCD_LCDPort.c **** *******************************************************************************/
  60:.\Generated_Source\PSoC5/LCD_LCDPort.c **** void LCD_LCDPort_SetDriveMode(uint8 mode) 
  61:.\Generated_Source\PSoC5/LCD_LCDPort.c **** {
  77              		.loc 1 61 0
  78              		.cfi_startproc
  79              		@ args = 0, pretend = 0, frame = 8
  80              		@ frame_needed = 1, uses_anonymous_args = 0
  81              		@ link register save eliminated.
  82 0000 80B4     		push	{r7}
  83              	.LCFI3:
  84              		.cfi_def_cfa_offset 4
  85              		.cfi_offset 7, -4
  86 0002 83B0     		sub	sp, sp, #12
  87              	.LCFI4:
  88              		.cfi_def_cfa_offset 16
  89 0004 00AF     		add	r7, sp, #0
  90              	.LCFI5:
  91              		.cfi_def_cfa_register 7
  92 0006 0346     		mov	r3, r0
  93 0008 FB71     		strb	r3, [r7, #7]
  62:.\Generated_Source\PSoC5/LCD_LCDPort.c **** 	CyPins_SetPinDriveMode(LCD_LCDPort_0, mode);
  94              		.loc 1 62 0
  95 000a 45F21003 		movw	r3, #20496
  96 000e C4F20003 		movt	r3, 16384
  97 0012 45F21002 		movw	r2, #20496
  98 0016 C4F20002 		movt	r2, 16384
  99 001a 1278     		ldrb	r2, [r2, #0]
 100 001c D2B2     		uxtb	r2, r2
 101 001e D2B2     		uxtb	r2, r2
 102 0020 22F00E02 		bic	r2, r2, #14
 103 0024 D1B2     		uxtb	r1, r2
 104 0026 FA79     		ldrb	r2, [r7, #7]	@ zero_extendqisi2
 105 0028 02F00E02 		and	r2, r2, #14
 106 002c D2B2     		uxtb	r2, r2
 107 002e 0A43     		orrs	r2, r2, r1
 108 0030 D2B2     		uxtb	r2, r2
 109 0032 D2B2     		uxtb	r2, r2
ARM GAS  C:\Users\Colin\AppData\Local\Temp\ccsdXNgY.s 			page 4


 110 0034 1A70     		strb	r2, [r3, #0]
  63:.\Generated_Source\PSoC5/LCD_LCDPort.c **** 	CyPins_SetPinDriveMode(LCD_LCDPort_1, mode);
 111              		.loc 1 63 0
 112 0036 45F21103 		movw	r3, #20497
 113 003a C4F20003 		movt	r3, 16384
 114 003e 45F21102 		movw	r2, #20497
 115 0042 C4F20002 		movt	r2, 16384
 116 0046 1278     		ldrb	r2, [r2, #0]
 117 0048 D2B2     		uxtb	r2, r2
 118 004a D2B2     		uxtb	r2, r2
 119 004c 22F00E02 		bic	r2, r2, #14
 120 0050 D1B2     		uxtb	r1, r2
 121 0052 FA79     		ldrb	r2, [r7, #7]	@ zero_extendqisi2
 122 0054 02F00E02 		and	r2, r2, #14
 123 0058 D2B2     		uxtb	r2, r2
 124 005a 0A43     		orrs	r2, r2, r1
 125 005c D2B2     		uxtb	r2, r2
 126 005e D2B2     		uxtb	r2, r2
 127 0060 1A70     		strb	r2, [r3, #0]
  64:.\Generated_Source\PSoC5/LCD_LCDPort.c **** 	CyPins_SetPinDriveMode(LCD_LCDPort_2, mode);
 128              		.loc 1 64 0
 129 0062 45F21203 		movw	r3, #20498
 130 0066 C4F20003 		movt	r3, 16384
 131 006a 45F21202 		movw	r2, #20498
 132 006e C4F20002 		movt	r2, 16384
 133 0072 1278     		ldrb	r2, [r2, #0]
 134 0074 D2B2     		uxtb	r2, r2
 135 0076 D2B2     		uxtb	r2, r2
 136 0078 22F00E02 		bic	r2, r2, #14
 137 007c D1B2     		uxtb	r1, r2
 138 007e FA79     		ldrb	r2, [r7, #7]	@ zero_extendqisi2
 139 0080 02F00E02 		and	r2, r2, #14
 140 0084 D2B2     		uxtb	r2, r2
 141 0086 0A43     		orrs	r2, r2, r1
 142 0088 D2B2     		uxtb	r2, r2
 143 008a D2B2     		uxtb	r2, r2
 144 008c 1A70     		strb	r2, [r3, #0]
  65:.\Generated_Source\PSoC5/LCD_LCDPort.c **** 	CyPins_SetPinDriveMode(LCD_LCDPort_3, mode);
 145              		.loc 1 65 0
 146 008e 45F21303 		movw	r3, #20499
 147 0092 C4F20003 		movt	r3, 16384
 148 0096 45F21302 		movw	r2, #20499
 149 009a C4F20002 		movt	r2, 16384
 150 009e 1278     		ldrb	r2, [r2, #0]
 151 00a0 D2B2     		uxtb	r2, r2
 152 00a2 D2B2     		uxtb	r2, r2
 153 00a4 22F00E02 		bic	r2, r2, #14
 154 00a8 D1B2     		uxtb	r1, r2
 155 00aa FA79     		ldrb	r2, [r7, #7]	@ zero_extendqisi2
 156 00ac 02F00E02 		and	r2, r2, #14
 157 00b0 D2B2     		uxtb	r2, r2
 158 00b2 0A43     		orrs	r2, r2, r1
 159 00b4 D2B2     		uxtb	r2, r2
 160 00b6 D2B2     		uxtb	r2, r2
 161 00b8 1A70     		strb	r2, [r3, #0]
  66:.\Generated_Source\PSoC5/LCD_LCDPort.c **** 	CyPins_SetPinDriveMode(LCD_LCDPort_4, mode);
 162              		.loc 1 66 0
ARM GAS  C:\Users\Colin\AppData\Local\Temp\ccsdXNgY.s 			page 5


 163 00ba 45F21403 		movw	r3, #20500
 164 00be C4F20003 		movt	r3, 16384
 165 00c2 45F21402 		movw	r2, #20500
 166 00c6 C4F20002 		movt	r2, 16384
 167 00ca 1278     		ldrb	r2, [r2, #0]
 168 00cc D2B2     		uxtb	r2, r2
 169 00ce D2B2     		uxtb	r2, r2
 170 00d0 22F00E02 		bic	r2, r2, #14
 171 00d4 D1B2     		uxtb	r1, r2
 172 00d6 FA79     		ldrb	r2, [r7, #7]	@ zero_extendqisi2
 173 00d8 02F00E02 		and	r2, r2, #14
 174 00dc D2B2     		uxtb	r2, r2
 175 00de 0A43     		orrs	r2, r2, r1
 176 00e0 D2B2     		uxtb	r2, r2
 177 00e2 D2B2     		uxtb	r2, r2
 178 00e4 1A70     		strb	r2, [r3, #0]
  67:.\Generated_Source\PSoC5/LCD_LCDPort.c **** 	CyPins_SetPinDriveMode(LCD_LCDPort_5, mode);
 179              		.loc 1 67 0
 180 00e6 45F21503 		movw	r3, #20501
 181 00ea C4F20003 		movt	r3, 16384
 182 00ee 45F21502 		movw	r2, #20501
 183 00f2 C4F20002 		movt	r2, 16384
 184 00f6 1278     		ldrb	r2, [r2, #0]
 185 00f8 D2B2     		uxtb	r2, r2
 186 00fa D2B2     		uxtb	r2, r2
 187 00fc 22F00E02 		bic	r2, r2, #14
 188 0100 D1B2     		uxtb	r1, r2
 189 0102 FA79     		ldrb	r2, [r7, #7]	@ zero_extendqisi2
 190 0104 02F00E02 		and	r2, r2, #14
 191 0108 D2B2     		uxtb	r2, r2
 192 010a 0A43     		orrs	r2, r2, r1
 193 010c D2B2     		uxtb	r2, r2
 194 010e D2B2     		uxtb	r2, r2
 195 0110 1A70     		strb	r2, [r3, #0]
  68:.\Generated_Source\PSoC5/LCD_LCDPort.c **** 	CyPins_SetPinDriveMode(LCD_LCDPort_6, mode);
 196              		.loc 1 68 0
 197 0112 45F21603 		movw	r3, #20502
 198 0116 C4F20003 		movt	r3, 16384
 199 011a 45F21602 		movw	r2, #20502
 200 011e C4F20002 		movt	r2, 16384
 201 0122 1278     		ldrb	r2, [r2, #0]
 202 0124 D2B2     		uxtb	r2, r2
 203 0126 D2B2     		uxtb	r2, r2
 204 0128 22F00E02 		bic	r2, r2, #14
 205 012c D1B2     		uxtb	r1, r2
 206 012e FA79     		ldrb	r2, [r7, #7]	@ zero_extendqisi2
 207 0130 02F00E02 		and	r2, r2, #14
 208 0134 D2B2     		uxtb	r2, r2
 209 0136 0A43     		orrs	r2, r2, r1
 210 0138 D2B2     		uxtb	r2, r2
 211 013a D2B2     		uxtb	r2, r2
 212 013c 1A70     		strb	r2, [r3, #0]
  69:.\Generated_Source\PSoC5/LCD_LCDPort.c **** }
 213              		.loc 1 69 0
 214 013e 07F10C07 		add	r7, r7, #12
 215 0142 BD46     		mov	sp, r7
 216 0144 80BC     		pop	{r7}
ARM GAS  C:\Users\Colin\AppData\Local\Temp\ccsdXNgY.s 			page 6


 217 0146 7047     		bx	lr
 218              		.cfi_endproc
 219              	.LFE1:
 220              		.size	LCD_LCDPort_SetDriveMode, .-LCD_LCDPort_SetDriveMode
 221              		.section	.text.LCD_LCDPort_Read,"ax",%progbits
 222              		.align	2
 223              		.global	LCD_LCDPort_Read
 224              		.thumb
 225              		.thumb_func
 226              		.type	LCD_LCDPort_Read, %function
 227              	LCD_LCDPort_Read:
 228              	.LFB2:
  70:.\Generated_Source\PSoC5/LCD_LCDPort.c **** 
  71:.\Generated_Source\PSoC5/LCD_LCDPort.c **** 
  72:.\Generated_Source\PSoC5/LCD_LCDPort.c **** /*******************************************************************************
  73:.\Generated_Source\PSoC5/LCD_LCDPort.c **** * Function Name: LCD_LCDPort_Read
  74:.\Generated_Source\PSoC5/LCD_LCDPort.c **** ********************************************************************************
  75:.\Generated_Source\PSoC5/LCD_LCDPort.c **** *
  76:.\Generated_Source\PSoC5/LCD_LCDPort.c **** * Summary:
  77:.\Generated_Source\PSoC5/LCD_LCDPort.c **** *  Read the current value on the pins of the Digital Port in right justified 
  78:.\Generated_Source\PSoC5/LCD_LCDPort.c **** *  form.
  79:.\Generated_Source\PSoC5/LCD_LCDPort.c **** *
  80:.\Generated_Source\PSoC5/LCD_LCDPort.c **** * Parameters:  
  81:.\Generated_Source\PSoC5/LCD_LCDPort.c **** *  None
  82:.\Generated_Source\PSoC5/LCD_LCDPort.c **** *
  83:.\Generated_Source\PSoC5/LCD_LCDPort.c **** * Return: 
  84:.\Generated_Source\PSoC5/LCD_LCDPort.c **** *  Returns the current value of the Digital Port as a right justified number
  85:.\Generated_Source\PSoC5/LCD_LCDPort.c **** *  
  86:.\Generated_Source\PSoC5/LCD_LCDPort.c **** * Note:
  87:.\Generated_Source\PSoC5/LCD_LCDPort.c **** *  Macro LCD_LCDPort_ReadPS calls this function. 
  88:.\Generated_Source\PSoC5/LCD_LCDPort.c **** *  
  89:.\Generated_Source\PSoC5/LCD_LCDPort.c **** *******************************************************************************/
  90:.\Generated_Source\PSoC5/LCD_LCDPort.c **** uint8 LCD_LCDPort_Read(void) 
  91:.\Generated_Source\PSoC5/LCD_LCDPort.c **** {
 229              		.loc 1 91 0
 230              		.cfi_startproc
 231              		@ args = 0, pretend = 0, frame = 0
 232              		@ frame_needed = 1, uses_anonymous_args = 0
 233              		@ link register save eliminated.
 234 0000 80B4     		push	{r7}
 235              	.LCFI6:
 236              		.cfi_def_cfa_offset 4
 237              		.cfi_offset 7, -4
 238 0002 00AF     		add	r7, sp, #0
 239              	.LCFI7:
 240              		.cfi_def_cfa_register 7
  92:.\Generated_Source\PSoC5/LCD_LCDPort.c ****     return (LCD_LCDPort_PS & LCD_LCDPort_MASK) >> LCD_LCDPort_SHIFT;
 241              		.loc 1 92 0
 242 0004 45F22113 		movw	r3, #20769
 243 0008 C4F20003 		movt	r3, 16384
 244 000c 1B78     		ldrb	r3, [r3, #0]
 245 000e DBB2     		uxtb	r3, r3
 246 0010 03F07F03 		and	r3, r3, #127
 247 0014 DBB2     		uxtb	r3, r3
  93:.\Generated_Source\PSoC5/LCD_LCDPort.c **** }
 248              		.loc 1 93 0
 249 0016 1846     		mov	r0, r3
ARM GAS  C:\Users\Colin\AppData\Local\Temp\ccsdXNgY.s 			page 7


 250 0018 BD46     		mov	sp, r7
 251 001a 80BC     		pop	{r7}
 252 001c 7047     		bx	lr
 253              		.cfi_endproc
 254              	.LFE2:
 255              		.size	LCD_LCDPort_Read, .-LCD_LCDPort_Read
 256 001e 00BF     		.section	.text.LCD_LCDPort_ReadDataReg,"ax",%progbits
 257              		.align	2
 258              		.global	LCD_LCDPort_ReadDataReg
 259              		.thumb
 260              		.thumb_func
 261              		.type	LCD_LCDPort_ReadDataReg, %function
 262              	LCD_LCDPort_ReadDataReg:
 263              	.LFB3:
  94:.\Generated_Source\PSoC5/LCD_LCDPort.c **** 
  95:.\Generated_Source\PSoC5/LCD_LCDPort.c **** 
  96:.\Generated_Source\PSoC5/LCD_LCDPort.c **** /*******************************************************************************
  97:.\Generated_Source\PSoC5/LCD_LCDPort.c **** * Function Name: LCD_LCDPort_ReadDataReg
  98:.\Generated_Source\PSoC5/LCD_LCDPort.c **** ********************************************************************************
  99:.\Generated_Source\PSoC5/LCD_LCDPort.c **** *
 100:.\Generated_Source\PSoC5/LCD_LCDPort.c **** * Summary:
 101:.\Generated_Source\PSoC5/LCD_LCDPort.c **** *  Read the current value assigned to a Digital Port's data output register
 102:.\Generated_Source\PSoC5/LCD_LCDPort.c **** *
 103:.\Generated_Source\PSoC5/LCD_LCDPort.c **** * Parameters:  
 104:.\Generated_Source\PSoC5/LCD_LCDPort.c **** *  None 
 105:.\Generated_Source\PSoC5/LCD_LCDPort.c **** *
 106:.\Generated_Source\PSoC5/LCD_LCDPort.c **** * Return: 
 107:.\Generated_Source\PSoC5/LCD_LCDPort.c **** *  Returns the current value assigned to the Digital Port's data output register
 108:.\Generated_Source\PSoC5/LCD_LCDPort.c **** *  
 109:.\Generated_Source\PSoC5/LCD_LCDPort.c **** *******************************************************************************/
 110:.\Generated_Source\PSoC5/LCD_LCDPort.c **** uint8 LCD_LCDPort_ReadDataReg(void) 
 111:.\Generated_Source\PSoC5/LCD_LCDPort.c **** {
 264              		.loc 1 111 0
 265              		.cfi_startproc
 266              		@ args = 0, pretend = 0, frame = 0
 267              		@ frame_needed = 1, uses_anonymous_args = 0
 268              		@ link register save eliminated.
 269 0000 80B4     		push	{r7}
 270              	.LCFI8:
 271              		.cfi_def_cfa_offset 4
 272              		.cfi_offset 7, -4
 273 0002 00AF     		add	r7, sp, #0
 274              	.LCFI9:
 275              		.cfi_def_cfa_register 7
 112:.\Generated_Source\PSoC5/LCD_LCDPort.c ****     return (LCD_LCDPort_DR & LCD_LCDPort_MASK) >> LCD_LCDPort_SHIFT;
 276              		.loc 1 112 0
 277 0004 45F22013 		movw	r3, #20768
 278 0008 C4F20003 		movt	r3, 16384
 279 000c 1B78     		ldrb	r3, [r3, #0]
 280 000e DBB2     		uxtb	r3, r3
 281 0010 03F07F03 		and	r3, r3, #127
 282 0014 DBB2     		uxtb	r3, r3
 113:.\Generated_Source\PSoC5/LCD_LCDPort.c **** }
 283              		.loc 1 113 0
 284 0016 1846     		mov	r0, r3
 285 0018 BD46     		mov	sp, r7
 286 001a 80BC     		pop	{r7}
ARM GAS  C:\Users\Colin\AppData\Local\Temp\ccsdXNgY.s 			page 8


 287 001c 7047     		bx	lr
 288              		.cfi_endproc
 289              	.LFE3:
 290              		.size	LCD_LCDPort_ReadDataReg, .-LCD_LCDPort_ReadDataReg
 291 001e 00BF     		.text
 292              	.Letext0:
 293              		.file 2 ".\\Generated_Source\\PSoC5\\cytypes.h"
 294              		.section	.debug_info,"",%progbits
 295              	.Ldebug_info0:
 296 0000 30010000 		.4byte	0x130
 297 0004 0200     		.2byte	0x2
 298 0006 00000000 		.4byte	.Ldebug_abbrev0
 299 000a 04       		.byte	0x4
 300 000b 01       		.uleb128 0x1
 301 000c 8B010000 		.4byte	.LASF20
 302 0010 01       		.byte	0x1
 303 0011 41010000 		.4byte	.LASF21
 304 0015 00000000 		.4byte	.LASF22
 305 0019 00000000 		.4byte	.Ldebug_ranges0+0
 306 001d 00000000 		.4byte	0
 307 0021 00000000 		.4byte	0
 308 0025 00000000 		.4byte	.Ldebug_line0
 309 0029 02       		.uleb128 0x2
 310 002a 01       		.byte	0x1
 311 002b 06       		.byte	0x6
 312 002c EE010000 		.4byte	.LASF0
 313 0030 02       		.uleb128 0x2
 314 0031 01       		.byte	0x1
 315 0032 08       		.byte	0x8
 316 0033 B5000000 		.4byte	.LASF1
 317 0037 02       		.uleb128 0x2
 318 0038 02       		.byte	0x2
 319 0039 05       		.byte	0x5
 320 003a 7B010000 		.4byte	.LASF2
 321 003e 02       		.uleb128 0x2
 322 003f 02       		.byte	0x2
 323 0040 07       		.byte	0x7
 324 0041 E5000000 		.4byte	.LASF3
 325 0045 02       		.uleb128 0x2
 326 0046 04       		.byte	0x4
 327 0047 05       		.byte	0x5
 328 0048 E5010000 		.4byte	.LASF4
 329 004c 02       		.uleb128 0x2
 330 004d 04       		.byte	0x4
 331 004e 07       		.byte	0x7
 332 004f D3000000 		.4byte	.LASF5
 333 0053 02       		.uleb128 0x2
 334 0054 08       		.byte	0x8
 335 0055 05       		.byte	0x5
 336 0056 68010000 		.4byte	.LASF6
 337 005a 02       		.uleb128 0x2
 338 005b 08       		.byte	0x8
 339 005c 07       		.byte	0x7
 340 005d 25010000 		.4byte	.LASF7
 341 0061 03       		.uleb128 0x3
 342 0062 04       		.byte	0x4
 343 0063 05       		.byte	0x5
ARM GAS  C:\Users\Colin\AppData\Local\Temp\ccsdXNgY.s 			page 9


 344 0064 696E7400 		.ascii	"int\000"
 345 0068 02       		.uleb128 0x2
 346 0069 04       		.byte	0x4
 347 006a 07       		.byte	0x7
 348 006b 18010000 		.4byte	.LASF8
 349 006f 04       		.uleb128 0x4
 350 0070 85010000 		.4byte	.LASF12
 351 0074 02       		.byte	0x2
 352 0075 5B       		.byte	0x5b
 353 0076 30000000 		.4byte	0x30
 354 007a 02       		.uleb128 0x2
 355 007b 04       		.byte	0x4
 356 007c 04       		.byte	0x4
 357 007d AF000000 		.4byte	.LASF9
 358 0081 02       		.uleb128 0x2
 359 0082 08       		.byte	0x8
 360 0083 04       		.byte	0x4
 361 0084 11010000 		.4byte	.LASF10
 362 0088 02       		.uleb128 0x2
 363 0089 01       		.byte	0x1
 364 008a 08       		.byte	0x8
 365 008b 76010000 		.4byte	.LASF11
 366 008f 04       		.uleb128 0x4
 367 0090 CE000000 		.4byte	.LASF13
 368 0094 02       		.byte	0x2
 369 0095 F0       		.byte	0xf0
 370 0096 9A000000 		.4byte	0x9a
 371 009a 05       		.uleb128 0x5
 372 009b 6F000000 		.4byte	0x6f
 373 009f 06       		.uleb128 0x6
 374 00a0 01       		.byte	0x1
 375 00a1 85000000 		.4byte	.LASF14
 376 00a5 01       		.byte	0x1
 377 00a6 27       		.byte	0x27
 378 00a7 01       		.byte	0x1
 379 00a8 00000000 		.4byte	.LFB0
 380 00ac 3E000000 		.4byte	.LFE0
 381 00b0 00000000 		.4byte	.LLST0
 382 00b4 01       		.byte	0x1
 383 00b5 D6000000 		.4byte	0xd6
 384 00b9 07       		.uleb128 0x7
 385 00ba 7F000000 		.4byte	.LASF16
 386 00be 01       		.byte	0x1
 387 00bf 27       		.byte	0x27
 388 00c0 6F000000 		.4byte	0x6f
 389 00c4 02       		.byte	0x2
 390 00c5 91       		.byte	0x91
 391 00c6 6F       		.sleb128 -17
 392 00c7 08       		.uleb128 0x8
 393 00c8 C3000000 		.4byte	.LASF23
 394 00cc 01       		.byte	0x1
 395 00cd 29       		.byte	0x29
 396 00ce 6F000000 		.4byte	0x6f
 397 00d2 02       		.byte	0x2
 398 00d3 91       		.byte	0x91
 399 00d4 77       		.sleb128 -9
 400 00d5 00       		.byte	0
ARM GAS  C:\Users\Colin\AppData\Local\Temp\ccsdXNgY.s 			page 10


 401 00d6 06       		.uleb128 0x6
 402 00d7 01       		.byte	0x1
 403 00d8 F8000000 		.4byte	.LASF15
 404 00dc 01       		.byte	0x1
 405 00dd 3C       		.byte	0x3c
 406 00de 01       		.byte	0x1
 407 00df 00000000 		.4byte	.LFB1
 408 00e3 48010000 		.4byte	.LFE1
 409 00e7 38000000 		.4byte	.LLST1
 410 00eb 01       		.byte	0x1
 411 00ec FF000000 		.4byte	0xff
 412 00f0 07       		.uleb128 0x7
 413 00f1 3C010000 		.4byte	.LASF17
 414 00f5 01       		.byte	0x1
 415 00f6 3C       		.byte	0x3c
 416 00f7 6F000000 		.4byte	0x6f
 417 00fb 02       		.byte	0x2
 418 00fc 91       		.byte	0x91
 419 00fd 77       		.sleb128 -9
 420 00fe 00       		.byte	0
 421 00ff 09       		.uleb128 0x9
 422 0100 01       		.byte	0x1
 423 0101 D4010000 		.4byte	.LASF18
 424 0105 01       		.byte	0x1
 425 0106 5A       		.byte	0x5a
 426 0107 01       		.byte	0x1
 427 0108 6F000000 		.4byte	0x6f
 428 010c 00000000 		.4byte	.LFB2
 429 0110 1E000000 		.4byte	.LFE2
 430 0114 70000000 		.4byte	.LLST2
 431 0118 01       		.byte	0x1
 432 0119 09       		.uleb128 0x9
 433 011a 01       		.byte	0x1
 434 011b 97000000 		.4byte	.LASF19
 435 011f 01       		.byte	0x1
 436 0120 6E       		.byte	0x6e
 437 0121 01       		.byte	0x1
 438 0122 6F000000 		.4byte	0x6f
 439 0126 00000000 		.4byte	.LFB3
 440 012a 1E000000 		.4byte	.LFE3
 441 012e 9C000000 		.4byte	.LLST3
 442 0132 01       		.byte	0x1
 443 0133 00       		.byte	0
 444              		.section	.debug_abbrev,"",%progbits
 445              	.Ldebug_abbrev0:
 446 0000 01       		.uleb128 0x1
 447 0001 11       		.uleb128 0x11
 448 0002 01       		.byte	0x1
 449 0003 25       		.uleb128 0x25
 450 0004 0E       		.uleb128 0xe
 451 0005 13       		.uleb128 0x13
 452 0006 0B       		.uleb128 0xb
 453 0007 03       		.uleb128 0x3
 454 0008 0E       		.uleb128 0xe
 455 0009 1B       		.uleb128 0x1b
 456 000a 0E       		.uleb128 0xe
 457 000b 55       		.uleb128 0x55
ARM GAS  C:\Users\Colin\AppData\Local\Temp\ccsdXNgY.s 			page 11


 458 000c 06       		.uleb128 0x6
 459 000d 11       		.uleb128 0x11
 460 000e 01       		.uleb128 0x1
 461 000f 52       		.uleb128 0x52
 462 0010 01       		.uleb128 0x1
 463 0011 10       		.uleb128 0x10
 464 0012 06       		.uleb128 0x6
 465 0013 00       		.byte	0
 466 0014 00       		.byte	0
 467 0015 02       		.uleb128 0x2
 468 0016 24       		.uleb128 0x24
 469 0017 00       		.byte	0
 470 0018 0B       		.uleb128 0xb
 471 0019 0B       		.uleb128 0xb
 472 001a 3E       		.uleb128 0x3e
 473 001b 0B       		.uleb128 0xb
 474 001c 03       		.uleb128 0x3
 475 001d 0E       		.uleb128 0xe
 476 001e 00       		.byte	0
 477 001f 00       		.byte	0
 478 0020 03       		.uleb128 0x3
 479 0021 24       		.uleb128 0x24
 480 0022 00       		.byte	0
 481 0023 0B       		.uleb128 0xb
 482 0024 0B       		.uleb128 0xb
 483 0025 3E       		.uleb128 0x3e
 484 0026 0B       		.uleb128 0xb
 485 0027 03       		.uleb128 0x3
 486 0028 08       		.uleb128 0x8
 487 0029 00       		.byte	0
 488 002a 00       		.byte	0
 489 002b 04       		.uleb128 0x4
 490 002c 16       		.uleb128 0x16
 491 002d 00       		.byte	0
 492 002e 03       		.uleb128 0x3
 493 002f 0E       		.uleb128 0xe
 494 0030 3A       		.uleb128 0x3a
 495 0031 0B       		.uleb128 0xb
 496 0032 3B       		.uleb128 0x3b
 497 0033 0B       		.uleb128 0xb
 498 0034 49       		.uleb128 0x49
 499 0035 13       		.uleb128 0x13
 500 0036 00       		.byte	0
 501 0037 00       		.byte	0
 502 0038 05       		.uleb128 0x5
 503 0039 35       		.uleb128 0x35
 504 003a 00       		.byte	0
 505 003b 49       		.uleb128 0x49
 506 003c 13       		.uleb128 0x13
 507 003d 00       		.byte	0
 508 003e 00       		.byte	0
 509 003f 06       		.uleb128 0x6
 510 0040 2E       		.uleb128 0x2e
 511 0041 01       		.byte	0x1
 512 0042 3F       		.uleb128 0x3f
 513 0043 0C       		.uleb128 0xc
 514 0044 03       		.uleb128 0x3
ARM GAS  C:\Users\Colin\AppData\Local\Temp\ccsdXNgY.s 			page 12


 515 0045 0E       		.uleb128 0xe
 516 0046 3A       		.uleb128 0x3a
 517 0047 0B       		.uleb128 0xb
 518 0048 3B       		.uleb128 0x3b
 519 0049 0B       		.uleb128 0xb
 520 004a 27       		.uleb128 0x27
 521 004b 0C       		.uleb128 0xc
 522 004c 11       		.uleb128 0x11
 523 004d 01       		.uleb128 0x1
 524 004e 12       		.uleb128 0x12
 525 004f 01       		.uleb128 0x1
 526 0050 40       		.uleb128 0x40
 527 0051 06       		.uleb128 0x6
 528 0052 9742     		.uleb128 0x2117
 529 0054 0C       		.uleb128 0xc
 530 0055 01       		.uleb128 0x1
 531 0056 13       		.uleb128 0x13
 532 0057 00       		.byte	0
 533 0058 00       		.byte	0
 534 0059 07       		.uleb128 0x7
 535 005a 05       		.uleb128 0x5
 536 005b 00       		.byte	0
 537 005c 03       		.uleb128 0x3
 538 005d 0E       		.uleb128 0xe
 539 005e 3A       		.uleb128 0x3a
 540 005f 0B       		.uleb128 0xb
 541 0060 3B       		.uleb128 0x3b
 542 0061 0B       		.uleb128 0xb
 543 0062 49       		.uleb128 0x49
 544 0063 13       		.uleb128 0x13
 545 0064 02       		.uleb128 0x2
 546 0065 0A       		.uleb128 0xa
 547 0066 00       		.byte	0
 548 0067 00       		.byte	0
 549 0068 08       		.uleb128 0x8
 550 0069 34       		.uleb128 0x34
 551 006a 00       		.byte	0
 552 006b 03       		.uleb128 0x3
 553 006c 0E       		.uleb128 0xe
 554 006d 3A       		.uleb128 0x3a
 555 006e 0B       		.uleb128 0xb
 556 006f 3B       		.uleb128 0x3b
 557 0070 0B       		.uleb128 0xb
 558 0071 49       		.uleb128 0x49
 559 0072 13       		.uleb128 0x13
 560 0073 02       		.uleb128 0x2
 561 0074 0A       		.uleb128 0xa
 562 0075 00       		.byte	0
 563 0076 00       		.byte	0
 564 0077 09       		.uleb128 0x9
 565 0078 2E       		.uleb128 0x2e
 566 0079 00       		.byte	0
 567 007a 3F       		.uleb128 0x3f
 568 007b 0C       		.uleb128 0xc
 569 007c 03       		.uleb128 0x3
 570 007d 0E       		.uleb128 0xe
 571 007e 3A       		.uleb128 0x3a
ARM GAS  C:\Users\Colin\AppData\Local\Temp\ccsdXNgY.s 			page 13


 572 007f 0B       		.uleb128 0xb
 573 0080 3B       		.uleb128 0x3b
 574 0081 0B       		.uleb128 0xb
 575 0082 27       		.uleb128 0x27
 576 0083 0C       		.uleb128 0xc
 577 0084 49       		.uleb128 0x49
 578 0085 13       		.uleb128 0x13
 579 0086 11       		.uleb128 0x11
 580 0087 01       		.uleb128 0x1
 581 0088 12       		.uleb128 0x12
 582 0089 01       		.uleb128 0x1
 583 008a 40       		.uleb128 0x40
 584 008b 06       		.uleb128 0x6
 585 008c 9742     		.uleb128 0x2117
 586 008e 0C       		.uleb128 0xc
 587 008f 00       		.byte	0
 588 0090 00       		.byte	0
 589 0091 00       		.byte	0
 590              		.section	.debug_loc,"",%progbits
 591              	.Ldebug_loc0:
 592              	.LLST0:
 593 0000 00000000 		.4byte	.LFB0
 594 0004 02000000 		.4byte	.LCFI0
 595 0008 0200     		.2byte	0x2
 596 000a 7D       		.byte	0x7d
 597 000b 00       		.sleb128 0
 598 000c 02000000 		.4byte	.LCFI0
 599 0010 04000000 		.4byte	.LCFI1
 600 0014 0200     		.2byte	0x2
 601 0016 7D       		.byte	0x7d
 602 0017 04       		.sleb128 4
 603 0018 04000000 		.4byte	.LCFI1
 604 001c 06000000 		.4byte	.LCFI2
 605 0020 0200     		.2byte	0x2
 606 0022 7D       		.byte	0x7d
 607 0023 18       		.sleb128 24
 608 0024 06000000 		.4byte	.LCFI2
 609 0028 3E000000 		.4byte	.LFE0
 610 002c 0200     		.2byte	0x2
 611 002e 77       		.byte	0x77
 612 002f 18       		.sleb128 24
 613 0030 00000000 		.4byte	0
 614 0034 00000000 		.4byte	0
 615              	.LLST1:
 616 0038 00000000 		.4byte	.LFB1
 617 003c 02000000 		.4byte	.LCFI3
 618 0040 0200     		.2byte	0x2
 619 0042 7D       		.byte	0x7d
 620 0043 00       		.sleb128 0
 621 0044 02000000 		.4byte	.LCFI3
 622 0048 04000000 		.4byte	.LCFI4
 623 004c 0200     		.2byte	0x2
 624 004e 7D       		.byte	0x7d
 625 004f 04       		.sleb128 4
 626 0050 04000000 		.4byte	.LCFI4
 627 0054 06000000 		.4byte	.LCFI5
 628 0058 0200     		.2byte	0x2
ARM GAS  C:\Users\Colin\AppData\Local\Temp\ccsdXNgY.s 			page 14


 629 005a 7D       		.byte	0x7d
 630 005b 10       		.sleb128 16
 631 005c 06000000 		.4byte	.LCFI5
 632 0060 48010000 		.4byte	.LFE1
 633 0064 0200     		.2byte	0x2
 634 0066 77       		.byte	0x77
 635 0067 10       		.sleb128 16
 636 0068 00000000 		.4byte	0
 637 006c 00000000 		.4byte	0
 638              	.LLST2:
 639 0070 00000000 		.4byte	.LFB2
 640 0074 02000000 		.4byte	.LCFI6
 641 0078 0200     		.2byte	0x2
 642 007a 7D       		.byte	0x7d
 643 007b 00       		.sleb128 0
 644 007c 02000000 		.4byte	.LCFI6
 645 0080 04000000 		.4byte	.LCFI7
 646 0084 0200     		.2byte	0x2
 647 0086 7D       		.byte	0x7d
 648 0087 04       		.sleb128 4
 649 0088 04000000 		.4byte	.LCFI7
 650 008c 1E000000 		.4byte	.LFE2
 651 0090 0200     		.2byte	0x2
 652 0092 77       		.byte	0x77
 653 0093 04       		.sleb128 4
 654 0094 00000000 		.4byte	0
 655 0098 00000000 		.4byte	0
 656              	.LLST3:
 657 009c 00000000 		.4byte	.LFB3
 658 00a0 02000000 		.4byte	.LCFI8
 659 00a4 0200     		.2byte	0x2
 660 00a6 7D       		.byte	0x7d
 661 00a7 00       		.sleb128 0
 662 00a8 02000000 		.4byte	.LCFI8
 663 00ac 04000000 		.4byte	.LCFI9
 664 00b0 0200     		.2byte	0x2
 665 00b2 7D       		.byte	0x7d
 666 00b3 04       		.sleb128 4
 667 00b4 04000000 		.4byte	.LCFI9
 668 00b8 1E000000 		.4byte	.LFE3
 669 00bc 0200     		.2byte	0x2
 670 00be 77       		.byte	0x77
 671 00bf 04       		.sleb128 4
 672 00c0 00000000 		.4byte	0
 673 00c4 00000000 		.4byte	0
 674              		.section	.debug_aranges,"",%progbits
 675 0000 34000000 		.4byte	0x34
 676 0004 0200     		.2byte	0x2
 677 0006 00000000 		.4byte	.Ldebug_info0
 678 000a 04       		.byte	0x4
 679 000b 00       		.byte	0
 680 000c 0000     		.2byte	0
 681 000e 0000     		.2byte	0
 682 0010 00000000 		.4byte	.LFB0
 683 0014 3E000000 		.4byte	.LFE0-.LFB0
 684 0018 00000000 		.4byte	.LFB1
 685 001c 48010000 		.4byte	.LFE1-.LFB1
ARM GAS  C:\Users\Colin\AppData\Local\Temp\ccsdXNgY.s 			page 15


 686 0020 00000000 		.4byte	.LFB2
 687 0024 1E000000 		.4byte	.LFE2-.LFB2
 688 0028 00000000 		.4byte	.LFB3
 689 002c 1E000000 		.4byte	.LFE3-.LFB3
 690 0030 00000000 		.4byte	0
 691 0034 00000000 		.4byte	0
 692              		.section	.debug_ranges,"",%progbits
 693              	.Ldebug_ranges0:
 694 0000 00000000 		.4byte	.LFB0
 695 0004 3E000000 		.4byte	.LFE0
 696 0008 00000000 		.4byte	.LFB1
 697 000c 48010000 		.4byte	.LFE1
 698 0010 00000000 		.4byte	.LFB2
 699 0014 1E000000 		.4byte	.LFE2
 700 0018 00000000 		.4byte	.LFB3
 701 001c 1E000000 		.4byte	.LFE3
 702 0020 00000000 		.4byte	0
 703 0024 00000000 		.4byte	0
 704              		.section	.debug_line,"",%progbits
 705              	.Ldebug_line0:
 706 0000 A4000000 		.section	.debug_str,"MS",%progbits,1
 706      02004A00 
 706      00000201 
 706      FB0E0D00 
 706      01010101 
 707              	.LASF22:
 708 0000 433A5C55 		.ascii	"C:\\Users\\Colin\\Dropbox\\Grad School\\Spring 2014"
 708      73657273 
 708      5C436F6C 
 708      696E5C44 
 708      726F7062 
 709 002e 5C4D4520 		.ascii	"\\ME 235\\Code\\USB_UART01\\Final_PSoC_Code\\USB_UA"
 709      3233355C 
 709      436F6465 
 709      5C555342 
 709      5F554152 
 710 005c 52543031 		.ascii	"RT01-000.Bundle01\\USB_UART01.cydsn\000"
 710      2D303030 
 710      2E42756E 
 710      646C6530 
 710      315C5553 
 711              	.LASF16:
 712 007f 76616C75 		.ascii	"value\000"
 712      6500
 713              	.LASF14:
 714 0085 4C43445F 		.ascii	"LCD_LCDPort_Write\000"
 714      4C434450 
 714      6F72745F 
 714      57726974 
 714      6500
 715              	.LASF19:
 716 0097 4C43445F 		.ascii	"LCD_LCDPort_ReadDataReg\000"
 716      4C434450 
 716      6F72745F 
 716      52656164 
 716      44617461 
 717              	.LASF9:
ARM GAS  C:\Users\Colin\AppData\Local\Temp\ccsdXNgY.s 			page 16


 718 00af 666C6F61 		.ascii	"float\000"
 718      7400
 719              	.LASF1:
 720 00b5 756E7369 		.ascii	"unsigned char\000"
 720      676E6564 
 720      20636861 
 720      7200
 721              	.LASF23:
 722 00c3 73746174 		.ascii	"staticBits\000"
 722      69634269 
 722      747300
 723              	.LASF13:
 724 00ce 72656738 		.ascii	"reg8\000"
 724      00
 725              	.LASF5:
 726 00d3 6C6F6E67 		.ascii	"long unsigned int\000"
 726      20756E73 
 726      69676E65 
 726      6420696E 
 726      7400
 727              	.LASF3:
 728 00e5 73686F72 		.ascii	"short unsigned int\000"
 728      7420756E 
 728      7369676E 
 728      65642069 
 728      6E7400
 729              	.LASF15:
 730 00f8 4C43445F 		.ascii	"LCD_LCDPort_SetDriveMode\000"
 730      4C434450 
 730      6F72745F 
 730      53657444 
 730      72697665 
 731              	.LASF10:
 732 0111 646F7562 		.ascii	"double\000"
 732      6C6500
 733              	.LASF8:
 734 0118 756E7369 		.ascii	"unsigned int\000"
 734      676E6564 
 734      20696E74 
 734      00
 735              	.LASF7:
 736 0125 6C6F6E67 		.ascii	"long long unsigned int\000"
 736      206C6F6E 
 736      6720756E 
 736      7369676E 
 736      65642069 
 737              	.LASF17:
 738 013c 6D6F6465 		.ascii	"mode\000"
 738      00
 739              	.LASF21:
 740 0141 2E5C4765 		.ascii	".\\Generated_Source\\PSoC5\\LCD_LCDPort.c\000"
 740      6E657261 
 740      7465645F 
 740      536F7572 
 740      63655C50 
 741              	.LASF6:
 742 0168 6C6F6E67 		.ascii	"long long int\000"
ARM GAS  C:\Users\Colin\AppData\Local\Temp\ccsdXNgY.s 			page 17


 742      206C6F6E 
 742      6720696E 
 742      7400
 743              	.LASF11:
 744 0176 63686172 		.ascii	"char\000"
 744      00
 745              	.LASF2:
 746 017b 73686F72 		.ascii	"short int\000"
 746      7420696E 
 746      7400
 747              	.LASF12:
 748 0185 75696E74 		.ascii	"uint8\000"
 748      3800
 749              	.LASF20:
 750 018b 474E5520 		.ascii	"GNU C 4.7.3 20130312 (release) [ARM/embedded-4_7-br"
 750      4320342E 
 750      372E3320 
 750      32303133 
 750      30333132 
 751 01be 616E6368 		.ascii	"anch revision 196615]\000"
 751      20726576 
 751      6973696F 
 751      6E203139 
 751      36363135 
 752              	.LASF18:
 753 01d4 4C43445F 		.ascii	"LCD_LCDPort_Read\000"
 753      4C434450 
 753      6F72745F 
 753      52656164 
 753      00
 754              	.LASF4:
 755 01e5 6C6F6E67 		.ascii	"long int\000"
 755      20696E74 
 755      00
 756              	.LASF0:
 757 01ee 7369676E 		.ascii	"signed char\000"
 757      65642063 
 757      68617200 
 758              		.ident	"GCC: (GNU Tools for ARM Embedded Processors) 4.7.3 20130312 (release) [ARM/embedded-4_7-br
