ARM GAS  C:\Users\Colin\AppData\Local\Temp\ccbhcSqM.s 			page 1


   1              		.syntax unified
   2              		.cpu cortex-m3
   3              		.fpu softvfp
   4              		.eabi_attribute 20, 1
   5              		.eabi_attribute 21, 1
   6              		.eabi_attribute 23, 3
   7              		.eabi_attribute 24, 1
   8              		.eabi_attribute 25, 1
   9              		.eabi_attribute 26, 1
  10              		.eabi_attribute 30, 6
  11              		.eabi_attribute 34, 1
  12              		.eabi_attribute 18, 4
  13              		.thumb
  14              		.file	"Poll_Timer_PM.c"
  15              		.text
  16              	.Ltext0:
  17              		.cfi_sections	.debug_frame
  18              		.bss
  19              		.align	2
  20              	Poll_Timer_backup:
  21 0000 00000000 		.space	12
  21      00000000 
  21      00000000 
  22              		.section	.text.Poll_Timer_SaveConfig,"ax",%progbits
  23              		.align	2
  24              		.global	Poll_Timer_SaveConfig
  25              		.thumb
  26              		.thumb_func
  27              		.type	Poll_Timer_SaveConfig, %function
  28              	Poll_Timer_SaveConfig:
  29              	.LFB0:
  30              		.file 1 ".\\Generated_Source\\PSoC5\\Poll_Timer_PM.c"
   1:.\Generated_Source\PSoC5/Poll_Timer_PM.c **** /*******************************************************************************
   2:.\Generated_Source\PSoC5/Poll_Timer_PM.c **** * File Name: Poll_Timer_PM.c
   3:.\Generated_Source\PSoC5/Poll_Timer_PM.c **** * Version 2.50
   4:.\Generated_Source\PSoC5/Poll_Timer_PM.c **** *
   5:.\Generated_Source\PSoC5/Poll_Timer_PM.c **** *  Description:
   6:.\Generated_Source\PSoC5/Poll_Timer_PM.c **** *     This file provides the power management source code to API for the
   7:.\Generated_Source\PSoC5/Poll_Timer_PM.c **** *     Timer.
   8:.\Generated_Source\PSoC5/Poll_Timer_PM.c **** *
   9:.\Generated_Source\PSoC5/Poll_Timer_PM.c **** *   Note:
  10:.\Generated_Source\PSoC5/Poll_Timer_PM.c **** *     None
  11:.\Generated_Source\PSoC5/Poll_Timer_PM.c **** *
  12:.\Generated_Source\PSoC5/Poll_Timer_PM.c **** *******************************************************************************
  13:.\Generated_Source\PSoC5/Poll_Timer_PM.c **** * Copyright 2008-2012, Cypress Semiconductor Corporation.  All rights reserved.
  14:.\Generated_Source\PSoC5/Poll_Timer_PM.c **** * You may use this file only in accordance with the license, terms, conditions,
  15:.\Generated_Source\PSoC5/Poll_Timer_PM.c **** * disclaimers, and limitations in the end user license agreement accompanying
  16:.\Generated_Source\PSoC5/Poll_Timer_PM.c **** * the software package with which this file was provided.
  17:.\Generated_Source\PSoC5/Poll_Timer_PM.c **** ********************************************************************************/
  18:.\Generated_Source\PSoC5/Poll_Timer_PM.c **** 
  19:.\Generated_Source\PSoC5/Poll_Timer_PM.c **** #include "Poll_Timer.h"
  20:.\Generated_Source\PSoC5/Poll_Timer_PM.c **** static Poll_Timer_backupStruct Poll_Timer_backup;
  21:.\Generated_Source\PSoC5/Poll_Timer_PM.c **** 
  22:.\Generated_Source\PSoC5/Poll_Timer_PM.c **** 
  23:.\Generated_Source\PSoC5/Poll_Timer_PM.c **** /*******************************************************************************
  24:.\Generated_Source\PSoC5/Poll_Timer_PM.c **** * Function Name: Poll_Timer_SaveConfig
  25:.\Generated_Source\PSoC5/Poll_Timer_PM.c **** ********************************************************************************
ARM GAS  C:\Users\Colin\AppData\Local\Temp\ccbhcSqM.s 			page 2


  26:.\Generated_Source\PSoC5/Poll_Timer_PM.c **** *
  27:.\Generated_Source\PSoC5/Poll_Timer_PM.c **** * Summary:
  28:.\Generated_Source\PSoC5/Poll_Timer_PM.c **** *     Save the current user configuration
  29:.\Generated_Source\PSoC5/Poll_Timer_PM.c **** *
  30:.\Generated_Source\PSoC5/Poll_Timer_PM.c **** * Parameters:
  31:.\Generated_Source\PSoC5/Poll_Timer_PM.c **** *  void
  32:.\Generated_Source\PSoC5/Poll_Timer_PM.c **** *
  33:.\Generated_Source\PSoC5/Poll_Timer_PM.c **** * Return:
  34:.\Generated_Source\PSoC5/Poll_Timer_PM.c **** *  void
  35:.\Generated_Source\PSoC5/Poll_Timer_PM.c **** *
  36:.\Generated_Source\PSoC5/Poll_Timer_PM.c **** * Global variables:
  37:.\Generated_Source\PSoC5/Poll_Timer_PM.c **** *  Poll_Timer_backup:  Variables of this global structure are modified to
  38:.\Generated_Source\PSoC5/Poll_Timer_PM.c **** *  store the values of non retention configuration registers when Sleep() API is
  39:.\Generated_Source\PSoC5/Poll_Timer_PM.c **** *  called.
  40:.\Generated_Source\PSoC5/Poll_Timer_PM.c **** *
  41:.\Generated_Source\PSoC5/Poll_Timer_PM.c **** *******************************************************************************/
  42:.\Generated_Source\PSoC5/Poll_Timer_PM.c **** void Poll_Timer_SaveConfig(void) 
  43:.\Generated_Source\PSoC5/Poll_Timer_PM.c **** {
  31              		.loc 1 43 0
  32              		.cfi_startproc
  33              		@ args = 0, pretend = 0, frame = 0
  34              		@ frame_needed = 1, uses_anonymous_args = 0
  35 0000 80B5     		push	{r7, lr}
  36              	.LCFI0:
  37              		.cfi_def_cfa_offset 8
  38              		.cfi_offset 7, -8
  39              		.cfi_offset 14, -4
  40 0002 00AF     		add	r7, sp, #0
  41              	.LCFI1:
  42              		.cfi_def_cfa_register 7
  44:.\Generated_Source\PSoC5/Poll_Timer_PM.c ****     #if (!Poll_Timer_UsingFixedFunction)
  45:.\Generated_Source\PSoC5/Poll_Timer_PM.c ****         /* Backup the UDB non-rentention registers for CY_UDB_V0 */
  46:.\Generated_Source\PSoC5/Poll_Timer_PM.c ****         #if (CY_UDB_V0)
  47:.\Generated_Source\PSoC5/Poll_Timer_PM.c ****             Poll_Timer_backup.TimerUdb = Poll_Timer_ReadCounter();
  48:.\Generated_Source\PSoC5/Poll_Timer_PM.c ****             Poll_Timer_backup.TimerPeriod = Poll_Timer_ReadPeriod();
  49:.\Generated_Source\PSoC5/Poll_Timer_PM.c ****             Poll_Timer_backup.InterruptMaskValue = Poll_Timer_STATUS_MASK;
  50:.\Generated_Source\PSoC5/Poll_Timer_PM.c ****             #if (Poll_Timer_UsingHWCaptureCounter)
  51:.\Generated_Source\PSoC5/Poll_Timer_PM.c ****                 Poll_Timer_backup.TimerCaptureCounter = Poll_Timer_ReadCaptureCount();
  52:.\Generated_Source\PSoC5/Poll_Timer_PM.c ****             #endif /* Backup the UDB non-rentention register capture counter for CY_UDB_V0 */
  53:.\Generated_Source\PSoC5/Poll_Timer_PM.c ****         #endif /* Backup the UDB non-rentention registers for CY_UDB_V0 */
  54:.\Generated_Source\PSoC5/Poll_Timer_PM.c **** 
  55:.\Generated_Source\PSoC5/Poll_Timer_PM.c ****         #if (CY_UDB_V1)
  56:.\Generated_Source\PSoC5/Poll_Timer_PM.c ****             Poll_Timer_backup.TimerUdb = Poll_Timer_ReadCounter();
  43              		.loc 1 56 0
  44 0004 FFF7FEFF 		bl	Poll_Timer_ReadCounter
  45 0008 0246     		mov	r2, r0
  46 000a 40F20003 		movw	r3, #:lower16:Poll_Timer_backup
  47 000e C0F20003 		movt	r3, #:upper16:Poll_Timer_backup
  48 0012 5A60     		str	r2, [r3, #4]
  57:.\Generated_Source\PSoC5/Poll_Timer_PM.c ****             Poll_Timer_backup.InterruptMaskValue = Poll_Timer_STATUS_MASK;
  49              		.loc 1 57 0
  50 0014 46F28753 		movw	r3, #25991
  51 0018 C4F20003 		movt	r3, 16384
  52 001c 1B78     		ldrb	r3, [r3, #0]
  53 001e DAB2     		uxtb	r2, r3
  54 0020 40F20003 		movw	r3, #:lower16:Poll_Timer_backup
  55 0024 C0F20003 		movt	r3, #:upper16:Poll_Timer_backup
ARM GAS  C:\Users\Colin\AppData\Local\Temp\ccbhcSqM.s 			page 3


  56 0028 1A72     		strb	r2, [r3, #8]
  58:.\Generated_Source\PSoC5/Poll_Timer_PM.c ****             #if (Poll_Timer_UsingHWCaptureCounter)
  59:.\Generated_Source\PSoC5/Poll_Timer_PM.c ****                 Poll_Timer_backup.TimerCaptureCounter = Poll_Timer_ReadCaptureCount();
  60:.\Generated_Source\PSoC5/Poll_Timer_PM.c ****             #endif /* Back Up capture counter register  */
  61:.\Generated_Source\PSoC5/Poll_Timer_PM.c ****         #endif /* Backup non retention registers, interrupt mask and capture counter for CY_UDB_V1 
  62:.\Generated_Source\PSoC5/Poll_Timer_PM.c **** 
  63:.\Generated_Source\PSoC5/Poll_Timer_PM.c ****         #if(!Poll_Timer_ControlRegRemoved)
  64:.\Generated_Source\PSoC5/Poll_Timer_PM.c ****             Poll_Timer_backup.TimerControlRegister = Poll_Timer_ReadControlRegister();
  57              		.loc 1 64 0
  58 002a FFF7FEFF 		bl	Poll_Timer_ReadControlRegister
  59 002e 0346     		mov	r3, r0
  60 0030 1A46     		mov	r2, r3
  61 0032 40F20003 		movw	r3, #:lower16:Poll_Timer_backup
  62 0036 C0F20003 		movt	r3, #:upper16:Poll_Timer_backup
  63 003a 5A72     		strb	r2, [r3, #9]
  65:.\Generated_Source\PSoC5/Poll_Timer_PM.c ****         #endif /* Backup the enable state of the Timer component */
  66:.\Generated_Source\PSoC5/Poll_Timer_PM.c ****     #endif /* Backup non retention registers in UDB implementation. All fixed function registers ar
  67:.\Generated_Source\PSoC5/Poll_Timer_PM.c **** }
  64              		.loc 1 67 0
  65 003c 80BD     		pop	{r7, pc}
  66              		.cfi_endproc
  67              	.LFE0:
  68              		.size	Poll_Timer_SaveConfig, .-Poll_Timer_SaveConfig
  69 003e 00BF     		.section	.text.Poll_Timer_RestoreConfig,"ax",%progbits
  70              		.align	2
  71              		.global	Poll_Timer_RestoreConfig
  72              		.thumb
  73              		.thumb_func
  74              		.type	Poll_Timer_RestoreConfig, %function
  75              	Poll_Timer_RestoreConfig:
  76              	.LFB1:
  68:.\Generated_Source\PSoC5/Poll_Timer_PM.c **** 
  69:.\Generated_Source\PSoC5/Poll_Timer_PM.c **** 
  70:.\Generated_Source\PSoC5/Poll_Timer_PM.c **** /*******************************************************************************
  71:.\Generated_Source\PSoC5/Poll_Timer_PM.c **** * Function Name: Poll_Timer_RestoreConfig
  72:.\Generated_Source\PSoC5/Poll_Timer_PM.c **** ********************************************************************************
  73:.\Generated_Source\PSoC5/Poll_Timer_PM.c **** *
  74:.\Generated_Source\PSoC5/Poll_Timer_PM.c **** * Summary:
  75:.\Generated_Source\PSoC5/Poll_Timer_PM.c **** *  Restores the current user configuration.
  76:.\Generated_Source\PSoC5/Poll_Timer_PM.c **** *
  77:.\Generated_Source\PSoC5/Poll_Timer_PM.c **** * Parameters:
  78:.\Generated_Source\PSoC5/Poll_Timer_PM.c **** *  void
  79:.\Generated_Source\PSoC5/Poll_Timer_PM.c **** *
  80:.\Generated_Source\PSoC5/Poll_Timer_PM.c **** * Return:
  81:.\Generated_Source\PSoC5/Poll_Timer_PM.c **** *  void
  82:.\Generated_Source\PSoC5/Poll_Timer_PM.c **** *
  83:.\Generated_Source\PSoC5/Poll_Timer_PM.c **** * Global variables:
  84:.\Generated_Source\PSoC5/Poll_Timer_PM.c **** *  Poll_Timer_backup:  Variables of this global structure are used to
  85:.\Generated_Source\PSoC5/Poll_Timer_PM.c **** *  restore the values of non retention registers on wakeup from sleep mode.
  86:.\Generated_Source\PSoC5/Poll_Timer_PM.c **** *
  87:.\Generated_Source\PSoC5/Poll_Timer_PM.c **** *******************************************************************************/
  88:.\Generated_Source\PSoC5/Poll_Timer_PM.c **** void Poll_Timer_RestoreConfig(void) 
  89:.\Generated_Source\PSoC5/Poll_Timer_PM.c **** {   
  77              		.loc 1 89 0
  78              		.cfi_startproc
  79              		@ args = 0, pretend = 0, frame = 0
  80              		@ frame_needed = 1, uses_anonymous_args = 0
ARM GAS  C:\Users\Colin\AppData\Local\Temp\ccbhcSqM.s 			page 4


  81 0000 80B5     		push	{r7, lr}
  82              	.LCFI2:
  83              		.cfi_def_cfa_offset 8
  84              		.cfi_offset 7, -8
  85              		.cfi_offset 14, -4
  86 0002 00AF     		add	r7, sp, #0
  87              	.LCFI3:
  88              		.cfi_def_cfa_register 7
  90:.\Generated_Source\PSoC5/Poll_Timer_PM.c ****     #if (!Poll_Timer_UsingFixedFunction)
  91:.\Generated_Source\PSoC5/Poll_Timer_PM.c ****         /* Restore the UDB non-rentention registers for CY_UDB_V0 */
  92:.\Generated_Source\PSoC5/Poll_Timer_PM.c ****         #if (CY_UDB_V0)
  93:.\Generated_Source\PSoC5/Poll_Timer_PM.c ****             /* Interrupt State Backup for Critical Region*/
  94:.\Generated_Source\PSoC5/Poll_Timer_PM.c ****             uint8 Poll_Timer_interruptState;
  95:.\Generated_Source\PSoC5/Poll_Timer_PM.c **** 
  96:.\Generated_Source\PSoC5/Poll_Timer_PM.c ****             Poll_Timer_WriteCounter(Poll_Timer_backup.TimerUdb);
  97:.\Generated_Source\PSoC5/Poll_Timer_PM.c ****             Poll_Timer_WritePeriod(Poll_Timer_backup.TimerPeriod);
  98:.\Generated_Source\PSoC5/Poll_Timer_PM.c ****             /* CyEnterCriticalRegion and CyExitCriticalRegion are used to mark following region cri
  99:.\Generated_Source\PSoC5/Poll_Timer_PM.c ****             /* Enter Critical Region*/
 100:.\Generated_Source\PSoC5/Poll_Timer_PM.c ****             Poll_Timer_interruptState = CyEnterCriticalSection();
 101:.\Generated_Source\PSoC5/Poll_Timer_PM.c ****             /* Use the interrupt output of the status register for IRQ output */
 102:.\Generated_Source\PSoC5/Poll_Timer_PM.c ****             Poll_Timer_STATUS_AUX_CTRL |= Poll_Timer_STATUS_ACTL_INT_EN_MASK;
 103:.\Generated_Source\PSoC5/Poll_Timer_PM.c ****             /* Exit Critical Region*/
 104:.\Generated_Source\PSoC5/Poll_Timer_PM.c ****             CyExitCriticalSection(Poll_Timer_interruptState);
 105:.\Generated_Source\PSoC5/Poll_Timer_PM.c ****             Poll_Timer_STATUS_MASK =Poll_Timer_backup.InterruptMaskValue;
 106:.\Generated_Source\PSoC5/Poll_Timer_PM.c ****             #if (Poll_Timer_UsingHWCaptureCounter)
 107:.\Generated_Source\PSoC5/Poll_Timer_PM.c ****                 Poll_Timer_SetCaptureCount(Poll_Timer_backup.TimerCaptureCounter);
 108:.\Generated_Source\PSoC5/Poll_Timer_PM.c ****             #endif /* Restore the UDB non-rentention register capture counter for CY_UDB_V0 */
 109:.\Generated_Source\PSoC5/Poll_Timer_PM.c ****         #endif /* Restore the UDB non-rentention registers for CY_UDB_V0 */
 110:.\Generated_Source\PSoC5/Poll_Timer_PM.c **** 
 111:.\Generated_Source\PSoC5/Poll_Timer_PM.c ****         #if (CY_UDB_V1)
 112:.\Generated_Source\PSoC5/Poll_Timer_PM.c ****             Poll_Timer_WriteCounter(Poll_Timer_backup.TimerUdb);
  89              		.loc 1 112 0
  90 0004 40F20003 		movw	r3, #:lower16:Poll_Timer_backup
  91 0008 C0F20003 		movt	r3, #:upper16:Poll_Timer_backup
  92 000c 5B68     		ldr	r3, [r3, #4]
  93 000e 1846     		mov	r0, r3
  94 0010 FFF7FEFF 		bl	Poll_Timer_WriteCounter
 113:.\Generated_Source\PSoC5/Poll_Timer_PM.c ****             Poll_Timer_STATUS_MASK =Poll_Timer_backup.InterruptMaskValue;
  95              		.loc 1 113 0
  96 0014 46F28753 		movw	r3, #25991
  97 0018 C4F20003 		movt	r3, 16384
  98 001c 40F20002 		movw	r2, #:lower16:Poll_Timer_backup
  99 0020 C0F20002 		movt	r2, #:upper16:Poll_Timer_backup
 100 0024 127A     		ldrb	r2, [r2, #8]	@ zero_extendqisi2
 101 0026 1A70     		strb	r2, [r3, #0]
 114:.\Generated_Source\PSoC5/Poll_Timer_PM.c ****             #if (Poll_Timer_UsingHWCaptureCounter)
 115:.\Generated_Source\PSoC5/Poll_Timer_PM.c ****                 Poll_Timer_SetCaptureCount(Poll_Timer_backup.TimerCaptureCounter);
 116:.\Generated_Source\PSoC5/Poll_Timer_PM.c ****             #endif /* Restore Capture counter register*/
 117:.\Generated_Source\PSoC5/Poll_Timer_PM.c ****         #endif /* Restore up non retention registers, interrupt mask and capture counter for CY_UDB
 118:.\Generated_Source\PSoC5/Poll_Timer_PM.c **** 
 119:.\Generated_Source\PSoC5/Poll_Timer_PM.c ****         #if(!Poll_Timer_ControlRegRemoved)
 120:.\Generated_Source\PSoC5/Poll_Timer_PM.c ****             Poll_Timer_WriteControlRegister(Poll_Timer_backup.TimerControlRegister);
 102              		.loc 1 120 0
 103 0028 40F20003 		movw	r3, #:lower16:Poll_Timer_backup
 104 002c C0F20003 		movt	r3, #:upper16:Poll_Timer_backup
 105 0030 5B7A     		ldrb	r3, [r3, #9]	@ zero_extendqisi2
 106 0032 1846     		mov	r0, r3
ARM GAS  C:\Users\Colin\AppData\Local\Temp\ccbhcSqM.s 			page 5


 107 0034 FFF7FEFF 		bl	Poll_Timer_WriteControlRegister
 121:.\Generated_Source\PSoC5/Poll_Timer_PM.c ****         #endif /* Restore the enable state of the Timer component */
 122:.\Generated_Source\PSoC5/Poll_Timer_PM.c ****     #endif /* Restore non retention registers in the UDB implementation only */
 123:.\Generated_Source\PSoC5/Poll_Timer_PM.c **** }
 108              		.loc 1 123 0
 109 0038 80BD     		pop	{r7, pc}
 110              		.cfi_endproc
 111              	.LFE1:
 112              		.size	Poll_Timer_RestoreConfig, .-Poll_Timer_RestoreConfig
 113 003a 00BF     		.section	.text.Poll_Timer_Sleep,"ax",%progbits
 114              		.align	2
 115              		.global	Poll_Timer_Sleep
 116              		.thumb
 117              		.thumb_func
 118              		.type	Poll_Timer_Sleep, %function
 119              	Poll_Timer_Sleep:
 120              	.LFB2:
 124:.\Generated_Source\PSoC5/Poll_Timer_PM.c **** 
 125:.\Generated_Source\PSoC5/Poll_Timer_PM.c **** 
 126:.\Generated_Source\PSoC5/Poll_Timer_PM.c **** /*******************************************************************************
 127:.\Generated_Source\PSoC5/Poll_Timer_PM.c **** * Function Name: Poll_Timer_Sleep
 128:.\Generated_Source\PSoC5/Poll_Timer_PM.c **** ********************************************************************************
 129:.\Generated_Source\PSoC5/Poll_Timer_PM.c **** *
 130:.\Generated_Source\PSoC5/Poll_Timer_PM.c **** * Summary:
 131:.\Generated_Source\PSoC5/Poll_Timer_PM.c **** *     Stop and Save the user configuration
 132:.\Generated_Source\PSoC5/Poll_Timer_PM.c **** *
 133:.\Generated_Source\PSoC5/Poll_Timer_PM.c **** * Parameters:
 134:.\Generated_Source\PSoC5/Poll_Timer_PM.c **** *  void
 135:.\Generated_Source\PSoC5/Poll_Timer_PM.c **** *
 136:.\Generated_Source\PSoC5/Poll_Timer_PM.c **** * Return:
 137:.\Generated_Source\PSoC5/Poll_Timer_PM.c **** *  void
 138:.\Generated_Source\PSoC5/Poll_Timer_PM.c **** *
 139:.\Generated_Source\PSoC5/Poll_Timer_PM.c **** * Global variables:
 140:.\Generated_Source\PSoC5/Poll_Timer_PM.c **** *  Poll_Timer_backup.TimerEnableState:  Is modified depending on the
 141:.\Generated_Source\PSoC5/Poll_Timer_PM.c **** *  enable state of the block before entering sleep mode.
 142:.\Generated_Source\PSoC5/Poll_Timer_PM.c **** *
 143:.\Generated_Source\PSoC5/Poll_Timer_PM.c **** *******************************************************************************/
 144:.\Generated_Source\PSoC5/Poll_Timer_PM.c **** void Poll_Timer_Sleep(void) 
 145:.\Generated_Source\PSoC5/Poll_Timer_PM.c **** {
 121              		.loc 1 145 0
 122              		.cfi_startproc
 123              		@ args = 0, pretend = 0, frame = 0
 124              		@ frame_needed = 1, uses_anonymous_args = 0
 125 0000 80B5     		push	{r7, lr}
 126              	.LCFI4:
 127              		.cfi_def_cfa_offset 8
 128              		.cfi_offset 7, -8
 129              		.cfi_offset 14, -4
 130 0002 00AF     		add	r7, sp, #0
 131              	.LCFI5:
 132              		.cfi_def_cfa_register 7
 146:.\Generated_Source\PSoC5/Poll_Timer_PM.c ****     #if(!Poll_Timer_ControlRegRemoved)
 147:.\Generated_Source\PSoC5/Poll_Timer_PM.c ****         /* Save Counter's enable state */
 148:.\Generated_Source\PSoC5/Poll_Timer_PM.c ****         if(Poll_Timer_CTRL_ENABLE == (Poll_Timer_CONTROL & Poll_Timer_CTRL_ENABLE))
 133              		.loc 1 148 0
 134 0004 46F27553 		movw	r3, #25973
 135 0008 C4F20003 		movt	r3, 16384
ARM GAS  C:\Users\Colin\AppData\Local\Temp\ccbhcSqM.s 			page 6


 136 000c 1B78     		ldrb	r3, [r3, #0]
 137 000e DBB2     		uxtb	r3, r3
 138 0010 DBB2     		uxtb	r3, r3
 139 0012 5BB2     		sxtb	r3, r3
 140 0014 002B     		cmp	r3, #0
 141 0016 07DA     		bge	.L4
 149:.\Generated_Source\PSoC5/Poll_Timer_PM.c ****         {
 150:.\Generated_Source\PSoC5/Poll_Timer_PM.c ****             /* Timer is enabled */
 151:.\Generated_Source\PSoC5/Poll_Timer_PM.c ****             Poll_Timer_backup.TimerEnableState = 1u;
 142              		.loc 1 151 0
 143 0018 40F20003 		movw	r3, #:lower16:Poll_Timer_backup
 144 001c C0F20003 		movt	r3, #:upper16:Poll_Timer_backup
 145 0020 4FF00102 		mov	r2, #1
 146 0024 1A70     		strb	r2, [r3, #0]
 147 0026 06E0     		b	.L5
 148              	.L4:
 152:.\Generated_Source\PSoC5/Poll_Timer_PM.c ****         }
 153:.\Generated_Source\PSoC5/Poll_Timer_PM.c ****         else
 154:.\Generated_Source\PSoC5/Poll_Timer_PM.c ****         {
 155:.\Generated_Source\PSoC5/Poll_Timer_PM.c ****             /* Timer is disabled */
 156:.\Generated_Source\PSoC5/Poll_Timer_PM.c ****             Poll_Timer_backup.TimerEnableState = 0u;
 149              		.loc 1 156 0
 150 0028 40F20003 		movw	r3, #:lower16:Poll_Timer_backup
 151 002c C0F20003 		movt	r3, #:upper16:Poll_Timer_backup
 152 0030 4FF00002 		mov	r2, #0
 153 0034 1A70     		strb	r2, [r3, #0]
 154              	.L5:
 157:.\Generated_Source\PSoC5/Poll_Timer_PM.c ****         }
 158:.\Generated_Source\PSoC5/Poll_Timer_PM.c ****     #endif /* Back up enable state from the Timer control register */
 159:.\Generated_Source\PSoC5/Poll_Timer_PM.c ****     Poll_Timer_Stop();
 155              		.loc 1 159 0
 156 0036 FFF7FEFF 		bl	Poll_Timer_Stop
 160:.\Generated_Source\PSoC5/Poll_Timer_PM.c ****     Poll_Timer_SaveConfig();
 157              		.loc 1 160 0
 158 003a FFF7FEFF 		bl	Poll_Timer_SaveConfig
 161:.\Generated_Source\PSoC5/Poll_Timer_PM.c **** }
 159              		.loc 1 161 0
 160 003e 80BD     		pop	{r7, pc}
 161              		.cfi_endproc
 162              	.LFE2:
 163              		.size	Poll_Timer_Sleep, .-Poll_Timer_Sleep
 164              		.section	.text.Poll_Timer_Wakeup,"ax",%progbits
 165              		.align	2
 166              		.global	Poll_Timer_Wakeup
 167              		.thumb
 168              		.thumb_func
 169              		.type	Poll_Timer_Wakeup, %function
 170              	Poll_Timer_Wakeup:
 171              	.LFB3:
 162:.\Generated_Source\PSoC5/Poll_Timer_PM.c **** 
 163:.\Generated_Source\PSoC5/Poll_Timer_PM.c **** 
 164:.\Generated_Source\PSoC5/Poll_Timer_PM.c **** /*******************************************************************************
 165:.\Generated_Source\PSoC5/Poll_Timer_PM.c **** * Function Name: Poll_Timer_Wakeup
 166:.\Generated_Source\PSoC5/Poll_Timer_PM.c **** ********************************************************************************
 167:.\Generated_Source\PSoC5/Poll_Timer_PM.c **** *
 168:.\Generated_Source\PSoC5/Poll_Timer_PM.c **** * Summary:
 169:.\Generated_Source\PSoC5/Poll_Timer_PM.c **** *  Restores and enables the user configuration
ARM GAS  C:\Users\Colin\AppData\Local\Temp\ccbhcSqM.s 			page 7


 170:.\Generated_Source\PSoC5/Poll_Timer_PM.c **** *
 171:.\Generated_Source\PSoC5/Poll_Timer_PM.c **** * Parameters:
 172:.\Generated_Source\PSoC5/Poll_Timer_PM.c **** *  void
 173:.\Generated_Source\PSoC5/Poll_Timer_PM.c **** *
 174:.\Generated_Source\PSoC5/Poll_Timer_PM.c **** * Return:
 175:.\Generated_Source\PSoC5/Poll_Timer_PM.c **** *  void
 176:.\Generated_Source\PSoC5/Poll_Timer_PM.c **** *
 177:.\Generated_Source\PSoC5/Poll_Timer_PM.c **** * Global variables:
 178:.\Generated_Source\PSoC5/Poll_Timer_PM.c **** *  Poll_Timer_backup.enableState:  Is used to restore the enable state of
 179:.\Generated_Source\PSoC5/Poll_Timer_PM.c **** *  block on wakeup from sleep mode.
 180:.\Generated_Source\PSoC5/Poll_Timer_PM.c **** *
 181:.\Generated_Source\PSoC5/Poll_Timer_PM.c **** *******************************************************************************/
 182:.\Generated_Source\PSoC5/Poll_Timer_PM.c **** void Poll_Timer_Wakeup(void) 
 183:.\Generated_Source\PSoC5/Poll_Timer_PM.c **** {
 172              		.loc 1 183 0
 173              		.cfi_startproc
 174              		@ args = 0, pretend = 0, frame = 0
 175              		@ frame_needed = 1, uses_anonymous_args = 0
 176 0000 80B5     		push	{r7, lr}
 177              	.LCFI6:
 178              		.cfi_def_cfa_offset 8
 179              		.cfi_offset 7, -8
 180              		.cfi_offset 14, -4
 181 0002 00AF     		add	r7, sp, #0
 182              	.LCFI7:
 183              		.cfi_def_cfa_register 7
 184:.\Generated_Source\PSoC5/Poll_Timer_PM.c ****     Poll_Timer_RestoreConfig();
 184              		.loc 1 184 0
 185 0004 FFF7FEFF 		bl	Poll_Timer_RestoreConfig
 185:.\Generated_Source\PSoC5/Poll_Timer_PM.c ****     #if(!Poll_Timer_ControlRegRemoved)
 186:.\Generated_Source\PSoC5/Poll_Timer_PM.c ****         if(Poll_Timer_backup.TimerEnableState == 1u)
 186              		.loc 1 186 0
 187 0008 40F20003 		movw	r3, #:lower16:Poll_Timer_backup
 188 000c C0F20003 		movt	r3, #:upper16:Poll_Timer_backup
 189 0010 1B78     		ldrb	r3, [r3, #0]	@ zero_extendqisi2
 190 0012 012B     		cmp	r3, #1
 191 0014 01D1     		bne	.L6
 187:.\Generated_Source\PSoC5/Poll_Timer_PM.c ****         {     /* Enable Timer's operation */
 188:.\Generated_Source\PSoC5/Poll_Timer_PM.c ****                 Poll_Timer_Enable();
 192              		.loc 1 188 0
 193 0016 FFF7FEFF 		bl	Poll_Timer_Enable
 194              	.L6:
 189:.\Generated_Source\PSoC5/Poll_Timer_PM.c ****         } /* Do nothing if Timer was disabled before */
 190:.\Generated_Source\PSoC5/Poll_Timer_PM.c ****     #endif /* Remove this code section if Control register is removed */
 191:.\Generated_Source\PSoC5/Poll_Timer_PM.c **** }
 195              		.loc 1 191 0
 196 001a 80BD     		pop	{r7, pc}
 197              		.cfi_endproc
 198              	.LFE3:
 199              		.size	Poll_Timer_Wakeup, .-Poll_Timer_Wakeup
 200              		.text
 201              	.Letext0:
 202              		.file 2 ".\\Generated_Source\\PSoC5\\cytypes.h"
 203              		.file 3 ".\\Generated_Source\\PSoC5\\Poll_Timer.h"
 204              		.section	.debug_info,"",%progbits
 205              	.Ldebug_info0:
 206 0000 63010000 		.4byte	0x163
ARM GAS  C:\Users\Colin\AppData\Local\Temp\ccbhcSqM.s 			page 8


 207 0004 0200     		.2byte	0x2
 208 0006 00000000 		.4byte	.Ldebug_abbrev0
 209 000a 04       		.byte	0x4
 210 000b 01       		.uleb128 0x1
 211 000c 64000000 		.4byte	.LASF25
 212 0010 01       		.byte	0x1
 213 0011 22000000 		.4byte	.LASF26
 214 0015 F7000000 		.4byte	.LASF27
 215 0019 00000000 		.4byte	.Ldebug_ranges0+0
 216 001d 00000000 		.4byte	0
 217 0021 00000000 		.4byte	0
 218 0025 00000000 		.4byte	.Ldebug_line0
 219 0029 02       		.uleb128 0x2
 220 002a 01       		.byte	0x1
 221 002b 06       		.byte	0x6
 222 002c 42020000 		.4byte	.LASF0
 223 0030 02       		.uleb128 0x2
 224 0031 01       		.byte	0x1
 225 0032 08       		.byte	0x8
 226 0033 98010000 		.4byte	.LASF1
 227 0037 02       		.uleb128 0x2
 228 0038 02       		.byte	0x2
 229 0039 05       		.byte	0x5
 230 003a B4010000 		.4byte	.LASF2
 231 003e 02       		.uleb128 0x2
 232 003f 02       		.byte	0x2
 233 0040 07       		.byte	0x7
 234 0041 D7010000 		.4byte	.LASF3
 235 0045 02       		.uleb128 0x2
 236 0046 04       		.byte	0x4
 237 0047 05       		.byte	0x5
 238 0048 AB010000 		.4byte	.LASF4
 239 004c 02       		.uleb128 0x2
 240 004d 04       		.byte	0x4
 241 004e 07       		.byte	0x7
 242 004f B3000000 		.4byte	.LASF5
 243 0053 02       		.uleb128 0x2
 244 0054 08       		.byte	0x8
 245 0055 05       		.byte	0x5
 246 0056 00000000 		.4byte	.LASF6
 247 005a 02       		.uleb128 0x2
 248 005b 08       		.byte	0x8
 249 005c 07       		.byte	0x7
 250 005d C5000000 		.4byte	.LASF7
 251 0061 03       		.uleb128 0x3
 252 0062 04       		.byte	0x4
 253 0063 05       		.byte	0x5
 254 0064 696E7400 		.ascii	"int\000"
 255 0068 02       		.uleb128 0x2
 256 0069 04       		.byte	0x4
 257 006a 07       		.byte	0x7
 258 006b 15000000 		.4byte	.LASF8
 259 006f 04       		.uleb128 0x4
 260 0070 AD000000 		.4byte	.LASF9
 261 0074 02       		.byte	0x2
 262 0075 5B       		.byte	0x5b
 263 0076 30000000 		.4byte	0x30
ARM GAS  C:\Users\Colin\AppData\Local\Temp\ccbhcSqM.s 			page 9


 264 007a 04       		.uleb128 0x4
 265 007b 0E000000 		.4byte	.LASF10
 266 007f 02       		.byte	0x2
 267 0080 5D       		.byte	0x5d
 268 0081 4C000000 		.4byte	0x4c
 269 0085 02       		.uleb128 0x2
 270 0086 04       		.byte	0x4
 271 0087 04       		.byte	0x4
 272 0088 F1000000 		.4byte	.LASF11
 273 008c 02       		.uleb128 0x2
 274 008d 08       		.byte	0x8
 275 008e 04       		.byte	0x4
 276 008f BE010000 		.4byte	.LASF12
 277 0093 02       		.uleb128 0x2
 278 0094 01       		.byte	0x1
 279 0095 08       		.byte	0x8
 280 0096 A6010000 		.4byte	.LASF13
 281 009a 04       		.uleb128 0x4
 282 009b 2A020000 		.4byte	.LASF14
 283 009f 02       		.byte	0x2
 284 00a0 F0       		.byte	0xf0
 285 00a1 A5000000 		.4byte	0xa5
 286 00a5 05       		.uleb128 0x5
 287 00a6 6F000000 		.4byte	0x6f
 288 00aa 02       		.uleb128 0x2
 289 00ab 04       		.byte	0x4
 290 00ac 07       		.byte	0x7
 291 00ad 18020000 		.4byte	.LASF15
 292 00b1 06       		.uleb128 0x6
 293 00b2 0C       		.byte	0xc
 294 00b3 03       		.byte	0x3
 295 00b4 3B       		.byte	0x3b
 296 00b5 F2000000 		.4byte	0xf2
 297 00b9 07       		.uleb128 0x7
 298 00ba 87010000 		.4byte	.LASF16
 299 00be 03       		.byte	0x3
 300 00bf 3D       		.byte	0x3d
 301 00c0 6F000000 		.4byte	0x6f
 302 00c4 02       		.byte	0x2
 303 00c5 23       		.byte	0x23
 304 00c6 00       		.uleb128 0
 305 00c7 07       		.uleb128 0x7
 306 00c8 21020000 		.4byte	.LASF17
 307 00cc 03       		.byte	0x3
 308 00cd 49       		.byte	0x49
 309 00ce 7A000000 		.4byte	0x7a
 310 00d2 02       		.byte	0x2
 311 00d3 23       		.byte	0x23
 312 00d4 04       		.uleb128 0x4
 313 00d5 07       		.uleb128 0x7
 314 00d6 2F020000 		.4byte	.LASF18
 315 00da 03       		.byte	0x3
 316 00db 4A       		.byte	0x4a
 317 00dc 6F000000 		.4byte	0x6f
 318 00e0 02       		.byte	0x2
 319 00e1 23       		.byte	0x23
 320 00e2 08       		.uleb128 0x8
ARM GAS  C:\Users\Colin\AppData\Local\Temp\ccbhcSqM.s 			page 10


 321 00e3 07       		.uleb128 0x7
 322 00e4 DC000000 		.4byte	.LASF19
 323 00e8 03       		.byte	0x3
 324 00e9 51       		.byte	0x51
 325 00ea 6F000000 		.4byte	0x6f
 326 00ee 02       		.byte	0x2
 327 00ef 23       		.byte	0x23
 328 00f0 09       		.uleb128 0x9
 329 00f1 00       		.byte	0
 330 00f2 04       		.uleb128 0x4
 331 00f3 EA010000 		.4byte	.LASF20
 332 00f7 03       		.byte	0x3
 333 00f8 54       		.byte	0x54
 334 00f9 B1000000 		.4byte	0xb1
 335 00fd 08       		.uleb128 0x8
 336 00fe 01       		.byte	0x1
 337 00ff 02020000 		.4byte	.LASF21
 338 0103 01       		.byte	0x1
 339 0104 2A       		.byte	0x2a
 340 0105 01       		.byte	0x1
 341 0106 00000000 		.4byte	.LFB0
 342 010a 3E000000 		.4byte	.LFE0
 343 010e 00000000 		.4byte	.LLST0
 344 0112 01       		.byte	0x1
 345 0113 08       		.uleb128 0x8
 346 0114 01       		.byte	0x1
 347 0115 4B000000 		.4byte	.LASF22
 348 0119 01       		.byte	0x1
 349 011a 58       		.byte	0x58
 350 011b 01       		.byte	0x1
 351 011c 00000000 		.4byte	.LFB1
 352 0120 3A000000 		.4byte	.LFE1
 353 0124 2C000000 		.4byte	.LLST1
 354 0128 01       		.byte	0x1
 355 0129 08       		.uleb128 0x8
 356 012a 01       		.byte	0x1
 357 012b 76010000 		.4byte	.LASF23
 358 012f 01       		.byte	0x1
 359 0130 90       		.byte	0x90
 360 0131 01       		.byte	0x1
 361 0132 00000000 		.4byte	.LFB2
 362 0136 40000000 		.4byte	.LFE2
 363 013a 58000000 		.4byte	.LLST2
 364 013e 01       		.byte	0x1
 365 013f 08       		.uleb128 0x8
 366 0140 01       		.byte	0x1
 367 0141 4E020000 		.4byte	.LASF24
 368 0145 01       		.byte	0x1
 369 0146 B6       		.byte	0xb6
 370 0147 01       		.byte	0x1
 371 0148 00000000 		.4byte	.LFB3
 372 014c 1C000000 		.4byte	.LFE3
 373 0150 84000000 		.4byte	.LLST3
 374 0154 01       		.byte	0x1
 375 0155 09       		.uleb128 0x9
 376 0156 C5010000 		.4byte	.LASF28
 377 015a 01       		.byte	0x1
ARM GAS  C:\Users\Colin\AppData\Local\Temp\ccbhcSqM.s 			page 11


 378 015b 14       		.byte	0x14
 379 015c F2000000 		.4byte	0xf2
 380 0160 05       		.byte	0x5
 381 0161 03       		.byte	0x3
 382 0162 00000000 		.4byte	Poll_Timer_backup
 383 0166 00       		.byte	0
 384              		.section	.debug_abbrev,"",%progbits
 385              	.Ldebug_abbrev0:
 386 0000 01       		.uleb128 0x1
 387 0001 11       		.uleb128 0x11
 388 0002 01       		.byte	0x1
 389 0003 25       		.uleb128 0x25
 390 0004 0E       		.uleb128 0xe
 391 0005 13       		.uleb128 0x13
 392 0006 0B       		.uleb128 0xb
 393 0007 03       		.uleb128 0x3
 394 0008 0E       		.uleb128 0xe
 395 0009 1B       		.uleb128 0x1b
 396 000a 0E       		.uleb128 0xe
 397 000b 55       		.uleb128 0x55
 398 000c 06       		.uleb128 0x6
 399 000d 11       		.uleb128 0x11
 400 000e 01       		.uleb128 0x1
 401 000f 52       		.uleb128 0x52
 402 0010 01       		.uleb128 0x1
 403 0011 10       		.uleb128 0x10
 404 0012 06       		.uleb128 0x6
 405 0013 00       		.byte	0
 406 0014 00       		.byte	0
 407 0015 02       		.uleb128 0x2
 408 0016 24       		.uleb128 0x24
 409 0017 00       		.byte	0
 410 0018 0B       		.uleb128 0xb
 411 0019 0B       		.uleb128 0xb
 412 001a 3E       		.uleb128 0x3e
 413 001b 0B       		.uleb128 0xb
 414 001c 03       		.uleb128 0x3
 415 001d 0E       		.uleb128 0xe
 416 001e 00       		.byte	0
 417 001f 00       		.byte	0
 418 0020 03       		.uleb128 0x3
 419 0021 24       		.uleb128 0x24
 420 0022 00       		.byte	0
 421 0023 0B       		.uleb128 0xb
 422 0024 0B       		.uleb128 0xb
 423 0025 3E       		.uleb128 0x3e
 424 0026 0B       		.uleb128 0xb
 425 0027 03       		.uleb128 0x3
 426 0028 08       		.uleb128 0x8
 427 0029 00       		.byte	0
 428 002a 00       		.byte	0
 429 002b 04       		.uleb128 0x4
 430 002c 16       		.uleb128 0x16
 431 002d 00       		.byte	0
 432 002e 03       		.uleb128 0x3
 433 002f 0E       		.uleb128 0xe
 434 0030 3A       		.uleb128 0x3a
ARM GAS  C:\Users\Colin\AppData\Local\Temp\ccbhcSqM.s 			page 12


 435 0031 0B       		.uleb128 0xb
 436 0032 3B       		.uleb128 0x3b
 437 0033 0B       		.uleb128 0xb
 438 0034 49       		.uleb128 0x49
 439 0035 13       		.uleb128 0x13
 440 0036 00       		.byte	0
 441 0037 00       		.byte	0
 442 0038 05       		.uleb128 0x5
 443 0039 35       		.uleb128 0x35
 444 003a 00       		.byte	0
 445 003b 49       		.uleb128 0x49
 446 003c 13       		.uleb128 0x13
 447 003d 00       		.byte	0
 448 003e 00       		.byte	0
 449 003f 06       		.uleb128 0x6
 450 0040 13       		.uleb128 0x13
 451 0041 01       		.byte	0x1
 452 0042 0B       		.uleb128 0xb
 453 0043 0B       		.uleb128 0xb
 454 0044 3A       		.uleb128 0x3a
 455 0045 0B       		.uleb128 0xb
 456 0046 3B       		.uleb128 0x3b
 457 0047 0B       		.uleb128 0xb
 458 0048 01       		.uleb128 0x1
 459 0049 13       		.uleb128 0x13
 460 004a 00       		.byte	0
 461 004b 00       		.byte	0
 462 004c 07       		.uleb128 0x7
 463 004d 0D       		.uleb128 0xd
 464 004e 00       		.byte	0
 465 004f 03       		.uleb128 0x3
 466 0050 0E       		.uleb128 0xe
 467 0051 3A       		.uleb128 0x3a
 468 0052 0B       		.uleb128 0xb
 469 0053 3B       		.uleb128 0x3b
 470 0054 0B       		.uleb128 0xb
 471 0055 49       		.uleb128 0x49
 472 0056 13       		.uleb128 0x13
 473 0057 38       		.uleb128 0x38
 474 0058 0A       		.uleb128 0xa
 475 0059 00       		.byte	0
 476 005a 00       		.byte	0
 477 005b 08       		.uleb128 0x8
 478 005c 2E       		.uleb128 0x2e
 479 005d 00       		.byte	0
 480 005e 3F       		.uleb128 0x3f
 481 005f 0C       		.uleb128 0xc
 482 0060 03       		.uleb128 0x3
 483 0061 0E       		.uleb128 0xe
 484 0062 3A       		.uleb128 0x3a
 485 0063 0B       		.uleb128 0xb
 486 0064 3B       		.uleb128 0x3b
 487 0065 0B       		.uleb128 0xb
 488 0066 27       		.uleb128 0x27
 489 0067 0C       		.uleb128 0xc
 490 0068 11       		.uleb128 0x11
 491 0069 01       		.uleb128 0x1
ARM GAS  C:\Users\Colin\AppData\Local\Temp\ccbhcSqM.s 			page 13


 492 006a 12       		.uleb128 0x12
 493 006b 01       		.uleb128 0x1
 494 006c 40       		.uleb128 0x40
 495 006d 06       		.uleb128 0x6
 496 006e 9642     		.uleb128 0x2116
 497 0070 0C       		.uleb128 0xc
 498 0071 00       		.byte	0
 499 0072 00       		.byte	0
 500 0073 09       		.uleb128 0x9
 501 0074 34       		.uleb128 0x34
 502 0075 00       		.byte	0
 503 0076 03       		.uleb128 0x3
 504 0077 0E       		.uleb128 0xe
 505 0078 3A       		.uleb128 0x3a
 506 0079 0B       		.uleb128 0xb
 507 007a 3B       		.uleb128 0x3b
 508 007b 0B       		.uleb128 0xb
 509 007c 49       		.uleb128 0x49
 510 007d 13       		.uleb128 0x13
 511 007e 02       		.uleb128 0x2
 512 007f 0A       		.uleb128 0xa
 513 0080 00       		.byte	0
 514 0081 00       		.byte	0
 515 0082 00       		.byte	0
 516              		.section	.debug_loc,"",%progbits
 517              	.Ldebug_loc0:
 518              	.LLST0:
 519 0000 00000000 		.4byte	.LFB0
 520 0004 02000000 		.4byte	.LCFI0
 521 0008 0200     		.2byte	0x2
 522 000a 7D       		.byte	0x7d
 523 000b 00       		.sleb128 0
 524 000c 02000000 		.4byte	.LCFI0
 525 0010 04000000 		.4byte	.LCFI1
 526 0014 0200     		.2byte	0x2
 527 0016 7D       		.byte	0x7d
 528 0017 08       		.sleb128 8
 529 0018 04000000 		.4byte	.LCFI1
 530 001c 3E000000 		.4byte	.LFE0
 531 0020 0200     		.2byte	0x2
 532 0022 77       		.byte	0x77
 533 0023 08       		.sleb128 8
 534 0024 00000000 		.4byte	0
 535 0028 00000000 		.4byte	0
 536              	.LLST1:
 537 002c 00000000 		.4byte	.LFB1
 538 0030 02000000 		.4byte	.LCFI2
 539 0034 0200     		.2byte	0x2
 540 0036 7D       		.byte	0x7d
 541 0037 00       		.sleb128 0
 542 0038 02000000 		.4byte	.LCFI2
 543 003c 04000000 		.4byte	.LCFI3
 544 0040 0200     		.2byte	0x2
 545 0042 7D       		.byte	0x7d
 546 0043 08       		.sleb128 8
 547 0044 04000000 		.4byte	.LCFI3
 548 0048 3A000000 		.4byte	.LFE1
ARM GAS  C:\Users\Colin\AppData\Local\Temp\ccbhcSqM.s 			page 14


 549 004c 0200     		.2byte	0x2
 550 004e 77       		.byte	0x77
 551 004f 08       		.sleb128 8
 552 0050 00000000 		.4byte	0
 553 0054 00000000 		.4byte	0
 554              	.LLST2:
 555 0058 00000000 		.4byte	.LFB2
 556 005c 02000000 		.4byte	.LCFI4
 557 0060 0200     		.2byte	0x2
 558 0062 7D       		.byte	0x7d
 559 0063 00       		.sleb128 0
 560 0064 02000000 		.4byte	.LCFI4
 561 0068 04000000 		.4byte	.LCFI5
 562 006c 0200     		.2byte	0x2
 563 006e 7D       		.byte	0x7d
 564 006f 08       		.sleb128 8
 565 0070 04000000 		.4byte	.LCFI5
 566 0074 40000000 		.4byte	.LFE2
 567 0078 0200     		.2byte	0x2
 568 007a 77       		.byte	0x77
 569 007b 08       		.sleb128 8
 570 007c 00000000 		.4byte	0
 571 0080 00000000 		.4byte	0
 572              	.LLST3:
 573 0084 00000000 		.4byte	.LFB3
 574 0088 02000000 		.4byte	.LCFI6
 575 008c 0200     		.2byte	0x2
 576 008e 7D       		.byte	0x7d
 577 008f 00       		.sleb128 0
 578 0090 02000000 		.4byte	.LCFI6
 579 0094 04000000 		.4byte	.LCFI7
 580 0098 0200     		.2byte	0x2
 581 009a 7D       		.byte	0x7d
 582 009b 08       		.sleb128 8
 583 009c 04000000 		.4byte	.LCFI7
 584 00a0 1C000000 		.4byte	.LFE3
 585 00a4 0200     		.2byte	0x2
 586 00a6 77       		.byte	0x77
 587 00a7 08       		.sleb128 8
 588 00a8 00000000 		.4byte	0
 589 00ac 00000000 		.4byte	0
 590              		.section	.debug_aranges,"",%progbits
 591 0000 34000000 		.4byte	0x34
 592 0004 0200     		.2byte	0x2
 593 0006 00000000 		.4byte	.Ldebug_info0
 594 000a 04       		.byte	0x4
 595 000b 00       		.byte	0
 596 000c 0000     		.2byte	0
 597 000e 0000     		.2byte	0
 598 0010 00000000 		.4byte	.LFB0
 599 0014 3E000000 		.4byte	.LFE0-.LFB0
 600 0018 00000000 		.4byte	.LFB1
 601 001c 3A000000 		.4byte	.LFE1-.LFB1
 602 0020 00000000 		.4byte	.LFB2
 603 0024 40000000 		.4byte	.LFE2-.LFB2
 604 0028 00000000 		.4byte	.LFB3
 605 002c 1C000000 		.4byte	.LFE3-.LFB3
ARM GAS  C:\Users\Colin\AppData\Local\Temp\ccbhcSqM.s 			page 15


 606 0030 00000000 		.4byte	0
 607 0034 00000000 		.4byte	0
 608              		.section	.debug_ranges,"",%progbits
 609              	.Ldebug_ranges0:
 610 0000 00000000 		.4byte	.LFB0
 611 0004 3E000000 		.4byte	.LFE0
 612 0008 00000000 		.4byte	.LFB1
 613 000c 3A000000 		.4byte	.LFE1
 614 0010 00000000 		.4byte	.LFB2
 615 0014 40000000 		.4byte	.LFE2
 616 0018 00000000 		.4byte	.LFB3
 617 001c 1C000000 		.4byte	.LFE3
 618 0020 00000000 		.4byte	0
 619 0024 00000000 		.4byte	0
 620              		.section	.debug_line,"",%progbits
 621              	.Ldebug_line0:
 622 0000 B7000000 		.section	.debug_str,"MS",%progbits,1
 622      02005C00 
 622      00000201 
 622      FB0E0D00 
 622      01010101 
 623              	.LASF6:
 624 0000 6C6F6E67 		.ascii	"long long int\000"
 624      206C6F6E 
 624      6720696E 
 624      7400
 625              	.LASF10:
 626 000e 75696E74 		.ascii	"uint32\000"
 626      333200
 627              	.LASF8:
 628 0015 756E7369 		.ascii	"unsigned int\000"
 628      676E6564 
 628      20696E74 
 628      00
 629              	.LASF26:
 630 0022 2E5C4765 		.ascii	".\\Generated_Source\\PSoC5\\Poll_Timer_PM.c\000"
 630      6E657261 
 630      7465645F 
 630      536F7572 
 630      63655C50 
 631              	.LASF22:
 632 004b 506F6C6C 		.ascii	"Poll_Timer_RestoreConfig\000"
 632      5F54696D 
 632      65725F52 
 632      6573746F 
 632      7265436F 
 633              	.LASF25:
 634 0064 474E5520 		.ascii	"GNU C 4.7.3 20130312 (release) [ARM/embedded-4_7-br"
 634      4320342E 
 634      372E3320 
 634      32303133 
 634      30333132 
 635 0097 616E6368 		.ascii	"anch revision 196615]\000"
 635      20726576 
 635      6973696F 
 635      6E203139 
 635      36363135 
ARM GAS  C:\Users\Colin\AppData\Local\Temp\ccbhcSqM.s 			page 16


 636              	.LASF9:
 637 00ad 75696E74 		.ascii	"uint8\000"
 637      3800
 638              	.LASF5:
 639 00b3 6C6F6E67 		.ascii	"long unsigned int\000"
 639      20756E73 
 639      69676E65 
 639      6420696E 
 639      7400
 640              	.LASF7:
 641 00c5 6C6F6E67 		.ascii	"long long unsigned int\000"
 641      206C6F6E 
 641      6720756E 
 641      7369676E 
 641      65642069 
 642              	.LASF19:
 643 00dc 54696D65 		.ascii	"TimerControlRegister\000"
 643      72436F6E 
 643      74726F6C 
 643      52656769 
 643      73746572 
 644              	.LASF11:
 645 00f1 666C6F61 		.ascii	"float\000"
 645      7400
 646              	.LASF27:
 647 00f7 433A5C55 		.ascii	"C:\\Users\\Colin\\Dropbox\\Grad School\\Spring 2014"
 647      73657273 
 647      5C436F6C 
 647      696E5C44 
 647      726F7062 
 648 0125 5C4D4520 		.ascii	"\\ME 235\\Code\\USB_UART01\\Final_PSoC_Code\\USB_UA"
 648      3233355C 
 648      436F6465 
 648      5C555342 
 648      5F554152 
 649 0153 52543031 		.ascii	"RT01-000.Bundle01\\USB_UART01.cydsn\000"
 649      2D303030 
 649      2E42756E 
 649      646C6530 
 649      315C5553 
 650              	.LASF23:
 651 0176 506F6C6C 		.ascii	"Poll_Timer_Sleep\000"
 651      5F54696D 
 651      65725F53 
 651      6C656570 
 651      00
 652              	.LASF16:
 653 0187 54696D65 		.ascii	"TimerEnableState\000"
 653      72456E61 
 653      626C6553 
 653      74617465 
 653      00
 654              	.LASF1:
 655 0198 756E7369 		.ascii	"unsigned char\000"
 655      676E6564 
 655      20636861 
 655      7200
ARM GAS  C:\Users\Colin\AppData\Local\Temp\ccbhcSqM.s 			page 17


 656              	.LASF13:
 657 01a6 63686172 		.ascii	"char\000"
 657      00
 658              	.LASF4:
 659 01ab 6C6F6E67 		.ascii	"long int\000"
 659      20696E74 
 659      00
 660              	.LASF2:
 661 01b4 73686F72 		.ascii	"short int\000"
 661      7420696E 
 661      7400
 662              	.LASF12:
 663 01be 646F7562 		.ascii	"double\000"
 663      6C6500
 664              	.LASF28:
 665 01c5 506F6C6C 		.ascii	"Poll_Timer_backup\000"
 665      5F54696D 
 665      65725F62 
 665      61636B75 
 665      7000
 666              	.LASF3:
 667 01d7 73686F72 		.ascii	"short unsigned int\000"
 667      7420756E 
 667      7369676E 
 667      65642069 
 667      6E7400
 668              	.LASF20:
 669 01ea 506F6C6C 		.ascii	"Poll_Timer_backupStruct\000"
 669      5F54696D 
 669      65725F62 
 669      61636B75 
 669      70537472 
 670              	.LASF21:
 671 0202 506F6C6C 		.ascii	"Poll_Timer_SaveConfig\000"
 671      5F54696D 
 671      65725F53 
 671      61766543 
 671      6F6E6669 
 672              	.LASF15:
 673 0218 73697A65 		.ascii	"sizetype\000"
 673      74797065 
 673      00
 674              	.LASF17:
 675 0221 54696D65 		.ascii	"TimerUdb\000"
 675      72556462 
 675      00
 676              	.LASF14:
 677 022a 72656738 		.ascii	"reg8\000"
 677      00
 678              	.LASF18:
 679 022f 496E7465 		.ascii	"InterruptMaskValue\000"
 679      72727570 
 679      744D6173 
 679      6B56616C 
 679      756500
 680              	.LASF0:
 681 0242 7369676E 		.ascii	"signed char\000"
ARM GAS  C:\Users\Colin\AppData\Local\Temp\ccbhcSqM.s 			page 18


 681      65642063 
 681      68617200 
 682              	.LASF24:
 683 024e 506F6C6C 		.ascii	"Poll_Timer_Wakeup\000"
 683      5F54696D 
 683      65725F57 
 683      616B6575 
 683      7000
 684              		.ident	"GCC: (GNU Tools for ARM Embedded Processors) 4.7.3 20130312 (release) [ARM/embedded-4_7-br
