ARM GAS  C:\Users\Colin\AppData\Local\Temp\cc7s6RAt.s 			page 1


   1              		.syntax unified
   2              		.cpu cortex-m3
   3              		.fpu softvfp
   4              		.eabi_attribute 20, 1
   5              		.eabi_attribute 21, 1
   6              		.eabi_attribute 23, 3
   7              		.eabi_attribute 24, 1
   8              		.eabi_attribute 25, 1
   9              		.eabi_attribute 26, 1
  10              		.eabi_attribute 30, 6
  11              		.eabi_attribute 34, 1
  12              		.eabi_attribute 18, 4
  13              		.thumb
  14              		.file	"USBUART_1_descr.c"
  15              		.text
  16              	.Ltext0:
  17              		.cfi_sections	.debug_frame
  18              		.global	USBUART_1_DEVICE0_DESCR
  19              		.section	.rodata
  20              		.align	2
  21              		.type	USBUART_1_DEVICE0_DESCR, %object
  22              		.size	USBUART_1_DEVICE0_DESCR, 18
  23              	USBUART_1_DEVICE0_DESCR:
  24 0000 12       		.byte	18
  25 0001 01       		.byte	1
  26 0002 00       		.byte	0
  27 0003 02       		.byte	2
  28 0004 02       		.byte	2
  29 0005 00       		.byte	0
  30 0006 00       		.byte	0
  31 0007 08       		.byte	8
  32 0008 B4       		.byte	-76
  33 0009 04       		.byte	4
  34 000a 32       		.byte	50
  35 000b F2       		.byte	-14
  36 000c 01       		.byte	1
  37 000d 00       		.byte	0
  38 000e 01       		.byte	1
  39 000f 04       		.byte	4
  40 0010 80       		.byte	-128
  41 0011 01       		.byte	1
  42              		.global	USBUART_1_DEVICE0_CONFIGURATION0_DESCR
  43 0012 0000     		.align	2
  44              		.type	USBUART_1_DEVICE0_CONFIGURATION0_DESCR, %object
  45              		.size	USBUART_1_DEVICE0_CONFIGURATION0_DESCR, 67
  46              	USBUART_1_DEVICE0_CONFIGURATION0_DESCR:
  47 0014 09       		.byte	9
  48 0015 02       		.byte	2
  49 0016 43       		.byte	67
  50 0017 00       		.byte	0
  51 0018 02       		.byte	2
  52 0019 01       		.byte	1
  53 001a 01       		.byte	1
  54 001b C0       		.byte	-64
  55 001c 32       		.byte	50
  56 001d 09       		.byte	9
  57 001e 04       		.byte	4
ARM GAS  C:\Users\Colin\AppData\Local\Temp\cc7s6RAt.s 			page 2


  58 001f 00       		.byte	0
  59 0020 00       		.byte	0
  60 0021 01       		.byte	1
  61 0022 02       		.byte	2
  62 0023 02       		.byte	2
  63 0024 00       		.byte	0
  64 0025 02       		.byte	2
  65 0026 05       		.byte	5
  66 0027 24       		.byte	36
  67 0028 00       		.byte	0
  68 0029 10       		.byte	16
  69 002a 01       		.byte	1
  70 002b 04       		.byte	4
  71 002c 24       		.byte	36
  72 002d 02       		.byte	2
  73 002e 02       		.byte	2
  74 002f 05       		.byte	5
  75 0030 24       		.byte	36
  76 0031 06       		.byte	6
  77 0032 00       		.byte	0
  78 0033 01       		.byte	1
  79 0034 05       		.byte	5
  80 0035 24       		.byte	36
  81 0036 01       		.byte	1
  82 0037 00       		.byte	0
  83 0038 01       		.byte	1
  84 0039 07       		.byte	7
  85 003a 05       		.byte	5
  86 003b 81       		.byte	-127
  87 003c 03       		.byte	3
  88 003d 08       		.byte	8
  89 003e 00       		.byte	0
  90 003f 0A       		.byte	10
  91 0040 09       		.byte	9
  92 0041 04       		.byte	4
  93 0042 01       		.byte	1
  94 0043 00       		.byte	0
  95 0044 02       		.byte	2
  96 0045 0A       		.byte	10
  97 0046 00       		.byte	0
  98 0047 00       		.byte	0
  99 0048 03       		.byte	3
 100 0049 07       		.byte	7
 101 004a 05       		.byte	5
 102 004b 82       		.byte	-126
 103 004c 02       		.byte	2
 104 004d 40       		.byte	64
 105 004e 00       		.byte	0
 106 004f 0A       		.byte	10
 107 0050 07       		.byte	7
 108 0051 05       		.byte	5
 109 0052 03       		.byte	3
 110 0053 02       		.byte	2
 111 0054 40       		.byte	64
 112 0055 00       		.byte	0
 113 0056 0A       		.byte	10
 114              		.global	USBUART_1_STRING_DESCRIPTORS
ARM GAS  C:\Users\Colin\AppData\Local\Temp\cc7s6RAt.s 			page 3


 115 0057 00       		.align	2
 116              		.type	USBUART_1_STRING_DESCRIPTORS, %object
 117              		.size	USBUART_1_STRING_DESCRIPTORS, 159
 118              	USBUART_1_STRING_DESCRIPTORS:
 119 0058 04       		.byte	4
 120 0059 03       		.byte	3
 121 005a 09       		.byte	9
 122 005b 04       		.byte	4
 123 005c 2C       		.byte	44
 124 005d 03       		.byte	3
 125 005e 43       		.byte	67
 126 005f 00       		.byte	0
 127 0060 79       		.byte	121
 128 0061 00       		.byte	0
 129 0062 70       		.byte	112
 130 0063 00       		.byte	0
 131 0064 72       		.byte	114
 132 0065 00       		.byte	0
 133 0066 65       		.byte	101
 134 0067 00       		.byte	0
 135 0068 73       		.byte	115
 136 0069 00       		.byte	0
 137 006a 73       		.byte	115
 138 006b 00       		.byte	0
 139 006c 20       		.byte	32
 140 006d 00       		.byte	0
 141 006e 53       		.byte	83
 142 006f 00       		.byte	0
 143 0070 65       		.byte	101
 144 0071 00       		.byte	0
 145 0072 6D       		.byte	109
 146 0073 00       		.byte	0
 147 0074 69       		.byte	105
 148 0075 00       		.byte	0
 149 0076 63       		.byte	99
 150 0077 00       		.byte	0
 151 0078 6F       		.byte	111
 152 0079 00       		.byte	0
 153 007a 6E       		.byte	110
 154 007b 00       		.byte	0
 155 007c 64       		.byte	100
 156 007d 00       		.byte	0
 157 007e 75       		.byte	117
 158 007f 00       		.byte	0
 159 0080 63       		.byte	99
 160 0081 00       		.byte	0
 161 0082 74       		.byte	116
 162 0083 00       		.byte	0
 163 0084 6F       		.byte	111
 164 0085 00       		.byte	0
 165 0086 72       		.byte	114
 166 0087 00       		.byte	0
 167 0088 38       		.byte	56
 168 0089 03       		.byte	3
 169 008a 43       		.byte	67
 170 008b 00       		.byte	0
 171 008c 44       		.byte	68
ARM GAS  C:\Users\Colin\AppData\Local\Temp\cc7s6RAt.s 			page 4


 172 008d 00       		.byte	0
 173 008e 43       		.byte	67
 174 008f 00       		.byte	0
 175 0090 20       		.byte	32
 176 0091 00       		.byte	0
 177 0092 43       		.byte	67
 178 0093 00       		.byte	0
 179 0094 6F       		.byte	111
 180 0095 00       		.byte	0
 181 0096 6D       		.byte	109
 182 0097 00       		.byte	0
 183 0098 6D       		.byte	109
 184 0099 00       		.byte	0
 185 009a 75       		.byte	117
 186 009b 00       		.byte	0
 187 009c 6E       		.byte	110
 188 009d 00       		.byte	0
 189 009e 69       		.byte	105
 190 009f 00       		.byte	0
 191 00a0 63       		.byte	99
 192 00a1 00       		.byte	0
 193 00a2 61       		.byte	97
 194 00a3 00       		.byte	0
 195 00a4 74       		.byte	116
 196 00a5 00       		.byte	0
 197 00a6 69       		.byte	105
 198 00a7 00       		.byte	0
 199 00a8 6F       		.byte	111
 200 00a9 00       		.byte	0
 201 00aa 6E       		.byte	110
 202 00ab 00       		.byte	0
 203 00ac 20       		.byte	32
 204 00ad 00       		.byte	0
 205 00ae 49       		.byte	73
 206 00af 00       		.byte	0
 207 00b0 6E       		.byte	110
 208 00b1 00       		.byte	0
 209 00b2 74       		.byte	116
 210 00b3 00       		.byte	0
 211 00b4 65       		.byte	101
 212 00b5 00       		.byte	0
 213 00b6 72       		.byte	114
 214 00b7 00       		.byte	0
 215 00b8 66       		.byte	102
 216 00b9 00       		.byte	0
 217 00ba 61       		.byte	97
 218 00bb 00       		.byte	0
 219 00bc 63       		.byte	99
 220 00bd 00       		.byte	0
 221 00be 65       		.byte	101
 222 00bf 00       		.byte	0
 223 00c0 26       		.byte	38
 224 00c1 03       		.byte	3
 225 00c2 43       		.byte	67
 226 00c3 00       		.byte	0
 227 00c4 44       		.byte	68
 228 00c5 00       		.byte	0
ARM GAS  C:\Users\Colin\AppData\Local\Temp\cc7s6RAt.s 			page 5


 229 00c6 43       		.byte	67
 230 00c7 00       		.byte	0
 231 00c8 20       		.byte	32
 232 00c9 00       		.byte	0
 233 00ca 44       		.byte	68
 234 00cb 00       		.byte	0
 235 00cc 61       		.byte	97
 236 00cd 00       		.byte	0
 237 00ce 74       		.byte	116
 238 00cf 00       		.byte	0
 239 00d0 61       		.byte	97
 240 00d1 00       		.byte	0
 241 00d2 20       		.byte	32
 242 00d3 00       		.byte	0
 243 00d4 49       		.byte	73
 244 00d5 00       		.byte	0
 245 00d6 6E       		.byte	110
 246 00d7 00       		.byte	0
 247 00d8 74       		.byte	116
 248 00d9 00       		.byte	0
 249 00da 65       		.byte	101
 250 00db 00       		.byte	0
 251 00dc 72       		.byte	114
 252 00dd 00       		.byte	0
 253 00de 66       		.byte	102
 254 00df 00       		.byte	0
 255 00e0 61       		.byte	97
 256 00e1 00       		.byte	0
 257 00e2 63       		.byte	99
 258 00e3 00       		.byte	0
 259 00e4 65       		.byte	101
 260 00e5 00       		.byte	0
 261 00e6 10       		.byte	16
 262 00e7 03       		.byte	3
 263 00e8 55       		.byte	85
 264 00e9 00       		.byte	0
 265 00ea 53       		.byte	83
 266 00eb 00       		.byte	0
 267 00ec 42       		.byte	66
 268 00ed 00       		.byte	0
 269 00ee 55       		.byte	85
 270 00ef 00       		.byte	0
 271 00f0 41       		.byte	65
 272 00f1 00       		.byte	0
 273 00f2 52       		.byte	82
 274 00f3 00       		.byte	0
 275 00f4 54       		.byte	84
 276 00f5 00       		.byte	0
 277 00f6 00       		.byte	0
 278              		.global	USBUART_1_SN_STRING_DESCRIPTOR
 279 00f7 00       		.align	2
 280              		.type	USBUART_1_SN_STRING_DESCRIPTOR, %object
 281              		.size	USBUART_1_SN_STRING_DESCRIPTOR, 2
 282              	USBUART_1_SN_STRING_DESCRIPTOR:
 283 00f8 02       		.byte	2
 284 00f9 03       		.byte	3
 285              		.global	USBUART_1_HIDREPORT_DESCRIPTOR1
ARM GAS  C:\Users\Colin\AppData\Local\Temp\cc7s6RAt.s 			page 6


 286 00fa 0000     		.align	2
 287              		.type	USBUART_1_HIDREPORT_DESCRIPTOR1, %object
 288              		.size	USBUART_1_HIDREPORT_DESCRIPTOR1, 54
 289              	USBUART_1_HIDREPORT_DESCRIPTOR1:
 290 00fc 32       		.byte	50
 291 00fd 00       		.byte	0
 292 00fe 05       		.byte	5
 293 00ff 01       		.byte	1
 294 0100 09       		.byte	9
 295 0101 02       		.byte	2
 296 0102 A1       		.byte	-95
 297 0103 01       		.byte	1
 298 0104 09       		.byte	9
 299 0105 01       		.byte	1
 300 0106 A1       		.byte	-95
 301 0107 00       		.byte	0
 302 0108 05       		.byte	5
 303 0109 09       		.byte	9
 304 010a 19       		.byte	25
 305 010b 01       		.byte	1
 306 010c 29       		.byte	41
 307 010d 03       		.byte	3
 308 010e 15       		.byte	21
 309 010f 00       		.byte	0
 310 0110 25       		.byte	37
 311 0111 01       		.byte	1
 312 0112 95       		.byte	-107
 313 0113 03       		.byte	3
 314 0114 75       		.byte	117
 315 0115 01       		.byte	1
 316 0116 81       		.byte	-127
 317 0117 02       		.byte	2
 318 0118 95       		.byte	-107
 319 0119 01       		.byte	1
 320 011a 75       		.byte	117
 321 011b 05       		.byte	5
 322 011c 81       		.byte	-127
 323 011d 01       		.byte	1
 324 011e 05       		.byte	5
 325 011f 01       		.byte	1
 326 0120 09       		.byte	9
 327 0121 30       		.byte	48
 328 0122 09       		.byte	9
 329 0123 31       		.byte	49
 330 0124 15       		.byte	21
 331 0125 81       		.byte	-127
 332 0126 25       		.byte	37
 333 0127 7F       		.byte	127
 334 0128 75       		.byte	117
 335 0129 08       		.byte	8
 336 012a 95       		.byte	-107
 337 012b 02       		.byte	2
 338 012c 81       		.byte	-127
 339 012d 06       		.byte	6
 340 012e C0       		.byte	-64
 341 012f C0       		.byte	-64
 342 0130 00       		.byte	0
ARM GAS  C:\Users\Colin\AppData\Local\Temp\cc7s6RAt.s 			page 7


 343 0131 00       		.byte	0
 344              		.global	USBUART_1_DEVICE0_CONFIGURATION0_EP_SETTINGS_TABLE
 345 0132 0000     		.align	2
 346              		.type	USBUART_1_DEVICE0_CONFIGURATION0_EP_SETTINGS_TABLE, %object
 347              		.size	USBUART_1_DEVICE0_CONFIGURATION0_EP_SETTINGS_TABLE, 24
 348              	USBUART_1_DEVICE0_CONFIGURATION0_EP_SETTINGS_TABLE:
 349 0134 00       		.byte	0
 350 0135 00       		.byte	0
 351 0136 81       		.byte	-127
 352 0137 03       		.byte	3
 353 0138 0800     		.short	8
 354 013a 02       		.byte	2
 355 013b 00       		.space	1
 356 013c 01       		.byte	1
 357 013d 00       		.byte	0
 358 013e 82       		.byte	-126
 359 013f 02       		.byte	2
 360 0140 4000     		.short	64
 361 0142 0A       		.byte	10
 362 0143 00       		.space	1
 363 0144 01       		.byte	1
 364 0145 00       		.byte	0
 365 0146 03       		.byte	3
 366 0147 02       		.byte	2
 367 0148 4000     		.short	64
 368 014a 0A       		.byte	10
 369 014b 00       		.space	1
 370              		.global	USBUART_1_DEVICE0_CONFIGURATION0_INTERFACE_CLASS
 371              		.align	2
 372              		.type	USBUART_1_DEVICE0_CONFIGURATION0_INTERFACE_CLASS, %object
 373              		.size	USBUART_1_DEVICE0_CONFIGURATION0_INTERFACE_CLASS, 2
 374              	USBUART_1_DEVICE0_CONFIGURATION0_INTERFACE_CLASS:
 375 014c 02       		.byte	2
 376 014d 0A       		.byte	10
 377              		.global	USBUART_1_DEVICE0_CONFIGURATION0_TABLE
 378 014e 0000     		.align	2
 379              		.type	USBUART_1_DEVICE0_CONFIGURATION0_TABLE, %object
 380              		.size	USBUART_1_DEVICE0_CONFIGURATION0_TABLE, 40
 381              	USBUART_1_DEVICE0_CONFIGURATION0_TABLE:
 382 0150 01       		.byte	1
 383 0151 000000   		.space	3
 384 0154 00000000 		.word	USBUART_1_DEVICE0_CONFIGURATION0_DESCR
 385 0158 03       		.byte	3
 386 0159 000000   		.space	3
 387 015c 00000000 		.word	USBUART_1_DEVICE0_CONFIGURATION0_EP_SETTINGS_TABLE
 388 0160 00       		.byte	0
 389 0161 000000   		.space	3
 390 0164 00000000 		.word	0
 391 0168 00       		.byte	0
 392 0169 000000   		.space	3
 393 016c 00000000 		.word	0
 394 0170 00       		.byte	0
 395 0171 000000   		.space	3
 396 0174 00000000 		.word	USBUART_1_DEVICE0_CONFIGURATION0_INTERFACE_CLASS
 397              		.global	USBUART_1_DEVICE0_TABLE
 398              		.align	2
 399              		.type	USBUART_1_DEVICE0_TABLE, %object
ARM GAS  C:\Users\Colin\AppData\Local\Temp\cc7s6RAt.s 			page 8


 400              		.size	USBUART_1_DEVICE0_TABLE, 16
 401              	USBUART_1_DEVICE0_TABLE:
 402 0178 01       		.byte	1
 403 0179 000000   		.space	3
 404 017c 00000000 		.word	USBUART_1_DEVICE0_DESCR
 405 0180 01       		.byte	1
 406 0181 000000   		.space	3
 407 0184 00000000 		.word	USBUART_1_DEVICE0_CONFIGURATION0_TABLE
 408              		.global	USBUART_1_TABLE
 409              		.align	2
 410              		.type	USBUART_1_TABLE, %object
 411              		.size	USBUART_1_TABLE, 8
 412              	USBUART_1_TABLE:
 413 0188 01       		.byte	1
 414 0189 000000   		.space	3
 415 018c 00000000 		.word	USBUART_1_DEVICE0_TABLE
 416              		.global	USBUART_1_MSOS_DESCRIPTOR
 417              		.align	2
 418              		.type	USBUART_1_MSOS_DESCRIPTOR, %object
 419              		.size	USBUART_1_MSOS_DESCRIPTOR, 18
 420              	USBUART_1_MSOS_DESCRIPTOR:
 421 0190 12       		.byte	18
 422 0191 03       		.byte	3
 423 0192 4D       		.byte	77
 424 0193 00       		.byte	0
 425 0194 53       		.byte	83
 426 0195 00       		.byte	0
 427 0196 46       		.byte	70
 428 0197 00       		.byte	0
 429 0198 54       		.byte	84
 430 0199 00       		.byte	0
 431 019a 31       		.byte	49
 432 019b 00       		.byte	0
 433 019c 30       		.byte	48
 434 019d 00       		.byte	0
 435 019e 30       		.byte	48
 436 019f 00       		.byte	0
 437 01a0 01       		.byte	1
 438 01a1 00       		.byte	0
 439              		.global	USBUART_1_MSOS_CONFIGURATION_DESCR
 440 01a2 0000     		.align	2
 441              		.type	USBUART_1_MSOS_CONFIGURATION_DESCR, %object
 442              		.size	USBUART_1_MSOS_CONFIGURATION_DESCR, 40
 443              	USBUART_1_MSOS_CONFIGURATION_DESCR:
 444 01a4 28       		.byte	40
 445 01a5 00       		.byte	0
 446 01a6 00       		.byte	0
 447 01a7 00       		.byte	0
 448 01a8 00       		.byte	0
 449 01a9 01       		.byte	1
 450 01aa 04       		.byte	4
 451 01ab 00       		.byte	0
 452 01ac 01       		.byte	1
 453 01ad 00       		.byte	0
 454 01ae 00       		.byte	0
 455 01af 00       		.byte	0
 456 01b0 00       		.byte	0
ARM GAS  C:\Users\Colin\AppData\Local\Temp\cc7s6RAt.s 			page 9


 457 01b1 00       		.byte	0
 458 01b2 00       		.byte	0
 459 01b3 00       		.byte	0
 460 01b4 00       		.byte	0
 461 01b5 01       		.byte	1
 462 01b6 43       		.byte	67
 463 01b7 59       		.byte	89
 464 01b8 55       		.byte	85
 465 01b9 53       		.byte	83
 466 01ba 42       		.byte	66
 467 01bb 00       		.byte	0
 468 01bc 00       		.byte	0
 469 01bd 00       		.byte	0
 470 01be 30       		.byte	48
 471 01bf 30       		.byte	48
 472 01c0 30       		.byte	48
 473 01c1 30       		.byte	48
 474 01c2 31       		.byte	49
 475 01c3 00       		.byte	0
 476 01c4 00       		.byte	0
 477 01c5 00       		.byte	0
 478 01c6 00       		.byte	0
 479 01c7 00       		.byte	0
 480 01c8 00       		.byte	0
 481 01c9 00       		.byte	0
 482 01ca 00       		.byte	0
 483 01cb 00       		.byte	0
 484              		.comm	USBUART_1_idSerialNumberStringDescriptor,34,4
 485              		.text
 486              	.Letext0:
 487              		.file 1 ".\\Generated_Source\\PSoC5\\cytypes.h"
 488              		.file 2 ".\\Generated_Source\\PSoC5\\USBUART_1.h"
 489              		.file 3 ".\\Generated_Source\\PSoC5\\USBUART_1_descr.c"
 490              		.section	.debug_info,"",%progbits
 491              	.Ldebug_info0:
 492 0000 0C030000 		.4byte	0x30c
 493 0004 0200     		.2byte	0x2
 494 0006 00000000 		.4byte	.Ldebug_abbrev0
 495 000a 04       		.byte	0x4
 496 000b 01       		.uleb128 0x1
 497 000c E9020000 		.4byte	.LASF37
 498 0010 01       		.byte	0x1
 499 0011 1F000000 		.4byte	.LASF38
 500 0015 6A000000 		.4byte	.LASF39
 501 0019 00000000 		.4byte	.Ldebug_line0
 502 001d 02       		.uleb128 0x2
 503 001e 01       		.byte	0x1
 504 001f 06       		.byte	0x6
 505 0020 89030000 		.4byte	.LASF0
 506 0024 02       		.uleb128 0x2
 507 0025 01       		.byte	0x1
 508 0026 08       		.byte	0x8
 509 0027 A2010000 		.4byte	.LASF1
 510 002b 02       		.uleb128 0x2
 511 002c 02       		.byte	0x2
 512 002d 05       		.byte	0x5
 513 002e 0A020000 		.4byte	.LASF2
ARM GAS  C:\Users\Colin\AppData\Local\Temp\cc7s6RAt.s 			page 10


 514 0032 02       		.uleb128 0x2
 515 0033 02       		.byte	0x2
 516 0034 07       		.byte	0x7
 517 0035 19010000 		.4byte	.LASF3
 518 0039 02       		.uleb128 0x2
 519 003a 04       		.byte	0x4
 520 003b 05       		.byte	0x5
 521 003c 10010000 		.4byte	.LASF4
 522 0040 02       		.uleb128 0x2
 523 0041 04       		.byte	0x4
 524 0042 07       		.byte	0x7
 525 0043 BB010000 		.4byte	.LASF5
 526 0047 02       		.uleb128 0x2
 527 0048 08       		.byte	0x8
 528 0049 05       		.byte	0x5
 529 004a 84020000 		.4byte	.LASF6
 530 004e 02       		.uleb128 0x2
 531 004f 08       		.byte	0x8
 532 0050 07       		.byte	0x7
 533 0051 45020000 		.4byte	.LASF7
 534 0055 03       		.uleb128 0x3
 535 0056 04       		.byte	0x4
 536 0057 05       		.byte	0x5
 537 0058 696E7400 		.ascii	"int\000"
 538 005c 02       		.uleb128 0x2
 539 005d 04       		.byte	0x4
 540 005e 07       		.byte	0x7
 541 005f 38020000 		.4byte	.LASF8
 542 0063 04       		.uleb128 0x4
 543 0064 E3020000 		.4byte	.LASF9
 544 0068 01       		.byte	0x1
 545 0069 5B       		.byte	0x5b
 546 006a 24000000 		.4byte	0x24
 547 006e 04       		.uleb128 0x4
 548 006f 14020000 		.4byte	.LASF10
 549 0073 01       		.byte	0x1
 550 0074 5C       		.byte	0x5c
 551 0075 32000000 		.4byte	0x32
 552 0079 02       		.uleb128 0x2
 553 007a 04       		.byte	0x4
 554 007b 04       		.byte	0x4
 555 007c 6A010000 		.4byte	.LASF11
 556 0080 02       		.uleb128 0x2
 557 0081 08       		.byte	0x8
 558 0082 04       		.byte	0x4
 559 0083 03020000 		.4byte	.LASF12
 560 0087 02       		.uleb128 0x2
 561 0088 01       		.byte	0x1
 562 0089 08       		.byte	0x8
 563 008a 92020000 		.4byte	.LASF13
 564 008e 02       		.uleb128 0x2
 565 008f 04       		.byte	0x4
 566 0090 07       		.byte	0x7
 567 0091 7B020000 		.4byte	.LASF14
 568 0095 05       		.uleb128 0x5
 569 0096 08       		.byte	0x8
 570 0097 02       		.byte	0x2
ARM GAS  C:\Users\Colin\AppData\Local\Temp\cc7s6RAt.s 			page 11


 571 0098 84       		.byte	0x84
 572 0099 F2000000 		.4byte	0xf2
 573 009d 06       		.uleb128 0x6
 574 009e 32030000 		.4byte	.LASF15
 575 00a2 02       		.byte	0x2
 576 00a3 86       		.byte	0x86
 577 00a4 63000000 		.4byte	0x63
 578 00a8 02       		.byte	0x2
 579 00a9 23       		.byte	0x23
 580 00aa 00       		.uleb128 0
 581 00ab 06       		.uleb128 0x6
 582 00ac 97010000 		.4byte	.LASF16
 583 00b0 02       		.byte	0x2
 584 00b1 87       		.byte	0x87
 585 00b2 63000000 		.4byte	0x63
 586 00b6 02       		.byte	0x2
 587 00b7 23       		.byte	0x23
 588 00b8 01       		.uleb128 0x1
 589 00b9 06       		.uleb128 0x6
 590 00ba CD010000 		.4byte	.LASF17
 591 00be 02       		.byte	0x2
 592 00bf 88       		.byte	0x88
 593 00c0 63000000 		.4byte	0x63
 594 00c4 02       		.byte	0x2
 595 00c5 23       		.byte	0x23
 596 00c6 02       		.uleb128 0x2
 597 00c7 06       		.uleb128 0x6
 598 00c8 B0010000 		.4byte	.LASF18
 599 00cc 02       		.byte	0x2
 600 00cd 89       		.byte	0x89
 601 00ce 63000000 		.4byte	0x63
 602 00d2 02       		.byte	0x2
 603 00d3 23       		.byte	0x23
 604 00d4 03       		.uleb128 0x3
 605 00d5 06       		.uleb128 0x6
 606 00d6 97020000 		.4byte	.LASF19
 607 00da 02       		.byte	0x2
 608 00db 8A       		.byte	0x8a
 609 00dc 6E000000 		.4byte	0x6e
 610 00e0 02       		.byte	0x2
 611 00e1 23       		.byte	0x23
 612 00e2 04       		.uleb128 0x4
 613 00e3 06       		.uleb128 0x6
 614 00e4 B8030000 		.4byte	.LASF20
 615 00e8 02       		.byte	0x2
 616 00e9 8B       		.byte	0x8b
 617 00ea 63000000 		.4byte	0x63
 618 00ee 02       		.byte	0x2
 619 00ef 23       		.byte	0x23
 620 00f0 06       		.uleb128 0x6
 621 00f1 00       		.byte	0
 622 00f2 04       		.uleb128 0x4
 623 00f3 4C010000 		.4byte	.LASF21
 624 00f7 02       		.byte	0x2
 625 00f8 8C       		.byte	0x8c
 626 00f9 95000000 		.4byte	0x95
 627 00fd 05       		.uleb128 0x5
ARM GAS  C:\Users\Colin\AppData\Local\Temp\cc7s6RAt.s 			page 12


 628 00fe 08       		.byte	0x8
 629 00ff 02       		.byte	0x2
 630 0100 9C       		.byte	0x9c
 631 0101 20010000 		.4byte	0x120
 632 0105 07       		.uleb128 0x7
 633 0106 6300     		.ascii	"c\000"
 634 0108 02       		.byte	0x2
 635 0109 9E       		.byte	0x9e
 636 010a 63000000 		.4byte	0x63
 637 010e 02       		.byte	0x2
 638 010f 23       		.byte	0x23
 639 0110 00       		.uleb128 0
 640 0111 06       		.uleb128 0x6
 641 0112 74020000 		.4byte	.LASF22
 642 0116 02       		.byte	0x2
 643 0117 9F       		.byte	0x9f
 644 0118 20010000 		.4byte	0x120
 645 011c 02       		.byte	0x2
 646 011d 23       		.byte	0x23
 647 011e 04       		.uleb128 0x4
 648 011f 00       		.byte	0
 649 0120 08       		.uleb128 0x8
 650 0121 04       		.byte	0x4
 651 0122 26010000 		.4byte	0x126
 652 0126 09       		.uleb128 0x9
 653 0127 04       		.uleb128 0x4
 654 0128 2C010000 		.4byte	.LASF23
 655 012c 02       		.byte	0x2
 656 012d A0       		.byte	0xa0
 657 012e FD000000 		.4byte	0xfd
 658 0132 0A       		.uleb128 0xa
 659 0133 63000000 		.4byte	0x63
 660 0137 42010000 		.4byte	0x142
 661 013b 0B       		.uleb128 0xb
 662 013c 8E000000 		.4byte	0x8e
 663 0140 11       		.byte	0x11
 664 0141 00       		.byte	0
 665 0142 0C       		.uleb128 0xc
 666 0143 CB020000 		.4byte	.LASF24
 667 0147 03       		.byte	0x3
 668 0148 27       		.byte	0x27
 669 0149 54010000 		.4byte	0x154
 670 014d 01       		.byte	0x1
 671 014e 05       		.byte	0x5
 672 014f 03       		.byte	0x3
 673 0150 00000000 		.4byte	USBUART_1_DEVICE0_DESCR
 674 0154 0D       		.uleb128 0xd
 675 0155 32010000 		.4byte	0x132
 676 0159 0A       		.uleb128 0xa
 677 015a 63000000 		.4byte	0x63
 678 015e 69010000 		.4byte	0x169
 679 0162 0B       		.uleb128 0xb
 680 0163 8E000000 		.4byte	0x8e
 681 0167 42       		.byte	0x42
 682 0168 00       		.byte	0
 683 0169 0C       		.uleb128 0xc
 684 016a 70010000 		.4byte	.LASF25
ARM GAS  C:\Users\Colin\AppData\Local\Temp\cc7s6RAt.s 			page 13


 685 016e 03       		.byte	0x3
 686 016f 3A       		.byte	0x3a
 687 0170 7B010000 		.4byte	0x17b
 688 0174 01       		.byte	0x1
 689 0175 05       		.byte	0x5
 690 0176 03       		.byte	0x3
 691 0177 00000000 		.4byte	USBUART_1_DEVICE0_CONFIGURATION0_DESCR
 692 017b 0D       		.uleb128 0xd
 693 017c 59010000 		.4byte	0x159
 694 0180 0A       		.uleb128 0xa
 695 0181 F2000000 		.4byte	0xf2
 696 0185 90010000 		.4byte	0x190
 697 0189 0B       		.uleb128 0xb
 698 018a 8E000000 		.4byte	0x8e
 699 018e 02       		.byte	0x2
 700 018f 00       		.byte	0
 701 0190 0C       		.uleb128 0xc
 702 0191 3C030000 		.4byte	.LASF26
 703 0195 03       		.byte	0x3
 704 0196 FE       		.byte	0xfe
 705 0197 A2010000 		.4byte	0x1a2
 706 019b 01       		.byte	0x1
 707 019c 05       		.byte	0x5
 708 019d 03       		.byte	0x3
 709 019e 00000000 		.4byte	USBUART_1_DEVICE0_CONFIGURATION0_EP_SETTINGS_TABLE
 710 01a2 0D       		.uleb128 0xd
 711 01a3 80010000 		.4byte	0x180
 712 01a7 0A       		.uleb128 0xa
 713 01a8 63000000 		.4byte	0x63
 714 01ac B7010000 		.4byte	0x1b7
 715 01b0 0B       		.uleb128 0xb
 716 01b1 8E000000 		.4byte	0x8e
 717 01b5 01       		.byte	0x1
 718 01b6 00       		.byte	0
 719 01b7 0E       		.uleb128 0xe
 720 01b8 D2010000 		.4byte	.LASF27
 721 01bc 03       		.byte	0x3
 722 01bd 0401     		.2byte	0x104
 723 01bf CA010000 		.4byte	0x1ca
 724 01c3 01       		.byte	0x1
 725 01c4 05       		.byte	0x5
 726 01c5 03       		.byte	0x3
 727 01c6 00000000 		.4byte	USBUART_1_DEVICE0_CONFIGURATION0_INTERFACE_CLASS
 728 01ca 0D       		.uleb128 0xd
 729 01cb A7010000 		.4byte	0x1a7
 730 01cf 0A       		.uleb128 0xa
 731 01d0 27010000 		.4byte	0x127
 732 01d4 DF010000 		.4byte	0x1df
 733 01d8 0B       		.uleb128 0xb
 734 01d9 8E000000 		.4byte	0x8e
 735 01dd 04       		.byte	0x4
 736 01de 00       		.byte	0
 737 01df 0E       		.uleb128 0xe
 738 01e0 E9000000 		.4byte	.LASF28
 739 01e4 03       		.byte	0x3
 740 01e5 0C01     		.2byte	0x10c
 741 01e7 F2010000 		.4byte	0x1f2
ARM GAS  C:\Users\Colin\AppData\Local\Temp\cc7s6RAt.s 			page 14


 742 01eb 01       		.byte	0x1
 743 01ec 05       		.byte	0x5
 744 01ed 03       		.byte	0x3
 745 01ee 00000000 		.4byte	USBUART_1_DEVICE0_CONFIGURATION0_TABLE
 746 01f2 0D       		.uleb128 0xd
 747 01f3 CF010000 		.4byte	0x1cf
 748 01f7 0A       		.uleb128 0xa
 749 01f8 27010000 		.4byte	0x127
 750 01fc 07020000 		.4byte	0x207
 751 0200 0B       		.uleb128 0xb
 752 0201 8E000000 		.4byte	0x8e
 753 0205 01       		.byte	0x1
 754 0206 00       		.byte	0
 755 0207 0E       		.uleb128 0xe
 756 0208 5C020000 		.4byte	.LASF29
 757 020c 03       		.byte	0x3
 758 020d 1701     		.2byte	0x117
 759 020f 1A020000 		.4byte	0x21a
 760 0213 01       		.byte	0x1
 761 0214 05       		.byte	0x5
 762 0215 03       		.byte	0x3
 763 0216 00000000 		.4byte	USBUART_1_DEVICE0_TABLE
 764 021a 0D       		.uleb128 0xd
 765 021b F7010000 		.4byte	0x1f7
 766 021f 0A       		.uleb128 0xa
 767 0220 27010000 		.4byte	0x127
 768 0224 2F020000 		.4byte	0x22f
 769 0228 0B       		.uleb128 0xb
 770 0229 8E000000 		.4byte	0x8e
 771 022d 00       		.byte	0
 772 022e 00       		.byte	0
 773 022f 0E       		.uleb128 0xe
 774 0230 3C010000 		.4byte	.LASF30
 775 0234 03       		.byte	0x3
 776 0235 1E01     		.2byte	0x11e
 777 0237 42020000 		.4byte	0x242
 778 023b 01       		.byte	0x1
 779 023c 05       		.byte	0x5
 780 023d 03       		.byte	0x3
 781 023e 00000000 		.4byte	USBUART_1_TABLE
 782 0242 0D       		.uleb128 0xd
 783 0243 1F020000 		.4byte	0x21f
 784 0247 0C       		.uleb128 0xc
 785 0248 00000000 		.4byte	.LASF31
 786 024c 03       		.byte	0x3
 787 024d CC       		.byte	0xcc
 788 024e 59020000 		.4byte	0x259
 789 0252 01       		.byte	0x1
 790 0253 05       		.byte	0x5
 791 0254 03       		.byte	0x3
 792 0255 00000000 		.4byte	USBUART_1_SN_STRING_DESCRIPTOR
 793 0259 0D       		.uleb128 0xd
 794 025a A7010000 		.4byte	0x1a7
 795 025e 0A       		.uleb128 0xa
 796 025f 63000000 		.4byte	0x63
 797 0263 6E020000 		.4byte	0x26e
 798 0267 0B       		.uleb128 0xb
ARM GAS  C:\Users\Colin\AppData\Local\Temp\cc7s6RAt.s 			page 15


 799 0268 8E000000 		.4byte	0x8e
 800 026c 9E       		.byte	0x9e
 801 026d 00       		.byte	0
 802 026e 0C       		.uleb128 0xc
 803 026f 1B020000 		.4byte	.LASF32
 804 0273 03       		.byte	0x3
 805 0274 99       		.byte	0x99
 806 0275 80020000 		.4byte	0x280
 807 0279 01       		.byte	0x1
 808 027a 05       		.byte	0x5
 809 027b 03       		.byte	0x3
 810 027c 00000000 		.4byte	USBUART_1_STRING_DESCRIPTORS
 811 0280 0D       		.uleb128 0xd
 812 0281 5E020000 		.4byte	0x25e
 813 0285 0A       		.uleb128 0xa
 814 0286 63000000 		.4byte	0x63
 815 028a 95020000 		.4byte	0x295
 816 028e 0B       		.uleb128 0xb
 817 028f 8E000000 		.4byte	0x8e
 818 0293 35       		.byte	0x35
 819 0294 00       		.byte	0
 820 0295 0C       		.uleb128 0xc
 821 0296 4A000000 		.4byte	.LASF33
 822 029a 03       		.byte	0x3
 823 029b D5       		.byte	0xd5
 824 029c A7020000 		.4byte	0x2a7
 825 02a0 01       		.byte	0x1
 826 02a1 05       		.byte	0x5
 827 02a2 03       		.byte	0x3
 828 02a3 00000000 		.4byte	USBUART_1_HIDREPORT_DESCRIPTOR1
 829 02a7 0D       		.uleb128 0xd
 830 02a8 85020000 		.4byte	0x285
 831 02ac 0E       		.uleb128 0xe
 832 02ad 6F030000 		.4byte	.LASF34
 833 02b1 03       		.byte	0x3
 834 02b2 2E01     		.2byte	0x12e
 835 02b4 BF020000 		.4byte	0x2bf
 836 02b8 01       		.byte	0x1
 837 02b9 05       		.byte	0x5
 838 02ba 03       		.byte	0x3
 839 02bb 00000000 		.4byte	USBUART_1_MSOS_DESCRIPTOR
 840 02bf 0D       		.uleb128 0xd
 841 02c0 32010000 		.4byte	0x132
 842 02c4 0A       		.uleb128 0xa
 843 02c5 63000000 		.4byte	0x63
 844 02c9 D4020000 		.4byte	0x2d4
 845 02cd 0B       		.uleb128 0xb
 846 02ce 8E000000 		.4byte	0x8e
 847 02d2 27       		.byte	0x27
 848 02d3 00       		.byte	0
 849 02d4 0E       		.uleb128 0xe
 850 02d5 95030000 		.4byte	.LASF35
 851 02d9 03       		.byte	0x3
 852 02da 3901     		.2byte	0x139
 853 02dc E7020000 		.4byte	0x2e7
 854 02e0 01       		.byte	0x1
 855 02e1 05       		.byte	0x5
ARM GAS  C:\Users\Colin\AppData\Local\Temp\cc7s6RAt.s 			page 16


 856 02e2 03       		.byte	0x3
 857 02e3 00000000 		.4byte	USBUART_1_MSOS_CONFIGURATION_DESCR
 858 02e7 0D       		.uleb128 0xd
 859 02e8 C4020000 		.4byte	0x2c4
 860 02ec 0A       		.uleb128 0xa
 861 02ed 63000000 		.4byte	0x63
 862 02f1 FC020000 		.4byte	0x2fc
 863 02f5 0B       		.uleb128 0xb
 864 02f6 8E000000 		.4byte	0x8e
 865 02fa 21       		.byte	0x21
 866 02fb 00       		.byte	0
 867 02fc 0E       		.uleb128 0xe
 868 02fd A2020000 		.4byte	.LASF36
 869 0301 03       		.byte	0x3
 870 0302 4C01     		.2byte	0x14c
 871 0304 EC020000 		.4byte	0x2ec
 872 0308 01       		.byte	0x1
 873 0309 05       		.byte	0x5
 874 030a 03       		.byte	0x3
 875 030b 00000000 		.4byte	USBUART_1_idSerialNumberStringDescriptor
 876 030f 00       		.byte	0
 877              		.section	.debug_abbrev,"",%progbits
 878              	.Ldebug_abbrev0:
 879 0000 01       		.uleb128 0x1
 880 0001 11       		.uleb128 0x11
 881 0002 01       		.byte	0x1
 882 0003 25       		.uleb128 0x25
 883 0004 0E       		.uleb128 0xe
 884 0005 13       		.uleb128 0x13
 885 0006 0B       		.uleb128 0xb
 886 0007 03       		.uleb128 0x3
 887 0008 0E       		.uleb128 0xe
 888 0009 1B       		.uleb128 0x1b
 889 000a 0E       		.uleb128 0xe
 890 000b 10       		.uleb128 0x10
 891 000c 06       		.uleb128 0x6
 892 000d 00       		.byte	0
 893 000e 00       		.byte	0
 894 000f 02       		.uleb128 0x2
 895 0010 24       		.uleb128 0x24
 896 0011 00       		.byte	0
 897 0012 0B       		.uleb128 0xb
 898 0013 0B       		.uleb128 0xb
 899 0014 3E       		.uleb128 0x3e
 900 0015 0B       		.uleb128 0xb
 901 0016 03       		.uleb128 0x3
 902 0017 0E       		.uleb128 0xe
 903 0018 00       		.byte	0
 904 0019 00       		.byte	0
 905 001a 03       		.uleb128 0x3
 906 001b 24       		.uleb128 0x24
 907 001c 00       		.byte	0
 908 001d 0B       		.uleb128 0xb
 909 001e 0B       		.uleb128 0xb
 910 001f 3E       		.uleb128 0x3e
 911 0020 0B       		.uleb128 0xb
 912 0021 03       		.uleb128 0x3
ARM GAS  C:\Users\Colin\AppData\Local\Temp\cc7s6RAt.s 			page 17


 913 0022 08       		.uleb128 0x8
 914 0023 00       		.byte	0
 915 0024 00       		.byte	0
 916 0025 04       		.uleb128 0x4
 917 0026 16       		.uleb128 0x16
 918 0027 00       		.byte	0
 919 0028 03       		.uleb128 0x3
 920 0029 0E       		.uleb128 0xe
 921 002a 3A       		.uleb128 0x3a
 922 002b 0B       		.uleb128 0xb
 923 002c 3B       		.uleb128 0x3b
 924 002d 0B       		.uleb128 0xb
 925 002e 49       		.uleb128 0x49
 926 002f 13       		.uleb128 0x13
 927 0030 00       		.byte	0
 928 0031 00       		.byte	0
 929 0032 05       		.uleb128 0x5
 930 0033 13       		.uleb128 0x13
 931 0034 01       		.byte	0x1
 932 0035 0B       		.uleb128 0xb
 933 0036 0B       		.uleb128 0xb
 934 0037 3A       		.uleb128 0x3a
 935 0038 0B       		.uleb128 0xb
 936 0039 3B       		.uleb128 0x3b
 937 003a 0B       		.uleb128 0xb
 938 003b 01       		.uleb128 0x1
 939 003c 13       		.uleb128 0x13
 940 003d 00       		.byte	0
 941 003e 00       		.byte	0
 942 003f 06       		.uleb128 0x6
 943 0040 0D       		.uleb128 0xd
 944 0041 00       		.byte	0
 945 0042 03       		.uleb128 0x3
 946 0043 0E       		.uleb128 0xe
 947 0044 3A       		.uleb128 0x3a
 948 0045 0B       		.uleb128 0xb
 949 0046 3B       		.uleb128 0x3b
 950 0047 0B       		.uleb128 0xb
 951 0048 49       		.uleb128 0x49
 952 0049 13       		.uleb128 0x13
 953 004a 38       		.uleb128 0x38
 954 004b 0A       		.uleb128 0xa
 955 004c 00       		.byte	0
 956 004d 00       		.byte	0
 957 004e 07       		.uleb128 0x7
 958 004f 0D       		.uleb128 0xd
 959 0050 00       		.byte	0
 960 0051 03       		.uleb128 0x3
 961 0052 08       		.uleb128 0x8
 962 0053 3A       		.uleb128 0x3a
 963 0054 0B       		.uleb128 0xb
 964 0055 3B       		.uleb128 0x3b
 965 0056 0B       		.uleb128 0xb
 966 0057 49       		.uleb128 0x49
 967 0058 13       		.uleb128 0x13
 968 0059 38       		.uleb128 0x38
 969 005a 0A       		.uleb128 0xa
ARM GAS  C:\Users\Colin\AppData\Local\Temp\cc7s6RAt.s 			page 18


 970 005b 00       		.byte	0
 971 005c 00       		.byte	0
 972 005d 08       		.uleb128 0x8
 973 005e 0F       		.uleb128 0xf
 974 005f 00       		.byte	0
 975 0060 0B       		.uleb128 0xb
 976 0061 0B       		.uleb128 0xb
 977 0062 49       		.uleb128 0x49
 978 0063 13       		.uleb128 0x13
 979 0064 00       		.byte	0
 980 0065 00       		.byte	0
 981 0066 09       		.uleb128 0x9
 982 0067 26       		.uleb128 0x26
 983 0068 00       		.byte	0
 984 0069 00       		.byte	0
 985 006a 00       		.byte	0
 986 006b 0A       		.uleb128 0xa
 987 006c 01       		.uleb128 0x1
 988 006d 01       		.byte	0x1
 989 006e 49       		.uleb128 0x49
 990 006f 13       		.uleb128 0x13
 991 0070 01       		.uleb128 0x1
 992 0071 13       		.uleb128 0x13
 993 0072 00       		.byte	0
 994 0073 00       		.byte	0
 995 0074 0B       		.uleb128 0xb
 996 0075 21       		.uleb128 0x21
 997 0076 00       		.byte	0
 998 0077 49       		.uleb128 0x49
 999 0078 13       		.uleb128 0x13
 1000 0079 2F       		.uleb128 0x2f
 1001 007a 0B       		.uleb128 0xb
 1002 007b 00       		.byte	0
 1003 007c 00       		.byte	0
 1004 007d 0C       		.uleb128 0xc
 1005 007e 34       		.uleb128 0x34
 1006 007f 00       		.byte	0
 1007 0080 03       		.uleb128 0x3
 1008 0081 0E       		.uleb128 0xe
 1009 0082 3A       		.uleb128 0x3a
 1010 0083 0B       		.uleb128 0xb
 1011 0084 3B       		.uleb128 0x3b
 1012 0085 0B       		.uleb128 0xb
 1013 0086 49       		.uleb128 0x49
 1014 0087 13       		.uleb128 0x13
 1015 0088 3F       		.uleb128 0x3f
 1016 0089 0C       		.uleb128 0xc
 1017 008a 02       		.uleb128 0x2
 1018 008b 0A       		.uleb128 0xa
 1019 008c 00       		.byte	0
 1020 008d 00       		.byte	0
 1021 008e 0D       		.uleb128 0xd
 1022 008f 26       		.uleb128 0x26
 1023 0090 00       		.byte	0
 1024 0091 49       		.uleb128 0x49
 1025 0092 13       		.uleb128 0x13
 1026 0093 00       		.byte	0
ARM GAS  C:\Users\Colin\AppData\Local\Temp\cc7s6RAt.s 			page 19


 1027 0094 00       		.byte	0
 1028 0095 0E       		.uleb128 0xe
 1029 0096 34       		.uleb128 0x34
 1030 0097 00       		.byte	0
 1031 0098 03       		.uleb128 0x3
 1032 0099 0E       		.uleb128 0xe
 1033 009a 3A       		.uleb128 0x3a
 1034 009b 0B       		.uleb128 0xb
 1035 009c 3B       		.uleb128 0x3b
 1036 009d 05       		.uleb128 0x5
 1037 009e 49       		.uleb128 0x49
 1038 009f 13       		.uleb128 0x13
 1039 00a0 3F       		.uleb128 0x3f
 1040 00a1 0C       		.uleb128 0xc
 1041 00a2 02       		.uleb128 0x2
 1042 00a3 0A       		.uleb128 0xa
 1043 00a4 00       		.byte	0
 1044 00a5 00       		.byte	0
 1045 00a6 00       		.byte	0
 1046              		.section	.debug_aranges,"",%progbits
 1047 0000 14000000 		.4byte	0x14
 1048 0004 0200     		.2byte	0x2
 1049 0006 00000000 		.4byte	.Ldebug_info0
 1050 000a 04       		.byte	0x4
 1051 000b 00       		.byte	0
 1052 000c 0000     		.2byte	0
 1053 000e 0000     		.2byte	0
 1054 0010 00000000 		.4byte	0
 1055 0014 00000000 		.4byte	0
 1056              		.section	.debug_line,"",%progbits
 1057              	.Ldebug_line0:
 1058 0000 63000000 		.section	.debug_str,"MS",%progbits,1
 1058      02005D00 
 1058      00000201 
 1058      FB0E0D00 
 1058      01010101 
 1059              	.LASF31:
 1060 0000 55534255 		.ascii	"USBUART_1_SN_STRING_DESCRIPTOR\000"
 1060      4152545F 
 1060      315F534E 
 1060      5F535452 
 1060      494E475F 
 1061              	.LASF38:
 1062 001f 2E5C4765 		.ascii	".\\Generated_Source\\PSoC5\\USBUART_1_descr.c\000"
 1062      6E657261 
 1062      7465645F 
 1062      536F7572 
 1062      63655C50 
 1063              	.LASF33:
 1064 004a 55534255 		.ascii	"USBUART_1_HIDREPORT_DESCRIPTOR1\000"
 1064      4152545F 
 1064      315F4849 
 1064      44524550 
 1064      4F52545F 
 1065              	.LASF39:
 1066 006a 433A5C55 		.ascii	"C:\\Users\\Colin\\Dropbox\\Grad School\\Spring 2014"
 1066      73657273 
ARM GAS  C:\Users\Colin\AppData\Local\Temp\cc7s6RAt.s 			page 20


 1066      5C436F6C 
 1066      696E5C44 
 1066      726F7062 
 1067 0098 5C4D4520 		.ascii	"\\ME 235\\Code\\USB_UART01\\Final_PSoC_Code\\USB_UA"
 1067      3233355C 
 1067      436F6465 
 1067      5C555342 
 1067      5F554152 
 1068 00c6 52543031 		.ascii	"RT01-000.Bundle01\\USB_UART01.cydsn\000"
 1068      2D303030 
 1068      2E42756E 
 1068      646C6530 
 1068      315C5553 
 1069              	.LASF28:
 1070 00e9 55534255 		.ascii	"USBUART_1_DEVICE0_CONFIGURATION0_TABLE\000"
 1070      4152545F 
 1070      315F4445 
 1070      56494345 
 1070      305F434F 
 1071              	.LASF4:
 1072 0110 6C6F6E67 		.ascii	"long int\000"
 1072      20696E74 
 1072      00
 1073              	.LASF3:
 1074 0119 73686F72 		.ascii	"short unsigned int\000"
 1074      7420756E 
 1074      7369676E 
 1074      65642069 
 1074      6E7400
 1075              	.LASF23:
 1076 012c 545F5553 		.ascii	"T_USBUART_1_LUT\000"
 1076      42554152 
 1076      545F315F 
 1076      4C555400 
 1077              	.LASF30:
 1078 013c 55534255 		.ascii	"USBUART_1_TABLE\000"
 1078      4152545F 
 1078      315F5441 
 1078      424C4500 
 1079              	.LASF21:
 1080 014c 545F5553 		.ascii	"T_USBUART_1_EP_SETTINGS_BLOCK\000"
 1080      42554152 
 1080      545F315F 
 1080      45505F53 
 1080      45545449 
 1081              	.LASF11:
 1082 016a 666C6F61 		.ascii	"float\000"
 1082      7400
 1083              	.LASF25:
 1084 0170 55534255 		.ascii	"USBUART_1_DEVICE0_CONFIGURATION0_DESCR\000"
 1084      4152545F 
 1084      315F4445 
 1084      56494345 
 1084      305F434F 
 1085              	.LASF16:
 1086 0197 616C7453 		.ascii	"altSetting\000"
 1086      65747469 
ARM GAS  C:\Users\Colin\AppData\Local\Temp\cc7s6RAt.s 			page 21


 1086      6E6700
 1087              	.LASF1:
 1088 01a2 756E7369 		.ascii	"unsigned char\000"
 1088      676E6564 
 1088      20636861 
 1088      7200
 1089              	.LASF18:
 1090 01b0 61747472 		.ascii	"attributes\000"
 1090      69627574 
 1090      657300
 1091              	.LASF5:
 1092 01bb 6C6F6E67 		.ascii	"long unsigned int\000"
 1092      20756E73 
 1092      69676E65 
 1092      6420696E 
 1092      7400
 1093              	.LASF17:
 1094 01cd 61646472 		.ascii	"addr\000"
 1094      00
 1095              	.LASF27:
 1096 01d2 55534255 		.ascii	"USBUART_1_DEVICE0_CONFIGURATION0_INTERFACE_CLASS\000"
 1096      4152545F 
 1096      315F4445 
 1096      56494345 
 1096      305F434F 
 1097              	.LASF12:
 1098 0203 646F7562 		.ascii	"double\000"
 1098      6C6500
 1099              	.LASF2:
 1100 020a 73686F72 		.ascii	"short int\000"
 1100      7420696E 
 1100      7400
 1101              	.LASF10:
 1102 0214 75696E74 		.ascii	"uint16\000"
 1102      313600
 1103              	.LASF32:
 1104 021b 55534255 		.ascii	"USBUART_1_STRING_DESCRIPTORS\000"
 1104      4152545F 
 1104      315F5354 
 1104      52494E47 
 1104      5F444553 
 1105              	.LASF8:
 1106 0238 756E7369 		.ascii	"unsigned int\000"
 1106      676E6564 
 1106      20696E74 
 1106      00
 1107              	.LASF7:
 1108 0245 6C6F6E67 		.ascii	"long long unsigned int\000"
 1108      206C6F6E 
 1108      6720756E 
 1108      7369676E 
 1108      65642069 
 1109              	.LASF29:
 1110 025c 55534255 		.ascii	"USBUART_1_DEVICE0_TABLE\000"
 1110      4152545F 
 1110      315F4445 
 1110      56494345 
ARM GAS  C:\Users\Colin\AppData\Local\Temp\cc7s6RAt.s 			page 22


 1110      305F5441 
 1111              	.LASF22:
 1112 0274 705F6C69 		.ascii	"p_list\000"
 1112      737400
 1113              	.LASF14:
 1114 027b 73697A65 		.ascii	"sizetype\000"
 1114      74797065 
 1114      00
 1115              	.LASF6:
 1116 0284 6C6F6E67 		.ascii	"long long int\000"
 1116      206C6F6E 
 1116      6720696E 
 1116      7400
 1117              	.LASF13:
 1118 0292 63686172 		.ascii	"char\000"
 1118      00
 1119              	.LASF19:
 1120 0297 62756666 		.ascii	"bufferSize\000"
 1120      65725369 
 1120      7A6500
 1121              	.LASF36:
 1122 02a2 55534255 		.ascii	"USBUART_1_idSerialNumberStringDescriptor\000"
 1122      4152545F 
 1122      315F6964 
 1122      53657269 
 1122      616C4E75 
 1123              	.LASF24:
 1124 02cb 55534255 		.ascii	"USBUART_1_DEVICE0_DESCR\000"
 1124      4152545F 
 1124      315F4445 
 1124      56494345 
 1124      305F4445 
 1125              	.LASF9:
 1126 02e3 75696E74 		.ascii	"uint8\000"
 1126      3800
 1127              	.LASF37:
 1128 02e9 474E5520 		.ascii	"GNU C 4.7.3 20130312 (release) [ARM/embedded-4_7-br"
 1128      4320342E 
 1128      372E3320 
 1128      32303133 
 1128      30333132 
 1129 031c 616E6368 		.ascii	"anch revision 196615]\000"
 1129      20726576 
 1129      6973696F 
 1129      6E203139 
 1129      36363135 
 1130              	.LASF15:
 1131 0332 696E7465 		.ascii	"interface\000"
 1131      72666163 
 1131      6500
 1132              	.LASF26:
 1133 033c 55534255 		.ascii	"USBUART_1_DEVICE0_CONFIGURATION0_EP_SETTINGS_TABLE\000"
 1133      4152545F 
 1133      315F4445 
 1133      56494345 
 1133      305F434F 
 1134              	.LASF34:
ARM GAS  C:\Users\Colin\AppData\Local\Temp\cc7s6RAt.s 			page 23


 1135 036f 55534255 		.ascii	"USBUART_1_MSOS_DESCRIPTOR\000"
 1135      4152545F 
 1135      315F4D53 
 1135      4F535F44 
 1135      45534352 
 1136              	.LASF0:
 1137 0389 7369676E 		.ascii	"signed char\000"
 1137      65642063 
 1137      68617200 
 1138              	.LASF35:
 1139 0395 55534255 		.ascii	"USBUART_1_MSOS_CONFIGURATION_DESCR\000"
 1139      4152545F 
 1139      315F4D53 
 1139      4F535F43 
 1139      4F4E4649 
 1140              	.LASF20:
 1141 03b8 624D6973 		.ascii	"bMisc\000"
 1141      6300
 1142              		.ident	"GCC: (GNU Tools for ARM Embedded Processors) 4.7.3 20130312 (release) [ARM/embedded-4_7-br
