ARM GAS  C:\Users\Colin\AppData\Local\Temp\cc3sgpjq.s 			page 1


   1              		.syntax unified
   2              		.cpu cortex-m3
   3              		.fpu softvfp
   4              		.eabi_attribute 20, 1
   5              		.eabi_attribute 21, 1
   6              		.eabi_attribute 23, 3
   7              		.eabi_attribute 24, 1
   8              		.eabi_attribute 25, 1
   9              		.eabi_attribute 26, 1
  10              		.eabi_attribute 30, 6
  11              		.eabi_attribute 34, 1
  12              		.eabi_attribute 18, 4
  13              		.thumb
  14              		.file	"USBUART_1_cls.c"
  15              		.text
  16              	.Ltext0:
  17              		.cfi_sections	.debug_frame
  18              		.section	.text.USBUART_1_DispatchClassRqst,"ax",%progbits
  19              		.align	2
  20              		.global	USBUART_1_DispatchClassRqst
  21              		.thumb
  22              		.thumb_func
  23              		.type	USBUART_1_DispatchClassRqst, %function
  24              	USBUART_1_DispatchClassRqst:
  25              	.LFB0:
  26              		.file 1 ".\\Generated_Source\\PSoC5\\USBUART_1_cls.c"
   1:.\Generated_Source\PSoC5/USBUART_1_cls.c **** /*******************************************************************************
   2:.\Generated_Source\PSoC5/USBUART_1_cls.c **** * File Name: USBUART_1_cls.c
   3:.\Generated_Source\PSoC5/USBUART_1_cls.c **** * Version 2.60
   4:.\Generated_Source\PSoC5/USBUART_1_cls.c **** *
   5:.\Generated_Source\PSoC5/USBUART_1_cls.c **** * Description:
   6:.\Generated_Source\PSoC5/USBUART_1_cls.c **** *  USB Class request handler.
   7:.\Generated_Source\PSoC5/USBUART_1_cls.c **** *
   8:.\Generated_Source\PSoC5/USBUART_1_cls.c **** * Note:
   9:.\Generated_Source\PSoC5/USBUART_1_cls.c **** *
  10:.\Generated_Source\PSoC5/USBUART_1_cls.c **** ********************************************************************************
  11:.\Generated_Source\PSoC5/USBUART_1_cls.c **** * Copyright 2008-2013, Cypress Semiconductor Corporation.  All rights reserved.
  12:.\Generated_Source\PSoC5/USBUART_1_cls.c **** * You may use this file only in accordance with the license, terms, conditions,
  13:.\Generated_Source\PSoC5/USBUART_1_cls.c **** * disclaimers, and limitations in the end user license agreement accompanying
  14:.\Generated_Source\PSoC5/USBUART_1_cls.c **** * the software package with which this file was provided.
  15:.\Generated_Source\PSoC5/USBUART_1_cls.c **** *******************************************************************************/
  16:.\Generated_Source\PSoC5/USBUART_1_cls.c **** 
  17:.\Generated_Source\PSoC5/USBUART_1_cls.c **** #include "USBUART_1.h"
  18:.\Generated_Source\PSoC5/USBUART_1_cls.c **** 
  19:.\Generated_Source\PSoC5/USBUART_1_cls.c **** #if(USBUART_1_EXTERN_CLS == USBUART_1_FALSE)
  20:.\Generated_Source\PSoC5/USBUART_1_cls.c **** 
  21:.\Generated_Source\PSoC5/USBUART_1_cls.c **** #include "USBUART_1_pvt.h"
  22:.\Generated_Source\PSoC5/USBUART_1_cls.c **** 
  23:.\Generated_Source\PSoC5/USBUART_1_cls.c **** 
  24:.\Generated_Source\PSoC5/USBUART_1_cls.c **** /***************************************
  25:.\Generated_Source\PSoC5/USBUART_1_cls.c **** * User Implemented Class Driver Declarations.
  26:.\Generated_Source\PSoC5/USBUART_1_cls.c **** ***************************************/
  27:.\Generated_Source\PSoC5/USBUART_1_cls.c **** /* `#START USER_DEFINED_CLASS_DECLARATIONS` Place your declaration here */
  28:.\Generated_Source\PSoC5/USBUART_1_cls.c **** 
  29:.\Generated_Source\PSoC5/USBUART_1_cls.c **** /* `#END` */
  30:.\Generated_Source\PSoC5/USBUART_1_cls.c **** 
  31:.\Generated_Source\PSoC5/USBUART_1_cls.c **** 
ARM GAS  C:\Users\Colin\AppData\Local\Temp\cc3sgpjq.s 			page 2


  32:.\Generated_Source\PSoC5/USBUART_1_cls.c **** /*******************************************************************************
  33:.\Generated_Source\PSoC5/USBUART_1_cls.c **** * Function Name: USBUART_1_DispatchClassRqst
  34:.\Generated_Source\PSoC5/USBUART_1_cls.c **** ********************************************************************************
  35:.\Generated_Source\PSoC5/USBUART_1_cls.c **** * Summary:
  36:.\Generated_Source\PSoC5/USBUART_1_cls.c **** *  This routine dispatches class specific requests depend on interface class.
  37:.\Generated_Source\PSoC5/USBUART_1_cls.c **** *
  38:.\Generated_Source\PSoC5/USBUART_1_cls.c **** * Parameters:
  39:.\Generated_Source\PSoC5/USBUART_1_cls.c **** *  None.
  40:.\Generated_Source\PSoC5/USBUART_1_cls.c **** *
  41:.\Generated_Source\PSoC5/USBUART_1_cls.c **** * Return:
  42:.\Generated_Source\PSoC5/USBUART_1_cls.c **** *  requestHandled.
  43:.\Generated_Source\PSoC5/USBUART_1_cls.c **** *
  44:.\Generated_Source\PSoC5/USBUART_1_cls.c **** * Reentrant:
  45:.\Generated_Source\PSoC5/USBUART_1_cls.c **** *  No.
  46:.\Generated_Source\PSoC5/USBUART_1_cls.c **** *
  47:.\Generated_Source\PSoC5/USBUART_1_cls.c **** *******************************************************************************/
  48:.\Generated_Source\PSoC5/USBUART_1_cls.c **** uint8 USBUART_1_DispatchClassRqst(void) 
  49:.\Generated_Source\PSoC5/USBUART_1_cls.c **** {
  27              		.loc 1 49 0
  28              		.cfi_startproc
  29              		@ args = 0, pretend = 0, frame = 8
  30              		@ frame_needed = 1, uses_anonymous_args = 0
  31 0000 80B5     		push	{r7, lr}
  32              	.LCFI0:
  33              		.cfi_def_cfa_offset 8
  34              		.cfi_offset 7, -8
  35              		.cfi_offset 14, -4
  36 0002 82B0     		sub	sp, sp, #8
  37              	.LCFI1:
  38              		.cfi_def_cfa_offset 16
  39 0004 00AF     		add	r7, sp, #0
  40              	.LCFI2:
  41              		.cfi_def_cfa_register 7
  50:.\Generated_Source\PSoC5/USBUART_1_cls.c ****     uint8 requestHandled = USBUART_1_FALSE;
  42              		.loc 1 50 0
  43 0006 4FF00003 		mov	r3, #0
  44 000a FB71     		strb	r3, [r7, #7]
  51:.\Generated_Source\PSoC5/USBUART_1_cls.c ****     uint8 interfaceNumber = 0u;
  45              		.loc 1 51 0
  46 000c 4FF00003 		mov	r3, #0
  47 0010 BB71     		strb	r3, [r7, #6]
  52:.\Generated_Source\PSoC5/USBUART_1_cls.c **** 
  53:.\Generated_Source\PSoC5/USBUART_1_cls.c ****     switch(CY_GET_REG8(USBUART_1_bmRequestType) & USBUART_1_RQST_RCPT_MASK)
  48              		.loc 1 53 0
  49 0012 4FF4C043 		mov	r3, #24576
  50 0016 C4F20003 		movt	r3, 16384
  51 001a 1B78     		ldrb	r3, [r3, #0]
  52 001c DBB2     		uxtb	r3, r3
  53 001e 03F00303 		and	r3, r3, #3
  54 0022 012B     		cmp	r3, #1
  55 0024 02D0     		beq	.L3
  56 0026 022B     		cmp	r3, #2
  57 0028 07D0     		beq	.L4
  58 002a 1EE0     		b	.L12
  59              	.L3:
  54:.\Generated_Source\PSoC5/USBUART_1_cls.c ****     {
  55:.\Generated_Source\PSoC5/USBUART_1_cls.c ****         case USBUART_1_RQST_RCPT_IFC:        /* Class-specific request directed to an interface */
ARM GAS  C:\Users\Colin\AppData\Local\Temp\cc3sgpjq.s 			page 3


  56:.\Generated_Source\PSoC5/USBUART_1_cls.c ****             interfaceNumber = CY_GET_REG8(USBUART_1_wIndexLo); /* wIndexLo contain Interface number
  60              		.loc 1 56 0
  61 002c 46F20403 		movw	r3, #24580
  62 0030 C4F20003 		movt	r3, 16384
  63 0034 1B78     		ldrb	r3, [r3, #0]
  64 0036 BB71     		strb	r3, [r7, #6]
  57:.\Generated_Source\PSoC5/USBUART_1_cls.c ****             break;
  65              		.loc 1 57 0
  66 0038 18E0     		b	.L5
  67              	.L4:
  58:.\Generated_Source\PSoC5/USBUART_1_cls.c ****         case USBUART_1_RQST_RCPT_EP:         /* Class-specific request directed to the endpoint */
  59:.\Generated_Source\PSoC5/USBUART_1_cls.c ****             /* Find related interface to the endpoint, wIndexLo contain EP number */
  60:.\Generated_Source\PSoC5/USBUART_1_cls.c ****             interfaceNumber =
  61:.\Generated_Source\PSoC5/USBUART_1_cls.c ****                 USBUART_1_EP[CY_GET_REG8(USBUART_1_wIndexLo) & USBUART_1_DIR_UNUSED].interface;
  68              		.loc 1 61 0
  69 003a 46F20403 		movw	r3, #24580
  70 003e C4F20003 		movt	r3, 16384
  71 0042 1B78     		ldrb	r3, [r3, #0]
  72 0044 DBB2     		uxtb	r3, r3
  73 0046 03F07F01 		and	r1, r3, #127
  60:.\Generated_Source\PSoC5/USBUART_1_cls.c ****             interfaceNumber =
  74              		.loc 1 60 0
  75 004a 40F20002 		movw	r2, #:lower16:USBUART_1_EP
  76 004e C0F20002 		movt	r2, #:upper16:USBUART_1_EP
  77 0052 0B46     		mov	r3, r1
  78 0054 4FEA4303 		lsl	r3, r3, #1
  79 0058 5B18     		adds	r3, r3, r1
  80 005a 4FEA8303 		lsl	r3, r3, #2
  81 005e D318     		adds	r3, r2, r3
  82 0060 03F10803 		add	r3, r3, #8
  83 0064 9B78     		ldrb	r3, [r3, #2]
  84 0066 BB71     		strb	r3, [r7, #6]
  62:.\Generated_Source\PSoC5/USBUART_1_cls.c ****             break;
  85              		.loc 1 62 0
  86 0068 00E0     		b	.L5
  87              	.L12:
  63:.\Generated_Source\PSoC5/USBUART_1_cls.c ****         default:    /* RequestHandled is initialized as FALSE by default */
  64:.\Generated_Source\PSoC5/USBUART_1_cls.c ****             break;
  88              		.loc 1 64 0
  89 006a 00BF     		nop
  90              	.L5:
  65:.\Generated_Source\PSoC5/USBUART_1_cls.c ****     }
  66:.\Generated_Source\PSoC5/USBUART_1_cls.c ****     /* Handle Class request depend on interface type */
  67:.\Generated_Source\PSoC5/USBUART_1_cls.c ****     switch(USBUART_1_interfaceClass[interfaceNumber])
  91              		.loc 1 67 0
  92 006c 40F20003 		movw	r3, #:lower16:USBUART_1_interfaceClass
  93 0070 C0F20003 		movt	r3, #:upper16:USBUART_1_interfaceClass
  94 0074 1A68     		ldr	r2, [r3, #0]
  95 0076 BB79     		ldrb	r3, [r7, #6]	@ zero_extendqisi2
  96 0078 D318     		adds	r3, r2, r3
  97 007a 1B78     		ldrb	r3, [r3, #0]	@ zero_extendqisi2
  98 007c 022B     		cmp	r3, #2
  99 007e 09D0     		beq	.L8
 100 0080 032B     		cmp	r3, #3
 101 0082 02D0     		beq	.L9
 102 0084 012B     		cmp	r3, #1
 103 0086 0BD0     		beq	.L14
ARM GAS  C:\Users\Colin\AppData\Local\Temp\cc3sgpjq.s 			page 4


 104 0088 09E0     		b	.L13
 105              	.L9:
  68:.\Generated_Source\PSoC5/USBUART_1_cls.c ****     {
  69:.\Generated_Source\PSoC5/USBUART_1_cls.c ****         case USBUART_1_CLASS_HID:
  70:.\Generated_Source\PSoC5/USBUART_1_cls.c ****             #if defined(USBUART_1_ENABLE_HID_CLASS)
  71:.\Generated_Source\PSoC5/USBUART_1_cls.c ****                 requestHandled = USBUART_1_DispatchHIDClassRqst();
 106              		.loc 1 71 0
 107 008a FFF7FEFF 		bl	USBUART_1_DispatchHIDClassRqst
 108 008e 0346     		mov	r3, r0
 109 0090 FB71     		strb	r3, [r7, #7]
  72:.\Generated_Source\PSoC5/USBUART_1_cls.c ****             #endif /* USBUART_1_ENABLE_HID_CLASS */
  73:.\Generated_Source\PSoC5/USBUART_1_cls.c ****             break;
 110              		.loc 1 73 0
 111 0092 06E0     		b	.L10
 112              	.L8:
  74:.\Generated_Source\PSoC5/USBUART_1_cls.c ****         case USBUART_1_CLASS_AUDIO:
  75:.\Generated_Source\PSoC5/USBUART_1_cls.c ****             #if defined(USBUART_1_ENABLE_AUDIO_CLASS)
  76:.\Generated_Source\PSoC5/USBUART_1_cls.c ****                 requestHandled = USBUART_1_DispatchAUDIOClassRqst();
  77:.\Generated_Source\PSoC5/USBUART_1_cls.c ****             #endif /* USBUART_1_ENABLE_HID_CLASS */
  78:.\Generated_Source\PSoC5/USBUART_1_cls.c ****             break;
  79:.\Generated_Source\PSoC5/USBUART_1_cls.c ****         case USBUART_1_CLASS_CDC:
  80:.\Generated_Source\PSoC5/USBUART_1_cls.c ****             #if defined(USBUART_1_ENABLE_CDC_CLASS)
  81:.\Generated_Source\PSoC5/USBUART_1_cls.c ****                 requestHandled = USBUART_1_DispatchCDCClassRqst();
 113              		.loc 1 81 0
 114 0094 FFF7FEFF 		bl	USBUART_1_DispatchCDCClassRqst
 115 0098 0346     		mov	r3, r0
 116 009a FB71     		strb	r3, [r7, #7]
  82:.\Generated_Source\PSoC5/USBUART_1_cls.c ****             #endif /* USBUART_1_ENABLE_CDC_CLASS */
  83:.\Generated_Source\PSoC5/USBUART_1_cls.c ****             break;
 117              		.loc 1 83 0
 118 009c 01E0     		b	.L10
 119              	.L13:
  84:.\Generated_Source\PSoC5/USBUART_1_cls.c ****         default:    /* requestHandled is initialized as FALSE by default */
  85:.\Generated_Source\PSoC5/USBUART_1_cls.c ****             break;
 120              		.loc 1 85 0
 121 009e 00E0     		b	.L10
 122              	.L14:
  78:.\Generated_Source\PSoC5/USBUART_1_cls.c ****             break;
 123              		.loc 1 78 0
 124 00a0 00BF     		nop
 125              	.L10:
  86:.\Generated_Source\PSoC5/USBUART_1_cls.c ****     }
  87:.\Generated_Source\PSoC5/USBUART_1_cls.c **** 
  88:.\Generated_Source\PSoC5/USBUART_1_cls.c ****     /* `#START USER_DEFINED_CLASS_CODE` Place your Class request here */
  89:.\Generated_Source\PSoC5/USBUART_1_cls.c **** 
  90:.\Generated_Source\PSoC5/USBUART_1_cls.c ****     /* `#END` */
  91:.\Generated_Source\PSoC5/USBUART_1_cls.c **** 
  92:.\Generated_Source\PSoC5/USBUART_1_cls.c ****     return(requestHandled);
 126              		.loc 1 92 0
 127 00a2 FB79     		ldrb	r3, [r7, #7]	@ zero_extendqisi2
  93:.\Generated_Source\PSoC5/USBUART_1_cls.c **** }
 128              		.loc 1 93 0
 129 00a4 1846     		mov	r0, r3
 130 00a6 07F10807 		add	r7, r7, #8
 131 00aa BD46     		mov	sp, r7
 132 00ac 80BD     		pop	{r7, pc}
 133              		.cfi_endproc
ARM GAS  C:\Users\Colin\AppData\Local\Temp\cc3sgpjq.s 			page 5


 134              	.LFE0:
 135              		.size	USBUART_1_DispatchClassRqst, .-USBUART_1_DispatchClassRqst
 136 00ae 00BF     		.text
 137              	.Letext0:
 138              		.file 2 ".\\Generated_Source\\PSoC5\\cytypes.h"
 139              		.file 3 ".\\Generated_Source\\PSoC5\\USBUART_1.h"
 140              		.file 4 ".\\Generated_Source\\PSoC5\\USBUART_1_pvt.h"
 141              		.section	.debug_info,"",%progbits
 142              	.Ldebug_info0:
 143 0000 B5010000 		.4byte	0x1b5
 144 0004 0200     		.2byte	0x2
 145 0006 00000000 		.4byte	.Ldebug_abbrev0
 146 000a 04       		.byte	0x4
 147 000b 01       		.uleb128 0x1
 148 000c 05020000 		.4byte	.LASF30
 149 0010 01       		.byte	0x1
 150 0011 00000000 		.4byte	.LASF31
 151 0015 29000000 		.4byte	.LASF32
 152 0019 00000000 		.4byte	.Ldebug_ranges0+0
 153 001d 00000000 		.4byte	0
 154 0021 00000000 		.4byte	0
 155 0025 00000000 		.4byte	.Ldebug_line0
 156 0029 02       		.uleb128 0x2
 157 002a 01       		.byte	0x1
 158 002b 06       		.byte	0x6
 159 002c 61020000 		.4byte	.LASF0
 160 0030 02       		.uleb128 0x2
 161 0031 01       		.byte	0x1
 162 0032 08       		.byte	0x8
 163 0033 02010000 		.4byte	.LASF1
 164 0037 02       		.uleb128 0x2
 165 0038 02       		.byte	0x2
 166 0039 05       		.byte	0x5
 167 003a F5010000 		.4byte	.LASF2
 168 003e 02       		.uleb128 0x2
 169 003f 02       		.byte	0x2
 170 0040 07       		.byte	0x7
 171 0041 B5000000 		.4byte	.LASF3
 172 0045 02       		.uleb128 0x2
 173 0046 04       		.byte	0x4
 174 0047 05       		.byte	0x5
 175 0048 58020000 		.4byte	.LASF4
 176 004c 02       		.uleb128 0x2
 177 004d 04       		.byte	0x4
 178 004e 07       		.byte	0x7
 179 004f 15010000 		.4byte	.LASF5
 180 0053 02       		.uleb128 0x2
 181 0054 08       		.byte	0x8
 182 0055 05       		.byte	0x5
 183 0056 BE010000 		.4byte	.LASF6
 184 005a 02       		.uleb128 0x2
 185 005b 08       		.byte	0x8
 186 005c 07       		.byte	0x7
 187 005d 8D010000 		.4byte	.LASF7
 188 0061 03       		.uleb128 0x3
 189 0062 04       		.byte	0x4
 190 0063 05       		.byte	0x5
ARM GAS  C:\Users\Colin\AppData\Local\Temp\cc3sgpjq.s 			page 6


 191 0064 696E7400 		.ascii	"int\000"
 192 0068 02       		.uleb128 0x2
 193 0069 04       		.byte	0x4
 194 006a 07       		.byte	0x7
 195 006b 80010000 		.4byte	.LASF8
 196 006f 04       		.uleb128 0x4
 197 0070 FF010000 		.4byte	.LASF9
 198 0074 02       		.byte	0x2
 199 0075 5B       		.byte	0x5b
 200 0076 30000000 		.4byte	0x30
 201 007a 04       		.uleb128 0x4
 202 007b 6E010000 		.4byte	.LASF10
 203 007f 02       		.byte	0x2
 204 0080 5C       		.byte	0x5c
 205 0081 3E000000 		.4byte	0x3e
 206 0085 02       		.uleb128 0x2
 207 0086 04       		.byte	0x4
 208 0087 04       		.byte	0x4
 209 0088 F3000000 		.4byte	.LASF11
 210 008c 02       		.uleb128 0x2
 211 008d 08       		.byte	0x8
 212 008e 04       		.byte	0x4
 213 008f 55010000 		.4byte	.LASF12
 214 0093 02       		.uleb128 0x2
 215 0094 01       		.byte	0x1
 216 0095 08       		.byte	0x8
 217 0096 E5010000 		.4byte	.LASF13
 218 009a 04       		.uleb128 0x4
 219 009b 10010000 		.4byte	.LASF14
 220 009f 02       		.byte	0x2
 221 00a0 F0       		.byte	0xf0
 222 00a1 A5000000 		.4byte	0xa5
 223 00a5 05       		.uleb128 0x5
 224 00a6 6F000000 		.4byte	0x6f
 225 00aa 02       		.uleb128 0x2
 226 00ab 04       		.byte	0x4
 227 00ac 07       		.byte	0x7
 228 00ad AE010000 		.4byte	.LASF15
 229 00b1 06       		.uleb128 0x6
 230 00b2 0C       		.byte	0xc
 231 00b3 03       		.byte	0x3
 232 00b4 77       		.byte	0x77
 233 00b5 38010000 		.4byte	0x138
 234 00b9 07       		.uleb128 0x7
 235 00ba 5C010000 		.4byte	.LASF16
 236 00be 03       		.byte	0x3
 237 00bf 79       		.byte	0x79
 238 00c0 6F000000 		.4byte	0x6f
 239 00c4 02       		.byte	0x2
 240 00c5 23       		.byte	0x23
 241 00c6 00       		.uleb128 0
 242 00c7 07       		.uleb128 0x7
 243 00c8 75010000 		.4byte	.LASF17
 244 00cc 03       		.byte	0x3
 245 00cd 7A       		.byte	0x7a
 246 00ce 6F000000 		.4byte	0x6f
 247 00d2 02       		.byte	0x2
ARM GAS  C:\Users\Colin\AppData\Local\Temp\cc3sgpjq.s 			page 7


 248 00d3 23       		.byte	0x23
 249 00d4 01       		.uleb128 0x1
 250 00d5 07       		.uleb128 0x7
 251 00d6 A4010000 		.4byte	.LASF18
 252 00da 03       		.byte	0x3
 253 00db 7B       		.byte	0x7b
 254 00dc 6F000000 		.4byte	0x6f
 255 00e0 02       		.byte	0x2
 256 00e1 23       		.byte	0x23
 257 00e2 02       		.uleb128 0x2
 258 00e3 07       		.uleb128 0x7
 259 00e4 F9000000 		.4byte	.LASF19
 260 00e8 03       		.byte	0x3
 261 00e9 7C       		.byte	0x7c
 262 00ea 6F000000 		.4byte	0x6f
 263 00ee 02       		.byte	0x2
 264 00ef 23       		.byte	0x23
 265 00f0 03       		.uleb128 0x3
 266 00f1 07       		.uleb128 0x7
 267 00f2 27010000 		.4byte	.LASF20
 268 00f6 03       		.byte	0x3
 269 00f7 7D       		.byte	0x7d
 270 00f8 6F000000 		.4byte	0x6f
 271 00fc 02       		.byte	0x2
 272 00fd 23       		.byte	0x23
 273 00fe 04       		.uleb128 0x4
 274 00ff 07       		.uleb128 0x7
 275 0100 B7010000 		.4byte	.LASF21
 276 0104 03       		.byte	0x3
 277 0105 7E       		.byte	0x7e
 278 0106 6F000000 		.4byte	0x6f
 279 010a 02       		.byte	0x2
 280 010b 23       		.byte	0x23
 281 010c 05       		.uleb128 0x5
 282 010d 07       		.uleb128 0x7
 283 010e 63010000 		.4byte	.LASF22
 284 0112 03       		.byte	0x3
 285 0113 7F       		.byte	0x7f
 286 0114 7A000000 		.4byte	0x7a
 287 0118 02       		.byte	0x2
 288 0119 23       		.byte	0x23
 289 011a 06       		.uleb128 0x6
 290 011b 07       		.uleb128 0x7
 291 011c EA010000 		.4byte	.LASF23
 292 0120 03       		.byte	0x3
 293 0121 80       		.byte	0x80
 294 0122 7A000000 		.4byte	0x7a
 295 0126 02       		.byte	0x2
 296 0127 23       		.byte	0x23
 297 0128 08       		.uleb128 0x8
 298 0129 07       		.uleb128 0x7
 299 012a 4E020000 		.4byte	.LASF24
 300 012e 03       		.byte	0x3
 301 012f 81       		.byte	0x81
 302 0130 6F000000 		.4byte	0x6f
 303 0134 02       		.byte	0x2
 304 0135 23       		.byte	0x23
ARM GAS  C:\Users\Colin\AppData\Local\Temp\cc3sgpjq.s 			page 8


 305 0136 0A       		.uleb128 0xa
 306 0137 00       		.byte	0
 307 0138 04       		.uleb128 0x4
 308 0139 CC010000 		.4byte	.LASF25
 309 013d 03       		.byte	0x3
 310 013e 82       		.byte	0x82
 311 013f B1000000 		.4byte	0xb1
 312 0143 08       		.uleb128 0x8
 313 0144 01       		.byte	0x1
 314 0145 C8000000 		.4byte	.LASF33
 315 0149 01       		.byte	0x1
 316 014a 30       		.byte	0x30
 317 014b 01       		.byte	0x1
 318 014c 6F000000 		.4byte	0x6f
 319 0150 00000000 		.4byte	.LFB0
 320 0154 AE000000 		.4byte	.LFE0
 321 0158 00000000 		.4byte	.LLST0
 322 015c 01       		.byte	0x1
 323 015d 7E010000 		.4byte	0x17e
 324 0161 09       		.uleb128 0x9
 325 0162 E4000000 		.4byte	.LASF26
 326 0166 01       		.byte	0x1
 327 0167 32       		.byte	0x32
 328 0168 6F000000 		.4byte	0x6f
 329 016c 02       		.byte	0x2
 330 016d 91       		.byte	0x91
 331 016e 77       		.sleb128 -9
 332 016f 09       		.uleb128 0x9
 333 0170 45010000 		.4byte	.LASF27
 334 0174 01       		.byte	0x1
 335 0175 33       		.byte	0x33
 336 0176 6F000000 		.4byte	0x6f
 337 017a 02       		.byte	0x2
 338 017b 91       		.byte	0x91
 339 017c 76       		.sleb128 -10
 340 017d 00       		.byte	0
 341 017e 0A       		.uleb128 0xa
 342 017f 2C010000 		.4byte	.LASF28
 343 0183 04       		.byte	0x4
 344 0184 33       		.byte	0x33
 345 0185 8B010000 		.4byte	0x18b
 346 0189 01       		.byte	0x1
 347 018a 01       		.byte	0x1
 348 018b 0B       		.uleb128 0xb
 349 018c 04       		.byte	0x4
 350 018d 91010000 		.4byte	0x191
 351 0191 0C       		.uleb128 0xc
 352 0192 6F000000 		.4byte	0x6f
 353 0196 0D       		.uleb128 0xd
 354 0197 38010000 		.4byte	0x138
 355 019b A6010000 		.4byte	0x1a6
 356 019f 0E       		.uleb128 0xe
 357 01a0 AA000000 		.4byte	0xaa
 358 01a4 08       		.byte	0x8
 359 01a5 00       		.byte	0
 360 01a6 0A       		.uleb128 0xa
 361 01a7 A8000000 		.4byte	.LASF29
ARM GAS  C:\Users\Colin\AppData\Local\Temp\cc3sgpjq.s 			page 9


 362 01ab 04       		.byte	0x4
 363 01ac 35       		.byte	0x35
 364 01ad B3010000 		.4byte	0x1b3
 365 01b1 01       		.byte	0x1
 366 01b2 01       		.byte	0x1
 367 01b3 05       		.uleb128 0x5
 368 01b4 96010000 		.4byte	0x196
 369 01b8 00       		.byte	0
 370              		.section	.debug_abbrev,"",%progbits
 371              	.Ldebug_abbrev0:
 372 0000 01       		.uleb128 0x1
 373 0001 11       		.uleb128 0x11
 374 0002 01       		.byte	0x1
 375 0003 25       		.uleb128 0x25
 376 0004 0E       		.uleb128 0xe
 377 0005 13       		.uleb128 0x13
 378 0006 0B       		.uleb128 0xb
 379 0007 03       		.uleb128 0x3
 380 0008 0E       		.uleb128 0xe
 381 0009 1B       		.uleb128 0x1b
 382 000a 0E       		.uleb128 0xe
 383 000b 55       		.uleb128 0x55
 384 000c 06       		.uleb128 0x6
 385 000d 11       		.uleb128 0x11
 386 000e 01       		.uleb128 0x1
 387 000f 52       		.uleb128 0x52
 388 0010 01       		.uleb128 0x1
 389 0011 10       		.uleb128 0x10
 390 0012 06       		.uleb128 0x6
 391 0013 00       		.byte	0
 392 0014 00       		.byte	0
 393 0015 02       		.uleb128 0x2
 394 0016 24       		.uleb128 0x24
 395 0017 00       		.byte	0
 396 0018 0B       		.uleb128 0xb
 397 0019 0B       		.uleb128 0xb
 398 001a 3E       		.uleb128 0x3e
 399 001b 0B       		.uleb128 0xb
 400 001c 03       		.uleb128 0x3
 401 001d 0E       		.uleb128 0xe
 402 001e 00       		.byte	0
 403 001f 00       		.byte	0
 404 0020 03       		.uleb128 0x3
 405 0021 24       		.uleb128 0x24
 406 0022 00       		.byte	0
 407 0023 0B       		.uleb128 0xb
 408 0024 0B       		.uleb128 0xb
 409 0025 3E       		.uleb128 0x3e
 410 0026 0B       		.uleb128 0xb
 411 0027 03       		.uleb128 0x3
 412 0028 08       		.uleb128 0x8
 413 0029 00       		.byte	0
 414 002a 00       		.byte	0
 415 002b 04       		.uleb128 0x4
 416 002c 16       		.uleb128 0x16
 417 002d 00       		.byte	0
 418 002e 03       		.uleb128 0x3
ARM GAS  C:\Users\Colin\AppData\Local\Temp\cc3sgpjq.s 			page 10


 419 002f 0E       		.uleb128 0xe
 420 0030 3A       		.uleb128 0x3a
 421 0031 0B       		.uleb128 0xb
 422 0032 3B       		.uleb128 0x3b
 423 0033 0B       		.uleb128 0xb
 424 0034 49       		.uleb128 0x49
 425 0035 13       		.uleb128 0x13
 426 0036 00       		.byte	0
 427 0037 00       		.byte	0
 428 0038 05       		.uleb128 0x5
 429 0039 35       		.uleb128 0x35
 430 003a 00       		.byte	0
 431 003b 49       		.uleb128 0x49
 432 003c 13       		.uleb128 0x13
 433 003d 00       		.byte	0
 434 003e 00       		.byte	0
 435 003f 06       		.uleb128 0x6
 436 0040 13       		.uleb128 0x13
 437 0041 01       		.byte	0x1
 438 0042 0B       		.uleb128 0xb
 439 0043 0B       		.uleb128 0xb
 440 0044 3A       		.uleb128 0x3a
 441 0045 0B       		.uleb128 0xb
 442 0046 3B       		.uleb128 0x3b
 443 0047 0B       		.uleb128 0xb
 444 0048 01       		.uleb128 0x1
 445 0049 13       		.uleb128 0x13
 446 004a 00       		.byte	0
 447 004b 00       		.byte	0
 448 004c 07       		.uleb128 0x7
 449 004d 0D       		.uleb128 0xd
 450 004e 00       		.byte	0
 451 004f 03       		.uleb128 0x3
 452 0050 0E       		.uleb128 0xe
 453 0051 3A       		.uleb128 0x3a
 454 0052 0B       		.uleb128 0xb
 455 0053 3B       		.uleb128 0x3b
 456 0054 0B       		.uleb128 0xb
 457 0055 49       		.uleb128 0x49
 458 0056 13       		.uleb128 0x13
 459 0057 38       		.uleb128 0x38
 460 0058 0A       		.uleb128 0xa
 461 0059 00       		.byte	0
 462 005a 00       		.byte	0
 463 005b 08       		.uleb128 0x8
 464 005c 2E       		.uleb128 0x2e
 465 005d 01       		.byte	0x1
 466 005e 3F       		.uleb128 0x3f
 467 005f 0C       		.uleb128 0xc
 468 0060 03       		.uleb128 0x3
 469 0061 0E       		.uleb128 0xe
 470 0062 3A       		.uleb128 0x3a
 471 0063 0B       		.uleb128 0xb
 472 0064 3B       		.uleb128 0x3b
 473 0065 0B       		.uleb128 0xb
 474 0066 27       		.uleb128 0x27
 475 0067 0C       		.uleb128 0xc
ARM GAS  C:\Users\Colin\AppData\Local\Temp\cc3sgpjq.s 			page 11


 476 0068 49       		.uleb128 0x49
 477 0069 13       		.uleb128 0x13
 478 006a 11       		.uleb128 0x11
 479 006b 01       		.uleb128 0x1
 480 006c 12       		.uleb128 0x12
 481 006d 01       		.uleb128 0x1
 482 006e 40       		.uleb128 0x40
 483 006f 06       		.uleb128 0x6
 484 0070 9642     		.uleb128 0x2116
 485 0072 0C       		.uleb128 0xc
 486 0073 01       		.uleb128 0x1
 487 0074 13       		.uleb128 0x13
 488 0075 00       		.byte	0
 489 0076 00       		.byte	0
 490 0077 09       		.uleb128 0x9
 491 0078 34       		.uleb128 0x34
 492 0079 00       		.byte	0
 493 007a 03       		.uleb128 0x3
 494 007b 0E       		.uleb128 0xe
 495 007c 3A       		.uleb128 0x3a
 496 007d 0B       		.uleb128 0xb
 497 007e 3B       		.uleb128 0x3b
 498 007f 0B       		.uleb128 0xb
 499 0080 49       		.uleb128 0x49
 500 0081 13       		.uleb128 0x13
 501 0082 02       		.uleb128 0x2
 502 0083 0A       		.uleb128 0xa
 503 0084 00       		.byte	0
 504 0085 00       		.byte	0
 505 0086 0A       		.uleb128 0xa
 506 0087 34       		.uleb128 0x34
 507 0088 00       		.byte	0
 508 0089 03       		.uleb128 0x3
 509 008a 0E       		.uleb128 0xe
 510 008b 3A       		.uleb128 0x3a
 511 008c 0B       		.uleb128 0xb
 512 008d 3B       		.uleb128 0x3b
 513 008e 0B       		.uleb128 0xb
 514 008f 49       		.uleb128 0x49
 515 0090 13       		.uleb128 0x13
 516 0091 3F       		.uleb128 0x3f
 517 0092 0C       		.uleb128 0xc
 518 0093 3C       		.uleb128 0x3c
 519 0094 0C       		.uleb128 0xc
 520 0095 00       		.byte	0
 521 0096 00       		.byte	0
 522 0097 0B       		.uleb128 0xb
 523 0098 0F       		.uleb128 0xf
 524 0099 00       		.byte	0
 525 009a 0B       		.uleb128 0xb
 526 009b 0B       		.uleb128 0xb
 527 009c 49       		.uleb128 0x49
 528 009d 13       		.uleb128 0x13
 529 009e 00       		.byte	0
 530 009f 00       		.byte	0
 531 00a0 0C       		.uleb128 0xc
 532 00a1 26       		.uleb128 0x26
ARM GAS  C:\Users\Colin\AppData\Local\Temp\cc3sgpjq.s 			page 12


 533 00a2 00       		.byte	0
 534 00a3 49       		.uleb128 0x49
 535 00a4 13       		.uleb128 0x13
 536 00a5 00       		.byte	0
 537 00a6 00       		.byte	0
 538 00a7 0D       		.uleb128 0xd
 539 00a8 01       		.uleb128 0x1
 540 00a9 01       		.byte	0x1
 541 00aa 49       		.uleb128 0x49
 542 00ab 13       		.uleb128 0x13
 543 00ac 01       		.uleb128 0x1
 544 00ad 13       		.uleb128 0x13
 545 00ae 00       		.byte	0
 546 00af 00       		.byte	0
 547 00b0 0E       		.uleb128 0xe
 548 00b1 21       		.uleb128 0x21
 549 00b2 00       		.byte	0
 550 00b3 49       		.uleb128 0x49
 551 00b4 13       		.uleb128 0x13
 552 00b5 2F       		.uleb128 0x2f
 553 00b6 0B       		.uleb128 0xb
 554 00b7 00       		.byte	0
 555 00b8 00       		.byte	0
 556 00b9 00       		.byte	0
 557              		.section	.debug_loc,"",%progbits
 558              	.Ldebug_loc0:
 559              	.LLST0:
 560 0000 00000000 		.4byte	.LFB0
 561 0004 02000000 		.4byte	.LCFI0
 562 0008 0200     		.2byte	0x2
 563 000a 7D       		.byte	0x7d
 564 000b 00       		.sleb128 0
 565 000c 02000000 		.4byte	.LCFI0
 566 0010 04000000 		.4byte	.LCFI1
 567 0014 0200     		.2byte	0x2
 568 0016 7D       		.byte	0x7d
 569 0017 08       		.sleb128 8
 570 0018 04000000 		.4byte	.LCFI1
 571 001c 06000000 		.4byte	.LCFI2
 572 0020 0200     		.2byte	0x2
 573 0022 7D       		.byte	0x7d
 574 0023 10       		.sleb128 16
 575 0024 06000000 		.4byte	.LCFI2
 576 0028 AE000000 		.4byte	.LFE0
 577 002c 0200     		.2byte	0x2
 578 002e 77       		.byte	0x77
 579 002f 10       		.sleb128 16
 580 0030 00000000 		.4byte	0
 581 0034 00000000 		.4byte	0
 582              		.section	.debug_aranges,"",%progbits
 583 0000 1C000000 		.4byte	0x1c
 584 0004 0200     		.2byte	0x2
 585 0006 00000000 		.4byte	.Ldebug_info0
 586 000a 04       		.byte	0x4
 587 000b 00       		.byte	0
 588 000c 0000     		.2byte	0
 589 000e 0000     		.2byte	0
ARM GAS  C:\Users\Colin\AppData\Local\Temp\cc3sgpjq.s 			page 13


 590 0010 00000000 		.4byte	.LFB0
 591 0014 AE000000 		.4byte	.LFE0-.LFB0
 592 0018 00000000 		.4byte	0
 593 001c 00000000 		.4byte	0
 594              		.section	.debug_ranges,"",%progbits
 595              	.Ldebug_ranges0:
 596 0000 00000000 		.4byte	.LFB0
 597 0004 AE000000 		.4byte	.LFE0
 598 0008 00000000 		.4byte	0
 599 000c 00000000 		.4byte	0
 600              		.section	.debug_line,"",%progbits
 601              	.Ldebug_line0:
 602 0000 99000000 		.section	.debug_str,"MS",%progbits,1
 602      02006E00 
 602      00000201 
 602      FB0E0D00 
 602      01010101 
 603              	.LASF31:
 604 0000 2E5C4765 		.ascii	".\\Generated_Source\\PSoC5\\USBUART_1_cls.c\000"
 604      6E657261 
 604      7465645F 
 604      536F7572 
 604      63655C50 
 605              	.LASF32:
 606 0029 433A5C55 		.ascii	"C:\\Users\\Colin\\Dropbox\\Grad School\\Spring 2014"
 606      73657273 
 606      5C436F6C 
 606      696E5C44 
 606      726F7062 
 607 0057 5C4D4520 		.ascii	"\\ME 235\\Code\\USB_UART01\\Final_PSoC_Code\\USB_UA"
 607      3233355C 
 607      436F6465 
 607      5C555342 
 607      5F554152 
 608 0085 52543031 		.ascii	"RT01-000.Bundle01\\USB_UART01.cydsn\000"
 608      2D303030 
 608      2E42756E 
 608      646C6530 
 608      315C5553 
 609              	.LASF29:
 610 00a8 55534255 		.ascii	"USBUART_1_EP\000"
 610      4152545F 
 610      315F4550 
 610      00
 611              	.LASF3:
 612 00b5 73686F72 		.ascii	"short unsigned int\000"
 612      7420756E 
 612      7369676E 
 612      65642069 
 612      6E7400
 613              	.LASF33:
 614 00c8 55534255 		.ascii	"USBUART_1_DispatchClassRqst\000"
 614      4152545F 
 614      315F4469 
 614      73706174 
 614      6368436C 
 615              	.LASF26:
ARM GAS  C:\Users\Colin\AppData\Local\Temp\cc3sgpjq.s 			page 14


 616 00e4 72657175 		.ascii	"requestHandled\000"
 616      65737448 
 616      616E646C 
 616      656400
 617              	.LASF11:
 618 00f3 666C6F61 		.ascii	"float\000"
 618      7400
 619              	.LASF19:
 620 00f9 6570546F 		.ascii	"epToggle\000"
 620      67676C65 
 620      00
 621              	.LASF1:
 622 0102 756E7369 		.ascii	"unsigned char\000"
 622      676E6564 
 622      20636861 
 622      7200
 623              	.LASF14:
 624 0110 72656738 		.ascii	"reg8\000"
 624      00
 625              	.LASF5:
 626 0115 6C6F6E67 		.ascii	"long unsigned int\000"
 626      20756E73 
 626      69676E65 
 626      6420696E 
 626      7400
 627              	.LASF20:
 628 0127 61646472 		.ascii	"addr\000"
 628      00
 629              	.LASF28:
 630 012c 55534255 		.ascii	"USBUART_1_interfaceClass\000"
 630      4152545F 
 630      315F696E 
 630      74657266 
 630      61636543 
 631              	.LASF27:
 632 0145 696E7465 		.ascii	"interfaceNumber\000"
 632      72666163 
 632      654E756D 
 632      62657200 
 633              	.LASF12:
 634 0155 646F7562 		.ascii	"double\000"
 634      6C6500
 635              	.LASF16:
 636 015c 61747472 		.ascii	"attrib\000"
 636      696200
 637              	.LASF22:
 638 0163 62756666 		.ascii	"buffOffset\000"
 638      4F666673 
 638      657400
 639              	.LASF10:
 640 016e 75696E74 		.ascii	"uint16\000"
 640      313600
 641              	.LASF17:
 642 0175 61706945 		.ascii	"apiEpState\000"
 642      70537461 
 642      746500
 643              	.LASF8:
ARM GAS  C:\Users\Colin\AppData\Local\Temp\cc3sgpjq.s 			page 15


 644 0180 756E7369 		.ascii	"unsigned int\000"
 644      676E6564 
 644      20696E74 
 644      00
 645              	.LASF7:
 646 018d 6C6F6E67 		.ascii	"long long unsigned int\000"
 646      206C6F6E 
 646      6720756E 
 646      7369676E 
 646      65642069 
 647              	.LASF18:
 648 01a4 68774570 		.ascii	"hwEpState\000"
 648      53746174 
 648      6500
 649              	.LASF15:
 650 01ae 73697A65 		.ascii	"sizetype\000"
 650      74797065 
 650      00
 651              	.LASF21:
 652 01b7 65704D6F 		.ascii	"epMode\000"
 652      646500
 653              	.LASF6:
 654 01be 6C6F6E67 		.ascii	"long long int\000"
 654      206C6F6E 
 654      6720696E 
 654      7400
 655              	.LASF25:
 656 01cc 545F5553 		.ascii	"T_USBUART_1_EP_CTL_BLOCK\000"
 656      42554152 
 656      545F315F 
 656      45505F43 
 656      544C5F42 
 657              	.LASF13:
 658 01e5 63686172 		.ascii	"char\000"
 658      00
 659              	.LASF23:
 660 01ea 62756666 		.ascii	"bufferSize\000"
 660      65725369 
 660      7A6500
 661              	.LASF2:
 662 01f5 73686F72 		.ascii	"short int\000"
 662      7420696E 
 662      7400
 663              	.LASF9:
 664 01ff 75696E74 		.ascii	"uint8\000"
 664      3800
 665              	.LASF30:
 666 0205 474E5520 		.ascii	"GNU C 4.7.3 20130312 (release) [ARM/embedded-4_7-br"
 666      4320342E 
 666      372E3320 
 666      32303133 
 666      30333132 
 667 0238 616E6368 		.ascii	"anch revision 196615]\000"
 667      20726576 
 667      6973696F 
 667      6E203139 
 667      36363135 
ARM GAS  C:\Users\Colin\AppData\Local\Temp\cc3sgpjq.s 			page 16


 668              	.LASF24:
 669 024e 696E7465 		.ascii	"interface\000"
 669      72666163 
 669      6500
 670              	.LASF4:
 671 0258 6C6F6E67 		.ascii	"long int\000"
 671      20696E74 
 671      00
 672              	.LASF0:
 673 0261 7369676E 		.ascii	"signed char\000"
 673      65642063 
 673      68617200 
 674              		.ident	"GCC: (GNU Tools for ARM Embedded Processors) 4.7.3 20130312 (release) [ARM/embedded-4_7-br
