ARM GAS  C:\Users\Colin\AppData\Local\Temp\cc7yixwM.s 			page 1


   1              		.syntax unified
   2              		.cpu cortex-m3
   3              		.fpu softvfp
   4              		.eabi_attribute 20, 1
   5              		.eabi_attribute 21, 1
   6              		.eabi_attribute 23, 3
   7              		.eabi_attribute 24, 1
   8              		.eabi_attribute 25, 1
   9              		.eabi_attribute 26, 1
  10              		.eabi_attribute 30, 6
  11              		.eabi_attribute 34, 1
  12              		.eabi_attribute 18, 4
  13              		.thumb
  14              		.file	"USBUART_1_episr.c"
  15              		.text
  16              	.Ltext0:
  17              		.cfi_sections	.debug_frame
  18              		.section	.text.USBUART_1_EP_1_ISR,"ax",%progbits
  19              		.align	2
  20              		.global	USBUART_1_EP_1_ISR
  21              		.thumb
  22              		.thumb_func
  23              		.type	USBUART_1_EP_1_ISR, %function
  24              	USBUART_1_EP_1_ISR:
  25              	.LFB0:
  26              		.file 1 ".\\Generated_Source\\PSoC5\\USBUART_1_episr.c"
   1:.\Generated_Source\PSoC5/USBUART_1_episr.c **** /*******************************************************************************
   2:.\Generated_Source\PSoC5/USBUART_1_episr.c **** * File Name: USBUART_1_episr.c
   3:.\Generated_Source\PSoC5/USBUART_1_episr.c **** * Version 2.60
   4:.\Generated_Source\PSoC5/USBUART_1_episr.c **** *
   5:.\Generated_Source\PSoC5/USBUART_1_episr.c **** * Description:
   6:.\Generated_Source\PSoC5/USBUART_1_episr.c **** *  Data endpoint Interrupt Service Routines
   7:.\Generated_Source\PSoC5/USBUART_1_episr.c **** *
   8:.\Generated_Source\PSoC5/USBUART_1_episr.c **** * Note:
   9:.\Generated_Source\PSoC5/USBUART_1_episr.c **** *
  10:.\Generated_Source\PSoC5/USBUART_1_episr.c **** ********************************************************************************
  11:.\Generated_Source\PSoC5/USBUART_1_episr.c **** * Copyright 2008-2013, Cypress Semiconductor Corporation.  All rights reserved.
  12:.\Generated_Source\PSoC5/USBUART_1_episr.c **** * You may use this file only in accordance with the license, terms, conditions,
  13:.\Generated_Source\PSoC5/USBUART_1_episr.c **** * disclaimers, and limitations in the end user license agreement accompanying
  14:.\Generated_Source\PSoC5/USBUART_1_episr.c **** * the software package with which this file was provided.
  15:.\Generated_Source\PSoC5/USBUART_1_episr.c **** *******************************************************************************/
  16:.\Generated_Source\PSoC5/USBUART_1_episr.c **** 
  17:.\Generated_Source\PSoC5/USBUART_1_episr.c **** #include "USBUART_1.h"
  18:.\Generated_Source\PSoC5/USBUART_1_episr.c **** #include "USBUART_1_pvt.h"
  19:.\Generated_Source\PSoC5/USBUART_1_episr.c **** #if defined(USBUART_1_ENABLE_MIDI_STREAMING) && (USBUART_1_ENABLE_MIDI_API != 0u)
  20:.\Generated_Source\PSoC5/USBUART_1_episr.c ****     #include "USBUART_1_midi.h"
  21:.\Generated_Source\PSoC5/USBUART_1_episr.c **** #endif /* End USBUART_1_ENABLE_MIDI_STREAMING*/
  22:.\Generated_Source\PSoC5/USBUART_1_episr.c **** 
  23:.\Generated_Source\PSoC5/USBUART_1_episr.c **** 
  24:.\Generated_Source\PSoC5/USBUART_1_episr.c **** /***************************************
  25:.\Generated_Source\PSoC5/USBUART_1_episr.c **** * Custom Declarations
  26:.\Generated_Source\PSoC5/USBUART_1_episr.c **** ***************************************/
  27:.\Generated_Source\PSoC5/USBUART_1_episr.c **** /* `#START CUSTOM_DECLARATIONS` Place your declaration here */
  28:.\Generated_Source\PSoC5/USBUART_1_episr.c **** 
  29:.\Generated_Source\PSoC5/USBUART_1_episr.c **** /* `#END` */
  30:.\Generated_Source\PSoC5/USBUART_1_episr.c **** 
  31:.\Generated_Source\PSoC5/USBUART_1_episr.c **** 
ARM GAS  C:\Users\Colin\AppData\Local\Temp\cc7yixwM.s 			page 2


  32:.\Generated_Source\PSoC5/USBUART_1_episr.c **** #if(USBUART_1_EP1_ISR_REMOVE == 0u)
  33:.\Generated_Source\PSoC5/USBUART_1_episr.c **** 
  34:.\Generated_Source\PSoC5/USBUART_1_episr.c **** 
  35:.\Generated_Source\PSoC5/USBUART_1_episr.c ****     /******************************************************************************
  36:.\Generated_Source\PSoC5/USBUART_1_episr.c ****     * Function Name: USBUART_1_EP_1_ISR
  37:.\Generated_Source\PSoC5/USBUART_1_episr.c ****     *******************************************************************************
  38:.\Generated_Source\PSoC5/USBUART_1_episr.c ****     *
  39:.\Generated_Source\PSoC5/USBUART_1_episr.c ****     * Summary:
  40:.\Generated_Source\PSoC5/USBUART_1_episr.c ****     *  Endpoint 1 Interrupt Service Routine
  41:.\Generated_Source\PSoC5/USBUART_1_episr.c ****     *
  42:.\Generated_Source\PSoC5/USBUART_1_episr.c ****     * Parameters:
  43:.\Generated_Source\PSoC5/USBUART_1_episr.c ****     *  None.
  44:.\Generated_Source\PSoC5/USBUART_1_episr.c ****     *
  45:.\Generated_Source\PSoC5/USBUART_1_episr.c ****     * Return:
  46:.\Generated_Source\PSoC5/USBUART_1_episr.c ****     *  None.
  47:.\Generated_Source\PSoC5/USBUART_1_episr.c ****     *
  48:.\Generated_Source\PSoC5/USBUART_1_episr.c ****     ******************************************************************************/
  49:.\Generated_Source\PSoC5/USBUART_1_episr.c ****     CY_ISR(USBUART_1_EP_1_ISR)
  50:.\Generated_Source\PSoC5/USBUART_1_episr.c ****     {
  27              		.loc 1 50 0
  28              		.cfi_startproc
  29              		@ args = 0, pretend = 0, frame = 0
  30              		@ frame_needed = 1, uses_anonymous_args = 0
  31              		@ link register save eliminated.
  32 0000 80B4     		push	{r7}
  33              	.LCFI0:
  34              		.cfi_def_cfa_offset 4
  35              		.cfi_offset 7, -4
  36 0002 00AF     		add	r7, sp, #0
  37              	.LCFI1:
  38              		.cfi_def_cfa_register 7
  51:.\Generated_Source\PSoC5/USBUART_1_episr.c ****         #if (defined(USBUART_1_ENABLE_MIDI_STREAMING) && USBUART_1_ISR_SERVICE_MIDI_OUT && CY_PSOC3
  52:.\Generated_Source\PSoC5/USBUART_1_episr.c ****             uint8 int_en;
  53:.\Generated_Source\PSoC5/USBUART_1_episr.c ****         #endif /* USBUART_1_ISR_SERVICE_MIDI_OUT && CY_PSOC3 */
  54:.\Generated_Source\PSoC5/USBUART_1_episr.c **** 
  55:.\Generated_Source\PSoC5/USBUART_1_episr.c ****         /* `#START EP1_USER_CODE` Place your code here */
  56:.\Generated_Source\PSoC5/USBUART_1_episr.c **** 
  57:.\Generated_Source\PSoC5/USBUART_1_episr.c ****         /* `#END` */
  58:.\Generated_Source\PSoC5/USBUART_1_episr.c **** 
  59:.\Generated_Source\PSoC5/USBUART_1_episr.c ****         #if (defined(USBUART_1_ENABLE_MIDI_STREAMING) && USBUART_1_ISR_SERVICE_MIDI_OUT && CY_PSOC3
  60:.\Generated_Source\PSoC5/USBUART_1_episr.c ****             int_en = EA;
  61:.\Generated_Source\PSoC5/USBUART_1_episr.c ****             CyGlobalIntEnable;  /* Make sure nested interrupt is enabled */
  62:.\Generated_Source\PSoC5/USBUART_1_episr.c ****         #endif /* USBUART_1_ISR_SERVICE_MIDI_OUT && CY_PSOC3 */
  63:.\Generated_Source\PSoC5/USBUART_1_episr.c **** 
  64:.\Generated_Source\PSoC5/USBUART_1_episr.c ****         CY_GET_REG8(USBUART_1_SIE_EP1_CR0_PTR); /* Must read the mode reg */
  39              		.loc 1 64 0
  40 0004 46F20E03 		movw	r3, #24590
  41 0008 C4F20003 		movt	r3, 16384
  42 000c 1B78     		ldrb	r3, [r3, #0]
  65:.\Generated_Source\PSoC5/USBUART_1_episr.c ****         /* Do not toggle ISOC endpoint */
  66:.\Generated_Source\PSoC5/USBUART_1_episr.c ****         if((USBUART_1_EP[USBUART_1_EP1].attrib & USBUART_1_EP_TYPE_MASK) !=
  43              		.loc 1 66 0
  44 000e 40F20003 		movw	r3, #:lower16:USBUART_1_EP
  45 0012 C0F20003 		movt	r3, #:upper16:USBUART_1_EP
  46 0016 1B7B     		ldrb	r3, [r3, #12]
  47 0018 DBB2     		uxtb	r3, r3
  48 001a 03F00303 		and	r3, r3, #3
ARM GAS  C:\Users\Colin\AppData\Local\Temp\cc7yixwM.s 			page 3


  49 001e 012B     		cmp	r3, #1
  50 0020 0FD0     		beq	.L2
  67:.\Generated_Source\PSoC5/USBUART_1_episr.c ****                                                                                     USBUART_1_EP_TY
  68:.\Generated_Source\PSoC5/USBUART_1_episr.c ****         {
  69:.\Generated_Source\PSoC5/USBUART_1_episr.c ****             USBUART_1_EP[USBUART_1_EP1].epToggle ^= USBUART_1_EPX_CNT_DATA_TOGGLE;
  51              		.loc 1 69 0
  52 0022 40F20003 		movw	r3, #:lower16:USBUART_1_EP
  53 0026 C0F20003 		movt	r3, #:upper16:USBUART_1_EP
  54 002a DB7B     		ldrb	r3, [r3, #15]
  55 002c DBB2     		uxtb	r3, r3
  56 002e 83F07F03 		eor	r3, r3, #127
  57 0032 6FEA0303 		mvn	r3, r3
  58 0036 DAB2     		uxtb	r2, r3
  59 0038 40F20003 		movw	r3, #:lower16:USBUART_1_EP
  60 003c C0F20003 		movt	r3, #:upper16:USBUART_1_EP
  61 0040 DA73     		strb	r2, [r3, #15]
  62              	.L2:
  70:.\Generated_Source\PSoC5/USBUART_1_episr.c ****         }
  71:.\Generated_Source\PSoC5/USBUART_1_episr.c ****         USBUART_1_EP[USBUART_1_EP1].apiEpState = USBUART_1_EVENT_PENDING;
  63              		.loc 1 71 0
  64 0042 40F20003 		movw	r3, #:lower16:USBUART_1_EP
  65 0046 C0F20003 		movt	r3, #:upper16:USBUART_1_EP
  66 004a 4FF00102 		mov	r2, #1
  67 004e 5A73     		strb	r2, [r3, #13]
  72:.\Generated_Source\PSoC5/USBUART_1_episr.c ****         CY_SET_REG8(USBUART_1_SIE_EP_INT_SR_PTR, CY_GET_REG8(USBUART_1_SIE_EP_INT_SR_PTR) &
  68              		.loc 1 72 0
  69 0050 46F20B03 		movw	r3, #24587
  70 0054 C4F20003 		movt	r3, 16384
  71 0058 46F20B02 		movw	r2, #24587
  72 005c C4F20002 		movt	r2, 16384
  73 0060 1278     		ldrb	r2, [r2, #0]
  74 0062 D2B2     		uxtb	r2, r2
  75 0064 22F00102 		bic	r2, r2, #1
  76 0068 D2B2     		uxtb	r2, r2
  77 006a 1A70     		strb	r2, [r3, #0]
  73:.\Generated_Source\PSoC5/USBUART_1_episr.c ****                                                                     (uint8)~USBUART_1_SIE_EP_INT_EP
  74:.\Generated_Source\PSoC5/USBUART_1_episr.c **** 
  75:.\Generated_Source\PSoC5/USBUART_1_episr.c ****         #if( defined(USBUART_1_ENABLE_MIDI_STREAMING) && USBUART_1_ISR_SERVICE_MIDI_OUT )
  76:.\Generated_Source\PSoC5/USBUART_1_episr.c ****             if(USBUART_1_midi_out_ep == USBUART_1_EP1)
  77:.\Generated_Source\PSoC5/USBUART_1_episr.c ****             {
  78:.\Generated_Source\PSoC5/USBUART_1_episr.c ****                 USBUART_1_MIDI_OUT_EP_Service();
  79:.\Generated_Source\PSoC5/USBUART_1_episr.c ****             }
  80:.\Generated_Source\PSoC5/USBUART_1_episr.c ****         #endif /* End USBUART_1_ISR_SERVICE_MIDI_OUT */
  81:.\Generated_Source\PSoC5/USBUART_1_episr.c **** 
  82:.\Generated_Source\PSoC5/USBUART_1_episr.c ****         /* `#START EP1_END_USER_CODE` Place your code here */
  83:.\Generated_Source\PSoC5/USBUART_1_episr.c **** 
  84:.\Generated_Source\PSoC5/USBUART_1_episr.c ****         /* `#END` */
  85:.\Generated_Source\PSoC5/USBUART_1_episr.c **** 
  86:.\Generated_Source\PSoC5/USBUART_1_episr.c ****         #if ( defined(USBUART_1_ENABLE_MIDI_STREAMING) && USBUART_1_ISR_SERVICE_MIDI_OUT && CY_PSOC
  87:.\Generated_Source\PSoC5/USBUART_1_episr.c ****             EA = int_en;
  88:.\Generated_Source\PSoC5/USBUART_1_episr.c ****         #endif /* USBUART_1_ISR_SERVICE_MIDI_OUT && CY_PSOC3 */
  89:.\Generated_Source\PSoC5/USBUART_1_episr.c ****     }
  78              		.loc 1 89 0
  79 006c BD46     		mov	sp, r7
  80 006e 80BC     		pop	{r7}
  81 0070 7047     		bx	lr
  82              		.cfi_endproc
ARM GAS  C:\Users\Colin\AppData\Local\Temp\cc7yixwM.s 			page 4


  83              	.LFE0:
  84              		.size	USBUART_1_EP_1_ISR, .-USBUART_1_EP_1_ISR
  85 0072 00BF     		.section	.text.USBUART_1_EP_2_ISR,"ax",%progbits
  86              		.align	2
  87              		.global	USBUART_1_EP_2_ISR
  88              		.thumb
  89              		.thumb_func
  90              		.type	USBUART_1_EP_2_ISR, %function
  91              	USBUART_1_EP_2_ISR:
  92              	.LFB1:
  90:.\Generated_Source\PSoC5/USBUART_1_episr.c **** 
  91:.\Generated_Source\PSoC5/USBUART_1_episr.c **** #endif   /* End USBUART_1_EP1_ISR_REMOVE */
  92:.\Generated_Source\PSoC5/USBUART_1_episr.c **** 
  93:.\Generated_Source\PSoC5/USBUART_1_episr.c **** 
  94:.\Generated_Source\PSoC5/USBUART_1_episr.c **** #if(USBUART_1_EP2_ISR_REMOVE == 0u)
  95:.\Generated_Source\PSoC5/USBUART_1_episr.c **** 
  96:.\Generated_Source\PSoC5/USBUART_1_episr.c ****     /*******************************************************************************
  97:.\Generated_Source\PSoC5/USBUART_1_episr.c ****     * Function Name: USBUART_1_EP_2_ISR
  98:.\Generated_Source\PSoC5/USBUART_1_episr.c ****     ********************************************************************************
  99:.\Generated_Source\PSoC5/USBUART_1_episr.c ****     *
 100:.\Generated_Source\PSoC5/USBUART_1_episr.c ****     * Summary:
 101:.\Generated_Source\PSoC5/USBUART_1_episr.c ****     *  Endpoint 2 Interrupt Service Routine
 102:.\Generated_Source\PSoC5/USBUART_1_episr.c ****     *
 103:.\Generated_Source\PSoC5/USBUART_1_episr.c ****     * Parameters:
 104:.\Generated_Source\PSoC5/USBUART_1_episr.c ****     *  None.
 105:.\Generated_Source\PSoC5/USBUART_1_episr.c ****     *
 106:.\Generated_Source\PSoC5/USBUART_1_episr.c ****     * Return:
 107:.\Generated_Source\PSoC5/USBUART_1_episr.c ****     *  None.
 108:.\Generated_Source\PSoC5/USBUART_1_episr.c ****     *
 109:.\Generated_Source\PSoC5/USBUART_1_episr.c ****     *******************************************************************************/
 110:.\Generated_Source\PSoC5/USBUART_1_episr.c ****     CY_ISR(USBUART_1_EP_2_ISR)
 111:.\Generated_Source\PSoC5/USBUART_1_episr.c ****     {
  93              		.loc 1 111 0
  94              		.cfi_startproc
  95              		@ args = 0, pretend = 0, frame = 0
  96              		@ frame_needed = 1, uses_anonymous_args = 0
  97              		@ link register save eliminated.
  98 0000 80B4     		push	{r7}
  99              	.LCFI2:
 100              		.cfi_def_cfa_offset 4
 101              		.cfi_offset 7, -4
 102 0002 00AF     		add	r7, sp, #0
 103              	.LCFI3:
 104              		.cfi_def_cfa_register 7
 112:.\Generated_Source\PSoC5/USBUART_1_episr.c ****         #if (defined(USBUART_1_ENABLE_MIDI_STREAMING) && USBUART_1_ISR_SERVICE_MIDI_OUT && CY_PSOC3
 113:.\Generated_Source\PSoC5/USBUART_1_episr.c ****             uint8 int_en;
 114:.\Generated_Source\PSoC5/USBUART_1_episr.c ****         #endif /* USBUART_1_ISR_SERVICE_MIDI_OUT && CY_PSOC3 */
 115:.\Generated_Source\PSoC5/USBUART_1_episr.c **** 
 116:.\Generated_Source\PSoC5/USBUART_1_episr.c ****         /* `#START EP2_USER_CODE` Place your code here */
 117:.\Generated_Source\PSoC5/USBUART_1_episr.c **** 
 118:.\Generated_Source\PSoC5/USBUART_1_episr.c ****         /* `#END` */
 119:.\Generated_Source\PSoC5/USBUART_1_episr.c **** 
 120:.\Generated_Source\PSoC5/USBUART_1_episr.c ****         #if (defined(USBUART_1_ENABLE_MIDI_STREAMING) && USBUART_1_ISR_SERVICE_MIDI_OUT && CY_PSOC3
 121:.\Generated_Source\PSoC5/USBUART_1_episr.c ****             int_en = EA;
 122:.\Generated_Source\PSoC5/USBUART_1_episr.c ****             CyGlobalIntEnable;  /* Make sure nested interrupt is enabled */
 123:.\Generated_Source\PSoC5/USBUART_1_episr.c ****         #endif /* USBUART_1_ISR_SERVICE_MIDI_OUT && CY_PSOC3 */
 124:.\Generated_Source\PSoC5/USBUART_1_episr.c **** 
ARM GAS  C:\Users\Colin\AppData\Local\Temp\cc7yixwM.s 			page 5


 125:.\Generated_Source\PSoC5/USBUART_1_episr.c ****         CY_GET_REG8(USBUART_1_SIE_EP2_CR0_PTR); /* Must read the mode reg */
 105              		.loc 1 125 0
 106 0004 46F21E03 		movw	r3, #24606
 107 0008 C4F20003 		movt	r3, 16384
 108 000c 1B78     		ldrb	r3, [r3, #0]
 126:.\Generated_Source\PSoC5/USBUART_1_episr.c ****         /* Do not toggle ISOC endpoint */
 127:.\Generated_Source\PSoC5/USBUART_1_episr.c ****         if((USBUART_1_EP[USBUART_1_EP2].attrib & USBUART_1_EP_TYPE_MASK) !=
 109              		.loc 1 127 0
 110 000e 40F20003 		movw	r3, #:lower16:USBUART_1_EP
 111 0012 C0F20003 		movt	r3, #:upper16:USBUART_1_EP
 112 0016 1B7E     		ldrb	r3, [r3, #24]
 113 0018 DBB2     		uxtb	r3, r3
 114 001a 03F00303 		and	r3, r3, #3
 115 001e 012B     		cmp	r3, #1
 116 0020 0FD0     		beq	.L4
 128:.\Generated_Source\PSoC5/USBUART_1_episr.c ****                                                                                     USBUART_1_EP_TY
 129:.\Generated_Source\PSoC5/USBUART_1_episr.c ****         {
 130:.\Generated_Source\PSoC5/USBUART_1_episr.c ****             USBUART_1_EP[USBUART_1_EP2].epToggle ^= USBUART_1_EPX_CNT_DATA_TOGGLE;
 117              		.loc 1 130 0
 118 0022 40F20003 		movw	r3, #:lower16:USBUART_1_EP
 119 0026 C0F20003 		movt	r3, #:upper16:USBUART_1_EP
 120 002a DB7E     		ldrb	r3, [r3, #27]
 121 002c DBB2     		uxtb	r3, r3
 122 002e 83F07F03 		eor	r3, r3, #127
 123 0032 6FEA0303 		mvn	r3, r3
 124 0036 DAB2     		uxtb	r2, r3
 125 0038 40F20003 		movw	r3, #:lower16:USBUART_1_EP
 126 003c C0F20003 		movt	r3, #:upper16:USBUART_1_EP
 127 0040 DA76     		strb	r2, [r3, #27]
 128              	.L4:
 131:.\Generated_Source\PSoC5/USBUART_1_episr.c ****         }
 132:.\Generated_Source\PSoC5/USBUART_1_episr.c ****         USBUART_1_EP[USBUART_1_EP2].apiEpState = USBUART_1_EVENT_PENDING;
 129              		.loc 1 132 0
 130 0042 40F20003 		movw	r3, #:lower16:USBUART_1_EP
 131 0046 C0F20003 		movt	r3, #:upper16:USBUART_1_EP
 132 004a 4FF00102 		mov	r2, #1
 133 004e 5A76     		strb	r2, [r3, #25]
 133:.\Generated_Source\PSoC5/USBUART_1_episr.c ****         CY_SET_REG8(USBUART_1_SIE_EP_INT_SR_PTR, CY_GET_REG8(USBUART_1_SIE_EP_INT_SR_PTR)
 134              		.loc 1 133 0
 135 0050 46F20B03 		movw	r3, #24587
 136 0054 C4F20003 		movt	r3, 16384
 137 0058 46F20B02 		movw	r2, #24587
 138 005c C4F20002 		movt	r2, 16384
 139 0060 1278     		ldrb	r2, [r2, #0]
 140 0062 D2B2     		uxtb	r2, r2
 141 0064 22F00202 		bic	r2, r2, #2
 142 0068 D2B2     		uxtb	r2, r2
 143 006a 1A70     		strb	r2, [r3, #0]
 134:.\Generated_Source\PSoC5/USBUART_1_episr.c ****                                                                         & (uint8)~USBUART_1_SIE_EP_
 135:.\Generated_Source\PSoC5/USBUART_1_episr.c **** 
 136:.\Generated_Source\PSoC5/USBUART_1_episr.c ****         #if( defined(USBUART_1_ENABLE_MIDI_STREAMING) && USBUART_1_ISR_SERVICE_MIDI_OUT )
 137:.\Generated_Source\PSoC5/USBUART_1_episr.c ****             if(USBUART_1_midi_out_ep == USBUART_1_EP2)
 138:.\Generated_Source\PSoC5/USBUART_1_episr.c ****             {
 139:.\Generated_Source\PSoC5/USBUART_1_episr.c ****                 USBUART_1_MIDI_OUT_EP_Service();
 140:.\Generated_Source\PSoC5/USBUART_1_episr.c ****             }
 141:.\Generated_Source\PSoC5/USBUART_1_episr.c ****         #endif /* End USBUART_1_ISR_SERVICE_MIDI_OUT */
 142:.\Generated_Source\PSoC5/USBUART_1_episr.c **** 
ARM GAS  C:\Users\Colin\AppData\Local\Temp\cc7yixwM.s 			page 6


 143:.\Generated_Source\PSoC5/USBUART_1_episr.c ****         /* `#START EP2_END_USER_CODE` Place your code here */
 144:.\Generated_Source\PSoC5/USBUART_1_episr.c **** 
 145:.\Generated_Source\PSoC5/USBUART_1_episr.c ****         /* `#END` */
 146:.\Generated_Source\PSoC5/USBUART_1_episr.c **** 
 147:.\Generated_Source\PSoC5/USBUART_1_episr.c ****         #if (defined(USBUART_1_ENABLE_MIDI_STREAMING) && USBUART_1_ISR_SERVICE_MIDI_OUT && CY_PSOC3
 148:.\Generated_Source\PSoC5/USBUART_1_episr.c ****             EA = int_en;
 149:.\Generated_Source\PSoC5/USBUART_1_episr.c ****         #endif /* USBUART_1_ISR_SERVICE_MIDI_OUT && CY_PSOC3 */
 150:.\Generated_Source\PSoC5/USBUART_1_episr.c ****     }
 144              		.loc 1 150 0
 145 006c BD46     		mov	sp, r7
 146 006e 80BC     		pop	{r7}
 147 0070 7047     		bx	lr
 148              		.cfi_endproc
 149              	.LFE1:
 150              		.size	USBUART_1_EP_2_ISR, .-USBUART_1_EP_2_ISR
 151 0072 00BF     		.section	.text.USBUART_1_EP_3_ISR,"ax",%progbits
 152              		.align	2
 153              		.global	USBUART_1_EP_3_ISR
 154              		.thumb
 155              		.thumb_func
 156              		.type	USBUART_1_EP_3_ISR, %function
 157              	USBUART_1_EP_3_ISR:
 158              	.LFB2:
 151:.\Generated_Source\PSoC5/USBUART_1_episr.c **** 
 152:.\Generated_Source\PSoC5/USBUART_1_episr.c **** #endif   /* End USBUART_1_EP2_ISR_REMOVE */
 153:.\Generated_Source\PSoC5/USBUART_1_episr.c **** 
 154:.\Generated_Source\PSoC5/USBUART_1_episr.c **** 
 155:.\Generated_Source\PSoC5/USBUART_1_episr.c **** #if(USBUART_1_EP3_ISR_REMOVE == 0u)
 156:.\Generated_Source\PSoC5/USBUART_1_episr.c **** 
 157:.\Generated_Source\PSoC5/USBUART_1_episr.c ****     /*******************************************************************************
 158:.\Generated_Source\PSoC5/USBUART_1_episr.c ****     * Function Name: USBUART_1_EP_3_ISR
 159:.\Generated_Source\PSoC5/USBUART_1_episr.c ****     ********************************************************************************
 160:.\Generated_Source\PSoC5/USBUART_1_episr.c ****     *
 161:.\Generated_Source\PSoC5/USBUART_1_episr.c ****     * Summary:
 162:.\Generated_Source\PSoC5/USBUART_1_episr.c ****     *  Endpoint 3 Interrupt Service Routine
 163:.\Generated_Source\PSoC5/USBUART_1_episr.c ****     *
 164:.\Generated_Source\PSoC5/USBUART_1_episr.c ****     * Parameters:
 165:.\Generated_Source\PSoC5/USBUART_1_episr.c ****     *  None.
 166:.\Generated_Source\PSoC5/USBUART_1_episr.c ****     *
 167:.\Generated_Source\PSoC5/USBUART_1_episr.c ****     * Return:
 168:.\Generated_Source\PSoC5/USBUART_1_episr.c ****     *  None.
 169:.\Generated_Source\PSoC5/USBUART_1_episr.c ****     *
 170:.\Generated_Source\PSoC5/USBUART_1_episr.c ****     *******************************************************************************/
 171:.\Generated_Source\PSoC5/USBUART_1_episr.c ****     CY_ISR(USBUART_1_EP_3_ISR)
 172:.\Generated_Source\PSoC5/USBUART_1_episr.c ****     {
 159              		.loc 1 172 0
 160              		.cfi_startproc
 161              		@ args = 0, pretend = 0, frame = 0
 162              		@ frame_needed = 1, uses_anonymous_args = 0
 163              		@ link register save eliminated.
 164 0000 80B4     		push	{r7}
 165              	.LCFI4:
 166              		.cfi_def_cfa_offset 4
 167              		.cfi_offset 7, -4
 168 0002 00AF     		add	r7, sp, #0
 169              	.LCFI5:
 170              		.cfi_def_cfa_register 7
ARM GAS  C:\Users\Colin\AppData\Local\Temp\cc7yixwM.s 			page 7


 173:.\Generated_Source\PSoC5/USBUART_1_episr.c ****         #if (defined(USBUART_1_ENABLE_MIDI_STREAMING) && USBUART_1_ISR_SERVICE_MIDI_OUT && CY_PSOC3
 174:.\Generated_Source\PSoC5/USBUART_1_episr.c ****             uint8 int_en;
 175:.\Generated_Source\PSoC5/USBUART_1_episr.c ****         #endif /* USBUART_1_ISR_SERVICE_MIDI_OUT && CY_PSOC3 */
 176:.\Generated_Source\PSoC5/USBUART_1_episr.c **** 
 177:.\Generated_Source\PSoC5/USBUART_1_episr.c ****         /* `#START EP3_USER_CODE` Place your code here */
 178:.\Generated_Source\PSoC5/USBUART_1_episr.c **** 
 179:.\Generated_Source\PSoC5/USBUART_1_episr.c ****         /* `#END` */
 180:.\Generated_Source\PSoC5/USBUART_1_episr.c **** 
 181:.\Generated_Source\PSoC5/USBUART_1_episr.c ****         #if (defined(USBUART_1_ENABLE_MIDI_STREAMING) && USBUART_1_ISR_SERVICE_MIDI_OUT && CY_PSOC3
 182:.\Generated_Source\PSoC5/USBUART_1_episr.c ****             int_en = EA;
 183:.\Generated_Source\PSoC5/USBUART_1_episr.c ****             CyGlobalIntEnable;  /* Make sure nested interrupt is enabled */
 184:.\Generated_Source\PSoC5/USBUART_1_episr.c ****         #endif /* CY_PSOC3 & USBUART_1_ISR_SERVICE_MIDI_OUT  */
 185:.\Generated_Source\PSoC5/USBUART_1_episr.c **** 
 186:.\Generated_Source\PSoC5/USBUART_1_episr.c ****         CY_GET_REG8(USBUART_1_SIE_EP3_CR0_PTR); /* Must read the mode reg */
 171              		.loc 1 186 0
 172 0004 46F22E03 		movw	r3, #24622
 173 0008 C4F20003 		movt	r3, 16384
 174 000c 1B78     		ldrb	r3, [r3, #0]
 187:.\Generated_Source\PSoC5/USBUART_1_episr.c ****         /* Do not toggle ISOC endpoint */
 188:.\Generated_Source\PSoC5/USBUART_1_episr.c ****         if((USBUART_1_EP[USBUART_1_EP3].attrib & USBUART_1_EP_TYPE_MASK) !=
 175              		.loc 1 188 0
 176 000e 40F20003 		movw	r3, #:lower16:USBUART_1_EP
 177 0012 C0F20003 		movt	r3, #:upper16:USBUART_1_EP
 178 0016 93F82430 		ldrb	r3, [r3, #36]
 179 001a DBB2     		uxtb	r3, r3
 180 001c 03F00303 		and	r3, r3, #3
 181 0020 012B     		cmp	r3, #1
 182 0022 11D0     		beq	.L6
 189:.\Generated_Source\PSoC5/USBUART_1_episr.c ****                                                                                     USBUART_1_EP_TY
 190:.\Generated_Source\PSoC5/USBUART_1_episr.c ****         {
 191:.\Generated_Source\PSoC5/USBUART_1_episr.c ****             USBUART_1_EP[USBUART_1_EP3].epToggle ^= USBUART_1_EPX_CNT_DATA_TOGGLE;
 183              		.loc 1 191 0
 184 0024 40F20003 		movw	r3, #:lower16:USBUART_1_EP
 185 0028 C0F20003 		movt	r3, #:upper16:USBUART_1_EP
 186 002c 93F82730 		ldrb	r3, [r3, #39]
 187 0030 DBB2     		uxtb	r3, r3
 188 0032 83F07F03 		eor	r3, r3, #127
 189 0036 6FEA0303 		mvn	r3, r3
 190 003a DAB2     		uxtb	r2, r3
 191 003c 40F20003 		movw	r3, #:lower16:USBUART_1_EP
 192 0040 C0F20003 		movt	r3, #:upper16:USBUART_1_EP
 193 0044 83F82720 		strb	r2, [r3, #39]
 194              	.L6:
 192:.\Generated_Source\PSoC5/USBUART_1_episr.c ****         }
 193:.\Generated_Source\PSoC5/USBUART_1_episr.c ****         USBUART_1_EP[USBUART_1_EP3].apiEpState = USBUART_1_EVENT_PENDING;
 195              		.loc 1 193 0
 196 0048 40F20003 		movw	r3, #:lower16:USBUART_1_EP
 197 004c C0F20003 		movt	r3, #:upper16:USBUART_1_EP
 198 0050 4FF00102 		mov	r2, #1
 199 0054 83F82520 		strb	r2, [r3, #37]
 194:.\Generated_Source\PSoC5/USBUART_1_episr.c ****         CY_SET_REG8(USBUART_1_SIE_EP_INT_SR_PTR, CY_GET_REG8(USBUART_1_SIE_EP_INT_SR_PTR)
 200              		.loc 1 194 0
 201 0058 46F20B03 		movw	r3, #24587
 202 005c C4F20003 		movt	r3, 16384
 203 0060 46F20B02 		movw	r2, #24587
 204 0064 C4F20002 		movt	r2, 16384
 205 0068 1278     		ldrb	r2, [r2, #0]
ARM GAS  C:\Users\Colin\AppData\Local\Temp\cc7yixwM.s 			page 8


 206 006a D2B2     		uxtb	r2, r2
 207 006c 22F00402 		bic	r2, r2, #4
 208 0070 D2B2     		uxtb	r2, r2
 209 0072 1A70     		strb	r2, [r3, #0]
 195:.\Generated_Source\PSoC5/USBUART_1_episr.c ****                                                                         & (uint8)~USBUART_1_SIE_EP_
 196:.\Generated_Source\PSoC5/USBUART_1_episr.c **** 
 197:.\Generated_Source\PSoC5/USBUART_1_episr.c ****         #if (defined(USBUART_1_ENABLE_MIDI_STREAMING) && USBUART_1_ISR_SERVICE_MIDI_OUT)
 198:.\Generated_Source\PSoC5/USBUART_1_episr.c ****             if(USBUART_1_midi_out_ep == USBUART_1_EP3)
 199:.\Generated_Source\PSoC5/USBUART_1_episr.c ****             {
 200:.\Generated_Source\PSoC5/USBUART_1_episr.c ****                 USBUART_1_MIDI_OUT_EP_Service();
 201:.\Generated_Source\PSoC5/USBUART_1_episr.c ****             }
 202:.\Generated_Source\PSoC5/USBUART_1_episr.c ****         #endif /* End USBUART_1_ISR_SERVICE_MIDI_OUT */
 203:.\Generated_Source\PSoC5/USBUART_1_episr.c **** 
 204:.\Generated_Source\PSoC5/USBUART_1_episr.c ****         /* `#START EP3_END_USER_CODE` Place your code here */
 205:.\Generated_Source\PSoC5/USBUART_1_episr.c **** 
 206:.\Generated_Source\PSoC5/USBUART_1_episr.c ****         /* `#END` */
 207:.\Generated_Source\PSoC5/USBUART_1_episr.c **** 
 208:.\Generated_Source\PSoC5/USBUART_1_episr.c ****         #if (defined(USBUART_1_ENABLE_MIDI_STREAMING) && USBUART_1_ISR_SERVICE_MIDI_OUT && CY_PSOC3
 209:.\Generated_Source\PSoC5/USBUART_1_episr.c ****             EA = int_en;
 210:.\Generated_Source\PSoC5/USBUART_1_episr.c ****         #endif /* CY_PSOC3 & USBUART_1_ISR_SERVICE_MIDI_OUT  */
 211:.\Generated_Source\PSoC5/USBUART_1_episr.c ****     }
 210              		.loc 1 211 0
 211 0074 BD46     		mov	sp, r7
 212 0076 80BC     		pop	{r7}
 213 0078 7047     		bx	lr
 214              		.cfi_endproc
 215              	.LFE2:
 216              		.size	USBUART_1_EP_3_ISR, .-USBUART_1_EP_3_ISR
 217 007a 00BF     		.section	.text.USBUART_1_SOF_ISR,"ax",%progbits
 218              		.align	2
 219              		.global	USBUART_1_SOF_ISR
 220              		.thumb
 221              		.thumb_func
 222              		.type	USBUART_1_SOF_ISR, %function
 223              	USBUART_1_SOF_ISR:
 224              	.LFB3:
 212:.\Generated_Source\PSoC5/USBUART_1_episr.c **** 
 213:.\Generated_Source\PSoC5/USBUART_1_episr.c **** #endif   /* End USBUART_1_EP3_ISR_REMOVE */
 214:.\Generated_Source\PSoC5/USBUART_1_episr.c **** 
 215:.\Generated_Source\PSoC5/USBUART_1_episr.c **** 
 216:.\Generated_Source\PSoC5/USBUART_1_episr.c **** #if(USBUART_1_EP4_ISR_REMOVE == 0u)
 217:.\Generated_Source\PSoC5/USBUART_1_episr.c **** 
 218:.\Generated_Source\PSoC5/USBUART_1_episr.c ****     /*******************************************************************************
 219:.\Generated_Source\PSoC5/USBUART_1_episr.c ****     * Function Name: USBUART_1_EP_4_ISR
 220:.\Generated_Source\PSoC5/USBUART_1_episr.c ****     ********************************************************************************
 221:.\Generated_Source\PSoC5/USBUART_1_episr.c ****     *
 222:.\Generated_Source\PSoC5/USBUART_1_episr.c ****     * Summary:
 223:.\Generated_Source\PSoC5/USBUART_1_episr.c ****     *  Endpoint 4 Interrupt Service Routine
 224:.\Generated_Source\PSoC5/USBUART_1_episr.c ****     *
 225:.\Generated_Source\PSoC5/USBUART_1_episr.c ****     * Parameters:
 226:.\Generated_Source\PSoC5/USBUART_1_episr.c ****     *  None.
 227:.\Generated_Source\PSoC5/USBUART_1_episr.c ****     *
 228:.\Generated_Source\PSoC5/USBUART_1_episr.c ****     * Return:
 229:.\Generated_Source\PSoC5/USBUART_1_episr.c ****     *  None.
 230:.\Generated_Source\PSoC5/USBUART_1_episr.c ****     *
 231:.\Generated_Source\PSoC5/USBUART_1_episr.c ****     *******************************************************************************/
 232:.\Generated_Source\PSoC5/USBUART_1_episr.c ****     CY_ISR(USBUART_1_EP_4_ISR)
ARM GAS  C:\Users\Colin\AppData\Local\Temp\cc7yixwM.s 			page 9


 233:.\Generated_Source\PSoC5/USBUART_1_episr.c ****     {
 234:.\Generated_Source\PSoC5/USBUART_1_episr.c ****         #if (defined(USBUART_1_ENABLE_MIDI_STREAMING) && USBUART_1_ISR_SERVICE_MIDI_OUT && CY_PSOC3
 235:.\Generated_Source\PSoC5/USBUART_1_episr.c ****             uint8 int_en;
 236:.\Generated_Source\PSoC5/USBUART_1_episr.c ****         #endif /* CY_PSOC3 & USBUART_1_ISR_SERVICE_MIDI_OUT  */
 237:.\Generated_Source\PSoC5/USBUART_1_episr.c **** 
 238:.\Generated_Source\PSoC5/USBUART_1_episr.c ****         /* `#START EP4_USER_CODE` Place your code here */
 239:.\Generated_Source\PSoC5/USBUART_1_episr.c **** 
 240:.\Generated_Source\PSoC5/USBUART_1_episr.c ****         /* `#END` */
 241:.\Generated_Source\PSoC5/USBUART_1_episr.c **** 
 242:.\Generated_Source\PSoC5/USBUART_1_episr.c ****         #if (defined(USBUART_1_ENABLE_MIDI_STREAMING) && USBUART_1_ISR_SERVICE_MIDI_OUT && CY_PSOC3
 243:.\Generated_Source\PSoC5/USBUART_1_episr.c ****             int_en = EA;
 244:.\Generated_Source\PSoC5/USBUART_1_episr.c ****             CyGlobalIntEnable;  /* Make sure nested interrupt is enabled */
 245:.\Generated_Source\PSoC5/USBUART_1_episr.c ****         #endif /* CY_PSOC3 & USBUART_1_ISR_SERVICE_MIDI_OUT  */
 246:.\Generated_Source\PSoC5/USBUART_1_episr.c **** 
 247:.\Generated_Source\PSoC5/USBUART_1_episr.c ****         CY_GET_REG8(USBUART_1_SIE_EP4_CR0_PTR); /* Must read the mode reg */
 248:.\Generated_Source\PSoC5/USBUART_1_episr.c ****         /* Do not toggle ISOC endpoint */
 249:.\Generated_Source\PSoC5/USBUART_1_episr.c ****         if((USBUART_1_EP[USBUART_1_EP4].attrib & USBUART_1_EP_TYPE_MASK) !=
 250:.\Generated_Source\PSoC5/USBUART_1_episr.c ****                                                                                     USBUART_1_EP_TY
 251:.\Generated_Source\PSoC5/USBUART_1_episr.c ****         {
 252:.\Generated_Source\PSoC5/USBUART_1_episr.c ****             USBUART_1_EP[USBUART_1_EP4].epToggle ^= USBUART_1_EPX_CNT_DATA_TOGGLE;
 253:.\Generated_Source\PSoC5/USBUART_1_episr.c ****         }
 254:.\Generated_Source\PSoC5/USBUART_1_episr.c ****         USBUART_1_EP[USBUART_1_EP4].apiEpState = USBUART_1_EVENT_PENDING;
 255:.\Generated_Source\PSoC5/USBUART_1_episr.c ****         CY_SET_REG8(USBUART_1_SIE_EP_INT_SR_PTR, CY_GET_REG8(USBUART_1_SIE_EP_INT_SR_PTR)
 256:.\Generated_Source\PSoC5/USBUART_1_episr.c ****                                                                         & (uint8)~USBUART_1_SIE_EP_
 257:.\Generated_Source\PSoC5/USBUART_1_episr.c **** 
 258:.\Generated_Source\PSoC5/USBUART_1_episr.c ****         #if (defined(USBUART_1_ENABLE_MIDI_STREAMING) && USBUART_1_ISR_SERVICE_MIDI_OUT)
 259:.\Generated_Source\PSoC5/USBUART_1_episr.c ****             if(USBUART_1_midi_out_ep == USBUART_1_EP4)
 260:.\Generated_Source\PSoC5/USBUART_1_episr.c ****             {
 261:.\Generated_Source\PSoC5/USBUART_1_episr.c ****                 USBUART_1_MIDI_OUT_EP_Service();
 262:.\Generated_Source\PSoC5/USBUART_1_episr.c ****             }
 263:.\Generated_Source\PSoC5/USBUART_1_episr.c ****         #endif /* End USBUART_1_ISR_SERVICE_MIDI_OUT */
 264:.\Generated_Source\PSoC5/USBUART_1_episr.c **** 
 265:.\Generated_Source\PSoC5/USBUART_1_episr.c ****         /* `#START EP4_END_USER_CODE` Place your code here */
 266:.\Generated_Source\PSoC5/USBUART_1_episr.c **** 
 267:.\Generated_Source\PSoC5/USBUART_1_episr.c ****         /* `#END` */
 268:.\Generated_Source\PSoC5/USBUART_1_episr.c **** 
 269:.\Generated_Source\PSoC5/USBUART_1_episr.c ****         #if (defined(USBUART_1_ENABLE_MIDI_STREAMING) && USBUART_1_ISR_SERVICE_MIDI_OUT && CY_PSOC3
 270:.\Generated_Source\PSoC5/USBUART_1_episr.c ****             EA = int_en;
 271:.\Generated_Source\PSoC5/USBUART_1_episr.c ****         #endif /* CY_PSOC3 & USBUART_1_ISR_SERVICE_MIDI_OUT  */
 272:.\Generated_Source\PSoC5/USBUART_1_episr.c ****     }
 273:.\Generated_Source\PSoC5/USBUART_1_episr.c **** 
 274:.\Generated_Source\PSoC5/USBUART_1_episr.c **** #endif   /* End USBUART_1_EP4_ISR_REMOVE */
 275:.\Generated_Source\PSoC5/USBUART_1_episr.c **** 
 276:.\Generated_Source\PSoC5/USBUART_1_episr.c **** 
 277:.\Generated_Source\PSoC5/USBUART_1_episr.c **** #if(USBUART_1_EP5_ISR_REMOVE == 0u)
 278:.\Generated_Source\PSoC5/USBUART_1_episr.c **** 
 279:.\Generated_Source\PSoC5/USBUART_1_episr.c ****     /*******************************************************************************
 280:.\Generated_Source\PSoC5/USBUART_1_episr.c ****     * Function Name: USBUART_1_EP_5_ISR
 281:.\Generated_Source\PSoC5/USBUART_1_episr.c ****     ********************************************************************************
 282:.\Generated_Source\PSoC5/USBUART_1_episr.c ****     *
 283:.\Generated_Source\PSoC5/USBUART_1_episr.c ****     * Summary:
 284:.\Generated_Source\PSoC5/USBUART_1_episr.c ****     *  Endpoint 5 Interrupt Service Routine
 285:.\Generated_Source\PSoC5/USBUART_1_episr.c ****     *
 286:.\Generated_Source\PSoC5/USBUART_1_episr.c ****     * Parameters:
 287:.\Generated_Source\PSoC5/USBUART_1_episr.c ****     *  None.
 288:.\Generated_Source\PSoC5/USBUART_1_episr.c ****     *
 289:.\Generated_Source\PSoC5/USBUART_1_episr.c ****     * Return:
ARM GAS  C:\Users\Colin\AppData\Local\Temp\cc7yixwM.s 			page 10


 290:.\Generated_Source\PSoC5/USBUART_1_episr.c ****     *  None.
 291:.\Generated_Source\PSoC5/USBUART_1_episr.c ****     *
 292:.\Generated_Source\PSoC5/USBUART_1_episr.c ****     *******************************************************************************/
 293:.\Generated_Source\PSoC5/USBUART_1_episr.c ****     CY_ISR(USBUART_1_EP_5_ISR)
 294:.\Generated_Source\PSoC5/USBUART_1_episr.c ****     {
 295:.\Generated_Source\PSoC5/USBUART_1_episr.c ****         #if (defined(USBUART_1_ENABLE_MIDI_STREAMING) && USBUART_1_ISR_SERVICE_MIDI_OUT && CY_PSOC3
 296:.\Generated_Source\PSoC5/USBUART_1_episr.c ****             uint8 int_en;
 297:.\Generated_Source\PSoC5/USBUART_1_episr.c ****         #endif /* CY_PSOC3 & USBUART_1_ISR_SERVICE_MIDI_OUT  */
 298:.\Generated_Source\PSoC5/USBUART_1_episr.c **** 
 299:.\Generated_Source\PSoC5/USBUART_1_episr.c ****         /* `#START EP5_USER_CODE` Place your code here */
 300:.\Generated_Source\PSoC5/USBUART_1_episr.c **** 
 301:.\Generated_Source\PSoC5/USBUART_1_episr.c ****         /* `#END` */
 302:.\Generated_Source\PSoC5/USBUART_1_episr.c **** 
 303:.\Generated_Source\PSoC5/USBUART_1_episr.c ****         #if (defined(USBUART_1_ENABLE_MIDI_STREAMING) && USBUART_1_ISR_SERVICE_MIDI_OUT && CY_PSOC3
 304:.\Generated_Source\PSoC5/USBUART_1_episr.c ****             int_en = EA;
 305:.\Generated_Source\PSoC5/USBUART_1_episr.c ****             CyGlobalIntEnable;  /* Make sure nested interrupt is enabled */
 306:.\Generated_Source\PSoC5/USBUART_1_episr.c ****         #endif /* CY_PSOC3 & USBUART_1_ISR_SERVICE_MIDI_OUT  */
 307:.\Generated_Source\PSoC5/USBUART_1_episr.c **** 
 308:.\Generated_Source\PSoC5/USBUART_1_episr.c ****         CY_GET_REG8(USBUART_1_SIE_EP5_CR0_PTR); /* Must read the mode reg */
 309:.\Generated_Source\PSoC5/USBUART_1_episr.c ****         /* Do not toggle ISOC endpoint */
 310:.\Generated_Source\PSoC5/USBUART_1_episr.c ****         if((USBUART_1_EP[USBUART_1_EP5].attrib & USBUART_1_EP_TYPE_MASK) !=
 311:.\Generated_Source\PSoC5/USBUART_1_episr.c ****                                                                                     USBUART_1_EP_TY
 312:.\Generated_Source\PSoC5/USBUART_1_episr.c ****         {
 313:.\Generated_Source\PSoC5/USBUART_1_episr.c ****             USBUART_1_EP[USBUART_1_EP5].epToggle ^= USBUART_1_EPX_CNT_DATA_TOGGLE;
 314:.\Generated_Source\PSoC5/USBUART_1_episr.c ****         }
 315:.\Generated_Source\PSoC5/USBUART_1_episr.c ****         USBUART_1_EP[USBUART_1_EP5].apiEpState = USBUART_1_EVENT_PENDING;
 316:.\Generated_Source\PSoC5/USBUART_1_episr.c ****         CY_SET_REG8(USBUART_1_SIE_EP_INT_SR_PTR, CY_GET_REG8(USBUART_1_SIE_EP_INT_SR_PTR)
 317:.\Generated_Source\PSoC5/USBUART_1_episr.c ****                                                                         & (uint8)~USBUART_1_SIE_EP_
 318:.\Generated_Source\PSoC5/USBUART_1_episr.c **** 
 319:.\Generated_Source\PSoC5/USBUART_1_episr.c ****         #if (defined(USBUART_1_ENABLE_MIDI_STREAMING) && USBUART_1_ISR_SERVICE_MIDI_OUT)
 320:.\Generated_Source\PSoC5/USBUART_1_episr.c ****             if(USBUART_1_midi_out_ep == USBUART_1_EP5)
 321:.\Generated_Source\PSoC5/USBUART_1_episr.c ****             {
 322:.\Generated_Source\PSoC5/USBUART_1_episr.c ****                 USBUART_1_MIDI_OUT_EP_Service();
 323:.\Generated_Source\PSoC5/USBUART_1_episr.c ****             }
 324:.\Generated_Source\PSoC5/USBUART_1_episr.c ****         #endif /* End USBUART_1_ISR_SERVICE_MIDI_OUT */
 325:.\Generated_Source\PSoC5/USBUART_1_episr.c **** 
 326:.\Generated_Source\PSoC5/USBUART_1_episr.c ****         /* `#START EP5_END_USER_CODE` Place your code here */
 327:.\Generated_Source\PSoC5/USBUART_1_episr.c **** 
 328:.\Generated_Source\PSoC5/USBUART_1_episr.c ****         /* `#END` */
 329:.\Generated_Source\PSoC5/USBUART_1_episr.c **** 
 330:.\Generated_Source\PSoC5/USBUART_1_episr.c ****         #if (defined(USBUART_1_ENABLE_MIDI_STREAMING) && USBUART_1_ISR_SERVICE_MIDI_OUT && CY_PSOC3
 331:.\Generated_Source\PSoC5/USBUART_1_episr.c ****             EA = int_en;
 332:.\Generated_Source\PSoC5/USBUART_1_episr.c ****         #endif /* CY_PSOC3 & USBUART_1_ISR_SERVICE_MIDI_OUT  */
 333:.\Generated_Source\PSoC5/USBUART_1_episr.c ****     }
 334:.\Generated_Source\PSoC5/USBUART_1_episr.c **** #endif   /* End USBUART_1_EP5_ISR_REMOVE */
 335:.\Generated_Source\PSoC5/USBUART_1_episr.c **** 
 336:.\Generated_Source\PSoC5/USBUART_1_episr.c **** 
 337:.\Generated_Source\PSoC5/USBUART_1_episr.c **** #if(USBUART_1_EP6_ISR_REMOVE == 0u)
 338:.\Generated_Source\PSoC5/USBUART_1_episr.c **** 
 339:.\Generated_Source\PSoC5/USBUART_1_episr.c ****     /*******************************************************************************
 340:.\Generated_Source\PSoC5/USBUART_1_episr.c ****     * Function Name: USBUART_1_EP_6_ISR
 341:.\Generated_Source\PSoC5/USBUART_1_episr.c ****     ********************************************************************************
 342:.\Generated_Source\PSoC5/USBUART_1_episr.c ****     *
 343:.\Generated_Source\PSoC5/USBUART_1_episr.c ****     * Summary:
 344:.\Generated_Source\PSoC5/USBUART_1_episr.c ****     *  Endpoint 6 Interrupt Service Routine
 345:.\Generated_Source\PSoC5/USBUART_1_episr.c ****     *
 346:.\Generated_Source\PSoC5/USBUART_1_episr.c ****     * Parameters:
ARM GAS  C:\Users\Colin\AppData\Local\Temp\cc7yixwM.s 			page 11


 347:.\Generated_Source\PSoC5/USBUART_1_episr.c ****     *  None.
 348:.\Generated_Source\PSoC5/USBUART_1_episr.c ****     *
 349:.\Generated_Source\PSoC5/USBUART_1_episr.c ****     * Return:
 350:.\Generated_Source\PSoC5/USBUART_1_episr.c ****     *  None.
 351:.\Generated_Source\PSoC5/USBUART_1_episr.c ****     *
 352:.\Generated_Source\PSoC5/USBUART_1_episr.c ****     *******************************************************************************/
 353:.\Generated_Source\PSoC5/USBUART_1_episr.c ****     CY_ISR(USBUART_1_EP_6_ISR)
 354:.\Generated_Source\PSoC5/USBUART_1_episr.c ****     {
 355:.\Generated_Source\PSoC5/USBUART_1_episr.c ****         #if (defined(USBUART_1_ENABLE_MIDI_STREAMING) && USBUART_1_ISR_SERVICE_MIDI_OUT && CY_PSOC3
 356:.\Generated_Source\PSoC5/USBUART_1_episr.c ****             uint8 int_en;
 357:.\Generated_Source\PSoC5/USBUART_1_episr.c ****         #endif /* CY_PSOC3 & USBUART_1_ISR_SERVICE_MIDI_OUT  */
 358:.\Generated_Source\PSoC5/USBUART_1_episr.c **** 
 359:.\Generated_Source\PSoC5/USBUART_1_episr.c ****         /* `#START EP6_USER_CODE` Place your code here */
 360:.\Generated_Source\PSoC5/USBUART_1_episr.c **** 
 361:.\Generated_Source\PSoC5/USBUART_1_episr.c ****         /* `#END` */
 362:.\Generated_Source\PSoC5/USBUART_1_episr.c **** 
 363:.\Generated_Source\PSoC5/USBUART_1_episr.c ****         #if (defined(USBUART_1_ENABLE_MIDI_STREAMING) && USBUART_1_ISR_SERVICE_MIDI_OUT && CY_PSOC3
 364:.\Generated_Source\PSoC5/USBUART_1_episr.c ****             int_en = EA;
 365:.\Generated_Source\PSoC5/USBUART_1_episr.c ****             CyGlobalIntEnable;  /* Make sure nested interrupt is enabled */
 366:.\Generated_Source\PSoC5/USBUART_1_episr.c ****         #endif /* CY_PSOC3 & USBUART_1_ISR_SERVICE_MIDI_OUT  */
 367:.\Generated_Source\PSoC5/USBUART_1_episr.c **** 
 368:.\Generated_Source\PSoC5/USBUART_1_episr.c ****         CY_GET_REG8(USBUART_1_SIE_EP6_CR0_PTR); /* Must read the mode reg */
 369:.\Generated_Source\PSoC5/USBUART_1_episr.c ****         /* Do not toggle ISOC endpoint */
 370:.\Generated_Source\PSoC5/USBUART_1_episr.c ****         if((USBUART_1_EP[USBUART_1_EP6].attrib & USBUART_1_EP_TYPE_MASK) !=
 371:.\Generated_Source\PSoC5/USBUART_1_episr.c ****                                                                                     USBUART_1_EP_TY
 372:.\Generated_Source\PSoC5/USBUART_1_episr.c ****         {
 373:.\Generated_Source\PSoC5/USBUART_1_episr.c ****             USBUART_1_EP[USBUART_1_EP6].epToggle ^= USBUART_1_EPX_CNT_DATA_TOGGLE;
 374:.\Generated_Source\PSoC5/USBUART_1_episr.c ****         }
 375:.\Generated_Source\PSoC5/USBUART_1_episr.c ****         USBUART_1_EP[USBUART_1_EP6].apiEpState = USBUART_1_EVENT_PENDING;
 376:.\Generated_Source\PSoC5/USBUART_1_episr.c ****         CY_SET_REG8(USBUART_1_SIE_EP_INT_SR_PTR, CY_GET_REG8(USBUART_1_SIE_EP_INT_SR_PTR)
 377:.\Generated_Source\PSoC5/USBUART_1_episr.c ****                                                                         & (uint8)~USBUART_1_SIE_EP_
 378:.\Generated_Source\PSoC5/USBUART_1_episr.c **** 
 379:.\Generated_Source\PSoC5/USBUART_1_episr.c ****         #if (defined(USBUART_1_ENABLE_MIDI_STREAMING) && USBUART_1_ISR_SERVICE_MIDI_OUT)
 380:.\Generated_Source\PSoC5/USBUART_1_episr.c ****             if(USBUART_1_midi_out_ep == USBUART_1_EP6)
 381:.\Generated_Source\PSoC5/USBUART_1_episr.c ****             {
 382:.\Generated_Source\PSoC5/USBUART_1_episr.c ****                 USBUART_1_MIDI_OUT_EP_Service();
 383:.\Generated_Source\PSoC5/USBUART_1_episr.c ****             }
 384:.\Generated_Source\PSoC5/USBUART_1_episr.c ****         #endif /* End USBUART_1_ISR_SERVICE_MIDI_OUT  */
 385:.\Generated_Source\PSoC5/USBUART_1_episr.c **** 
 386:.\Generated_Source\PSoC5/USBUART_1_episr.c ****         /* `#START EP6_END_USER_CODE` Place your code here */
 387:.\Generated_Source\PSoC5/USBUART_1_episr.c **** 
 388:.\Generated_Source\PSoC5/USBUART_1_episr.c ****         /* `#END` */
 389:.\Generated_Source\PSoC5/USBUART_1_episr.c **** 
 390:.\Generated_Source\PSoC5/USBUART_1_episr.c ****         #if (defined(USBUART_1_ENABLE_MIDI_STREAMING) && USBUART_1_ISR_SERVICE_MIDI_OUT && CY_PSOC3
 391:.\Generated_Source\PSoC5/USBUART_1_episr.c ****             EA = int_en;
 392:.\Generated_Source\PSoC5/USBUART_1_episr.c ****         #endif /* CY_PSOC3 & USBUART_1_ISR_SERVICE_MIDI_OUT  */
 393:.\Generated_Source\PSoC5/USBUART_1_episr.c ****     }
 394:.\Generated_Source\PSoC5/USBUART_1_episr.c **** 
 395:.\Generated_Source\PSoC5/USBUART_1_episr.c **** #endif   /* End USBUART_1_EP6_ISR_REMOVE */
 396:.\Generated_Source\PSoC5/USBUART_1_episr.c **** 
 397:.\Generated_Source\PSoC5/USBUART_1_episr.c **** 
 398:.\Generated_Source\PSoC5/USBUART_1_episr.c **** #if(USBUART_1_EP7_ISR_REMOVE == 0u)
 399:.\Generated_Source\PSoC5/USBUART_1_episr.c **** 
 400:.\Generated_Source\PSoC5/USBUART_1_episr.c ****     /*******************************************************************************
 401:.\Generated_Source\PSoC5/USBUART_1_episr.c ****     * Function Name: USBUART_1_EP_7_ISR
 402:.\Generated_Source\PSoC5/USBUART_1_episr.c ****     ********************************************************************************
 403:.\Generated_Source\PSoC5/USBUART_1_episr.c ****     *
ARM GAS  C:\Users\Colin\AppData\Local\Temp\cc7yixwM.s 			page 12


 404:.\Generated_Source\PSoC5/USBUART_1_episr.c ****     * Summary:
 405:.\Generated_Source\PSoC5/USBUART_1_episr.c ****     *  Endpoint 7 Interrupt Service Routine
 406:.\Generated_Source\PSoC5/USBUART_1_episr.c ****     *
 407:.\Generated_Source\PSoC5/USBUART_1_episr.c ****     * Parameters:
 408:.\Generated_Source\PSoC5/USBUART_1_episr.c ****     *  None.
 409:.\Generated_Source\PSoC5/USBUART_1_episr.c ****     *
 410:.\Generated_Source\PSoC5/USBUART_1_episr.c ****     * Return:
 411:.\Generated_Source\PSoC5/USBUART_1_episr.c ****     *  None.
 412:.\Generated_Source\PSoC5/USBUART_1_episr.c ****     *
 413:.\Generated_Source\PSoC5/USBUART_1_episr.c ****     *******************************************************************************/
 414:.\Generated_Source\PSoC5/USBUART_1_episr.c ****     CY_ISR(USBUART_1_EP_7_ISR)
 415:.\Generated_Source\PSoC5/USBUART_1_episr.c ****     {
 416:.\Generated_Source\PSoC5/USBUART_1_episr.c ****         #if (defined(USBUART_1_ENABLE_MIDI_STREAMING) && USBUART_1_ISR_SERVICE_MIDI_OUT && CY_PSOC3
 417:.\Generated_Source\PSoC5/USBUART_1_episr.c ****             uint8 int_en;
 418:.\Generated_Source\PSoC5/USBUART_1_episr.c ****         #endif /* CY_PSOC3 & USBUART_1_ISR_SERVICE_MIDI_OUT  */
 419:.\Generated_Source\PSoC5/USBUART_1_episr.c **** 
 420:.\Generated_Source\PSoC5/USBUART_1_episr.c ****         /* `#START EP7_USER_CODE` Place your code here */
 421:.\Generated_Source\PSoC5/USBUART_1_episr.c **** 
 422:.\Generated_Source\PSoC5/USBUART_1_episr.c ****         /* `#END` */
 423:.\Generated_Source\PSoC5/USBUART_1_episr.c **** 
 424:.\Generated_Source\PSoC5/USBUART_1_episr.c ****         #if (defined(USBUART_1_ENABLE_MIDI_STREAMING) && USBUART_1_ISR_SERVICE_MIDI_OUT && CY_PSOC3
 425:.\Generated_Source\PSoC5/USBUART_1_episr.c ****             int_en = EA;
 426:.\Generated_Source\PSoC5/USBUART_1_episr.c ****             CyGlobalIntEnable;  /* Make sure nested interrupt is enabled */
 427:.\Generated_Source\PSoC5/USBUART_1_episr.c ****         #endif /* CY_PSOC3 & USBUART_1_ISR_SERVICE_MIDI_OUT  */
 428:.\Generated_Source\PSoC5/USBUART_1_episr.c **** 
 429:.\Generated_Source\PSoC5/USBUART_1_episr.c ****         CY_GET_REG8(USBUART_1_SIE_EP7_CR0_PTR); /* Must read the mode reg */
 430:.\Generated_Source\PSoC5/USBUART_1_episr.c ****         /* Do not toggle ISOC endpoint */
 431:.\Generated_Source\PSoC5/USBUART_1_episr.c ****         if((USBUART_1_EP[USBUART_1_EP7].attrib & USBUART_1_EP_TYPE_MASK) !=
 432:.\Generated_Source\PSoC5/USBUART_1_episr.c ****                                                                                     USBUART_1_EP_TY
 433:.\Generated_Source\PSoC5/USBUART_1_episr.c ****         {
 434:.\Generated_Source\PSoC5/USBUART_1_episr.c ****             USBUART_1_EP[USBUART_1_EP7].epToggle ^= USBUART_1_EPX_CNT_DATA_TOGGLE;
 435:.\Generated_Source\PSoC5/USBUART_1_episr.c ****         }
 436:.\Generated_Source\PSoC5/USBUART_1_episr.c ****         USBUART_1_EP[USBUART_1_EP7].apiEpState = USBUART_1_EVENT_PENDING;
 437:.\Generated_Source\PSoC5/USBUART_1_episr.c ****         CY_SET_REG8(USBUART_1_SIE_EP_INT_SR_PTR, CY_GET_REG8(USBUART_1_SIE_EP_INT_SR_PTR)
 438:.\Generated_Source\PSoC5/USBUART_1_episr.c ****                                                                         & (uint8)~USBUART_1_SIE_EP_
 439:.\Generated_Source\PSoC5/USBUART_1_episr.c **** 
 440:.\Generated_Source\PSoC5/USBUART_1_episr.c ****         #if (defined(USBUART_1_ENABLE_MIDI_STREAMING) && USBUART_1_ISR_SERVICE_MIDI_OUT)
 441:.\Generated_Source\PSoC5/USBUART_1_episr.c ****             if(USBUART_1_midi_out_ep == USBUART_1_EP7)
 442:.\Generated_Source\PSoC5/USBUART_1_episr.c ****             {
 443:.\Generated_Source\PSoC5/USBUART_1_episr.c ****                 USBUART_1_MIDI_OUT_EP_Service();
 444:.\Generated_Source\PSoC5/USBUART_1_episr.c ****             }
 445:.\Generated_Source\PSoC5/USBUART_1_episr.c ****         #endif /* End USBUART_1_ISR_SERVICE_MIDI_OUT  */
 446:.\Generated_Source\PSoC5/USBUART_1_episr.c **** 
 447:.\Generated_Source\PSoC5/USBUART_1_episr.c ****         /* `#START EP7_END_USER_CODE` Place your code here */
 448:.\Generated_Source\PSoC5/USBUART_1_episr.c **** 
 449:.\Generated_Source\PSoC5/USBUART_1_episr.c ****         /* `#END` */
 450:.\Generated_Source\PSoC5/USBUART_1_episr.c **** 
 451:.\Generated_Source\PSoC5/USBUART_1_episr.c ****         #if (defined(USBUART_1_ENABLE_MIDI_STREAMING) && USBUART_1_ISR_SERVICE_MIDI_OUT && CY_PSOC3
 452:.\Generated_Source\PSoC5/USBUART_1_episr.c ****             EA = int_en;
 453:.\Generated_Source\PSoC5/USBUART_1_episr.c ****         #endif /* CY_PSOC3 & USBUART_1_ISR_SERVICE_MIDI_OUT  */
 454:.\Generated_Source\PSoC5/USBUART_1_episr.c ****     }
 455:.\Generated_Source\PSoC5/USBUART_1_episr.c **** 
 456:.\Generated_Source\PSoC5/USBUART_1_episr.c **** #endif   /* End USBUART_1_EP7_ISR_REMOVE */
 457:.\Generated_Source\PSoC5/USBUART_1_episr.c **** 
 458:.\Generated_Source\PSoC5/USBUART_1_episr.c **** 
 459:.\Generated_Source\PSoC5/USBUART_1_episr.c **** #if(USBUART_1_EP8_ISR_REMOVE == 0u)
 460:.\Generated_Source\PSoC5/USBUART_1_episr.c **** 
ARM GAS  C:\Users\Colin\AppData\Local\Temp\cc7yixwM.s 			page 13


 461:.\Generated_Source\PSoC5/USBUART_1_episr.c ****     /*******************************************************************************
 462:.\Generated_Source\PSoC5/USBUART_1_episr.c ****     * Function Name: USBUART_1_EP_8_ISR
 463:.\Generated_Source\PSoC5/USBUART_1_episr.c ****     ********************************************************************************
 464:.\Generated_Source\PSoC5/USBUART_1_episr.c ****     *
 465:.\Generated_Source\PSoC5/USBUART_1_episr.c ****     * Summary:
 466:.\Generated_Source\PSoC5/USBUART_1_episr.c ****     *  Endpoint 8 Interrupt Service Routine
 467:.\Generated_Source\PSoC5/USBUART_1_episr.c ****     *
 468:.\Generated_Source\PSoC5/USBUART_1_episr.c ****     * Parameters:
 469:.\Generated_Source\PSoC5/USBUART_1_episr.c ****     *  None.
 470:.\Generated_Source\PSoC5/USBUART_1_episr.c ****     *
 471:.\Generated_Source\PSoC5/USBUART_1_episr.c ****     * Return:
 472:.\Generated_Source\PSoC5/USBUART_1_episr.c ****     *  None.
 473:.\Generated_Source\PSoC5/USBUART_1_episr.c ****     *
 474:.\Generated_Source\PSoC5/USBUART_1_episr.c ****     *******************************************************************************/
 475:.\Generated_Source\PSoC5/USBUART_1_episr.c ****     CY_ISR(USBUART_1_EP_8_ISR)
 476:.\Generated_Source\PSoC5/USBUART_1_episr.c ****     {
 477:.\Generated_Source\PSoC5/USBUART_1_episr.c ****         #if (defined(USBUART_1_ENABLE_MIDI_STREAMING) && USBUART_1_ISR_SERVICE_MIDI_OUT && CY_PSOC3
 478:.\Generated_Source\PSoC5/USBUART_1_episr.c ****             uint8 int_en;
 479:.\Generated_Source\PSoC5/USBUART_1_episr.c ****         #endif /* CY_PSOC3 & USBUART_1_ISR_SERVICE_MIDI_OUT  */
 480:.\Generated_Source\PSoC5/USBUART_1_episr.c **** 
 481:.\Generated_Source\PSoC5/USBUART_1_episr.c ****         /* `#START EP8_USER_CODE` Place your code here */
 482:.\Generated_Source\PSoC5/USBUART_1_episr.c **** 
 483:.\Generated_Source\PSoC5/USBUART_1_episr.c ****         /* `#END` */
 484:.\Generated_Source\PSoC5/USBUART_1_episr.c **** 
 485:.\Generated_Source\PSoC5/USBUART_1_episr.c ****         #if (defined(USBUART_1_ENABLE_MIDI_STREAMING) && USBUART_1_ISR_SERVICE_MIDI_OUT && CY_PSOC3
 486:.\Generated_Source\PSoC5/USBUART_1_episr.c ****             int_en = EA;
 487:.\Generated_Source\PSoC5/USBUART_1_episr.c ****             CyGlobalIntEnable;  /* Make sure nested interrupt is enabled */
 488:.\Generated_Source\PSoC5/USBUART_1_episr.c ****         #endif /* CY_PSOC3 & USBUART_1_ISR_SERVICE_MIDI_OUT  */
 489:.\Generated_Source\PSoC5/USBUART_1_episr.c **** 
 490:.\Generated_Source\PSoC5/USBUART_1_episr.c ****         CY_GET_REG8(USBUART_1_SIE_EP8_CR0_PTR); /* Must read the mode reg */
 491:.\Generated_Source\PSoC5/USBUART_1_episr.c ****         /* Do not toggle ISOC endpoint */
 492:.\Generated_Source\PSoC5/USBUART_1_episr.c ****         if((USBUART_1_EP[USBUART_1_EP8].attrib & USBUART_1_EP_TYPE_MASK) !=
 493:.\Generated_Source\PSoC5/USBUART_1_episr.c ****                                                                                     USBUART_1_EP_TY
 494:.\Generated_Source\PSoC5/USBUART_1_episr.c ****         {
 495:.\Generated_Source\PSoC5/USBUART_1_episr.c ****             USBUART_1_EP[USBUART_1_EP8].epToggle ^= USBUART_1_EPX_CNT_DATA_TOGGLE;
 496:.\Generated_Source\PSoC5/USBUART_1_episr.c ****         }
 497:.\Generated_Source\PSoC5/USBUART_1_episr.c ****         USBUART_1_EP[USBUART_1_EP8].apiEpState = USBUART_1_EVENT_PENDING;
 498:.\Generated_Source\PSoC5/USBUART_1_episr.c ****         CY_SET_REG8(USBUART_1_SIE_EP_INT_SR_PTR, CY_GET_REG8(USBUART_1_SIE_EP_INT_SR_PTR)
 499:.\Generated_Source\PSoC5/USBUART_1_episr.c ****                                                                         & (uint8)~USBUART_1_SIE_EP_
 500:.\Generated_Source\PSoC5/USBUART_1_episr.c **** 
 501:.\Generated_Source\PSoC5/USBUART_1_episr.c ****         #if (defined(USBUART_1_ENABLE_MIDI_STREAMING) && USBUART_1_ISR_SERVICE_MIDI_OUT)
 502:.\Generated_Source\PSoC5/USBUART_1_episr.c ****             if(USBUART_1_midi_out_ep == USBUART_1_EP8)
 503:.\Generated_Source\PSoC5/USBUART_1_episr.c ****             {
 504:.\Generated_Source\PSoC5/USBUART_1_episr.c ****                 USBUART_1_MIDI_OUT_EP_Service();
 505:.\Generated_Source\PSoC5/USBUART_1_episr.c ****             }
 506:.\Generated_Source\PSoC5/USBUART_1_episr.c ****         #endif /* End USBUART_1_ISR_SERVICE_MIDI_OUT */
 507:.\Generated_Source\PSoC5/USBUART_1_episr.c **** 
 508:.\Generated_Source\PSoC5/USBUART_1_episr.c ****         /* `#START EP8_END_USER_CODE` Place your code here */
 509:.\Generated_Source\PSoC5/USBUART_1_episr.c **** 
 510:.\Generated_Source\PSoC5/USBUART_1_episr.c ****         /* `#END` */
 511:.\Generated_Source\PSoC5/USBUART_1_episr.c **** 
 512:.\Generated_Source\PSoC5/USBUART_1_episr.c ****         #if (defined(USBUART_1_ENABLE_MIDI_STREAMING) && USBUART_1_ISR_SERVICE_MIDI_OUT && CY_PSOC3
 513:.\Generated_Source\PSoC5/USBUART_1_episr.c ****             EA = int_en;
 514:.\Generated_Source\PSoC5/USBUART_1_episr.c ****         #endif /* CY_PSOC3 & USBUART_1_ISR_SERVICE_MIDI_OUT  */
 515:.\Generated_Source\PSoC5/USBUART_1_episr.c ****     }
 516:.\Generated_Source\PSoC5/USBUART_1_episr.c **** 
 517:.\Generated_Source\PSoC5/USBUART_1_episr.c **** #endif   /* End USBUART_1_EP8_ISR_REMOVE */
ARM GAS  C:\Users\Colin\AppData\Local\Temp\cc7yixwM.s 			page 14


 518:.\Generated_Source\PSoC5/USBUART_1_episr.c **** 
 519:.\Generated_Source\PSoC5/USBUART_1_episr.c **** 
 520:.\Generated_Source\PSoC5/USBUART_1_episr.c **** /*******************************************************************************
 521:.\Generated_Source\PSoC5/USBUART_1_episr.c **** * Function Name: USBUART_1_SOF_ISR
 522:.\Generated_Source\PSoC5/USBUART_1_episr.c **** ********************************************************************************
 523:.\Generated_Source\PSoC5/USBUART_1_episr.c **** *
 524:.\Generated_Source\PSoC5/USBUART_1_episr.c **** * Summary:
 525:.\Generated_Source\PSoC5/USBUART_1_episr.c **** *  Start of Frame Interrupt Service Routine
 526:.\Generated_Source\PSoC5/USBUART_1_episr.c **** *
 527:.\Generated_Source\PSoC5/USBUART_1_episr.c **** * Parameters:
 528:.\Generated_Source\PSoC5/USBUART_1_episr.c **** *  None.
 529:.\Generated_Source\PSoC5/USBUART_1_episr.c **** *
 530:.\Generated_Source\PSoC5/USBUART_1_episr.c **** * Return:
 531:.\Generated_Source\PSoC5/USBUART_1_episr.c **** *  None.
 532:.\Generated_Source\PSoC5/USBUART_1_episr.c **** *
 533:.\Generated_Source\PSoC5/USBUART_1_episr.c **** *******************************************************************************/
 534:.\Generated_Source\PSoC5/USBUART_1_episr.c **** CY_ISR(USBUART_1_SOF_ISR)
 535:.\Generated_Source\PSoC5/USBUART_1_episr.c **** {
 225              		.loc 1 535 0
 226              		.cfi_startproc
 227              		@ args = 0, pretend = 0, frame = 0
 228              		@ frame_needed = 1, uses_anonymous_args = 0
 229              		@ link register save eliminated.
 230 0000 80B4     		push	{r7}
 231              	.LCFI6:
 232              		.cfi_def_cfa_offset 4
 233              		.cfi_offset 7, -4
 234 0002 00AF     		add	r7, sp, #0
 235              	.LCFI7:
 236              		.cfi_def_cfa_register 7
 536:.\Generated_Source\PSoC5/USBUART_1_episr.c ****     /* `#START SOF_USER_CODE` Place your code here */
 537:.\Generated_Source\PSoC5/USBUART_1_episr.c **** 
 538:.\Generated_Source\PSoC5/USBUART_1_episr.c ****     /* `#END` */
 539:.\Generated_Source\PSoC5/USBUART_1_episr.c **** }
 237              		.loc 1 539 0
 238 0004 BD46     		mov	sp, r7
 239 0006 80BC     		pop	{r7}
 240 0008 7047     		bx	lr
 241              		.cfi_endproc
 242              	.LFE3:
 243              		.size	USBUART_1_SOF_ISR, .-USBUART_1_SOF_ISR
 244 000a 00BF     		.section	.text.USBUART_1_BUS_RESET_ISR,"ax",%progbits
 245              		.align	2
 246              		.global	USBUART_1_BUS_RESET_ISR
 247              		.thumb
 248              		.thumb_func
 249              		.type	USBUART_1_BUS_RESET_ISR, %function
 250              	USBUART_1_BUS_RESET_ISR:
 251              	.LFB4:
 540:.\Generated_Source\PSoC5/USBUART_1_episr.c **** 
 541:.\Generated_Source\PSoC5/USBUART_1_episr.c **** 
 542:.\Generated_Source\PSoC5/USBUART_1_episr.c **** /*******************************************************************************
 543:.\Generated_Source\PSoC5/USBUART_1_episr.c **** * Function Name: USBUART_1_BUS_RESET_ISR
 544:.\Generated_Source\PSoC5/USBUART_1_episr.c **** ********************************************************************************
 545:.\Generated_Source\PSoC5/USBUART_1_episr.c **** *
 546:.\Generated_Source\PSoC5/USBUART_1_episr.c **** * Summary:
 547:.\Generated_Source\PSoC5/USBUART_1_episr.c **** *  USB Bus Reset Interrupt Service Routine.  Calls _Start with the same
ARM GAS  C:\Users\Colin\AppData\Local\Temp\cc7yixwM.s 			page 15


 548:.\Generated_Source\PSoC5/USBUART_1_episr.c **** *  parameters as the last USER call to _Start
 549:.\Generated_Source\PSoC5/USBUART_1_episr.c **** *
 550:.\Generated_Source\PSoC5/USBUART_1_episr.c **** * Parameters:
 551:.\Generated_Source\PSoC5/USBUART_1_episr.c **** *  None.
 552:.\Generated_Source\PSoC5/USBUART_1_episr.c **** *
 553:.\Generated_Source\PSoC5/USBUART_1_episr.c **** * Return:
 554:.\Generated_Source\PSoC5/USBUART_1_episr.c **** *  None.
 555:.\Generated_Source\PSoC5/USBUART_1_episr.c **** *
 556:.\Generated_Source\PSoC5/USBUART_1_episr.c **** *******************************************************************************/
 557:.\Generated_Source\PSoC5/USBUART_1_episr.c **** CY_ISR(USBUART_1_BUS_RESET_ISR)
 558:.\Generated_Source\PSoC5/USBUART_1_episr.c **** {
 252              		.loc 1 558 0
 253              		.cfi_startproc
 254              		@ args = 0, pretend = 0, frame = 0
 255              		@ frame_needed = 1, uses_anonymous_args = 0
 256 0000 80B5     		push	{r7, lr}
 257              	.LCFI8:
 258              		.cfi_def_cfa_offset 8
 259              		.cfi_offset 7, -8
 260              		.cfi_offset 14, -4
 261 0002 00AF     		add	r7, sp, #0
 262              	.LCFI9:
 263              		.cfi_def_cfa_register 7
 559:.\Generated_Source\PSoC5/USBUART_1_episr.c ****     /* `#START BUS_RESET_USER_CODE` Place your code here */
 560:.\Generated_Source\PSoC5/USBUART_1_episr.c **** 
 561:.\Generated_Source\PSoC5/USBUART_1_episr.c ****     /* `#END` */
 562:.\Generated_Source\PSoC5/USBUART_1_episr.c **** 
 563:.\Generated_Source\PSoC5/USBUART_1_episr.c ****     USBUART_1_ReInitComponent();
 264              		.loc 1 563 0
 265 0004 FFF7FEFF 		bl	USBUART_1_ReInitComponent
 564:.\Generated_Source\PSoC5/USBUART_1_episr.c **** }
 266              		.loc 1 564 0
 267 0008 80BD     		pop	{r7, pc}
 268              		.cfi_endproc
 269              	.LFE4:
 270              		.size	USBUART_1_BUS_RESET_ISR, .-USBUART_1_BUS_RESET_ISR
 271 000a 00BF     		.text
 272              	.Letext0:
 273              		.file 2 ".\\Generated_Source\\PSoC5\\cytypes.h"
 274              		.file 3 ".\\Generated_Source\\PSoC5\\USBUART_1.h"
 275              		.file 4 ".\\Generated_Source\\PSoC5\\USBUART_1_pvt.h"
 276              		.section	.debug_info,"",%progbits
 277              	.Ldebug_info0:
 278 0000 D2010000 		.4byte	0x1d2
 279 0004 0200     		.2byte	0x2
 280 0006 00000000 		.4byte	.Ldebug_abbrev0
 281 000a 04       		.byte	0x4
 282 000b 01       		.uleb128 0x1
 283 000c 16020000 		.4byte	.LASF31
 284 0010 01       		.byte	0x1
 285 0011 81010000 		.4byte	.LASF32
 286 0015 0B000000 		.4byte	.LASF33
 287 0019 00000000 		.4byte	.Ldebug_ranges0+0
 288 001d 00000000 		.4byte	0
 289 0021 00000000 		.4byte	0
 290 0025 00000000 		.4byte	.Ldebug_line0
 291 0029 02       		.uleb128 0x2
ARM GAS  C:\Users\Colin\AppData\Local\Temp\cc7yixwM.s 			page 16


 292 002a 01       		.byte	0x1
 293 002b 06       		.byte	0x6
 294 002c 72020000 		.4byte	.LASF0
 295 0030 02       		.uleb128 0x2
 296 0031 01       		.byte	0x1
 297 0032 08       		.byte	0x8
 298 0033 CC000000 		.4byte	.LASF1
 299 0037 02       		.uleb128 0x2
 300 0038 02       		.byte	0x2
 301 0039 05       		.byte	0x5
 302 003a 06020000 		.4byte	.LASF2
 303 003e 02       		.uleb128 0x2
 304 003f 02       		.byte	0x2
 305 0040 07       		.byte	0x7
 306 0041 97000000 		.4byte	.LASF3
 307 0045 02       		.uleb128 0x2
 308 0046 04       		.byte	0x4
 309 0047 05       		.byte	0x5
 310 0048 69020000 		.4byte	.LASF4
 311 004c 02       		.uleb128 0x2
 312 004d 04       		.byte	0x4
 313 004e 07       		.byte	0x7
 314 004f DF000000 		.4byte	.LASF5
 315 0053 02       		.uleb128 0x2
 316 0054 08       		.byte	0x8
 317 0055 05       		.byte	0x5
 318 0056 CF010000 		.4byte	.LASF6
 319 005a 02       		.uleb128 0x2
 320 005b 08       		.byte	0x8
 321 005c 07       		.byte	0x7
 322 005d 60010000 		.4byte	.LASF7
 323 0061 03       		.uleb128 0x3
 324 0062 04       		.byte	0x4
 325 0063 05       		.byte	0x5
 326 0064 696E7400 		.ascii	"int\000"
 327 0068 02       		.uleb128 0x2
 328 0069 04       		.byte	0x4
 329 006a 07       		.byte	0x7
 330 006b 53010000 		.4byte	.LASF8
 331 006f 04       		.uleb128 0x4
 332 0070 10020000 		.4byte	.LASF9
 333 0074 02       		.byte	0x2
 334 0075 5B       		.byte	0x5b
 335 0076 30000000 		.4byte	0x30
 336 007a 04       		.uleb128 0x4
 337 007b 41010000 		.4byte	.LASF10
 338 007f 02       		.byte	0x2
 339 0080 5C       		.byte	0x5c
 340 0081 3E000000 		.4byte	0x3e
 341 0085 02       		.uleb128 0x2
 342 0086 04       		.byte	0x4
 343 0087 04       		.byte	0x4
 344 0088 BD000000 		.4byte	.LASF11
 345 008c 02       		.uleb128 0x2
 346 008d 08       		.byte	0x8
 347 008e 04       		.byte	0x4
 348 008f 09010000 		.4byte	.LASF12
ARM GAS  C:\Users\Colin\AppData\Local\Temp\cc7yixwM.s 			page 17


 349 0093 02       		.uleb128 0x2
 350 0094 01       		.byte	0x1
 351 0095 08       		.byte	0x8
 352 0096 F6010000 		.4byte	.LASF13
 353 009a 04       		.uleb128 0x4
 354 009b DA000000 		.4byte	.LASF14
 355 009f 02       		.byte	0x2
 356 00a0 F0       		.byte	0xf0
 357 00a1 A5000000 		.4byte	0xa5
 358 00a5 05       		.uleb128 0x5
 359 00a6 6F000000 		.4byte	0x6f
 360 00aa 02       		.uleb128 0x2
 361 00ab 04       		.byte	0x4
 362 00ac 07       		.byte	0x7
 363 00ad BF010000 		.4byte	.LASF15
 364 00b1 06       		.uleb128 0x6
 365 00b2 0C       		.byte	0xc
 366 00b3 03       		.byte	0x3
 367 00b4 77       		.byte	0x77
 368 00b5 38010000 		.4byte	0x138
 369 00b9 07       		.uleb128 0x7
 370 00ba 10010000 		.4byte	.LASF16
 371 00be 03       		.byte	0x3
 372 00bf 79       		.byte	0x79
 373 00c0 6F000000 		.4byte	0x6f
 374 00c4 02       		.byte	0x2
 375 00c5 23       		.byte	0x23
 376 00c6 00       		.uleb128 0
 377 00c7 07       		.uleb128 0x7
 378 00c8 48010000 		.4byte	.LASF17
 379 00cc 03       		.byte	0x3
 380 00cd 7A       		.byte	0x7a
 381 00ce 6F000000 		.4byte	0x6f
 382 00d2 02       		.byte	0x2
 383 00d3 23       		.byte	0x23
 384 00d4 01       		.uleb128 0x1
 385 00d5 07       		.uleb128 0x7
 386 00d6 77010000 		.4byte	.LASF18
 387 00da 03       		.byte	0x3
 388 00db 7B       		.byte	0x7b
 389 00dc 6F000000 		.4byte	0x6f
 390 00e0 02       		.byte	0x2
 391 00e1 23       		.byte	0x23
 392 00e2 02       		.uleb128 0x2
 393 00e3 07       		.uleb128 0x7
 394 00e4 C3000000 		.4byte	.LASF19
 395 00e8 03       		.byte	0x3
 396 00e9 7C       		.byte	0x7c
 397 00ea 6F000000 		.4byte	0x6f
 398 00ee 02       		.byte	0x2
 399 00ef 23       		.byte	0x23
 400 00f0 03       		.uleb128 0x3
 401 00f1 07       		.uleb128 0x7
 402 00f2 F1000000 		.4byte	.LASF20
 403 00f6 03       		.byte	0x3
 404 00f7 7D       		.byte	0x7d
 405 00f8 6F000000 		.4byte	0x6f
ARM GAS  C:\Users\Colin\AppData\Local\Temp\cc7yixwM.s 			page 18


 406 00fc 02       		.byte	0x2
 407 00fd 23       		.byte	0x23
 408 00fe 04       		.uleb128 0x4
 409 00ff 07       		.uleb128 0x7
 410 0100 C8010000 		.4byte	.LASF21
 411 0104 03       		.byte	0x3
 412 0105 7E       		.byte	0x7e
 413 0106 6F000000 		.4byte	0x6f
 414 010a 02       		.byte	0x2
 415 010b 23       		.byte	0x23
 416 010c 05       		.uleb128 0x5
 417 010d 07       		.uleb128 0x7
 418 010e 00000000 		.4byte	.LASF22
 419 0112 03       		.byte	0x3
 420 0113 7F       		.byte	0x7f
 421 0114 7A000000 		.4byte	0x7a
 422 0118 02       		.byte	0x2
 423 0119 23       		.byte	0x23
 424 011a 06       		.uleb128 0x6
 425 011b 07       		.uleb128 0x7
 426 011c FB010000 		.4byte	.LASF23
 427 0120 03       		.byte	0x3
 428 0121 80       		.byte	0x80
 429 0122 7A000000 		.4byte	0x7a
 430 0126 02       		.byte	0x2
 431 0127 23       		.byte	0x23
 432 0128 08       		.uleb128 0x8
 433 0129 07       		.uleb128 0x7
 434 012a 5F020000 		.4byte	.LASF24
 435 012e 03       		.byte	0x3
 436 012f 81       		.byte	0x81
 437 0130 6F000000 		.4byte	0x6f
 438 0134 02       		.byte	0x2
 439 0135 23       		.byte	0x23
 440 0136 0A       		.uleb128 0xa
 441 0137 00       		.byte	0
 442 0138 04       		.uleb128 0x4
 443 0139 DD010000 		.4byte	.LASF25
 444 013d 03       		.byte	0x3
 445 013e 82       		.byte	0x82
 446 013f B1000000 		.4byte	0xb1
 447 0143 08       		.uleb128 0x8
 448 0144 01       		.byte	0x1
 449 0145 AA000000 		.4byte	.LASF26
 450 0149 01       		.byte	0x1
 451 014a 31       		.byte	0x31
 452 014b 01       		.byte	0x1
 453 014c 00000000 		.4byte	.LFB0
 454 0150 72000000 		.4byte	.LFE0
 455 0154 00000000 		.4byte	.LLST0
 456 0158 01       		.byte	0x1
 457 0159 08       		.uleb128 0x8
 458 015a 01       		.byte	0x1
 459 015b F6000000 		.4byte	.LASF27
 460 015f 01       		.byte	0x1
 461 0160 6E       		.byte	0x6e
 462 0161 01       		.byte	0x1
ARM GAS  C:\Users\Colin\AppData\Local\Temp\cc7yixwM.s 			page 19


 463 0162 00000000 		.4byte	.LFB1
 464 0166 72000000 		.4byte	.LFE1
 465 016a 2C000000 		.4byte	.LLST1
 466 016e 01       		.byte	0x1
 467 016f 08       		.uleb128 0x8
 468 0170 01       		.byte	0x1
 469 0171 AC010000 		.4byte	.LASF28
 470 0175 01       		.byte	0x1
 471 0176 AB       		.byte	0xab
 472 0177 01       		.byte	0x1
 473 0178 00000000 		.4byte	.LFB2
 474 017c 7A000000 		.4byte	.LFE2
 475 0180 58000000 		.4byte	.LLST2
 476 0184 01       		.byte	0x1
 477 0185 09       		.uleb128 0x9
 478 0186 01       		.byte	0x1
 479 0187 2F010000 		.4byte	.LASF29
 480 018b 01       		.byte	0x1
 481 018c 1602     		.2byte	0x216
 482 018e 01       		.byte	0x1
 483 018f 00000000 		.4byte	.LFB3
 484 0193 0A000000 		.4byte	.LFE3
 485 0197 84000000 		.4byte	.LLST3
 486 019b 01       		.byte	0x1
 487 019c 0A       		.uleb128 0xa
 488 019d 01       		.byte	0x1
 489 019e 17010000 		.4byte	.LASF30
 490 01a2 01       		.byte	0x1
 491 01a3 2D02     		.2byte	0x22d
 492 01a5 01       		.byte	0x1
 493 01a6 00000000 		.4byte	.LFB4
 494 01aa 0A000000 		.4byte	.LFE4
 495 01ae B0000000 		.4byte	.LLST4
 496 01b2 01       		.byte	0x1
 497 01b3 0B       		.uleb128 0xb
 498 01b4 38010000 		.4byte	0x138
 499 01b8 C3010000 		.4byte	0x1c3
 500 01bc 0C       		.uleb128 0xc
 501 01bd AA000000 		.4byte	0xaa
 502 01c1 08       		.byte	0x8
 503 01c2 00       		.byte	0
 504 01c3 0D       		.uleb128 0xd
 505 01c4 8A000000 		.4byte	.LASF34
 506 01c8 04       		.byte	0x4
 507 01c9 35       		.byte	0x35
 508 01ca D0010000 		.4byte	0x1d0
 509 01ce 01       		.byte	0x1
 510 01cf 01       		.byte	0x1
 511 01d0 05       		.uleb128 0x5
 512 01d1 B3010000 		.4byte	0x1b3
 513 01d5 00       		.byte	0
 514              		.section	.debug_abbrev,"",%progbits
 515              	.Ldebug_abbrev0:
 516 0000 01       		.uleb128 0x1
 517 0001 11       		.uleb128 0x11
 518 0002 01       		.byte	0x1
 519 0003 25       		.uleb128 0x25
ARM GAS  C:\Users\Colin\AppData\Local\Temp\cc7yixwM.s 			page 20


 520 0004 0E       		.uleb128 0xe
 521 0005 13       		.uleb128 0x13
 522 0006 0B       		.uleb128 0xb
 523 0007 03       		.uleb128 0x3
 524 0008 0E       		.uleb128 0xe
 525 0009 1B       		.uleb128 0x1b
 526 000a 0E       		.uleb128 0xe
 527 000b 55       		.uleb128 0x55
 528 000c 06       		.uleb128 0x6
 529 000d 11       		.uleb128 0x11
 530 000e 01       		.uleb128 0x1
 531 000f 52       		.uleb128 0x52
 532 0010 01       		.uleb128 0x1
 533 0011 10       		.uleb128 0x10
 534 0012 06       		.uleb128 0x6
 535 0013 00       		.byte	0
 536 0014 00       		.byte	0
 537 0015 02       		.uleb128 0x2
 538 0016 24       		.uleb128 0x24
 539 0017 00       		.byte	0
 540 0018 0B       		.uleb128 0xb
 541 0019 0B       		.uleb128 0xb
 542 001a 3E       		.uleb128 0x3e
 543 001b 0B       		.uleb128 0xb
 544 001c 03       		.uleb128 0x3
 545 001d 0E       		.uleb128 0xe
 546 001e 00       		.byte	0
 547 001f 00       		.byte	0
 548 0020 03       		.uleb128 0x3
 549 0021 24       		.uleb128 0x24
 550 0022 00       		.byte	0
 551 0023 0B       		.uleb128 0xb
 552 0024 0B       		.uleb128 0xb
 553 0025 3E       		.uleb128 0x3e
 554 0026 0B       		.uleb128 0xb
 555 0027 03       		.uleb128 0x3
 556 0028 08       		.uleb128 0x8
 557 0029 00       		.byte	0
 558 002a 00       		.byte	0
 559 002b 04       		.uleb128 0x4
 560 002c 16       		.uleb128 0x16
 561 002d 00       		.byte	0
 562 002e 03       		.uleb128 0x3
 563 002f 0E       		.uleb128 0xe
 564 0030 3A       		.uleb128 0x3a
 565 0031 0B       		.uleb128 0xb
 566 0032 3B       		.uleb128 0x3b
 567 0033 0B       		.uleb128 0xb
 568 0034 49       		.uleb128 0x49
 569 0035 13       		.uleb128 0x13
 570 0036 00       		.byte	0
 571 0037 00       		.byte	0
 572 0038 05       		.uleb128 0x5
 573 0039 35       		.uleb128 0x35
 574 003a 00       		.byte	0
 575 003b 49       		.uleb128 0x49
 576 003c 13       		.uleb128 0x13
ARM GAS  C:\Users\Colin\AppData\Local\Temp\cc7yixwM.s 			page 21


 577 003d 00       		.byte	0
 578 003e 00       		.byte	0
 579 003f 06       		.uleb128 0x6
 580 0040 13       		.uleb128 0x13
 581 0041 01       		.byte	0x1
 582 0042 0B       		.uleb128 0xb
 583 0043 0B       		.uleb128 0xb
 584 0044 3A       		.uleb128 0x3a
 585 0045 0B       		.uleb128 0xb
 586 0046 3B       		.uleb128 0x3b
 587 0047 0B       		.uleb128 0xb
 588 0048 01       		.uleb128 0x1
 589 0049 13       		.uleb128 0x13
 590 004a 00       		.byte	0
 591 004b 00       		.byte	0
 592 004c 07       		.uleb128 0x7
 593 004d 0D       		.uleb128 0xd
 594 004e 00       		.byte	0
 595 004f 03       		.uleb128 0x3
 596 0050 0E       		.uleb128 0xe
 597 0051 3A       		.uleb128 0x3a
 598 0052 0B       		.uleb128 0xb
 599 0053 3B       		.uleb128 0x3b
 600 0054 0B       		.uleb128 0xb
 601 0055 49       		.uleb128 0x49
 602 0056 13       		.uleb128 0x13
 603 0057 38       		.uleb128 0x38
 604 0058 0A       		.uleb128 0xa
 605 0059 00       		.byte	0
 606 005a 00       		.byte	0
 607 005b 08       		.uleb128 0x8
 608 005c 2E       		.uleb128 0x2e
 609 005d 00       		.byte	0
 610 005e 3F       		.uleb128 0x3f
 611 005f 0C       		.uleb128 0xc
 612 0060 03       		.uleb128 0x3
 613 0061 0E       		.uleb128 0xe
 614 0062 3A       		.uleb128 0x3a
 615 0063 0B       		.uleb128 0xb
 616 0064 3B       		.uleb128 0x3b
 617 0065 0B       		.uleb128 0xb
 618 0066 27       		.uleb128 0x27
 619 0067 0C       		.uleb128 0xc
 620 0068 11       		.uleb128 0x11
 621 0069 01       		.uleb128 0x1
 622 006a 12       		.uleb128 0x12
 623 006b 01       		.uleb128 0x1
 624 006c 40       		.uleb128 0x40
 625 006d 06       		.uleb128 0x6
 626 006e 9742     		.uleb128 0x2117
 627 0070 0C       		.uleb128 0xc
 628 0071 00       		.byte	0
 629 0072 00       		.byte	0
 630 0073 09       		.uleb128 0x9
 631 0074 2E       		.uleb128 0x2e
 632 0075 00       		.byte	0
 633 0076 3F       		.uleb128 0x3f
ARM GAS  C:\Users\Colin\AppData\Local\Temp\cc7yixwM.s 			page 22


 634 0077 0C       		.uleb128 0xc
 635 0078 03       		.uleb128 0x3
 636 0079 0E       		.uleb128 0xe
 637 007a 3A       		.uleb128 0x3a
 638 007b 0B       		.uleb128 0xb
 639 007c 3B       		.uleb128 0x3b
 640 007d 05       		.uleb128 0x5
 641 007e 27       		.uleb128 0x27
 642 007f 0C       		.uleb128 0xc
 643 0080 11       		.uleb128 0x11
 644 0081 01       		.uleb128 0x1
 645 0082 12       		.uleb128 0x12
 646 0083 01       		.uleb128 0x1
 647 0084 40       		.uleb128 0x40
 648 0085 06       		.uleb128 0x6
 649 0086 9742     		.uleb128 0x2117
 650 0088 0C       		.uleb128 0xc
 651 0089 00       		.byte	0
 652 008a 00       		.byte	0
 653 008b 0A       		.uleb128 0xa
 654 008c 2E       		.uleb128 0x2e
 655 008d 00       		.byte	0
 656 008e 3F       		.uleb128 0x3f
 657 008f 0C       		.uleb128 0xc
 658 0090 03       		.uleb128 0x3
 659 0091 0E       		.uleb128 0xe
 660 0092 3A       		.uleb128 0x3a
 661 0093 0B       		.uleb128 0xb
 662 0094 3B       		.uleb128 0x3b
 663 0095 05       		.uleb128 0x5
 664 0096 27       		.uleb128 0x27
 665 0097 0C       		.uleb128 0xc
 666 0098 11       		.uleb128 0x11
 667 0099 01       		.uleb128 0x1
 668 009a 12       		.uleb128 0x12
 669 009b 01       		.uleb128 0x1
 670 009c 40       		.uleb128 0x40
 671 009d 06       		.uleb128 0x6
 672 009e 9642     		.uleb128 0x2116
 673 00a0 0C       		.uleb128 0xc
 674 00a1 00       		.byte	0
 675 00a2 00       		.byte	0
 676 00a3 0B       		.uleb128 0xb
 677 00a4 01       		.uleb128 0x1
 678 00a5 01       		.byte	0x1
 679 00a6 49       		.uleb128 0x49
 680 00a7 13       		.uleb128 0x13
 681 00a8 01       		.uleb128 0x1
 682 00a9 13       		.uleb128 0x13
 683 00aa 00       		.byte	0
 684 00ab 00       		.byte	0
 685 00ac 0C       		.uleb128 0xc
 686 00ad 21       		.uleb128 0x21
 687 00ae 00       		.byte	0
 688 00af 49       		.uleb128 0x49
 689 00b0 13       		.uleb128 0x13
 690 00b1 2F       		.uleb128 0x2f
ARM GAS  C:\Users\Colin\AppData\Local\Temp\cc7yixwM.s 			page 23


 691 00b2 0B       		.uleb128 0xb
 692 00b3 00       		.byte	0
 693 00b4 00       		.byte	0
 694 00b5 0D       		.uleb128 0xd
 695 00b6 34       		.uleb128 0x34
 696 00b7 00       		.byte	0
 697 00b8 03       		.uleb128 0x3
 698 00b9 0E       		.uleb128 0xe
 699 00ba 3A       		.uleb128 0x3a
 700 00bb 0B       		.uleb128 0xb
 701 00bc 3B       		.uleb128 0x3b
 702 00bd 0B       		.uleb128 0xb
 703 00be 49       		.uleb128 0x49
 704 00bf 13       		.uleb128 0x13
 705 00c0 3F       		.uleb128 0x3f
 706 00c1 0C       		.uleb128 0xc
 707 00c2 3C       		.uleb128 0x3c
 708 00c3 0C       		.uleb128 0xc
 709 00c4 00       		.byte	0
 710 00c5 00       		.byte	0
 711 00c6 00       		.byte	0
 712              		.section	.debug_loc,"",%progbits
 713              	.Ldebug_loc0:
 714              	.LLST0:
 715 0000 00000000 		.4byte	.LFB0
 716 0004 02000000 		.4byte	.LCFI0
 717 0008 0200     		.2byte	0x2
 718 000a 7D       		.byte	0x7d
 719 000b 00       		.sleb128 0
 720 000c 02000000 		.4byte	.LCFI0
 721 0010 04000000 		.4byte	.LCFI1
 722 0014 0200     		.2byte	0x2
 723 0016 7D       		.byte	0x7d
 724 0017 04       		.sleb128 4
 725 0018 04000000 		.4byte	.LCFI1
 726 001c 72000000 		.4byte	.LFE0
 727 0020 0200     		.2byte	0x2
 728 0022 77       		.byte	0x77
 729 0023 04       		.sleb128 4
 730 0024 00000000 		.4byte	0
 731 0028 00000000 		.4byte	0
 732              	.LLST1:
 733 002c 00000000 		.4byte	.LFB1
 734 0030 02000000 		.4byte	.LCFI2
 735 0034 0200     		.2byte	0x2
 736 0036 7D       		.byte	0x7d
 737 0037 00       		.sleb128 0
 738 0038 02000000 		.4byte	.LCFI2
 739 003c 04000000 		.4byte	.LCFI3
 740 0040 0200     		.2byte	0x2
 741 0042 7D       		.byte	0x7d
 742 0043 04       		.sleb128 4
 743 0044 04000000 		.4byte	.LCFI3
 744 0048 72000000 		.4byte	.LFE1
 745 004c 0200     		.2byte	0x2
 746 004e 77       		.byte	0x77
 747 004f 04       		.sleb128 4
ARM GAS  C:\Users\Colin\AppData\Local\Temp\cc7yixwM.s 			page 24


 748 0050 00000000 		.4byte	0
 749 0054 00000000 		.4byte	0
 750              	.LLST2:
 751 0058 00000000 		.4byte	.LFB2
 752 005c 02000000 		.4byte	.LCFI4
 753 0060 0200     		.2byte	0x2
 754 0062 7D       		.byte	0x7d
 755 0063 00       		.sleb128 0
 756 0064 02000000 		.4byte	.LCFI4
 757 0068 04000000 		.4byte	.LCFI5
 758 006c 0200     		.2byte	0x2
 759 006e 7D       		.byte	0x7d
 760 006f 04       		.sleb128 4
 761 0070 04000000 		.4byte	.LCFI5
 762 0074 7A000000 		.4byte	.LFE2
 763 0078 0200     		.2byte	0x2
 764 007a 77       		.byte	0x77
 765 007b 04       		.sleb128 4
 766 007c 00000000 		.4byte	0
 767 0080 00000000 		.4byte	0
 768              	.LLST3:
 769 0084 00000000 		.4byte	.LFB3
 770 0088 02000000 		.4byte	.LCFI6
 771 008c 0200     		.2byte	0x2
 772 008e 7D       		.byte	0x7d
 773 008f 00       		.sleb128 0
 774 0090 02000000 		.4byte	.LCFI6
 775 0094 04000000 		.4byte	.LCFI7
 776 0098 0200     		.2byte	0x2
 777 009a 7D       		.byte	0x7d
 778 009b 04       		.sleb128 4
 779 009c 04000000 		.4byte	.LCFI7
 780 00a0 0A000000 		.4byte	.LFE3
 781 00a4 0200     		.2byte	0x2
 782 00a6 77       		.byte	0x77
 783 00a7 04       		.sleb128 4
 784 00a8 00000000 		.4byte	0
 785 00ac 00000000 		.4byte	0
 786              	.LLST4:
 787 00b0 00000000 		.4byte	.LFB4
 788 00b4 02000000 		.4byte	.LCFI8
 789 00b8 0200     		.2byte	0x2
 790 00ba 7D       		.byte	0x7d
 791 00bb 00       		.sleb128 0
 792 00bc 02000000 		.4byte	.LCFI8
 793 00c0 04000000 		.4byte	.LCFI9
 794 00c4 0200     		.2byte	0x2
 795 00c6 7D       		.byte	0x7d
 796 00c7 08       		.sleb128 8
 797 00c8 04000000 		.4byte	.LCFI9
 798 00cc 0A000000 		.4byte	.LFE4
 799 00d0 0200     		.2byte	0x2
 800 00d2 77       		.byte	0x77
 801 00d3 08       		.sleb128 8
 802 00d4 00000000 		.4byte	0
 803 00d8 00000000 		.4byte	0
 804              		.section	.debug_aranges,"",%progbits
ARM GAS  C:\Users\Colin\AppData\Local\Temp\cc7yixwM.s 			page 25


 805 0000 3C000000 		.4byte	0x3c
 806 0004 0200     		.2byte	0x2
 807 0006 00000000 		.4byte	.Ldebug_info0
 808 000a 04       		.byte	0x4
 809 000b 00       		.byte	0
 810 000c 0000     		.2byte	0
 811 000e 0000     		.2byte	0
 812 0010 00000000 		.4byte	.LFB0
 813 0014 72000000 		.4byte	.LFE0-.LFB0
 814 0018 00000000 		.4byte	.LFB1
 815 001c 72000000 		.4byte	.LFE1-.LFB1
 816 0020 00000000 		.4byte	.LFB2
 817 0024 7A000000 		.4byte	.LFE2-.LFB2
 818 0028 00000000 		.4byte	.LFB3
 819 002c 0A000000 		.4byte	.LFE3-.LFB3
 820 0030 00000000 		.4byte	.LFB4
 821 0034 0A000000 		.4byte	.LFE4-.LFB4
 822 0038 00000000 		.4byte	0
 823 003c 00000000 		.4byte	0
 824              		.section	.debug_ranges,"",%progbits
 825              	.Ldebug_ranges0:
 826 0000 00000000 		.4byte	.LFB0
 827 0004 72000000 		.4byte	.LFE0
 828 0008 00000000 		.4byte	.LFB1
 829 000c 72000000 		.4byte	.LFE1
 830 0010 00000000 		.4byte	.LFB2
 831 0014 7A000000 		.4byte	.LFE2
 832 0018 00000000 		.4byte	.LFB3
 833 001c 0A000000 		.4byte	.LFE3
 834 0020 00000000 		.4byte	.LFB4
 835 0024 0A000000 		.4byte	.LFE4
 836 0028 00000000 		.4byte	0
 837 002c 00000000 		.4byte	0
 838              		.section	.debug_line,"",%progbits
 839              	.Ldebug_line0:
 840 0000 E7000000 		.section	.debug_str,"MS",%progbits,1
 840      02007000 
 840      00000201 
 840      FB0E0D00 
 840      01010101 
 841              	.LASF22:
 842 0000 62756666 		.ascii	"buffOffset\000"
 842      4F666673 
 842      657400
 843              	.LASF33:
 844 000b 433A5C55 		.ascii	"C:\\Users\\Colin\\Dropbox\\Grad School\\Spring 2014"
 844      73657273 
 844      5C436F6C 
 844      696E5C44 
 844      726F7062 
 845 0039 5C4D4520 		.ascii	"\\ME 235\\Code\\USB_UART01\\Final_PSoC_Code\\USB_UA"
 845      3233355C 
 845      436F6465 
 845      5C555342 
 845      5F554152 
 846 0067 52543031 		.ascii	"RT01-000.Bundle01\\USB_UART01.cydsn\000"
 846      2D303030 
ARM GAS  C:\Users\Colin\AppData\Local\Temp\cc7yixwM.s 			page 26


 846      2E42756E 
 846      646C6530 
 846      315C5553 
 847              	.LASF34:
 848 008a 55534255 		.ascii	"USBUART_1_EP\000"
 848      4152545F 
 848      315F4550 
 848      00
 849              	.LASF3:
 850 0097 73686F72 		.ascii	"short unsigned int\000"
 850      7420756E 
 850      7369676E 
 850      65642069 
 850      6E7400
 851              	.LASF26:
 852 00aa 55534255 		.ascii	"USBUART_1_EP_1_ISR\000"
 852      4152545F 
 852      315F4550 
 852      5F315F49 
 852      535200
 853              	.LASF11:
 854 00bd 666C6F61 		.ascii	"float\000"
 854      7400
 855              	.LASF19:
 856 00c3 6570546F 		.ascii	"epToggle\000"
 856      67676C65 
 856      00
 857              	.LASF1:
 858 00cc 756E7369 		.ascii	"unsigned char\000"
 858      676E6564 
 858      20636861 
 858      7200
 859              	.LASF14:
 860 00da 72656738 		.ascii	"reg8\000"
 860      00
 861              	.LASF5:
 862 00df 6C6F6E67 		.ascii	"long unsigned int\000"
 862      20756E73 
 862      69676E65 
 862      6420696E 
 862      7400
 863              	.LASF20:
 864 00f1 61646472 		.ascii	"addr\000"
 864      00
 865              	.LASF27:
 866 00f6 55534255 		.ascii	"USBUART_1_EP_2_ISR\000"
 866      4152545F 
 866      315F4550 
 866      5F325F49 
 866      535200
 867              	.LASF12:
 868 0109 646F7562 		.ascii	"double\000"
 868      6C6500
 869              	.LASF16:
 870 0110 61747472 		.ascii	"attrib\000"
 870      696200
 871              	.LASF30:
ARM GAS  C:\Users\Colin\AppData\Local\Temp\cc7yixwM.s 			page 27


 872 0117 55534255 		.ascii	"USBUART_1_BUS_RESET_ISR\000"
 872      4152545F 
 872      315F4255 
 872      535F5245 
 872      5345545F 
 873              	.LASF29:
 874 012f 55534255 		.ascii	"USBUART_1_SOF_ISR\000"
 874      4152545F 
 874      315F534F 
 874      465F4953 
 874      5200
 875              	.LASF10:
 876 0141 75696E74 		.ascii	"uint16\000"
 876      313600
 877              	.LASF17:
 878 0148 61706945 		.ascii	"apiEpState\000"
 878      70537461 
 878      746500
 879              	.LASF8:
 880 0153 756E7369 		.ascii	"unsigned int\000"
 880      676E6564 
 880      20696E74 
 880      00
 881              	.LASF7:
 882 0160 6C6F6E67 		.ascii	"long long unsigned int\000"
 882      206C6F6E 
 882      6720756E 
 882      7369676E 
 882      65642069 
 883              	.LASF18:
 884 0177 68774570 		.ascii	"hwEpState\000"
 884      53746174 
 884      6500
 885              	.LASF32:
 886 0181 2E5C4765 		.ascii	".\\Generated_Source\\PSoC5\\USBUART_1_episr.c\000"
 886      6E657261 
 886      7465645F 
 886      536F7572 
 886      63655C50 
 887              	.LASF28:
 888 01ac 55534255 		.ascii	"USBUART_1_EP_3_ISR\000"
 888      4152545F 
 888      315F4550 
 888      5F335F49 
 888      535200
 889              	.LASF15:
 890 01bf 73697A65 		.ascii	"sizetype\000"
 890      74797065 
 890      00
 891              	.LASF21:
 892 01c8 65704D6F 		.ascii	"epMode\000"
 892      646500
 893              	.LASF6:
 894 01cf 6C6F6E67 		.ascii	"long long int\000"
 894      206C6F6E 
 894      6720696E 
 894      7400
ARM GAS  C:\Users\Colin\AppData\Local\Temp\cc7yixwM.s 			page 28


 895              	.LASF25:
 896 01dd 545F5553 		.ascii	"T_USBUART_1_EP_CTL_BLOCK\000"
 896      42554152 
 896      545F315F 
 896      45505F43 
 896      544C5F42 
 897              	.LASF13:
 898 01f6 63686172 		.ascii	"char\000"
 898      00
 899              	.LASF23:
 900 01fb 62756666 		.ascii	"bufferSize\000"
 900      65725369 
 900      7A6500
 901              	.LASF2:
 902 0206 73686F72 		.ascii	"short int\000"
 902      7420696E 
 902      7400
 903              	.LASF9:
 904 0210 75696E74 		.ascii	"uint8\000"
 904      3800
 905              	.LASF31:
 906 0216 474E5520 		.ascii	"GNU C 4.7.3 20130312 (release) [ARM/embedded-4_7-br"
 906      4320342E 
 906      372E3320 
 906      32303133 
 906      30333132 
 907 0249 616E6368 		.ascii	"anch revision 196615]\000"
 907      20726576 
 907      6973696F 
 907      6E203139 
 907      36363135 
 908              	.LASF24:
 909 025f 696E7465 		.ascii	"interface\000"
 909      72666163 
 909      6500
 910              	.LASF4:
 911 0269 6C6F6E67 		.ascii	"long int\000"
 911      20696E74 
 911      00
 912              	.LASF0:
 913 0272 7369676E 		.ascii	"signed char\000"
 913      65642063 
 913      68617200 
 914              		.ident	"GCC: (GNU Tools for ARM Embedded Processors) 4.7.3 20130312 (release) [ARM/embedded-4_7-br
