ARM GAS  C:\Users\Colin\AppData\Local\Temp\ccMJOs9m.s 			page 1


   1              		.syntax unified
   2              		.cpu cortex-m3
   3              		.fpu softvfp
   4              		.eabi_attribute 20, 1
   5              		.eabi_attribute 21, 1
   6              		.eabi_attribute 23, 3
   7              		.eabi_attribute 24, 1
   8              		.eabi_attribute 25, 1
   9              		.eabi_attribute 26, 1
  10              		.eabi_attribute 30, 6
  11              		.eabi_attribute 34, 1
  12              		.eabi_attribute 18, 4
  13              		.thumb
  14              		.file	"USBUART_1_vnd.c"
  15              		.text
  16              	.Ltext0:
  17              		.cfi_sections	.debug_frame
  18              		.section	.text.USBUART_1_HandleVendorRqst,"ax",%progbits
  19              		.align	2
  20              		.global	USBUART_1_HandleVendorRqst
  21              		.thumb
  22              		.thumb_func
  23              		.type	USBUART_1_HandleVendorRqst, %function
  24              	USBUART_1_HandleVendorRqst:
  25              	.LFB0:
  26              		.file 1 ".\\Generated_Source\\PSoC5\\USBUART_1_vnd.c"
   1:.\Generated_Source\PSoC5/USBUART_1_vnd.c **** /*******************************************************************************
   2:.\Generated_Source\PSoC5/USBUART_1_vnd.c **** * File Name: USBUART_1_vnd.c
   3:.\Generated_Source\PSoC5/USBUART_1_vnd.c **** * Version 2.60
   4:.\Generated_Source\PSoC5/USBUART_1_vnd.c **** *
   5:.\Generated_Source\PSoC5/USBUART_1_vnd.c **** * Description:
   6:.\Generated_Source\PSoC5/USBUART_1_vnd.c **** *  USB vendor request handler.
   7:.\Generated_Source\PSoC5/USBUART_1_vnd.c **** *
   8:.\Generated_Source\PSoC5/USBUART_1_vnd.c **** * Note:
   9:.\Generated_Source\PSoC5/USBUART_1_vnd.c **** *
  10:.\Generated_Source\PSoC5/USBUART_1_vnd.c **** ********************************************************************************
  11:.\Generated_Source\PSoC5/USBUART_1_vnd.c **** * Copyright 2008-2013, Cypress Semiconductor Corporation.  All rights reserved.
  12:.\Generated_Source\PSoC5/USBUART_1_vnd.c **** * You may use this file only in accordance with the license, terms, conditions,
  13:.\Generated_Source\PSoC5/USBUART_1_vnd.c **** * disclaimers, and limitations in the end user license agreement accompanying
  14:.\Generated_Source\PSoC5/USBUART_1_vnd.c **** * the software package with which this file was provided.
  15:.\Generated_Source\PSoC5/USBUART_1_vnd.c **** *******************************************************************************/
  16:.\Generated_Source\PSoC5/USBUART_1_vnd.c **** 
  17:.\Generated_Source\PSoC5/USBUART_1_vnd.c **** #include "USBUART_1.h"
  18:.\Generated_Source\PSoC5/USBUART_1_vnd.c **** #include "USBUART_1_pvt.h"
  19:.\Generated_Source\PSoC5/USBUART_1_vnd.c **** 
  20:.\Generated_Source\PSoC5/USBUART_1_vnd.c **** #if(USBUART_1_EXTERN_VND == USBUART_1_FALSE)
  21:.\Generated_Source\PSoC5/USBUART_1_vnd.c **** 
  22:.\Generated_Source\PSoC5/USBUART_1_vnd.c **** 
  23:.\Generated_Source\PSoC5/USBUART_1_vnd.c **** /***************************************
  24:.\Generated_Source\PSoC5/USBUART_1_vnd.c **** * Vendor Specific Declarations
  25:.\Generated_Source\PSoC5/USBUART_1_vnd.c **** ***************************************/
  26:.\Generated_Source\PSoC5/USBUART_1_vnd.c **** 
  27:.\Generated_Source\PSoC5/USBUART_1_vnd.c **** /* `#START VENDOR_SPECIFIC_DECLARATIONS` Place your declaration here */
  28:.\Generated_Source\PSoC5/USBUART_1_vnd.c **** 
  29:.\Generated_Source\PSoC5/USBUART_1_vnd.c **** /* `#END` */
  30:.\Generated_Source\PSoC5/USBUART_1_vnd.c **** 
  31:.\Generated_Source\PSoC5/USBUART_1_vnd.c **** 
ARM GAS  C:\Users\Colin\AppData\Local\Temp\ccMJOs9m.s 			page 2


  32:.\Generated_Source\PSoC5/USBUART_1_vnd.c **** /*******************************************************************************
  33:.\Generated_Source\PSoC5/USBUART_1_vnd.c **** * Function Name: USBUART_1_HandleVendorRqst
  34:.\Generated_Source\PSoC5/USBUART_1_vnd.c **** ********************************************************************************
  35:.\Generated_Source\PSoC5/USBUART_1_vnd.c **** *
  36:.\Generated_Source\PSoC5/USBUART_1_vnd.c **** * Summary:
  37:.\Generated_Source\PSoC5/USBUART_1_vnd.c **** *  This routine provide users with a method to implement vendor specifc
  38:.\Generated_Source\PSoC5/USBUART_1_vnd.c **** *  requests.
  39:.\Generated_Source\PSoC5/USBUART_1_vnd.c **** *
  40:.\Generated_Source\PSoC5/USBUART_1_vnd.c **** *  To implement vendor specific requests, add your code in this function to
  41:.\Generated_Source\PSoC5/USBUART_1_vnd.c **** *  decode and disposition the request.  If the request is handled, your code
  42:.\Generated_Source\PSoC5/USBUART_1_vnd.c **** *  must set the variable "requestHandled" to TRUE, indicating that the
  43:.\Generated_Source\PSoC5/USBUART_1_vnd.c **** *  request has been handled.
  44:.\Generated_Source\PSoC5/USBUART_1_vnd.c **** *
  45:.\Generated_Source\PSoC5/USBUART_1_vnd.c **** * Parameters:
  46:.\Generated_Source\PSoC5/USBUART_1_vnd.c **** *  None.
  47:.\Generated_Source\PSoC5/USBUART_1_vnd.c **** *
  48:.\Generated_Source\PSoC5/USBUART_1_vnd.c **** * Return:
  49:.\Generated_Source\PSoC5/USBUART_1_vnd.c **** *  requestHandled.
  50:.\Generated_Source\PSoC5/USBUART_1_vnd.c **** *
  51:.\Generated_Source\PSoC5/USBUART_1_vnd.c **** * Reentrant:
  52:.\Generated_Source\PSoC5/USBUART_1_vnd.c **** *  No.
  53:.\Generated_Source\PSoC5/USBUART_1_vnd.c **** *
  54:.\Generated_Source\PSoC5/USBUART_1_vnd.c **** *******************************************************************************/
  55:.\Generated_Source\PSoC5/USBUART_1_vnd.c **** uint8 USBUART_1_HandleVendorRqst(void) 
  56:.\Generated_Source\PSoC5/USBUART_1_vnd.c **** {
  27              		.loc 1 56 0
  28              		.cfi_startproc
  29              		@ args = 0, pretend = 0, frame = 8
  30              		@ frame_needed = 1, uses_anonymous_args = 0
  31 0000 80B5     		push	{r7, lr}
  32              	.LCFI0:
  33              		.cfi_def_cfa_offset 8
  34              		.cfi_offset 7, -8
  35              		.cfi_offset 14, -4
  36 0002 82B0     		sub	sp, sp, #8
  37              	.LCFI1:
  38              		.cfi_def_cfa_offset 16
  39 0004 00AF     		add	r7, sp, #0
  40              	.LCFI2:
  41              		.cfi_def_cfa_register 7
  57:.\Generated_Source\PSoC5/USBUART_1_vnd.c ****     uint8 requestHandled = USBUART_1_FALSE;
  42              		.loc 1 57 0
  43 0006 4FF00003 		mov	r3, #0
  44 000a FB71     		strb	r3, [r7, #7]
  58:.\Generated_Source\PSoC5/USBUART_1_vnd.c **** 
  59:.\Generated_Source\PSoC5/USBUART_1_vnd.c ****     if ((CY_GET_REG8(USBUART_1_bmRequestType) & USBUART_1_RQST_DIR_MASK) == USBUART_1_RQST_DIR_D2H)
  45              		.loc 1 59 0
  46 000c 4FF4C043 		mov	r3, #24576
  47 0010 C4F20003 		movt	r3, 16384
  48 0014 1B78     		ldrb	r3, [r3, #0]
  49 0016 DBB2     		uxtb	r3, r3
  50 0018 DBB2     		uxtb	r3, r3
  51 001a 5BB2     		sxtb	r3, r3
  52 001c 002B     		cmp	r3, #0
  53 001e 21DA     		bge	.L2
  60:.\Generated_Source\PSoC5/USBUART_1_vnd.c ****     {
  61:.\Generated_Source\PSoC5/USBUART_1_vnd.c ****         /* Control Read */
ARM GAS  C:\Users\Colin\AppData\Local\Temp\ccMJOs9m.s 			page 3


  62:.\Generated_Source\PSoC5/USBUART_1_vnd.c ****         switch (CY_GET_REG8(USBUART_1_bRequest))
  54              		.loc 1 62 0
  55 0020 46F20103 		movw	r3, #24577
  56 0024 C4F20003 		movt	r3, 16384
  57 0028 1B78     		ldrb	r3, [r3, #0]
  58 002a DBB2     		uxtb	r3, r3
  59 002c 012B     		cmp	r3, #1
  60 002e 18D1     		bne	.L6
  61              	.L4:
  63:.\Generated_Source\PSoC5/USBUART_1_vnd.c ****         {
  64:.\Generated_Source\PSoC5/USBUART_1_vnd.c ****             case USBUART_1_GET_EXTENDED_CONFIG_DESCRIPTOR:
  65:.\Generated_Source\PSoC5/USBUART_1_vnd.c ****                 #if defined(USBUART_1_ENABLE_MSOS_STRING)
  66:.\Generated_Source\PSoC5/USBUART_1_vnd.c ****                     USBUART_1_currentTD.pData = (volatile uint8 *)&USBUART_1_MSOS_CONFIGURATION_DES
  62              		.loc 1 66 0
  63 0030 40F20003 		movw	r3, #:lower16:USBUART_1_currentTD
  64 0034 C0F20003 		movt	r3, #:upper16:USBUART_1_currentTD
  65 0038 40F20002 		movw	r2, #:lower16:USBUART_1_MSOS_CONFIGURATION_DESCR
  66 003c C0F20002 		movt	r2, #:upper16:USBUART_1_MSOS_CONFIGURATION_DESCR
  67 0040 5A60     		str	r2, [r3, #4]
  67:.\Generated_Source\PSoC5/USBUART_1_vnd.c ****                     USBUART_1_currentTD.count = USBUART_1_MSOS_CONFIGURATION_DESCR[0u];
  68              		.loc 1 67 0
  69 0042 40F20003 		movw	r3, #:lower16:USBUART_1_MSOS_CONFIGURATION_DESCR
  70 0046 C0F20003 		movt	r3, #:upper16:USBUART_1_MSOS_CONFIGURATION_DESCR
  71 004a 1B78     		ldrb	r3, [r3, #0]	@ zero_extendqisi2
  72 004c 1A46     		mov	r2, r3
  73 004e 40F20003 		movw	r3, #:lower16:USBUART_1_currentTD
  74 0052 C0F20003 		movt	r3, #:upper16:USBUART_1_currentTD
  75 0056 1A80     		strh	r2, [r3, #0]	@ movhi
  68:.\Generated_Source\PSoC5/USBUART_1_vnd.c ****                     requestHandled  = USBUART_1_InitControlRead();
  76              		.loc 1 68 0
  77 0058 FFF7FEFF 		bl	USBUART_1_InitControlRead
  78 005c 0346     		mov	r3, r0
  79 005e FB71     		strb	r3, [r7, #7]
  69:.\Generated_Source\PSoC5/USBUART_1_vnd.c ****                 #endif /* End USBUART_1_ENABLE_MSOS_STRING */
  70:.\Generated_Source\PSoC5/USBUART_1_vnd.c ****                 break;
  80              		.loc 1 70 0
  81 0060 00E0     		b	.L2
  82              	.L6:
  71:.\Generated_Source\PSoC5/USBUART_1_vnd.c ****             default:
  72:.\Generated_Source\PSoC5/USBUART_1_vnd.c ****                 break;
  83              		.loc 1 72 0
  84 0062 00BF     		nop
  85              	.L2:
  73:.\Generated_Source\PSoC5/USBUART_1_vnd.c ****         }
  74:.\Generated_Source\PSoC5/USBUART_1_vnd.c ****     }
  75:.\Generated_Source\PSoC5/USBUART_1_vnd.c **** 
  76:.\Generated_Source\PSoC5/USBUART_1_vnd.c ****     /* `#START VENDOR_SPECIFIC_CODE` Place your vendor specific request here */
  77:.\Generated_Source\PSoC5/USBUART_1_vnd.c **** 
  78:.\Generated_Source\PSoC5/USBUART_1_vnd.c ****     /* `#END` */
  79:.\Generated_Source\PSoC5/USBUART_1_vnd.c **** 
  80:.\Generated_Source\PSoC5/USBUART_1_vnd.c ****     return(requestHandled);
  86              		.loc 1 80 0
  87 0064 FB79     		ldrb	r3, [r7, #7]	@ zero_extendqisi2
  81:.\Generated_Source\PSoC5/USBUART_1_vnd.c **** }
  88              		.loc 1 81 0
  89 0066 1846     		mov	r0, r3
  90 0068 07F10807 		add	r7, r7, #8
ARM GAS  C:\Users\Colin\AppData\Local\Temp\ccMJOs9m.s 			page 4


  91 006c BD46     		mov	sp, r7
  92 006e 80BD     		pop	{r7, pc}
  93              		.cfi_endproc
  94              	.LFE0:
  95              		.size	USBUART_1_HandleVendorRqst, .-USBUART_1_HandleVendorRqst
  96              		.text
  97              	.Letext0:
  98              		.file 2 ".\\Generated_Source\\PSoC5\\cytypes.h"
  99              		.file 3 ".\\Generated_Source\\PSoC5\\USBUART_1.h"
 100              		.file 4 ".\\Generated_Source\\PSoC5\\USBUART_1_pvt.h"
 101              		.section	.debug_info,"",%progbits
 102              	.Ldebug_info0:
 103 0000 89010000 		.4byte	0x189
 104 0004 0200     		.2byte	0x2
 105 0006 00000000 		.4byte	.Ldebug_abbrev0
 106 000a 04       		.byte	0x4
 107 000b 01       		.uleb128 0x1
 108 000c 83010000 		.4byte	.LASF25
 109 0010 01       		.byte	0x1
 110 0011 27020000 		.4byte	.LASF26
 111 0015 1C000000 		.4byte	.LASF27
 112 0019 00000000 		.4byte	.Ldebug_ranges0+0
 113 001d 00000000 		.4byte	0
 114 0021 00000000 		.4byte	0
 115 0025 00000000 		.4byte	.Ldebug_line0
 116 0029 02       		.uleb128 0x2
 117 002a 01       		.byte	0x1
 118 002b 06       		.byte	0x6
 119 002c F8010000 		.4byte	.LASF0
 120 0030 02       		.uleb128 0x2
 121 0031 01       		.byte	0x1
 122 0032 08       		.byte	0x8
 123 0033 C7000000 		.4byte	.LASF1
 124 0037 02       		.uleb128 0x2
 125 0038 02       		.byte	0x2
 126 0039 05       		.byte	0x5
 127 003a 79010000 		.4byte	.LASF2
 128 003e 02       		.uleb128 0x2
 129 003f 02       		.byte	0x2
 130 0040 07       		.byte	0x7
 131 0041 A1000000 		.4byte	.LASF3
 132 0045 02       		.uleb128 0x2
 133 0046 04       		.byte	0x4
 134 0047 05       		.byte	0x5
 135 0048 DB010000 		.4byte	.LASF4
 136 004c 02       		.uleb128 0x2
 137 004d 04       		.byte	0x4
 138 004e 07       		.byte	0x7
 139 004f DA000000 		.4byte	.LASF5
 140 0053 02       		.uleb128 0x2
 141 0054 08       		.byte	0x8
 142 0055 05       		.byte	0x5
 143 0056 48010000 		.4byte	.LASF6
 144 005a 02       		.uleb128 0x2
 145 005b 08       		.byte	0x8
 146 005c 07       		.byte	0x7
 147 005d 0D010000 		.4byte	.LASF7
ARM GAS  C:\Users\Colin\AppData\Local\Temp\ccMJOs9m.s 			page 5


 148 0061 03       		.uleb128 0x3
 149 0062 04       		.byte	0x4
 150 0063 05       		.byte	0x5
 151 0064 696E7400 		.ascii	"int\000"
 152 0068 02       		.uleb128 0x2
 153 0069 04       		.byte	0x4
 154 006a 07       		.byte	0x7
 155 006b 00010000 		.4byte	.LASF8
 156 006f 04       		.uleb128 0x4
 157 0070 EC000000 		.4byte	.LASF9
 158 0074 02       		.byte	0x2
 159 0075 5B       		.byte	0x5b
 160 0076 30000000 		.4byte	0x30
 161 007a 04       		.uleb128 0x4
 162 007b F9000000 		.4byte	.LASF10
 163 007f 02       		.byte	0x2
 164 0080 5C       		.byte	0x5c
 165 0081 3E000000 		.4byte	0x3e
 166 0085 02       		.uleb128 0x2
 167 0086 04       		.byte	0x4
 168 0087 04       		.byte	0x4
 169 0088 C1000000 		.4byte	.LASF11
 170 008c 02       		.uleb128 0x2
 171 008d 08       		.byte	0x8
 172 008e 04       		.byte	0x4
 173 008f F2000000 		.4byte	.LASF12
 174 0093 02       		.uleb128 0x2
 175 0094 01       		.byte	0x1
 176 0095 08       		.byte	0x8
 177 0096 56010000 		.4byte	.LASF13
 178 009a 04       		.uleb128 0x4
 179 009b D5000000 		.4byte	.LASF14
 180 009f 02       		.byte	0x2
 181 00a0 F0       		.byte	0xf0
 182 00a1 A5000000 		.4byte	0xa5
 183 00a5 05       		.uleb128 0x5
 184 00a6 6F000000 		.4byte	0x6f
 185 00aa 02       		.uleb128 0x2
 186 00ab 04       		.byte	0x4
 187 00ac 07       		.byte	0x7
 188 00ad 3F010000 		.4byte	.LASF15
 189 00b1 06       		.uleb128 0x6
 190 00b2 04       		.byte	0x4
 191 00b3 03       		.byte	0x3
 192 00b4 8E       		.byte	0x8e
 193 00b5 D6000000 		.4byte	0xd6
 194 00b9 07       		.uleb128 0x7
 195 00ba B4000000 		.4byte	.LASF16
 196 00be 03       		.byte	0x3
 197 00bf 90       		.byte	0x90
 198 00c0 6F000000 		.4byte	0x6f
 199 00c4 02       		.byte	0x2
 200 00c5 23       		.byte	0x23
 201 00c6 00       		.uleb128 0
 202 00c7 07       		.uleb128 0x7
 203 00c8 50020000 		.4byte	.LASF17
 204 00cc 03       		.byte	0x3
ARM GAS  C:\Users\Colin\AppData\Local\Temp\ccMJOs9m.s 			page 6


 205 00cd 91       		.byte	0x91
 206 00ce 7A000000 		.4byte	0x7a
 207 00d2 02       		.byte	0x2
 208 00d3 23       		.byte	0x23
 209 00d4 02       		.uleb128 0x2
 210 00d5 00       		.byte	0
 211 00d6 04       		.uleb128 0x4
 212 00d7 5B010000 		.4byte	.LASF18
 213 00db 03       		.byte	0x3
 214 00dc 92       		.byte	0x92
 215 00dd B1000000 		.4byte	0xb1
 216 00e1 06       		.uleb128 0x6
 217 00e2 0C       		.byte	0xc
 218 00e3 03       		.byte	0x3
 219 00e4 94       		.byte	0x94
 220 00e5 14010000 		.4byte	0x114
 221 00e9 07       		.uleb128 0x7
 222 00ea 9B000000 		.4byte	.LASF19
 223 00ee 03       		.byte	0x3
 224 00ef 96       		.byte	0x96
 225 00f0 7A000000 		.4byte	0x7a
 226 00f4 02       		.byte	0x2
 227 00f5 23       		.byte	0x23
 228 00f6 00       		.uleb128 0
 229 00f7 07       		.uleb128 0x7
 230 00f8 BB000000 		.4byte	.LASF20
 231 00fc 03       		.byte	0x3
 232 00fd 97       		.byte	0x97
 233 00fe 14010000 		.4byte	0x114
 234 0102 02       		.byte	0x2
 235 0103 23       		.byte	0x23
 236 0104 04       		.uleb128 0x4
 237 0105 07       		.uleb128 0x7
 238 0106 00000000 		.4byte	.LASF21
 239 010a 03       		.byte	0x3
 240 010b 98       		.byte	0x98
 241 010c 1A010000 		.4byte	0x11a
 242 0110 02       		.byte	0x2
 243 0111 23       		.byte	0x23
 244 0112 08       		.uleb128 0x8
 245 0113 00       		.byte	0
 246 0114 08       		.uleb128 0x8
 247 0115 04       		.byte	0x4
 248 0116 A5000000 		.4byte	0xa5
 249 011a 08       		.uleb128 0x8
 250 011b 04       		.byte	0x4
 251 011c D6000000 		.4byte	0xd6
 252 0120 04       		.uleb128 0x4
 253 0121 0D000000 		.4byte	.LASF22
 254 0125 03       		.byte	0x3
 255 0126 99       		.byte	0x99
 256 0127 E1000000 		.4byte	0xe1
 257 012b 09       		.uleb128 0x9
 258 012c 01       		.byte	0x1
 259 012d 24010000 		.4byte	.LASF28
 260 0131 01       		.byte	0x1
 261 0132 37       		.byte	0x37
ARM GAS  C:\Users\Colin\AppData\Local\Temp\ccMJOs9m.s 			page 7


 262 0133 01       		.byte	0x1
 263 0134 6F000000 		.4byte	0x6f
 264 0138 00000000 		.4byte	.LFB0
 265 013c 70000000 		.4byte	.LFE0
 266 0140 00000000 		.4byte	.LLST0
 267 0144 01       		.byte	0x1
 268 0145 58010000 		.4byte	0x158
 269 0149 0A       		.uleb128 0xa
 270 014a CC010000 		.4byte	.LASF29
 271 014e 01       		.byte	0x1
 272 014f 39       		.byte	0x39
 273 0150 6F000000 		.4byte	0x6f
 274 0154 02       		.byte	0x2
 275 0155 91       		.byte	0x91
 276 0156 77       		.sleb128 -9
 277 0157 00       		.byte	0
 278 0158 0B       		.uleb128 0xb
 279 0159 6F000000 		.4byte	0x6f
 280 015d 68010000 		.4byte	0x168
 281 0161 0C       		.uleb128 0xc
 282 0162 AA000000 		.4byte	0xaa
 283 0166 27       		.byte	0x27
 284 0167 00       		.byte	0
 285 0168 0D       		.uleb128 0xd
 286 0169 04020000 		.4byte	.LASF23
 287 016d 04       		.byte	0x4
 288 016e 29       		.byte	0x29
 289 016f 75010000 		.4byte	0x175
 290 0173 01       		.byte	0x1
 291 0174 01       		.byte	0x1
 292 0175 0E       		.uleb128 0xe
 293 0176 58010000 		.4byte	0x158
 294 017a 0D       		.uleb128 0xd
 295 017b E4010000 		.4byte	.LASF24
 296 017f 04       		.byte	0x4
 297 0180 36       		.byte	0x36
 298 0181 87010000 		.4byte	0x187
 299 0185 01       		.byte	0x1
 300 0186 01       		.byte	0x1
 301 0187 05       		.uleb128 0x5
 302 0188 20010000 		.4byte	0x120
 303 018c 00       		.byte	0
 304              		.section	.debug_abbrev,"",%progbits
 305              	.Ldebug_abbrev0:
 306 0000 01       		.uleb128 0x1
 307 0001 11       		.uleb128 0x11
 308 0002 01       		.byte	0x1
 309 0003 25       		.uleb128 0x25
 310 0004 0E       		.uleb128 0xe
 311 0005 13       		.uleb128 0x13
 312 0006 0B       		.uleb128 0xb
 313 0007 03       		.uleb128 0x3
 314 0008 0E       		.uleb128 0xe
 315 0009 1B       		.uleb128 0x1b
 316 000a 0E       		.uleb128 0xe
 317 000b 55       		.uleb128 0x55
 318 000c 06       		.uleb128 0x6
ARM GAS  C:\Users\Colin\AppData\Local\Temp\ccMJOs9m.s 			page 8


 319 000d 11       		.uleb128 0x11
 320 000e 01       		.uleb128 0x1
 321 000f 52       		.uleb128 0x52
 322 0010 01       		.uleb128 0x1
 323 0011 10       		.uleb128 0x10
 324 0012 06       		.uleb128 0x6
 325 0013 00       		.byte	0
 326 0014 00       		.byte	0
 327 0015 02       		.uleb128 0x2
 328 0016 24       		.uleb128 0x24
 329 0017 00       		.byte	0
 330 0018 0B       		.uleb128 0xb
 331 0019 0B       		.uleb128 0xb
 332 001a 3E       		.uleb128 0x3e
 333 001b 0B       		.uleb128 0xb
 334 001c 03       		.uleb128 0x3
 335 001d 0E       		.uleb128 0xe
 336 001e 00       		.byte	0
 337 001f 00       		.byte	0
 338 0020 03       		.uleb128 0x3
 339 0021 24       		.uleb128 0x24
 340 0022 00       		.byte	0
 341 0023 0B       		.uleb128 0xb
 342 0024 0B       		.uleb128 0xb
 343 0025 3E       		.uleb128 0x3e
 344 0026 0B       		.uleb128 0xb
 345 0027 03       		.uleb128 0x3
 346 0028 08       		.uleb128 0x8
 347 0029 00       		.byte	0
 348 002a 00       		.byte	0
 349 002b 04       		.uleb128 0x4
 350 002c 16       		.uleb128 0x16
 351 002d 00       		.byte	0
 352 002e 03       		.uleb128 0x3
 353 002f 0E       		.uleb128 0xe
 354 0030 3A       		.uleb128 0x3a
 355 0031 0B       		.uleb128 0xb
 356 0032 3B       		.uleb128 0x3b
 357 0033 0B       		.uleb128 0xb
 358 0034 49       		.uleb128 0x49
 359 0035 13       		.uleb128 0x13
 360 0036 00       		.byte	0
 361 0037 00       		.byte	0
 362 0038 05       		.uleb128 0x5
 363 0039 35       		.uleb128 0x35
 364 003a 00       		.byte	0
 365 003b 49       		.uleb128 0x49
 366 003c 13       		.uleb128 0x13
 367 003d 00       		.byte	0
 368 003e 00       		.byte	0
 369 003f 06       		.uleb128 0x6
 370 0040 13       		.uleb128 0x13
 371 0041 01       		.byte	0x1
 372 0042 0B       		.uleb128 0xb
 373 0043 0B       		.uleb128 0xb
 374 0044 3A       		.uleb128 0x3a
 375 0045 0B       		.uleb128 0xb
ARM GAS  C:\Users\Colin\AppData\Local\Temp\ccMJOs9m.s 			page 9


 376 0046 3B       		.uleb128 0x3b
 377 0047 0B       		.uleb128 0xb
 378 0048 01       		.uleb128 0x1
 379 0049 13       		.uleb128 0x13
 380 004a 00       		.byte	0
 381 004b 00       		.byte	0
 382 004c 07       		.uleb128 0x7
 383 004d 0D       		.uleb128 0xd
 384 004e 00       		.byte	0
 385 004f 03       		.uleb128 0x3
 386 0050 0E       		.uleb128 0xe
 387 0051 3A       		.uleb128 0x3a
 388 0052 0B       		.uleb128 0xb
 389 0053 3B       		.uleb128 0x3b
 390 0054 0B       		.uleb128 0xb
 391 0055 49       		.uleb128 0x49
 392 0056 13       		.uleb128 0x13
 393 0057 38       		.uleb128 0x38
 394 0058 0A       		.uleb128 0xa
 395 0059 00       		.byte	0
 396 005a 00       		.byte	0
 397 005b 08       		.uleb128 0x8
 398 005c 0F       		.uleb128 0xf
 399 005d 00       		.byte	0
 400 005e 0B       		.uleb128 0xb
 401 005f 0B       		.uleb128 0xb
 402 0060 49       		.uleb128 0x49
 403 0061 13       		.uleb128 0x13
 404 0062 00       		.byte	0
 405 0063 00       		.byte	0
 406 0064 09       		.uleb128 0x9
 407 0065 2E       		.uleb128 0x2e
 408 0066 01       		.byte	0x1
 409 0067 3F       		.uleb128 0x3f
 410 0068 0C       		.uleb128 0xc
 411 0069 03       		.uleb128 0x3
 412 006a 0E       		.uleb128 0xe
 413 006b 3A       		.uleb128 0x3a
 414 006c 0B       		.uleb128 0xb
 415 006d 3B       		.uleb128 0x3b
 416 006e 0B       		.uleb128 0xb
 417 006f 27       		.uleb128 0x27
 418 0070 0C       		.uleb128 0xc
 419 0071 49       		.uleb128 0x49
 420 0072 13       		.uleb128 0x13
 421 0073 11       		.uleb128 0x11
 422 0074 01       		.uleb128 0x1
 423 0075 12       		.uleb128 0x12
 424 0076 01       		.uleb128 0x1
 425 0077 40       		.uleb128 0x40
 426 0078 06       		.uleb128 0x6
 427 0079 9642     		.uleb128 0x2116
 428 007b 0C       		.uleb128 0xc
 429 007c 01       		.uleb128 0x1
 430 007d 13       		.uleb128 0x13
 431 007e 00       		.byte	0
 432 007f 00       		.byte	0
ARM GAS  C:\Users\Colin\AppData\Local\Temp\ccMJOs9m.s 			page 10


 433 0080 0A       		.uleb128 0xa
 434 0081 34       		.uleb128 0x34
 435 0082 00       		.byte	0
 436 0083 03       		.uleb128 0x3
 437 0084 0E       		.uleb128 0xe
 438 0085 3A       		.uleb128 0x3a
 439 0086 0B       		.uleb128 0xb
 440 0087 3B       		.uleb128 0x3b
 441 0088 0B       		.uleb128 0xb
 442 0089 49       		.uleb128 0x49
 443 008a 13       		.uleb128 0x13
 444 008b 02       		.uleb128 0x2
 445 008c 0A       		.uleb128 0xa
 446 008d 00       		.byte	0
 447 008e 00       		.byte	0
 448 008f 0B       		.uleb128 0xb
 449 0090 01       		.uleb128 0x1
 450 0091 01       		.byte	0x1
 451 0092 49       		.uleb128 0x49
 452 0093 13       		.uleb128 0x13
 453 0094 01       		.uleb128 0x1
 454 0095 13       		.uleb128 0x13
 455 0096 00       		.byte	0
 456 0097 00       		.byte	0
 457 0098 0C       		.uleb128 0xc
 458 0099 21       		.uleb128 0x21
 459 009a 00       		.byte	0
 460 009b 49       		.uleb128 0x49
 461 009c 13       		.uleb128 0x13
 462 009d 2F       		.uleb128 0x2f
 463 009e 0B       		.uleb128 0xb
 464 009f 00       		.byte	0
 465 00a0 00       		.byte	0
 466 00a1 0D       		.uleb128 0xd
 467 00a2 34       		.uleb128 0x34
 468 00a3 00       		.byte	0
 469 00a4 03       		.uleb128 0x3
 470 00a5 0E       		.uleb128 0xe
 471 00a6 3A       		.uleb128 0x3a
 472 00a7 0B       		.uleb128 0xb
 473 00a8 3B       		.uleb128 0x3b
 474 00a9 0B       		.uleb128 0xb
 475 00aa 49       		.uleb128 0x49
 476 00ab 13       		.uleb128 0x13
 477 00ac 3F       		.uleb128 0x3f
 478 00ad 0C       		.uleb128 0xc
 479 00ae 3C       		.uleb128 0x3c
 480 00af 0C       		.uleb128 0xc
 481 00b0 00       		.byte	0
 482 00b1 00       		.byte	0
 483 00b2 0E       		.uleb128 0xe
 484 00b3 26       		.uleb128 0x26
 485 00b4 00       		.byte	0
 486 00b5 49       		.uleb128 0x49
 487 00b6 13       		.uleb128 0x13
 488 00b7 00       		.byte	0
 489 00b8 00       		.byte	0
ARM GAS  C:\Users\Colin\AppData\Local\Temp\ccMJOs9m.s 			page 11


 490 00b9 00       		.byte	0
 491              		.section	.debug_loc,"",%progbits
 492              	.Ldebug_loc0:
 493              	.LLST0:
 494 0000 00000000 		.4byte	.LFB0
 495 0004 02000000 		.4byte	.LCFI0
 496 0008 0200     		.2byte	0x2
 497 000a 7D       		.byte	0x7d
 498 000b 00       		.sleb128 0
 499 000c 02000000 		.4byte	.LCFI0
 500 0010 04000000 		.4byte	.LCFI1
 501 0014 0200     		.2byte	0x2
 502 0016 7D       		.byte	0x7d
 503 0017 08       		.sleb128 8
 504 0018 04000000 		.4byte	.LCFI1
 505 001c 06000000 		.4byte	.LCFI2
 506 0020 0200     		.2byte	0x2
 507 0022 7D       		.byte	0x7d
 508 0023 10       		.sleb128 16
 509 0024 06000000 		.4byte	.LCFI2
 510 0028 70000000 		.4byte	.LFE0
 511 002c 0200     		.2byte	0x2
 512 002e 77       		.byte	0x77
 513 002f 10       		.sleb128 16
 514 0030 00000000 		.4byte	0
 515 0034 00000000 		.4byte	0
 516              		.section	.debug_aranges,"",%progbits
 517 0000 1C000000 		.4byte	0x1c
 518 0004 0200     		.2byte	0x2
 519 0006 00000000 		.4byte	.Ldebug_info0
 520 000a 04       		.byte	0x4
 521 000b 00       		.byte	0
 522 000c 0000     		.2byte	0
 523 000e 0000     		.2byte	0
 524 0010 00000000 		.4byte	.LFB0
 525 0014 70000000 		.4byte	.LFE0-.LFB0
 526 0018 00000000 		.4byte	0
 527 001c 00000000 		.4byte	0
 528              		.section	.debug_ranges,"",%progbits
 529              	.Ldebug_ranges0:
 530 0000 00000000 		.4byte	.LFB0
 531 0004 70000000 		.4byte	.LFE0
 532 0008 00000000 		.4byte	0
 533 000c 00000000 		.4byte	0
 534              		.section	.debug_line,"",%progbits
 535              	.Ldebug_line0:
 536 0000 8D000000 		.section	.debug_str,"MS",%progbits,1
 536      02006E00 
 536      00000201 
 536      FB0E0D00 
 536      01010101 
 537              	.LASF21:
 538 0000 70537461 		.ascii	"pStatusBlock\000"
 538      74757342 
 538      6C6F636B 
 538      00
 539              	.LASF22:
ARM GAS  C:\Users\Colin\AppData\Local\Temp\ccMJOs9m.s 			page 12


 540 000d 545F5553 		.ascii	"T_USBUART_1_TD\000"
 540      42554152 
 540      545F315F 
 540      544400
 541              	.LASF27:
 542 001c 433A5C55 		.ascii	"C:\\Users\\Colin\\Dropbox\\Grad School\\Spring 2014"
 542      73657273 
 542      5C436F6C 
 542      696E5C44 
 542      726F7062 
 543 004a 5C4D4520 		.ascii	"\\ME 235\\Code\\USB_UART01\\Final_PSoC_Code\\USB_UA"
 543      3233355C 
 543      436F6465 
 543      5C555342 
 543      5F554152 
 544 0078 52543031 		.ascii	"RT01-000.Bundle01\\USB_UART01.cydsn\000"
 544      2D303030 
 544      2E42756E 
 544      646C6530 
 544      315C5553 
 545              	.LASF19:
 546 009b 636F756E 		.ascii	"count\000"
 546      7400
 547              	.LASF3:
 548 00a1 73686F72 		.ascii	"short unsigned int\000"
 548      7420756E 
 548      7369676E 
 548      65642069 
 548      6E7400
 549              	.LASF16:
 550 00b4 73746174 		.ascii	"status\000"
 550      757300
 551              	.LASF20:
 552 00bb 70446174 		.ascii	"pData\000"
 552      6100
 553              	.LASF11:
 554 00c1 666C6F61 		.ascii	"float\000"
 554      7400
 555              	.LASF1:
 556 00c7 756E7369 		.ascii	"unsigned char\000"
 556      676E6564 
 556      20636861 
 556      7200
 557              	.LASF14:
 558 00d5 72656738 		.ascii	"reg8\000"
 558      00
 559              	.LASF5:
 560 00da 6C6F6E67 		.ascii	"long unsigned int\000"
 560      20756E73 
 560      69676E65 
 560      6420696E 
 560      7400
 561              	.LASF9:
 562 00ec 75696E74 		.ascii	"uint8\000"
 562      3800
 563              	.LASF12:
 564 00f2 646F7562 		.ascii	"double\000"
ARM GAS  C:\Users\Colin\AppData\Local\Temp\ccMJOs9m.s 			page 13


 564      6C6500
 565              	.LASF10:
 566 00f9 75696E74 		.ascii	"uint16\000"
 566      313600
 567              	.LASF8:
 568 0100 756E7369 		.ascii	"unsigned int\000"
 568      676E6564 
 568      20696E74 
 568      00
 569              	.LASF7:
 570 010d 6C6F6E67 		.ascii	"long long unsigned int\000"
 570      206C6F6E 
 570      6720756E 
 570      7369676E 
 570      65642069 
 571              	.LASF28:
 572 0124 55534255 		.ascii	"USBUART_1_HandleVendorRqst\000"
 572      4152545F 
 572      315F4861 
 572      6E646C65 
 572      56656E64 
 573              	.LASF15:
 574 013f 73697A65 		.ascii	"sizetype\000"
 574      74797065 
 574      00
 575              	.LASF6:
 576 0148 6C6F6E67 		.ascii	"long long int\000"
 576      206C6F6E 
 576      6720696E 
 576      7400
 577              	.LASF13:
 578 0156 63686172 		.ascii	"char\000"
 578      00
 579              	.LASF18:
 580 015b 545F5553 		.ascii	"T_USBUART_1_XFER_STATUS_BLOCK\000"
 580      42554152 
 580      545F315F 
 580      58464552 
 580      5F535441 
 581              	.LASF2:
 582 0179 73686F72 		.ascii	"short int\000"
 582      7420696E 
 582      7400
 583              	.LASF25:
 584 0183 474E5520 		.ascii	"GNU C 4.7.3 20130312 (release) [ARM/embedded-4_7-br"
 584      4320342E 
 584      372E3320 
 584      32303133 
 584      30333132 
 585 01b6 616E6368 		.ascii	"anch revision 196615]\000"
 585      20726576 
 585      6973696F 
 585      6E203139 
 585      36363135 
 586              	.LASF29:
 587 01cc 72657175 		.ascii	"requestHandled\000"
 587      65737448 
ARM GAS  C:\Users\Colin\AppData\Local\Temp\ccMJOs9m.s 			page 14


 587      616E646C 
 587      656400
 588              	.LASF4:
 589 01db 6C6F6E67 		.ascii	"long int\000"
 589      20696E74 
 589      00
 590              	.LASF24:
 591 01e4 55534255 		.ascii	"USBUART_1_currentTD\000"
 591      4152545F 
 591      315F6375 
 591      7272656E 
 591      74544400 
 592              	.LASF0:
 593 01f8 7369676E 		.ascii	"signed char\000"
 593      65642063 
 593      68617200 
 594              	.LASF23:
 595 0204 55534255 		.ascii	"USBUART_1_MSOS_CONFIGURATION_DESCR\000"
 595      4152545F 
 595      315F4D53 
 595      4F535F43 
 595      4F4E4649 
 596              	.LASF26:
 597 0227 2E5C4765 		.ascii	".\\Generated_Source\\PSoC5\\USBUART_1_vnd.c\000"
 597      6E657261 
 597      7465645F 
 597      536F7572 
 597      63655C50 
 598              	.LASF17:
 599 0250 6C656E67 		.ascii	"length\000"
 599      746800
 600              		.ident	"GCC: (GNU Tools for ARM Embedded Processors) 4.7.3 20130312 (release) [ARM/embedded-4_7-br
